This is pdfTeX, Version 3.141592653-2.6-1.40.24 (MiKTeX 22.8) (preloaded format=pdflatex 2022.8.17)  21 AUG 2022 18:56
entering extended mode
 restricted \write18 enabled.
 %&-line parsing enabled.
**./abstract.tex
(abstract.tex
LaTeX2e <2022-06-01> patch level 5
L3 programming layer <2022-08-05>

! LaTeX Error: Missing \begin{document}.

See the LaTeX manual or LaTeX Companion for explanation.
Type  H <return>  for immediate help.
 ...                                              
                                                  
l.5 \begin{center}
                  
You're in trouble here.  Try typing  <return>  to proceed.
If that doesn't work, type  X <return>  to quit.


Overfull \hbox (20.0pt too wide) in paragraph at lines 5--5
[] 
 []

! Undefined control sequence.
<recently read> \en 
                    
l.7     \textbf{\en{Abstract}}
                              
The control sequence at the end of the top line
of your error message was never \def'ed. If you have
misspelled it (e.g., `\hobx'), type `I' and the correct
spelling (e.g., `I\hbox'). Otherwise just continue,
and I'll forget about whatever was undefined.


Overfull \hbox (44.00113pt too wide) in paragraph at lines 7--8
 \OT1/cmr/bx/n/10 Abstract 
 []

! Undefined control sequence.
l.9 {\en
         The scope of this thesis is random simulations and in particular ra...
The control sequence at the end of the top line
of your error message was never \def'ed. If you have
misspelled it (e.g., `\hobx'), type `I' and the correct
spelling (e.g., `I\hbox'). Otherwise just continue,
and I'll forget about whatever was undefined.

Missing character: There is no T in font nullfont!
Missing character: There is no h in font nullfont!
Missing character: There is no e in font nullfont!
Missing character: There is no s in font nullfont!
Missing character: There is no c in font nullfont!
Missing character: There is no o in font nullfont!
Missing character: There is no p in font nullfont!
Missing character: There is no e in font nullfont!
Missing character: There is no o in font nullfont!
Missing character: There is no f in font nullfont!
Missing character: There is no t in font nullfont!
Missing character: There is no h in font nullfont!
Missing character: There is no i in font nullfont!
Missing character: There is no s in font nullfont!
Missing character: There is no t in font nullfont!
Missing character: There is no h in font nullfont!
Missing character: There is no e in font nullfont!
Missing character: There is no s in font nullfont!
Missing character: There is no i in font nullfont!
Missing character: There is no s in font nullfont!
Missing character: There is no i in font nullfont!
Missing character: There is no s in font nullfont!
Missing character: There is no r in font nullfont!
Missing character: There is no a in font nullfont!
Missing character: There is no n in font nullfont!
Missing character: There is no d in font nullfont!
Missing character: There is no o in font nullfont!
Missing character: There is no m in font nullfont!
Missing character: There is no s in font nullfont!
Missing character: There is no i in font nullfont!
Missing character: There is no m in font nullfont!
Missing character: There is no u in font nullfont!
Missing character: There is no l in font nullfont!
Missing character: There is no a in font nullfont!
Missing character: There is no t in font nullfont!
Missing character: There is no i in font nullfont!
Missing character: There is no o in font nullfont!
Missing character: There is no n in font nullfont!
Missing character: There is no s in font nullfont!
Missing character: There is no a in font nullfont!
Missing character: There is no n in font nullfont!
Missing character: There is no d in font nullfont!
Missing character: There is no i in font nullfont!
Missing character: There is no n in font nullfont!
Missing character: There is no p in font nullfont!
Missing character: There is no a in font nullfont!
Missing character: There is no r in font nullfont!
Missing character: There is no t in font nullfont!
Missing character: There is no i in font nullfont!
Missing character: There is no c in font nullfont!
Missing character: There is no u in font nullfont!
Missing character: There is no l in font nullfont!
Missing character: There is no a in font nullfont!
Missing character: There is no r in font nullfont!
Missing character: There is no r in font nullfont!
Missing character: There is no a in font nullfont!
Missing character: There is no n in font nullfont!
Missing character: There is no d in font nullfont!
Missing character: There is no o in font nullfont!
Missing character: There is no m in font nullfont!
Missing character: There is no w in font nullfont!
Missing character: There is no a in font nullfont!
Missing character: There is no l in font nullfont!
Missing character: There is no k in font nullfont!
Missing character: There is no e in font nullfont!
Missing character: There is no x in font nullfont!
Missing character: There is no p in font nullfont!
Missing character: There is no e in font nullfont!
Missing character: There is no r in font nullfont!
Missing character: There is no i in font nullfont!
Missing character: There is no m in font nullfont!
Missing character: There is no e in font nullfont!
Missing character: There is no n in font nullfont!
Missing character: There is no t in font nullfont!
Missing character: There is no s in font nullfont!
Missing character: There is no . in font nullfont!
Missing character: There is no W in font nullfont!
Missing character: There is no e in font nullfont!
Missing character: There is no s in font nullfont!
Missing character: There is no t in font nullfont!
Missing character: There is no a in font nullfont!
Missing character: There is no r in font nullfont!
Missing character: There is no t in font nullfont!
Missing character: There is no w in font nullfont!
Missing character: There is no i in font nullfont!
Missing character: There is no t in font nullfont!
Missing character: There is no h in font nullfont!
Missing character: There is no s in font nullfont!
Missing character: There is no o in font nullfont!
Missing character: There is no m in font nullfont!
Missing character: There is no e in font nullfont!
Missing character: There is no b in font nullfont!
Missing character: There is no a in font nullfont!
Missing character: There is no s in font nullfont!
Missing character: There is no i in font nullfont!
Missing character: There is no c in font nullfont!
Missing character: There is no t in font nullfont!
Missing character: There is no h in font nullfont!
Missing character: There is no e in font nullfont!
Missing character: There is no o in font nullfont!
Missing character: There is no r in font nullfont!
Missing character: There is no y in font nullfont!
Missing character: There is no o in font nullfont!
Missing character: There is no n in font nullfont!
Missing character: There is no r in font nullfont!
Missing character: There is no a in font nullfont!
Missing character: There is no n in font nullfont!
Missing character: There is no d in font nullfont!
Missing character: There is no o in font nullfont!
Missing character: There is no m in font nullfont!
Missing character: There is no w in font nullfont!
Missing character: There is no a in font nullfont!
Missing character: There is no l in font nullfont!
Missing character: There is no k in font nullfont!
Missing character: There is no s in font nullfont!
Missing character: There is no r in font nullfont!
Missing character: There is no e in font nullfont!
Missing character: There is no g in font nullfont!
Missing character: There is no a in font nullfont!
Missing character: There is no r in font nullfont!
Missing character: There is no d in font nullfont!
Missing character: There is no i in font nullfont!
Missing character: There is no n in font nullfont!
Missing character: There is no g in font nullfont!
Missing character: There is no m in font nullfont!
Missing character: There is no e in font nullfont!
Missing character: There is no a in font nullfont!
Missing character: There is no n in font nullfont!
Missing character: There is no s in font nullfont!
Missing character: There is no q in font nullfont!
Missing character: There is no u in font nullfont!
Missing character: There is no a in font nullfont!
Missing character: There is no r in font nullfont!
Missing character: There is no e in font nullfont!
Missing character: There is no d in font nullfont!
Missing character: There is no i in font nullfont!
Missing character: There is no s in font nullfont!
Missing character: There is no p in font nullfont!
Missing character: There is no l in font nullfont!
Missing character: There is no a in font nullfont!
Missing character: There is no c in font nullfont!
Missing character: There is no e in font nullfont!
Missing character: There is no m in font nullfont!
Missing character: There is no e in font nullfont!
Missing character: There is no n in font nullfont!
Missing character: There is no t in font nullfont!
Missing character: There is no , in font nullfont!
Missing character: There is no n in font nullfont!
Missing character: There is no u in font nullfont!
Missing character: There is no m in font nullfont!
Missing character: There is no b in font nullfont!
Missing character: There is no e in font nullfont!
Missing character: There is no r in font nullfont!
Missing character: There is no o in font nullfont!
Missing character: There is no f in font nullfont!
Missing character: There is no d in font nullfont!
Missing character: There is no i in font nullfont!
Missing character: There is no s in font nullfont!
Missing character: There is no t in font nullfont!
Missing character: There is no i in font nullfont!
Missing character: There is no n in font nullfont!
Missing character: There is no c in font nullfont!
Missing character: There is no t in font nullfont!
Missing character: There is no s in font nullfont!
Missing character: There is no i in font nullfont!
Missing character: There is no t in font nullfont!
Missing character: There is no e in font nullfont!
Missing character: There is no s in font nullfont!
Missing character: There is no t in font nullfont!
Missing character: There is no h in font nullfont!
Missing character: There is no a in font nullfont!
Missing character: There is no t in font nullfont!
Missing character: There is no t in font nullfont!
Missing character: There is no h in font nullfont!
Missing character: There is no e in font nullfont!
Missing character: There is no r in font nullfont!
Missing character: There is no a in font nullfont!
Missing character: There is no n in font nullfont!
Missing character: There is no d in font nullfont!
Missing character: There is no o in font nullfont!
Missing character: There is no m in font nullfont!
Missing character: There is no w in font nullfont!
Missing character: There is no a in font nullfont!
Missing character: There is no l in font nullfont!
Missing character: There is no k in font nullfont!
Missing character: There is no e in font nullfont!
Missing character: There is no r in font nullfont!
Missing character: There is no v in font nullfont!
Missing character: There is no i in font nullfont!
Missing character: There is no s in font nullfont!
Missing character: There is no i in font nullfont!
Missing character: There is no t in font nullfont!
Missing character: There is no s in font nullfont!
Missing character: There is no a in font nullfont!
Missing character: There is no n in font nullfont!
Missing character: There is no d in font nullfont!
Missing character: There is no t in font nullfont!
Missing character: There is no h in font nullfont!
Missing character: There is no e in font nullfont!
Missing character: There is no R in font nullfont!
Missing character: There is no o in font nullfont!
Missing character: There is no s in font nullfont!
Missing character: There is no e in font nullfont!
Missing character: There is no n in font nullfont!
Missing character: There is no s in font nullfont!
Missing character: There is no t in font nullfont!
Missing character: There is no o in font nullfont!
Missing character: There is no c in font nullfont!
Missing character: There is no k in font nullfont!
Missing character: There is no a in font nullfont!
Missing character: There is no p in font nullfont!
Missing character: There is no p in font nullfont!
Missing character: There is no r in font nullfont!
Missing character: There is no o in font nullfont!
Missing character: There is no x in font nullfont!
Missing character: There is no i in font nullfont!
Missing character: There is no m in font nullfont!
Missing character: There is no a in font nullfont!
Missing character: There is no t in font nullfont!
Missing character: There is no i in font nullfont!
Missing character: There is no o in font nullfont!
Missing character: There is no n in font nullfont!
Missing character: There is no . in font nullfont!
Missing character: There is no A in font nullfont!
Missing character: There is no f in font nullfont!
Missing character: There is no t in font nullfont!
Missing character: There is no e in font nullfont!
Missing character: There is no r in font nullfont!
Missing character: There is no t in font nullfont!
Missing character: There is no h in font nullfont!
Missing character: There is no a in font nullfont!
Missing character: There is no t in font nullfont!
Missing character: There is no , in font nullfont!
Missing character: There is no w in font nullfont!
Missing character: There is no e in font nullfont!
Missing character: There is no b in font nullfont!
Missing character: There is no e in font nullfont!
Missing character: There is no g in font nullfont!
Missing character: There is no i in font nullfont!
Missing character: There is no n in font nullfont!
Missing character: There is no w in font nullfont!
Missing character: There is no i in font nullfont!
Missing character: There is no t in font nullfont!
Missing character: There is no h in font nullfont!
Missing character: There is no a in font nullfont!
Missing character: There is no r in font nullfont!
Missing character: There is no a in font nullfont!
Missing character: There is no n in font nullfont!
Missing character: There is no d in font nullfont!
Missing character: There is no o in font nullfont!
Missing character: There is no m in font nullfont!
Missing character: There is no w in font nullfont!
Missing character: There is no a in font nullfont!
Missing character: There is no l in font nullfont!
Missing character: There is no k in font nullfont!
Missing character: There is no o in font nullfont!
Missing character: There is no n in font nullfont!
Missing character: There is no o in font nullfont!
Missing character: There is no n in font nullfont!
Missing character: There is no e in font nullfont!
Missing character: There is no a in font nullfont!
Missing character: There is no n in font nullfont!
Missing character: There is no d in font nullfont!
Missing character: There is no t in font nullfont!
Missing character: There is no w in font nullfont!
Missing character: There is no o in font nullfont!
Missing character: There is no d in font nullfont!
Missing character: There is no i in font nullfont!
Missing character: There is no m in font nullfont!
Missing character: There is no e in font nullfont!
Missing character: There is no n in font nullfont!
Missing character: There is no s in font nullfont!
Missing character: There is no i in font nullfont!
Missing character: There is no o in font nullfont!
Missing character: There is no n in font nullfont!
Missing character: There is no s in font nullfont!
Missing character: There is no c in font nullfont!
Missing character: There is no a in font nullfont!
Missing character: There is no l in font nullfont!
Missing character: There is no c in font nullfont!
Missing character: There is no u in font nullfont!
Missing character: There is no l in font nullfont!
Missing character: There is no a in font nullfont!
Missing character: There is no t in font nullfont!
Missing character: There is no i in font nullfont!
Missing character: There is no n in font nullfont!
Missing character: There is no g in font nullfont!
Missing character: There is no t in font nullfont!
Missing character: There is no h in font nullfont!
Missing character: There is no e in font nullfont!
Missing character: There is no m in font nullfont!
Missing character: There is no e in font nullfont!
Missing character: There is no a in font nullfont!
Missing character: There is no n in font nullfont!
Missing character: There is no s in font nullfont!
Missing character: There is no q in font nullfont!
Missing character: There is no u in font nullfont!
Missing character: There is no a in font nullfont!
Missing character: There is no r in font nullfont!
Missing character: There is no e in font nullfont!
Missing character: There is no d in font nullfont!
Missing character: There is no i in font nullfont!
Missing character: There is no s in font nullfont!
Missing character: There is no p in font nullfont!
Missing character: There is no l in font nullfont!
Missing character: There is no a in font nullfont!
Missing character: There is no c in font nullfont!
Missing character: There is no e in font nullfont!
Missing character: There is no m in font nullfont!
Missing character: There is no e in font nullfont!
Missing character: There is no n in font nullfont!
Missing character: There is no t in font nullfont!
Missing character: There is no e in font nullfont!
Missing character: There is no x in font nullfont!
Missing character: There is no p in font nullfont!
Missing character: There is no e in font nullfont!
Missing character: There is no r in font nullfont!
Missing character: There is no i in font nullfont!
Missing character: There is no m in font nullfont!
Missing character: There is no e in font nullfont!
Missing character: There is no n in font nullfont!
Missing character: There is no t in font nullfont!
Missing character: There is no a in font nullfont!
Missing character: There is no l in font nullfont!
Missing character: There is no l in font nullfont!
Missing character: There is no y in font nullfont!
Missing character: There is no . in font nullfont!
Missing character: There is no T in font nullfont!
Missing character: There is no h in font nullfont!
Missing character: There is no e in font nullfont!
Missing character: There is no n in font nullfont!
Missing character: There is no , in font nullfont!
Missing character: There is no w in font nullfont!
Missing character: There is no e in font nullfont!
Missing character: There is no d in font nullfont!
Missing character: There is no o in font nullfont!
Missing character: There is no a in font nullfont!
Missing character: There is no c in font nullfont!
Missing character: There is no o in font nullfont!
Missing character: There is no n in font nullfont!
Missing character: There is no t in font nullfont!
Missing character: There is no i in font nullfont!
Missing character: There is no n in font nullfont!
Missing character: There is no u in font nullfont!
Missing character: There is no o in font nullfont!
Missing character: There is no u in font nullfont!
Missing character: There is no s in font nullfont!
Missing character: There is no r in font nullfont!
Missing character: There is no a in font nullfont!
Missing character: There is no n in font nullfont!
Missing character: There is no d in font nullfont!
Missing character: There is no o in font nullfont!
Missing character: There is no m in font nullfont!
Missing character: There is no w in font nullfont!
Missing character: There is no a in font nullfont!
Missing character: There is no l in font nullfont!
Missing character: There is no k in font nullfont!
Missing character: There is no w in font nullfont!
Missing character: There is no h in font nullfont!
Missing character: There is no i in font nullfont!
Missing character: There is no l in font nullfont!
Missing character: There is no e in font nullfont!
Missing character: There is no c in font nullfont!
Missing character: There is no a in font nullfont!
Missing character: There is no l in font nullfont!
Missing character: There is no c in font nullfont!
Missing character: There is no u in font nullfont!
Missing character: There is no l in font nullfont!
Missing character: There is no a in font nullfont!
Missing character: There is no t in font nullfont!
Missing character: There is no i in font nullfont!
Missing character: There is no n in font nullfont!
Missing character: There is no g in font nullfont!
Missing character: There is no a in font nullfont!
Missing character: There is no g in font nullfont!
Missing character: There is no a in font nullfont!
Missing character: There is no i in font nullfont!
Missing character: There is no n in font nullfont!
Missing character: There is no t in font nullfont!
Missing character: There is no h in font nullfont!
Missing character: There is no e in font nullfont!
Missing character: There is no m in font nullfont!
Missing character: There is no e in font nullfont!
Missing character: There is no a in font nullfont!
Missing character: There is no n in font nullfont!
Missing character: There is no s in font nullfont!
Missing character: There is no q in font nullfont!
Missing character: There is no u in font nullfont!
Missing character: There is no a in font nullfont!
Missing character: There is no r in font nullfont!
Missing character: There is no e in font nullfont!
Missing character: There is no d in font nullfont!
Missing character: There is no i in font nullfont!
Missing character: There is no s in font nullfont!
Missing character: There is no p in font nullfont!
Missing character: There is no l in font nullfont!
Missing character: There is no a in font nullfont!
Missing character: There is no c in font nullfont!
Missing character: There is no e in font nullfont!
Missing character: There is no m in font nullfont!
Missing character: There is no e in font nullfont!
Missing character: There is no n in font nullfont!
Missing character: There is no t in font nullfont!
Missing character: There is no . in font nullfont!
Missing character: There is no T in font nullfont!
Missing character: There is no h in font nullfont!
Missing character: There is no e in font nullfont!
Missing character: There is no t in font nullfont!
Missing character: There is no h in font nullfont!
Missing character: There is no i in font nullfont!
Missing character: There is no r in font nullfont!
Missing character: There is no d in font nullfont!
Missing character: There is no e in font nullfont!
Missing character: There is no x in font nullfont!
Missing character: There is no p in font nullfont!
Missing character: There is no e in font nullfont!
Missing character: There is no r in font nullfont!
Missing character: There is no i in font nullfont!
Missing character: There is no m in font nullfont!
Missing character: There is no e in font nullfont!
Missing character: There is no n in font nullfont!
Missing character: There is no t in font nullfont!
Missing character: There is no c in font nullfont!
Missing character: There is no a in font nullfont!
Missing character: There is no l in font nullfont!
Missing character: There is no c in font nullfont!
Missing character: There is no u in font nullfont!
Missing character: There is no l in font nullfont!
Missing character: There is no a in font nullfont!
Missing character: There is no t in font nullfont!
Missing character: There is no e in font nullfont!
Missing character: There is no s in font nullfont!
Missing character: There is no t in font nullfont!
Missing character: There is no h in font nullfont!
Missing character: There is no e in font nullfont!
Missing character: There is no n in font nullfont!
Missing character: There is no u in font nullfont!
Missing character: There is no m in font nullfont!
Missing character: There is no b in font nullfont!
Missing character: There is no e in font nullfont!
Missing character: There is no r in font nullfont!
Missing character: There is no o in font nullfont!
Missing character: There is no f in font nullfont!
Missing character: There is no d in font nullfont!
Missing character: There is no i in font nullfont!
Missing character: There is no s in font nullfont!
Missing character: There is no t in font nullfont!
Missing character: There is no i in font nullfont!
Missing character: There is no n in font nullfont!
Missing character: There is no c in font nullfont!
Missing character: There is no t in font nullfont!
Missing character: There is no s in font nullfont!
Missing character: There is no i in font nullfont!
Missing character: There is no t in font nullfont!
Missing character: There is no e in font nullfont!
Missing character: There is no s in font nullfont!
Missing character: There is no t in font nullfont!
Missing character: There is no h in font nullfont!
Missing character: There is no e in font nullfont!
Missing character: There is no r in font nullfont!
Missing character: There is no a in font nullfont!
Missing character: There is no n in font nullfont!
Missing character: There is no d in font nullfont!
Missing character: There is no o in font nullfont!
Missing character: There is no m in font nullfont!
Missing character: There is no w in font nullfont!
Missing character: There is no a in font nullfont!
Missing character: There is no l in font nullfont!
Missing character: There is no k in font nullfont!
Missing character: There is no e in font nullfont!
Missing character: There is no r in font nullfont!
Missing character: There is no h in font nullfont!
Missing character: There is no a in font nullfont!
Missing character: There is no s in font nullfont!
Missing character: There is no v in font nullfont!
Missing character: There is no i in font nullfont!
Missing character: There is no s in font nullfont!
Missing character: There is no i in font nullfont!
Missing character: There is no t in font nullfont!
Missing character: There is no e in font nullfont!
Missing character: There is no d in font nullfont!
Missing character: There is no i in font nullfont!
Missing character: There is no n in font nullfont!
Missing character: There is no o in font nullfont!
Missing character: There is no n in font nullfont!
Missing character: There is no e in font nullfont!
Missing character: There is no a in font nullfont!
Missing character: There is no n in font nullfont!
Missing character: There is no d in font nullfont!
Missing character: There is no t in font nullfont!
Missing character: There is no w in font nullfont!
Missing character: There is no o in font nullfont!
Missing character: There is no d in font nullfont!
Missing character: There is no i in font nullfont!
Missing character: There is no m in font nullfont!
Missing character: There is no e in font nullfont!
Missing character: There is no n in font nullfont!
Missing character: There is no s in font nullfont!
Missing character: There is no i in font nullfont!
Missing character: There is no o in font nullfont!
Missing character: There is no n in font nullfont!
Missing character: There is no . in font nullfont!
Missing character: There is no A in font nullfont!
Missing character: There is no t in font nullfont!
Missing character: There is no l in font nullfont!
Missing character: There is no a in font nullfont!
Missing character: There is no s in font nullfont!
Missing character: There is no t in font nullfont!
Missing character: There is no , in font nullfont!
Missing character: There is no w in font nullfont!
Missing character: There is no e in font nullfont!
Missing character: There is no r in font nullfont!
Missing character: There is no u in font nullfont!
Missing character: There is no n in font nullfont!
Missing character: There is no a in font nullfont!
Missing character: There is no n in font nullfont!
Missing character: There is no e in font nullfont!
Missing character: There is no x in font nullfont!
Missing character: There is no p in font nullfont!
Missing character: There is no e in font nullfont!
Missing character: There is no r in font nullfont!
Missing character: There is no i in font nullfont!
Missing character: There is no m in font nullfont!
Missing character: There is no e in font nullfont!
Missing character: There is no n in font nullfont!
Missing character: There is no t in font nullfont!
Missing character: There is no i in font nullfont!
Missing character: There is no n in font nullfont!
Missing character: There is no a in font nullfont!
Missing character: There is no g in font nullfont!
Missing character: There is no r in font nullfont!
Missing character: There is no i in font nullfont!
Missing character: There is no d in font nullfont!
Missing character: There is no w in font nullfont!
Missing character: There is no i in font nullfont!
Missing character: There is no t in font nullfont!
Missing character: There is no h in font nullfont!
Missing character: There is no m in font nullfont!
Missing character: There is no o in font nullfont!
Missing character: There is no l in font nullfont!
Missing character: There is no e in font nullfont!
Missing character: There is no c in font nullfont!
Missing character: There is no u in font nullfont!
Missing character: There is no l in font nullfont!
Missing character: There is no e in font nullfont!
Missing character: There is no t in font nullfont!
Missing character: There is no r in font nullfont!
Missing character: There is no a in font nullfont!
Missing character: There is no p in font nullfont!
Missing character: There is no s in font nullfont!
Missing character: There is no a in font nullfont!
Missing character: There is no n in font nullfont!
Missing character: There is no d in font nullfont!
Missing character: There is no c in font nullfont!
Missing character: There is no o in font nullfont!
Missing character: There is no m in font nullfont!
Missing character: There is no p in font nullfont!
Missing character: There is no a in font nullfont!
Missing character: There is no r in font nullfont!
Missing character: There is no e in font nullfont!
Missing character: There is no o in font nullfont!
Missing character: There is no u in font nullfont!
Missing character: There is no r in font nullfont!
Missing character: There is no r in font nullfont!
Missing character: There is no e in font nullfont!
Missing character: There is no s in font nullfont!
Missing character: There is no u in font nullfont!
Missing character: There is no l in font nullfont!
Missing character: There is no t in font nullfont!
Missing character: There is no s in font nullfont!
Missing character: There is no w in font nullfont!
Missing character: There is no i in font nullfont!
Missing character: There is no t in font nullfont!
Missing character: There is no h in font nullfont!
Missing character: There is no t in font nullfont!
Missing character: There is no h in font nullfont!
Missing character: There is no e in font nullfont!
Missing character: There is no R in font nullfont!
Missing character: There is no o in font nullfont!
Missing character: There is no s in font nullfont!
Missing character: There is no e in font nullfont!
Missing character: There is no n in font nullfont!
Missing character: There is no s in font nullfont!
Missing character: There is no t in font nullfont!
Missing character: There is no o in font nullfont!
Missing character: There is no c in font nullfont!
Missing character: There is no k in font nullfont!
Missing character: There is no A in font nullfont!
Missing character: There is no p in font nullfont!
Missing character: There is no p in font nullfont!
Missing character: There is no r in font nullfont!
Missing character: There is no o in font nullfont!
Missing character: There is no x in font nullfont!
Missing character: There is no i in font nullfont!
Missing character: There is no m in font nullfont!
Missing character: There is no a in font nullfont!
Missing character: There is no t in font nullfont!
Missing character: There is no i in font nullfont!
Missing character: There is no o in font nullfont!
Missing character: There is no n in font nullfont!
Missing character: There is no i in font nullfont!
Missing character: There is no n in font nullfont!
Missing character: There is no o in font nullfont!
Missing character: There is no r in font nullfont!
Missing character: There is no d in font nullfont!
Missing character: There is no e in font nullfont!
Missing character: There is no r in font nullfont!
Missing character: There is no t in font nullfont!
Missing character: There is no o in font nullfont!
Missing character: There is no c in font nullfont!
Missing character: There is no h in font nullfont!
Missing character: There is no e in font nullfont!
Missing character: There is no c in font nullfont!
Missing character: There is no k in font nullfont!
Missing character: There is no i in font nullfont!
Missing character: There is no t in font nullfont!
Missing character: There is no s in font nullfont!
Missing character: There is no v in font nullfont!
Missing character: There is no a in font nullfont!
Missing character: There is no l in font nullfont!
Missing character: There is no i in font nullfont!
Missing character: There is no d in font nullfont!
Missing character: There is no i in font nullfont!
Missing character: There is no t in font nullfont!
Missing character: There is no y in font nullfont!
Missing character: There is no . in font nullfont!

! LaTeX Error: The font size command \normalsize is not defined:
               there is probably something wrong with the class file.

See the LaTeX manual or LaTeX Companion for explanation.
Type  H <return>  for immediate help.
 ...                                              
                                                  
l.11 \newpage
             
Your command was ignored.
Type  I <command> <return>  to replace it with another command,
or  <return>  to continue without it.

! Undefined control sequence.
\@oddfoot ->\reset@font \hfil \thepage 
                                       \hfil 
l.11 \newpage
             
The control sequence at the end of the top line
of your error message was never \def'ed. If you have
misspelled it (e.g., `\hobx'), type `I' and the correct
spelling (e.g., `I\hbox'). Otherwise just continue,
and I'll forget about whatever was undefined.

[1{C:/Users/jmstf/AppData/Local/MiKTeX/fonts/map/pdftex/pdftex.map}]
Overfull \hbox (20.0pt too wide) in paragraph at lines 13--13
[] 
 []

! Undefined control sequence.
<recently read> \gr 
                    
l.15     \textbf{\gr{Î ÎµÏÎ¯Î»Î·ÏˆÎ·}}
                                       
The control sequence at the end of the top line
of your error message was never \def'ed. If you have
misspelled it (e.g., `\hobx'), type `I' and the correct
spelling (e.g., `I\hbox'). Otherwise just continue,
and I'll forget about whatever was undefined.


! LaTeX Error: Unicode character Î  (U+03A0)
               not set up for use with LaTeX.

See the LaTeX manual or LaTeX Companion for explanation.
Type  H <return>  for immediate help.
 ...                                              
                                                  
l.15     \textbf{\gr{Î ÎµÏÎ¯Î»Î·ÏˆÎ·}}
                                       
You may provide a definition with
\DeclareUnicodeCharacter 


! LaTeX Error: Unicode character Îµ (U+03B5)
               not set up for use with LaTeX.

See the LaTeX manual or LaTeX Companion for explanation.
Type  H <return>  for immediate help.
 ...                                              
                                                  
l.15     \textbf{\gr{Î ÎµÏÎ¯Î»Î·ÏˆÎ·}}
                                       
You may provide a definition with
\DeclareUnicodeCharacter 


! LaTeX Error: Unicode character Ï (U+03C1)
               not set up for use with LaTeX.

See the LaTeX manual or LaTeX Companion for explanation.
Type  H <return>  for immediate help.
 ...                                              
                                                  
l.15     \textbf{\gr{Î ÎµÏÎ¯Î»Î·ÏˆÎ·}}
                                       
You may provide a definition with
\DeclareUnicodeCharacter 


! LaTeX Error: Unicode character Î¯ (U+03AF)
               not set up for use with LaTeX.

See the LaTeX manual or LaTeX Companion for explanation.
Type  H <return>  for immediate help.
 ...                                              
                                                  
l.15     \textbf{\gr{Î ÎµÏÎ¯Î»Î·ÏˆÎ·}}
                                       
You may provide a definition with
\DeclareUnicodeCharacter 


! LaTeX Error: Unicode character Î» (U+03BB)
               not set up for use with LaTeX.

See the LaTeX manual or LaTeX Companion for explanation.
Type  H <return>  for immediate help.
 ...                                              
                                                  
l.15     \textbf{\gr{Î ÎµÏÎ¯Î»Î·ÏˆÎ·}}
                                       
You may provide a definition with
\DeclareUnicodeCharacter 


! LaTeX Error: Unicode character Î· (U+03B7)
               not set up for use with LaTeX.

See the LaTeX manual or LaTeX Companion for explanation.
Type  H <return>  for immediate help.
 ...                                              
                                                  
l.15     \textbf{\gr{Î ÎµÏÎ¯Î»Î·ÏˆÎ·}}
                                       
You may provide a definition with
\DeclareUnicodeCharacter 


! LaTeX Error: Unicode character Ïˆ (U+03C8)
               not set up for use with LaTeX.

See the LaTeX manual or LaTeX Companion for explanation.
Type  H <return>  for immediate help.
 ...                                              
                                                  
l.15     \textbf{\gr{Î ÎµÏÎ¯Î»Î·ÏˆÎ·}}
                                       
You may provide a definition with
\DeclareUnicodeCharacter 


! LaTeX Error: Unicode character Î· (U+03B7)
               not set up for use with LaTeX.

See the LaTeX manual or LaTeX Companion for explanation.
Type  H <return>  for immediate help.
 ...                                              
                                                  
l.15     \textbf{\gr{Î ÎµÏÎ¯Î»Î·ÏˆÎ·}}
                                       
You may provide a definition with
\DeclareUnicodeCharacter 

! Not loaded.
\otherlanguage ...ting it}\errmessage {Not loaded}
                                                  
l.16 \begin{otherlanguage}
                          {greek}
Selecting a language requires a package supporting it

Missing character: There is no g in font nullfont!
Missing character: There is no r in font nullfont!
Missing character: There is no e in font nullfont!
Missing character: There is no e in font nullfont!
Missing character: There is no k in font nullfont!

! LaTeX Error: Unicode character ÎŸ (U+039F)
               not set up for use with LaTeX.

See the LaTeX manual or LaTeX Companion for explanation.
Type  H <return>  for immediate help.
 ...                                              
                                                  
l.17 ÎŸ
        ÏƒÏ„ÏŒÏ‡Î¿Ï‚ Ï„Î·Ï‚ ÎµÏÎ³Î±ÏƒÎ¯Î±Ï‚ ÎµÎ¯Î½Î±Î¹ Î¿Î¹ ÏƒÏ„Î¿Ï‡Î±ÏƒÏ„Î...

You may provide a definition with
\DeclareUnicodeCharacter 


! LaTeX Error: Unicode character Ïƒ (U+03C3)
               not set up for use with LaTeX.

See the LaTeX manual or LaTeX Companion for explanation.
Type  H <return>  for immediate help.
 ...                                              
                                                  
l.17 ÎŸ Ïƒ
          Ï„ÏŒÏ‡Î¿Ï‚ Ï„Î·Ï‚ ÎµÏÎ³Î±ÏƒÎ¯Î±Ï‚ ÎµÎ¯Î½Î±Î¹ Î¿Î¹ ÏƒÏ„Î¿Ï‡Î±ÏƒÏ„Î...

You may provide a definition with
\DeclareUnicodeCharacter 


! LaTeX Error: Unicode character Ï„ (U+03C4)
               not set up for use with LaTeX.

See the LaTeX manual or LaTeX Companion for explanation.
Type  H <return>  for immediate help.
 ...                                              
                                                  
l.17 ÎŸ ÏƒÏ„
            ÏŒÏ‡Î¿Ï‚ Ï„Î·Ï‚ ÎµÏÎ³Î±ÏƒÎ¯Î±Ï‚ ÎµÎ¯Î½Î±Î¹ Î¿Î¹ ÏƒÏ„Î¿Ï‡Î±ÏƒÏ„Î...

You may provide a definition with
\DeclareUnicodeCharacter 


! LaTeX Error: Unicode character ÏŒ (U+03CC)
               not set up for use with LaTeX.

See the LaTeX manual or LaTeX Companion for explanation.
Type  H <return>  for immediate help.
 ...                                              
                                                  
l.17 ÎŸ ÏƒÏ„ÏŒ
              Ï‡Î¿Ï‚ Ï„Î·Ï‚ ÎµÏÎ³Î±ÏƒÎ¯Î±Ï‚ ÎµÎ¯Î½Î±Î¹ Î¿Î¹ ÏƒÏ„Î¿Ï‡Î±ÏƒÏ„Î...

You may provide a definition with
\DeclareUnicodeCharacter 


! LaTeX Error: Unicode character Ï‡ (U+03C7)
               not set up for use with LaTeX.

See the LaTeX manual or LaTeX Companion for explanation.
Type  H <return>  for immediate help.
 ...                                              
                                                  
l.17 ÎŸ ÏƒÏ„ÏŒÏ‡
                Î¿Ï‚ Ï„Î·Ï‚ ÎµÏÎ³Î±ÏƒÎ¯Î±Ï‚ ÎµÎ¯Î½Î±Î¹ Î¿Î¹ ÏƒÏ„Î¿Ï‡Î±ÏƒÏ„Î...

You may provide a definition with
\DeclareUnicodeCharacter 


! LaTeX Error: Unicode character Î¿ (U+03BF)
               not set up for use with LaTeX.

See the LaTeX manual or LaTeX Companion for explanation.
Type  H <return>  for immediate help.
 ...                                              
                                                  
l.17 ÎŸ ÏƒÏ„ÏŒÏ‡Î¿
                  Ï‚ Ï„Î·Ï‚ ÎµÏÎ³Î±ÏƒÎ¯Î±Ï‚ ÎµÎ¯Î½Î±Î¹ Î¿Î¹ ÏƒÏ„Î¿Ï‡Î±ÏƒÏ„Î...

You may provide a definition with
\DeclareUnicodeCharacter 


! LaTeX Error: Unicode character Ï‚ (U+03C2)
               not set up for use with LaTeX.

See the LaTeX manual or LaTeX Companion for explanation.
Type  H <return>  for immediate help.
 ...                                              
                                                  
l.17 ÎŸ ÏƒÏ„ÏŒÏ‡Î¿Ï‚
                     Ï„Î·Ï‚ ÎµÏÎ³Î±ÏƒÎ¯Î±Ï‚ ÎµÎ¯Î½Î±Î¹ Î¿Î¹ ÏƒÏ„Î¿Ï‡Î±ÏƒÏ„Î...

You may provide a definition with
\DeclareUnicodeCharacter 


! LaTeX Error: Unicode character Ï„ (U+03C4)
               not set up for use with LaTeX.

See the LaTeX manual or LaTeX Companion for explanation.
Type  H <return>  for immediate help.
 ...                                              
                                                  
l.17 ÎŸ ÏƒÏ„ÏŒÏ‡Î¿Ï‚ Ï„
                       Î·Ï‚ ÎµÏÎ³Î±ÏƒÎ¯Î±Ï‚ ÎµÎ¯Î½Î±Î¹ Î¿Î¹ ÏƒÏ„Î¿Ï‡Î±ÏƒÏ„Î...

You may provide a definition with
\DeclareUnicodeCharacter 


! LaTeX Error: Unicode character Î· (U+03B7)
               not set up for use with LaTeX.

See the LaTeX manual or LaTeX Companion for explanation.
Type  H <return>  for immediate help.
 ...                                              
                                                  
l.17 ÎŸ ÏƒÏ„ÏŒÏ‡Î¿Ï‚ Ï„Î·
                         Ï‚ ÎµÏÎ³Î±ÏƒÎ¯Î±Ï‚ ÎµÎ¯Î½Î±Î¹ Î¿Î¹ ÏƒÏ„Î¿Ï‡Î±ÏƒÏ„Î...

You may provide a definition with
\DeclareUnicodeCharacter 


! LaTeX Error: Unicode character Ï‚ (U+03C2)
               not set up for use with LaTeX.

See the LaTeX manual or LaTeX Companion for explanation.
Type  H <return>  for immediate help.
 ...                                              
                                                  
l.17 ÎŸ ÏƒÏ„ÏŒÏ‡Î¿Ï‚ Ï„Î·Ï‚
                            ÎµÏÎ³Î±ÏƒÎ¯Î±Ï‚ ÎµÎ¯Î½Î±Î¹ Î¿Î¹ ÏƒÏ„Î¿Ï‡Î±ÏƒÏ„Î...

You may provide a definition with
\DeclareUnicodeCharacter 


! LaTeX Error: Unicode character Îµ (U+03B5)
               not set up for use with LaTeX.

See the LaTeX manual or LaTeX Companion for explanation.
Type  H <return>  for immediate help.
 ...                                              
                                                  
l.17 ÎŸ ÏƒÏ„ÏŒÏ‡Î¿Ï‚ Ï„Î·Ï‚ Îµ
                              ÏÎ³Î±ÏƒÎ¯Î±Ï‚ ÎµÎ¯Î½Î±Î¹ Î¿Î¹ ÏƒÏ„Î¿Ï‡Î±ÏƒÏ„Î...

You may provide a definition with
\DeclareUnicodeCharacter 


! LaTeX Error: Unicode character Ï (U+03C1)
               not set up for use with LaTeX.

See the LaTeX manual or LaTeX Companion for explanation.
Type  H <return>  for immediate help.
 ...                                              
                                                  
l.17 ÎŸ ÏƒÏ„ÏŒÏ‡Î¿Ï‚ Ï„Î·Ï‚ ÎµÏ
                                Î³Î±ÏƒÎ¯Î±Ï‚ ÎµÎ¯Î½Î±Î¹ Î¿Î¹ ÏƒÏ„Î¿Ï‡Î±ÏƒÏ„Î...

You may provide a definition with
\DeclareUnicodeCharacter 


! LaTeX Error: Unicode character Î³ (U+03B3)
               not set up for use with LaTeX.

See the LaTeX manual or LaTeX Companion for explanation.
Type  H <return>  for immediate help.
 ...                                              
                                                  
l.17 ÎŸ ÏƒÏ„ÏŒÏ‡Î¿Ï‚ Ï„Î·Ï‚ ÎµÏÎ³
                                  Î±ÏƒÎ¯Î±Ï‚ ÎµÎ¯Î½Î±Î¹ Î¿Î¹ ÏƒÏ„Î¿Ï‡Î±ÏƒÏ„Î...

You may provide a definition with
\DeclareUnicodeCharacter 


! LaTeX Error: Unicode character Î± (U+03B1)
               not set up for use with LaTeX.

See the LaTeX manual or LaTeX Companion for explanation.
Type  H <return>  for immediate help.
 ...                                              
                                                  
l.17 ÎŸ ÏƒÏ„ÏŒÏ‡Î¿Ï‚ Ï„Î·Ï‚ ÎµÏÎ³Î±
                                    ÏƒÎ¯Î±Ï‚ ÎµÎ¯Î½Î±Î¹ Î¿Î¹ ÏƒÏ„Î¿Ï‡Î±ÏƒÏ„Î...

You may provide a definition with
\DeclareUnicodeCharacter 


! LaTeX Error: Unicode character Ïƒ (U+03C3)
               not set up for use with LaTeX.

See the LaTeX manual or LaTeX Companion for explanation.
Type  H <return>  for immediate help.
 ...                                              
                                                  
l.17 ÎŸ ÏƒÏ„ÏŒÏ‡Î¿Ï‚ Ï„Î·Ï‚ ÎµÏÎ³Î±Ïƒ
                                      Î¯Î±Ï‚ ÎµÎ¯Î½Î±Î¹ Î¿Î¹ ÏƒÏ„Î¿Ï‡Î±ÏƒÏ„Î...

You may provide a definition with
\DeclareUnicodeCharacter 


! LaTeX Error: Unicode character Î¯ (U+03AF)
               not set up for use with LaTeX.

See the LaTeX manual or LaTeX Companion for explanation.
Type  H <return>  for immediate help.
 ...                                              
                                                  
l.17 ÎŸ ÏƒÏ„ÏŒÏ‡Î¿Ï‚ Ï„Î·Ï‚ ÎµÏÎ³Î±ÏƒÎ¯
                                        Î±Ï‚ ÎµÎ¯Î½Î±Î¹ Î¿Î¹ ÏƒÏ„Î¿Ï‡Î±ÏƒÏ„Î...

You may provide a definition with
\DeclareUnicodeCharacter 


! LaTeX Error: Unicode character Î± (U+03B1)
               not set up for use with LaTeX.

See the LaTeX manual or LaTeX Companion for explanation.
Type  H <return>  for immediate help.
 ...                                              
                                                  
l.17 ÎŸ ÏƒÏ„ÏŒÏ‡Î¿Ï‚ Ï„Î·Ï‚ ÎµÏÎ³Î±ÏƒÎ¯Î±
                                          Ï‚ ÎµÎ¯Î½Î±Î¹ Î¿Î¹ ÏƒÏ„Î¿Ï‡Î±ÏƒÏ„Î...

You may provide a definition with
\DeclareUnicodeCharacter 


! LaTeX Error: Unicode character Ï‚ (U+03C2)
               not set up for use with LaTeX.

See the LaTeX manual or LaTeX Companion for explanation.
Type  H <return>  for immediate help.
 ...                                              
                                                  
l.17 ÎŸ ÏƒÏ„ÏŒÏ‡Î¿Ï‚ Ï„Î·Ï‚ ÎµÏÎ³Î±ÏƒÎ¯Î±Ï‚
                                             ÎµÎ¯Î½Î±Î¹ Î¿Î¹ ÏƒÏ„Î¿Ï‡Î±ÏƒÏ„Î...

You may provide a definition with
\DeclareUnicodeCharacter 


! LaTeX Error: Unicode character Îµ (U+03B5)
               not set up for use with LaTeX.

See the LaTeX manual or LaTeX Companion for explanation.
Type  H <return>  for immediate help.
 ...                                              
                                                  
l.17 ÎŸ ÏƒÏ„ÏŒÏ‡Î¿Ï‚ Ï„Î·Ï‚ ÎµÏÎ³Î±ÏƒÎ¯Î±Ï‚ Îµ
                                               Î¯Î½Î±Î¹ Î¿Î¹ ÏƒÏ„Î¿Ï‡Î±ÏƒÏ„Î...

You may provide a definition with
\DeclareUnicodeCharacter 


! LaTeX Error: Unicode character Î¯ (U+03AF)
               not set up for use with LaTeX.

See the LaTeX manual or LaTeX Companion for explanation.
Type  H <return>  for immediate help.
 ...                                              
                                                  
l.17 ÎŸ ÏƒÏ„ÏŒÏ‡Î¿Ï‚ Ï„Î·Ï‚ ÎµÏÎ³Î±ÏƒÎ¯Î±Ï‚ ÎµÎ¯
                                                 Î½Î±Î¹ Î¿Î¹ ÏƒÏ„Î¿Ï‡Î±ÏƒÏ„Î...

You may provide a definition with
\DeclareUnicodeCharacter 


! LaTeX Error: Unicode character Î½ (U+03BD)
               not set up for use with LaTeX.

See the LaTeX manual or LaTeX Companion for explanation.
Type  H <return>  for immediate help.
 ...                                              
                                                  
l.17 ...ƒÏ„ÏŒÏ‡Î¿Ï‚ Ï„Î·Ï‚ ÎµÏÎ³Î±ÏƒÎ¯Î±Ï‚ ÎµÎ¯Î½
                                                  Î±Î¹ Î¿Î¹ ÏƒÏ„Î¿Ï‡Î±ÏƒÏ„Î¹...

You may provide a definition with
\DeclareUnicodeCharacter 


! LaTeX Error: Unicode character Î± (U+03B1)
               not set up for use with LaTeX.

See the LaTeX manual or LaTeX Companion for explanation.
Type  H <return>  for immediate help.
 ...                                              
                                                  
l.17 ...„ÏŒÏ‡Î¿Ï‚ Ï„Î·Ï‚ ÎµÏÎ³Î±ÏƒÎ¯Î±Ï‚ ÎµÎ¯Î½Î±
                                                  Î¹ Î¿Î¹ ÏƒÏ„Î¿Ï‡Î±ÏƒÏ„Î¹Îº...

You may provide a definition with
\DeclareUnicodeCharacter 


! LaTeX Error: Unicode character Î¹ (U+03B9)
               not set up for use with LaTeX.

See the LaTeX manual or LaTeX Companion for explanation.
Type  H <return>  for immediate help.
 ...                                              
                                                  
l.17 ...ŒÏ‡Î¿Ï‚ Ï„Î·Ï‚ ÎµÏÎ³Î±ÏƒÎ¯Î±Ï‚ ÎµÎ¯Î½Î±Î¹
                                                   Î¿Î¹ ÏƒÏ„Î¿Ï‡Î±ÏƒÏ„Î¹ÎºÎ­...

You may provide a definition with
\DeclareUnicodeCharacter 


! LaTeX Error: Unicode character Î¿ (U+03BF)
               not set up for use with LaTeX.

See the LaTeX manual or LaTeX Companion for explanation.
Type  H <return>  for immediate help.
 ...                                              
                                                  
l.17 ...Î¿Ï‚ Ï„Î·Ï‚ ÎµÏÎ³Î±ÏƒÎ¯Î±Ï‚ ÎµÎ¯Î½Î±Î¹ Î¿
                                                  Î¹ ÏƒÏ„Î¿Ï‡Î±ÏƒÏ„Î¹ÎºÎ­Ï‚ ...

You may provide a definition with
\DeclareUnicodeCharacter 


! LaTeX Error: Unicode character Î¹ (U+03B9)
               not set up for use with LaTeX.

See the LaTeX manual or LaTeX Companion for explanation.
Type  H <return>  for immediate help.
 ...                                              
                                                  
l.17 ...Ï‚ Ï„Î·Ï‚ ÎµÏÎ³Î±ÏƒÎ¯Î±Ï‚ ÎµÎ¯Î½Î±Î¹ Î¿Î¹
                                                   ÏƒÏ„Î¿Ï‡Î±ÏƒÏ„Î¹ÎºÎ­Ï‚ Ï€...

You may provide a definition with
\DeclareUnicodeCharacter 


! LaTeX Error: Unicode character Ïƒ (U+03C3)
               not set up for use with LaTeX.

See the LaTeX manual or LaTeX Companion for explanation.
Type  H <return>  for immediate help.
 ...                                              
                                                  
l.17 ...Ï„Î·Ï‚ ÎµÏÎ³Î±ÏƒÎ¯Î±Ï‚ ÎµÎ¯Î½Î±Î¹ Î¿Î¹ Ïƒ
                                                  Ï„Î¿Ï‡Î±ÏƒÏ„Î¹ÎºÎ­Ï‚ Ï€ÏÎ...

You may provide a definition with
\DeclareUnicodeCharacter 


! LaTeX Error: Unicode character Ï„ (U+03C4)
               not set up for use with LaTeX.

See the LaTeX manual or LaTeX Companion for explanation.
Type  H <return>  for immediate help.
 ...                                              
                                                  
l.17 ...Î·Ï‚ ÎµÏÎ³Î±ÏƒÎ¯Î±Ï‚ ÎµÎ¯Î½Î±Î¹ Î¿Î¹ ÏƒÏ„
                                                  Î¿Ï‡Î±ÏƒÏ„Î¹ÎºÎ­Ï‚ Ï€ÏÎ¿Ï...

You may provide a definition with
\DeclareUnicodeCharacter 


! LaTeX Error: Unicode character Î¿ (U+03BF)
               not set up for use with LaTeX.

See the LaTeX manual or LaTeX Companion for explanation.
Type  H <return>  for immediate help.
 ...                                              
                                                  
l.17 ...Ï‚ ÎµÏÎ³Î±ÏƒÎ¯Î±Ï‚ ÎµÎ¯Î½Î±Î¹ Î¿Î¹ ÏƒÏ„Î¿
                                                  Ï‡Î±ÏƒÏ„Î¹ÎºÎ­Ï‚ Ï€ÏÎ¿ÏƒÎ...

You may provide a definition with
\DeclareUnicodeCharacter 


! LaTeX Error: Unicode character Ï‡ (U+03C7)
               not set up for use with LaTeX.

See the LaTeX manual or LaTeX Companion for explanation.
Type  H <return>  for immediate help.
 ...                                              
                                                  
l.17 ... ÎµÏÎ³Î±ÏƒÎ¯Î±Ï‚ ÎµÎ¯Î½Î±Î¹ Î¿Î¹ ÏƒÏ„Î¿Ï‡
                                                  Î±ÏƒÏ„Î¹ÎºÎ­Ï‚ Ï€ÏÎ¿ÏƒÎ¿Î...

You may provide a definition with
\DeclareUnicodeCharacter 


! LaTeX Error: Unicode character Î± (U+03B1)
               not set up for use with LaTeX.

See the LaTeX manual or LaTeX Companion for explanation.
Type  H <return>  for immediate help.
 ...                                              
                                                  
l.17 ...µÏÎ³Î±ÏƒÎ¯Î±Ï‚ ÎµÎ¯Î½Î±Î¹ Î¿Î¹ ÏƒÏ„Î¿Ï‡Î±
                                                  ÏƒÏ„Î¹ÎºÎ­Ï‚ Ï€ÏÎ¿ÏƒÎ¿Î¼Î...

You may provide a definition with
\DeclareUnicodeCharacter 


! LaTeX Error: Unicode character Ïƒ (U+03C3)
               not set up for use with LaTeX.

See the LaTeX manual or LaTeX Companion for explanation.
Type  H <return>  for immediate help.
 ...                                              
                                                  
l.17 ...Î³Î±ÏƒÎ¯Î±Ï‚ ÎµÎ¯Î½Î±Î¹ Î¿Î¹ ÏƒÏ„Î¿Ï‡Î±Ïƒ
                                                  Ï„Î¹ÎºÎ­Ï‚ Ï€ÏÎ¿ÏƒÎ¿Î¼Î¿Î...

You may provide a definition with
\DeclareUnicodeCharacter 


! LaTeX Error: Unicode character Ï„ (U+03C4)
               not set up for use with LaTeX.

See the LaTeX manual or LaTeX Companion for explanation.
Type  H <return>  for immediate help.
 ...                                              
                                                  
l.17 ...³Î±ÏƒÎ¯Î±Ï‚ ÎµÎ¯Î½Î±Î¹ Î¿Î¹ ÏƒÏ„Î¿Ï‡Î±ÏƒÏ„
                                                  Î¹ÎºÎ­Ï‚ Ï€ÏÎ¿ÏƒÎ¿Î¼Î¿Î¹Ï...

You may provide a definition with
\DeclareUnicodeCharacter 


! LaTeX Error: Unicode character Î¹ (U+03B9)
               not set up for use with LaTeX.

See the LaTeX manual or LaTeX Companion for explanation.
Type  H <return>  for immediate help.
 ...                                              
                                                  
l.17 ...±ÏƒÎ¯Î±Ï‚ ÎµÎ¯Î½Î±Î¹ Î¿Î¹ ÏƒÏ„Î¿Ï‡Î±ÏƒÏ„Î¹
                                                  ÎºÎ­Ï‚ Ï€ÏÎ¿ÏƒÎ¿Î¼Î¿Î¹ÏÏ...

You may provide a definition with
\DeclareUnicodeCharacter 


! LaTeX Error: Unicode character Îº (U+03BA)
               not set up for use with LaTeX.

See the LaTeX manual or LaTeX Companion for explanation.
Type  H <return>  for immediate help.
 ...                                              
                                                  
l.17 ...ƒÎ¯Î±Ï‚ ÎµÎ¯Î½Î±Î¹ Î¿Î¹ ÏƒÏ„Î¿Ï‡Î±ÏƒÏ„Î¹Îº
                                                  Î­Ï‚ Ï€ÏÎ¿ÏƒÎ¿Î¼Î¿Î¹ÏÏƒÎ...

You may provide a definition with
\DeclareUnicodeCharacter 


! LaTeX Error: Unicode character Î­ (U+03AD)
               not set up for use with LaTeX.

See the LaTeX manual or LaTeX Companion for explanation.
Type  H <return>  for immediate help.
 ...                                              
                                                  
l.17 ...¯Î±Ï‚ ÎµÎ¯Î½Î±Î¹ Î¿Î¹ ÏƒÏ„Î¿Ï‡Î±ÏƒÏ„Î¹ÎºÎ­
                                                  Ï‚ Ï€ÏÎ¿ÏƒÎ¿Î¼Î¿Î¹ÏÏƒÎµÎ...

You may provide a definition with
\DeclareUnicodeCharacter 


! LaTeX Error: Unicode character Ï‚ (U+03C2)
               not set up for use with LaTeX.

See the LaTeX manual or LaTeX Companion for explanation.
Type  H <return>  for immediate help.
 ...                                              
                                                  
l.17 ...±Ï‚ ÎµÎ¯Î½Î±Î¹ Î¿Î¹ ÏƒÏ„Î¿Ï‡Î±ÏƒÏ„Î¹ÎºÎ­Ï‚
                                                   Ï€ÏÎ¿ÏƒÎ¿Î¼Î¿Î¹ÏÏƒÎµÎ¹Ï...

You may provide a definition with
\DeclareUnicodeCharacter 


! LaTeX Error: Unicode character Ï€ (U+03C0)
               not set up for use with LaTeX.

See the LaTeX manual or LaTeX Companion for explanation.
Type  H <return>  for immediate help.
 ...                                              
                                                  
l.17 ... ÎµÎ¯Î½Î±Î¹ Î¿Î¹ ÏƒÏ„Î¿Ï‡Î±ÏƒÏ„Î¹ÎºÎ­Ï‚ Ï€
                                                  ÏÎ¿ÏƒÎ¿Î¼Î¿Î¹ÏÏƒÎµÎ¹Ï‚ Î...

You may provide a definition with
\DeclareUnicodeCharacter 


! LaTeX Error: Unicode character Ï (U+03C1)
               not set up for use with LaTeX.

See the LaTeX manual or LaTeX Companion for explanation.
Type  H <return>  for immediate help.
 ...                                              
                                                  
l.17 ...µÎ¯Î½Î±Î¹ Î¿Î¹ ÏƒÏ„Î¿Ï‡Î±ÏƒÏ„Î¹ÎºÎ­Ï‚ Ï€Ï
                                                  Î¿ÏƒÎ¿Î¼Î¿Î¹ÏÏƒÎµÎ¹Ï‚ ÎºÎ...

You may provide a definition with
\DeclareUnicodeCharacter 


! LaTeX Error: Unicode character Î¿ (U+03BF)
               not set up for use with LaTeX.

See the LaTeX manual or LaTeX Companion for explanation.
Type  H <return>  for immediate help.
 ...                                              
                                                  
l.17 ...¯Î½Î±Î¹ Î¿Î¹ ÏƒÏ„Î¿Ï‡Î±ÏƒÏ„Î¹ÎºÎ­Ï‚ Ï€ÏÎ¿
                                                  ÏƒÎ¿Î¼Î¿Î¹ÏÏƒÎµÎ¹Ï‚ ÎºÎ±Î...

You may provide a definition with
\DeclareUnicodeCharacter 


! LaTeX Error: Unicode character Ïƒ (U+03C3)
               not set up for use with LaTeX.

See the LaTeX manual or LaTeX Companion for explanation.
Type  H <return>  for immediate help.
 ...                                              
                                                  
l.17 ...½Î±Î¹ Î¿Î¹ ÏƒÏ„Î¿Ï‡Î±ÏƒÏ„Î¹ÎºÎ­Ï‚ Ï€ÏÎ¿Ïƒ
                                                  Î¿Î¼Î¿Î¹ÏÏƒÎµÎ¹Ï‚ ÎºÎ±Î¹ ...

You may provide a definition with
\DeclareUnicodeCharacter 


! LaTeX Error: Unicode character Î¿ (U+03BF)
               not set up for use with LaTeX.

See the LaTeX manual or LaTeX Companion for explanation.
Type  H <return>  for immediate help.
 ...                                              
                                                  
l.17 ...±Î¹ Î¿Î¹ ÏƒÏ„Î¿Ï‡Î±ÏƒÏ„Î¹ÎºÎ­Ï‚ Ï€ÏÎ¿ÏƒÎ¿
                                                  Î¼Î¿Î¹ÏÏƒÎµÎ¹Ï‚ ÎºÎ±Î¹ Ïƒ...

You may provide a definition with
\DeclareUnicodeCharacter 


! LaTeX Error: Unicode character Î¼ (U+03BC)
               not set up for use with LaTeX.

See the LaTeX manual or LaTeX Companion for explanation.
Type  H <return>  for immediate help.
 ...                                              
                                                  
l.17 ...¹ Î¿Î¹ ÏƒÏ„Î¿Ï‡Î±ÏƒÏ„Î¹ÎºÎ­Ï‚ Ï€ÏÎ¿ÏƒÎ¿Î¼
                                                  Î¿Î¹ÏÏƒÎµÎ¹Ï‚ ÎºÎ±Î¹ ÏƒÏ…...

You may provide a definition with
\DeclareUnicodeCharacter 


! LaTeX Error: Unicode character Î¿ (U+03BF)
               not set up for use with LaTeX.

See the LaTeX manual or LaTeX Companion for explanation.
Type  H <return>  for immediate help.
 ...                                              
                                                  
l.17 ...Î¿Î¹ ÏƒÏ„Î¿Ï‡Î±ÏƒÏ„Î¹ÎºÎ­Ï‚ Ï€ÏÎ¿ÏƒÎ¿Î¼Î¿
                                                  Î¹ÏÏƒÎµÎ¹Ï‚ ÎºÎ±Î¹ ÏƒÏ…Î³...

You may provide a definition with
\DeclareUnicodeCharacter 


! LaTeX Error: Unicode character Î¹ (U+03B9)
               not set up for use with LaTeX.

See the LaTeX manual or LaTeX Companion for explanation.
Type  H <return>  for immediate help.
 ...                                              
                                                  
l.17 ...Î¹ ÏƒÏ„Î¿Ï‡Î±ÏƒÏ„Î¹ÎºÎ­Ï‚ Ï€ÏÎ¿ÏƒÎ¿Î¼Î¿Î¹
                                                  ÏÏƒÎµÎ¹Ï‚ ÎºÎ±Î¹ ÏƒÏ…Î³Îº...

You may provide a definition with
\DeclareUnicodeCharacter 


! LaTeX Error: Unicode character Ï (U+03CE)
               not set up for use with LaTeX.

See the LaTeX manual or LaTeX Companion for explanation.
Type  H <return>  for immediate help.
 ...                                              
                                                  
l.17 ... ÏƒÏ„Î¿Ï‡Î±ÏƒÏ„Î¹ÎºÎ­Ï‚ Ï€ÏÎ¿ÏƒÎ¿Î¼Î¿Î¹Ï
                                                  ÏƒÎµÎ¹Ï‚ ÎºÎ±Î¹ ÏƒÏ…Î³ÎºÎµ...

You may provide a definition with
\DeclareUnicodeCharacter 


! LaTeX Error: Unicode character Ïƒ (U+03C3)
               not set up for use with LaTeX.

See the LaTeX manual or LaTeX Companion for explanation.
Type  H <return>  for immediate help.
 ...                                              
                                                  
l.17 ...ƒÏ„Î¿Ï‡Î±ÏƒÏ„Î¹ÎºÎ­Ï‚ Ï€ÏÎ¿ÏƒÎ¿Î¼Î¿Î¹ÏÏƒ
                                                  ÎµÎ¹Ï‚ ÎºÎ±Î¹ ÏƒÏ…Î³ÎºÎµÎº...

You may provide a definition with
\DeclareUnicodeCharacter 


! LaTeX Error: Unicode character Îµ (U+03B5)
               not set up for use with LaTeX.

See the LaTeX manual or LaTeX Companion for explanation.
Type  H <return>  for immediate help.
 ...                                              
                                                  
l.17 ...„Î¿Ï‡Î±ÏƒÏ„Î¹ÎºÎ­Ï‚ Ï€ÏÎ¿ÏƒÎ¿Î¼Î¿Î¹ÏÏƒÎµ
                                                  Î¹Ï‚ ÎºÎ±Î¹ ÏƒÏ…Î³ÎºÎµÎºÏ...

You may provide a definition with
\DeclareUnicodeCharacter 


! LaTeX Error: Unicode character Î¹ (U+03B9)
               not set up for use with LaTeX.

See the LaTeX manual or LaTeX Companion for explanation.
Type  H <return>  for immediate help.
 ...                                              
                                                  
l.17 ...¿Ï‡Î±ÏƒÏ„Î¹ÎºÎ­Ï‚ Ï€ÏÎ¿ÏƒÎ¿Î¼Î¿Î¹ÏÏƒÎµÎ¹
                                                  Ï‚ ÎºÎ±Î¹ ÏƒÏ…Î³ÎºÎµÎºÏÎ¹...

You may provide a definition with
\DeclareUnicodeCharacter 


! LaTeX Error: Unicode character Ï‚ (U+03C2)
               not set up for use with LaTeX.

See the LaTeX manual or LaTeX Companion for explanation.
Type  H <return>  for immediate help.
 ...                                              
                                                  
l.17 ...‡Î±ÏƒÏ„Î¹ÎºÎ­Ï‚ Ï€ÏÎ¿ÏƒÎ¿Î¼Î¿Î¹ÏÏƒÎµÎ¹Ï‚
                                                   ÎºÎ±Î¹ ÏƒÏ…Î³ÎºÎµÎºÏÎ¹Î¼...

You may provide a definition with
\DeclareUnicodeCharacter 


! LaTeX Error: Unicode character Îº (U+03BA)
               not set up for use with LaTeX.

See the LaTeX manual or LaTeX Companion for explanation.
Type  H <return>  for immediate help.
 ...                                              
                                                  
l.17 ...ÏƒÏ„Î¹ÎºÎ­Ï‚ Ï€ÏÎ¿ÏƒÎ¿Î¼Î¿Î¹ÏÏƒÎµÎ¹Ï‚ Îº
                                                  Î±Î¹ ÏƒÏ…Î³ÎºÎµÎºÏÎ¹Î¼Î­Î...

You may provide a definition with
\DeclareUnicodeCharacter 


! LaTeX Error: Unicode character Î± (U+03B1)
               not set up for use with LaTeX.

See the LaTeX manual or LaTeX Companion for explanation.
Type  H <return>  for immediate help.
 ...                                              
                                                  
l.17 ...Ï„Î¹ÎºÎ­Ï‚ Ï€ÏÎ¿ÏƒÎ¿Î¼Î¿Î¹ÏÏƒÎµÎ¹Ï‚ ÎºÎ±
                                                  Î¹ ÏƒÏ…Î³ÎºÎµÎºÏÎ¹Î¼Î­Î½Î...

You may provide a definition with
\DeclareUnicodeCharacter 


! LaTeX Error: Unicode character Î¹ (U+03B9)
               not set up for use with LaTeX.

See the LaTeX manual or LaTeX Companion for explanation.
Type  H <return>  for immediate help.
 ...                                              
                                                  
l.17 ...Î¹ÎºÎ­Ï‚ Ï€ÏÎ¿ÏƒÎ¿Î¼Î¿Î¹ÏÏƒÎµÎ¹Ï‚ ÎºÎ±Î¹
                                                   ÏƒÏ…Î³ÎºÎµÎºÏÎ¹Î¼Î­Î½Î± ...

You may provide a definition with
\DeclareUnicodeCharacter 


! LaTeX Error: Unicode character Ïƒ (U+03C3)
               not set up for use with LaTeX.

See the LaTeX manual or LaTeX Companion for explanation.
Type  H <return>  for immediate help.
 ...                                              
                                                  
l.17 ...ºÎ­Ï‚ Ï€ÏÎ¿ÏƒÎ¿Î¼Î¿Î¹ÏÏƒÎµÎ¹Ï‚ ÎºÎ±Î¹ Ïƒ
                                                  Ï…Î³ÎºÎµÎºÏÎ¹Î¼Î­Î½Î± Ï„Î...

You may provide a definition with
\DeclareUnicodeCharacter 


! LaTeX Error: Unicode character Ï… (U+03C5)
               not set up for use with LaTeX.

See the LaTeX manual or LaTeX Companion for explanation.
Type  H <return>  for immediate help.
 ...                                              
                                                  
l.17 ...­Ï‚ Ï€ÏÎ¿ÏƒÎ¿Î¼Î¿Î¹ÏÏƒÎµÎ¹Ï‚ ÎºÎ±Î¹ ÏƒÏ…
                                                  Î³ÎºÎµÎºÏÎ¹Î¼Î­Î½Î± Ï„Î± ...

You may provide a definition with
\DeclareUnicodeCharacter 


! LaTeX Error: Unicode character Î³ (U+03B3)
               not set up for use with LaTeX.

See the LaTeX manual or LaTeX Companion for explanation.
Type  H <return>  for immediate help.
 ...                                              
                                                  
l.17 ...‚ Ï€ÏÎ¿ÏƒÎ¿Î¼Î¿Î¹ÏÏƒÎµÎ¹Ï‚ ÎºÎ±Î¹ ÏƒÏ…Î³
                                                  ÎºÎµÎºÏÎ¹Î¼Î­Î½Î± Ï„Î± Ï€...

You may provide a definition with
\DeclareUnicodeCharacter 


! LaTeX Error: Unicode character Îº (U+03BA)
               not set up for use with LaTeX.

See the LaTeX manual or LaTeX Companion for explanation.
Type  H <return>  for immediate help.
 ...                                              
                                                  
l.17 ...Ï€ÏÎ¿ÏƒÎ¿Î¼Î¿Î¹ÏÏƒÎµÎ¹Ï‚ ÎºÎ±Î¹ ÏƒÏ…Î³Îº
                                                  ÎµÎºÏÎ¹Î¼Î­Î½Î± Ï„Î± Ï€Îµ...

You may provide a definition with
\DeclareUnicodeCharacter 


! LaTeX Error: Unicode character Îµ (U+03B5)
               not set up for use with LaTeX.

See the LaTeX manual or LaTeX Companion for explanation.
Type  H <return>  for immediate help.
 ...                                              
                                                  
l.17 ...ÏÎ¿ÏƒÎ¿Î¼Î¿Î¹ÏÏƒÎµÎ¹Ï‚ ÎºÎ±Î¹ ÏƒÏ…Î³ÎºÎµ
                                                  ÎºÏÎ¹Î¼Î­Î½Î± Ï„Î± Ï€ÎµÎ¹...

You may provide a definition with
\DeclareUnicodeCharacter 


! LaTeX Error: Unicode character Îº (U+03BA)
               not set up for use with LaTeX.

See the LaTeX manual or LaTeX Companion for explanation.
Type  H <return>  for immediate help.
 ...                                              
                                                  
l.17 ...Î¿ÏƒÎ¿Î¼Î¿Î¹ÏÏƒÎµÎ¹Ï‚ ÎºÎ±Î¹ ÏƒÏ…Î³ÎºÎµÎº
                                                  ÏÎ¹Î¼Î­Î½Î± Ï„Î± Ï€ÎµÎ¹Ï...

You may provide a definition with
\DeclareUnicodeCharacter 


! LaTeX Error: Unicode character Ï (U+03C1)
               not set up for use with LaTeX.

See the LaTeX manual or LaTeX Companion for explanation.
Type  H <return>  for immediate help.
 ...                                              
                                                  
l.17 ...ÏƒÎ¿Î¼Î¿Î¹ÏÏƒÎµÎ¹Ï‚ ÎºÎ±Î¹ ÏƒÏ…Î³ÎºÎµÎºÏ
                                                  Î¹Î¼Î­Î½Î± Ï„Î± Ï€ÎµÎ¹ÏÎ¬...

You may provide a definition with
\DeclareUnicodeCharacter 


! LaTeX Error: Unicode character Î¹ (U+03B9)
               not set up for use with LaTeX.

See the LaTeX manual or LaTeX Companion for explanation.
Type  H <return>  for immediate help.
 ...                                              
                                                  
l.17 ...Î¿Î¼Î¿Î¹ÏÏƒÎµÎ¹Ï‚ ÎºÎ±Î¹ ÏƒÏ…Î³ÎºÎµÎºÏÎ¹
                                                  Î¼Î­Î½Î± Ï„Î± Ï€ÎµÎ¹ÏÎ¬Î¼...

You may provide a definition with
\DeclareUnicodeCharacter 


! LaTeX Error: Unicode character Î¼ (U+03BC)
               not set up for use with LaTeX.

See the LaTeX manual or LaTeX Companion for explanation.
Type  H <return>  for immediate help.
 ...                                              
                                                  
l.17 ...Î¼Î¿Î¹ÏÏƒÎµÎ¹Ï‚ ÎºÎ±Î¹ ÏƒÏ…Î³ÎºÎµÎºÏÎ¹Î¼
                                                  Î­Î½Î± Ï„Î± Ï€ÎµÎ¹ÏÎ¬Î¼Î±...

You may provide a definition with
\DeclareUnicodeCharacter 


! LaTeX Error: Unicode character Î­ (U+03AD)
               not set up for use with LaTeX.

See the LaTeX manual or LaTeX Companion for explanation.
Type  H <return>  for immediate help.
 ...                                              
                                                  
l.17 ...Î¿Î¹ÏÏƒÎµÎ¹Ï‚ ÎºÎ±Î¹ ÏƒÏ…Î³ÎºÎµÎºÏÎ¹Î¼Î­
                                                  Î½Î± Ï„Î± Ï€ÎµÎ¹ÏÎ¬Î¼Î±Ï„...

You may provide a definition with
\DeclareUnicodeCharacter 


! LaTeX Error: Unicode character Î½ (U+03BD)
               not set up for use with LaTeX.

See the LaTeX manual or LaTeX Companion for explanation.
Type  H <return>  for immediate help.
 ...                                              
                                                  
l.17 ...Î¹ÏÏƒÎµÎ¹Ï‚ ÎºÎ±Î¹ ÏƒÏ…Î³ÎºÎµÎºÏÎ¹Î¼Î­Î½
                                                  Î± Ï„Î± Ï€ÎµÎ¹ÏÎ¬Î¼Î±Ï„Î±...

You may provide a definition with
\DeclareUnicodeCharacter 


! LaTeX Error: Unicode character Î± (U+03B1)
               not set up for use with LaTeX.

See the LaTeX manual or LaTeX Companion for explanation.
Type  H <return>  for immediate help.
 ...                                              
                                                  
l.17 ...ÏÏƒÎµÎ¹Ï‚ ÎºÎ±Î¹ ÏƒÏ…Î³ÎºÎµÎºÏÎ¹Î¼Î­Î½Î±
                                                   Ï„Î± Ï€ÎµÎ¹ÏÎ¬Î¼Î±Ï„Î± Ï...

You may provide a definition with
\DeclareUnicodeCharacter 


! LaTeX Error: Unicode character Ï„ (U+03C4)
               not set up for use with LaTeX.

See the LaTeX manual or LaTeX Companion for explanation.
Type  H <return>  for immediate help.
 ...                                              
                                                  
l.17 ...ƒÎµÎ¹Ï‚ ÎºÎ±Î¹ ÏƒÏ…Î³ÎºÎµÎºÏÎ¹Î¼Î­Î½Î± Ï„
                                                  Î± Ï€ÎµÎ¹ÏÎ¬Î¼Î±Ï„Î± Ï„Ï…...

You may provide a definition with
\DeclareUnicodeCharacter 


! LaTeX Error: Unicode character Î± (U+03B1)
               not set up for use with LaTeX.

See the LaTeX manual or LaTeX Companion for explanation.
Type  H <return>  for immediate help.
 ...                                              
                                                  
l.17 ...µÎ¹Ï‚ ÎºÎ±Î¹ ÏƒÏ…Î³ÎºÎµÎºÏÎ¹Î¼Î­Î½Î± Ï„Î±
                                                   Ï€ÎµÎ¹ÏÎ¬Î¼Î±Ï„Î± Ï„Ï…Ï‡...

You may provide a definition with
\DeclareUnicodeCharacter 


! LaTeX Error: Unicode character Ï€ (U+03C0)
               not set up for use with LaTeX.

See the LaTeX manual or LaTeX Companion for explanation.
Type  H <return>  for immediate help.
 ...                                              
                                                  
l.17 ...Ï‚ ÎºÎ±Î¹ ÏƒÏ…Î³ÎºÎµÎºÏÎ¹Î¼Î­Î½Î± Ï„Î± Ï€
                                                  ÎµÎ¹ÏÎ¬Î¼Î±Ï„Î± Ï„Ï…Ï‡Î±Î...

You may provide a definition with
\DeclareUnicodeCharacter 


! LaTeX Error: Unicode character Îµ (U+03B5)
               not set up for use with LaTeX.

See the LaTeX manual or LaTeX Companion for explanation.
Type  H <return>  for immediate help.
 ...                                              
                                                  
l.17 ... ÎºÎ±Î¹ ÏƒÏ…Î³ÎºÎµÎºÏÎ¹Î¼Î­Î½Î± Ï„Î± Ï€Îµ
                                                  Î¹ÏÎ¬Î¼Î±Ï„Î± Ï„Ï…Ï‡Î±Î¯Ï...

You may provide a definition with
\DeclareUnicodeCharacter 


! LaTeX Error: Unicode character Î¹ (U+03B9)
               not set up for use with LaTeX.

See the LaTeX manual or LaTeX Companion for explanation.
Type  H <return>  for immediate help.
 ...                                              
                                                  
l.17 ...ºÎ±Î¹ ÏƒÏ…Î³ÎºÎµÎºÏÎ¹Î¼Î­Î½Î± Ï„Î± Ï€ÎµÎ¹
                                                  ÏÎ¬Î¼Î±Ï„Î± Ï„Ï…Ï‡Î±Î¯Ï‰Î...

You may provide a definition with
\DeclareUnicodeCharacter 


! LaTeX Error: Unicode character Ï (U+03C1)
               not set up for use with LaTeX.

See the LaTeX manual or LaTeX Companion for explanation.
Type  H <return>  for immediate help.
 ...                                              
                                                  
l.17 ...±Î¹ ÏƒÏ…Î³ÎºÎµÎºÏÎ¹Î¼Î­Î½Î± Ï„Î± Ï€ÎµÎ¹Ï
                                                  Î¬Î¼Î±Ï„Î± Ï„Ï…Ï‡Î±Î¯Ï‰Î½ ...

You may provide a definition with
\DeclareUnicodeCharacter 


! LaTeX Error: Unicode character Î¬ (U+03AC)
               not set up for use with LaTeX.

See the LaTeX manual or LaTeX Companion for explanation.
Type  H <return>  for immediate help.
 ...                                              
                                                  
l.17 ...¹ ÏƒÏ…Î³ÎºÎµÎºÏÎ¹Î¼Î­Î½Î± Ï„Î± Ï€ÎµÎ¹ÏÎ¬
                                                  Î¼Î±Ï„Î± Ï„Ï…Ï‡Î±Î¯Ï‰Î½ Ï€...

You may provide a definition with
\DeclareUnicodeCharacter 


! LaTeX Error: Unicode character Î¼ (U+03BC)
               not set up for use with LaTeX.

See the LaTeX manual or LaTeX Companion for explanation.
Type  H <return>  for immediate help.
 ...                                              
                                                  
l.17 ...ÏƒÏ…Î³ÎºÎµÎºÏÎ¹Î¼Î­Î½Î± Ï„Î± Ï€ÎµÎ¹ÏÎ¬Î¼
                                                  Î±Ï„Î± Ï„Ï…Ï‡Î±Î¯Ï‰Î½ Ï€Îµ...

You may provide a definition with
\DeclareUnicodeCharacter 


! LaTeX Error: Unicode character Î± (U+03B1)
               not set up for use with LaTeX.

See the LaTeX manual or LaTeX Companion for explanation.
Type  H <return>  for immediate help.
 ...                                              
                                                  
l.17 ...Ï…Î³ÎºÎµÎºÏÎ¹Î¼Î­Î½Î± Ï„Î± Ï€ÎµÎ¹ÏÎ¬Î¼Î±
                                                  Ï„Î± Ï„Ï…Ï‡Î±Î¯Ï‰Î½ Ï€ÎµÏ...

You may provide a definition with
\DeclareUnicodeCharacter 


! LaTeX Error: Unicode character Ï„ (U+03C4)
               not set up for use with LaTeX.

See the LaTeX manual or LaTeX Companion for explanation.
Type  H <return>  for immediate help.
 ...                                              
                                                  
l.17 ...Î³ÎºÎµÎºÏÎ¹Î¼Î­Î½Î± Ï„Î± Ï€ÎµÎ¹ÏÎ¬Î¼Î±Ï„
                                                  Î± Ï„Ï…Ï‡Î±Î¯Ï‰Î½ Ï€ÎµÏÎ¹...

You may provide a definition with
\DeclareUnicodeCharacter 


! LaTeX Error: Unicode character Î± (U+03B1)
               not set up for use with LaTeX.

See the LaTeX manual or LaTeX Companion for explanation.
Type  H <return>  for immediate help.
 ...                                              
                                                  
l.17 ...ÎºÎµÎºÏÎ¹Î¼Î­Î½Î± Ï„Î± Ï€ÎµÎ¹ÏÎ¬Î¼Î±Ï„Î±
                                                   Ï„Ï…Ï‡Î±Î¯Ï‰Î½ Ï€ÎµÏÎ¹Ï€...

You may provide a definition with
\DeclareUnicodeCharacter 


! LaTeX Error: Unicode character Ï„ (U+03C4)
               not set up for use with LaTeX.

See the LaTeX manual or LaTeX Companion for explanation.
Type  H <return>  for immediate help.
 ...                                              
                                                  
l.17 ...µÎºÏÎ¹Î¼Î­Î½Î± Ï„Î± Ï€ÎµÎ¹ÏÎ¬Î¼Î±Ï„Î± Ï„
                                                  Ï…Ï‡Î±Î¯Ï‰Î½ Ï€ÎµÏÎ¹Ï€Î¬Ï...

You may provide a definition with
\DeclareUnicodeCharacter 


! LaTeX Error: Unicode character Ï… (U+03C5)
               not set up for use with LaTeX.

See the LaTeX manual or LaTeX Companion for explanation.
Type  H <return>  for immediate help.
 ...                                              
                                                  
l.17 ...ºÏÎ¹Î¼Î­Î½Î± Ï„Î± Ï€ÎµÎ¹ÏÎ¬Î¼Î±Ï„Î± Ï„Ï…
                                                  Ï‡Î±Î¯Ï‰Î½ Ï€ÎµÏÎ¹Ï€Î¬Ï„Ï...

You may provide a definition with
\DeclareUnicodeCharacter 


! LaTeX Error: Unicode character Ï‡ (U+03C7)
               not set up for use with LaTeX.

See the LaTeX manual or LaTeX Companion for explanation.
Type  H <return>  for immediate help.
 ...                                              
                                                  
l.17 ...Î¹Î¼Î­Î½Î± Ï„Î± Ï€ÎµÎ¹ÏÎ¬Î¼Î±Ï„Î± Ï„Ï…Ï‡
                                                  Î±Î¯Ï‰Î½ Ï€ÎµÏÎ¹Ï€Î¬Ï„Ï‰Î...

You may provide a definition with
\DeclareUnicodeCharacter 


! LaTeX Error: Unicode character Î± (U+03B1)
               not set up for use with LaTeX.

See the LaTeX manual or LaTeX Companion for explanation.
Type  H <return>  for immediate help.
 ...                                              
                                                  
l.17 ...¹Î¼Î­Î½Î± Ï„Î± Ï€ÎµÎ¹ÏÎ¬Î¼Î±Ï„Î± Ï„Ï…Ï‡Î±
                                                  Î¯Ï‰Î½ Ï€ÎµÏÎ¹Ï€Î¬Ï„Ï‰Î½....

You may provide a definition with
\DeclareUnicodeCharacter 


! LaTeX Error: Unicode character Î¯ (U+03AF)
               not set up for use with LaTeX.

See the LaTeX manual or LaTeX Companion for explanation.
Type  H <return>  for immediate help.
 ...                                              
                                                  
l.17 ...¼Î­Î½Î± Ï„Î± Ï€ÎµÎ¹ÏÎ¬Î¼Î±Ï„Î± Ï„Ï…Ï‡Î±Î¯
                                                  Ï‰Î½ Ï€ÎµÏÎ¹Ï€Î¬Ï„Ï‰Î½. Î...

You may provide a definition with
\DeclareUnicodeCharacter 


! LaTeX Error: Unicode character Ï‰ (U+03C9)
               not set up for use with LaTeX.

See the LaTeX manual or LaTeX Companion for explanation.
Type  H <return>  for immediate help.
 ...                                              
                                                  
l.17 ...­Î½Î± Ï„Î± Ï€ÎµÎ¹ÏÎ¬Î¼Î±Ï„Î± Ï„Ï…Ï‡Î±Î¯Ï‰
                                                  Î½ Ï€ÎµÏÎ¹Ï€Î¬Ï„Ï‰Î½. Î‘Ï...

You may provide a definition with
\DeclareUnicodeCharacter 


! LaTeX Error: Unicode character Î½ (U+03BD)
               not set up for use with LaTeX.

See the LaTeX manual or LaTeX Companion for explanation.
Type  H <return>  for immediate help.
 ...                                              
                                                  
l.17 ...½Î± Ï„Î± Ï€ÎµÎ¹ÏÎ¬Î¼Î±Ï„Î± Ï„Ï…Ï‡Î±Î¯Ï‰Î½
                                                   Ï€ÎµÏÎ¹Ï€Î¬Ï„Ï‰Î½. Î‘ÏÏ...

You may provide a definition with
\DeclareUnicodeCharacter 


! LaTeX Error: Unicode character Ï€ (U+03C0)
               not set up for use with LaTeX.

See the LaTeX manual or LaTeX Companion for explanation.
Type  H <return>  for immediate help.
 ...                                              
                                                  
l.17 ... Ï„Î± Ï€ÎµÎ¹ÏÎ¬Î¼Î±Ï„Î± Ï„Ï…Ï‡Î±Î¯Ï‰Î½ Ï€
                                                  ÎµÏÎ¹Ï€Î¬Ï„Ï‰Î½. Î‘ÏÏ‡Î¹...

You may provide a definition with
\DeclareUnicodeCharacter 


! LaTeX Error: Unicode character Îµ (U+03B5)
               not set up for use with LaTeX.

See the LaTeX manual or LaTeX Companion for explanation.
Type  H <return>  for immediate help.
 ...                                              
                                                  
l.17 ...„Î± Ï€ÎµÎ¹ÏÎ¬Î¼Î±Ï„Î± Ï„Ï…Ï‡Î±Î¯Ï‰Î½ Ï€Îµ
                                                  ÏÎ¹Ï€Î¬Ï„Ï‰Î½. Î‘ÏÏ‡Î¹Îº...

You may provide a definition with
\DeclareUnicodeCharacter 


! LaTeX Error: Unicode character Ï (U+03C1)
               not set up for use with LaTeX.

See the LaTeX manual or LaTeX Companion for explanation.
Type  H <return>  for immediate help.
 ...                                              
                                                  
l.17 ...± Ï€ÎµÎ¹ÏÎ¬Î¼Î±Ï„Î± Ï„Ï…Ï‡Î±Î¯Ï‰Î½ Ï€ÎµÏ
                                                  Î¹Ï€Î¬Ï„Ï‰Î½. Î‘ÏÏ‡Î¹ÎºÎ¬...

You may provide a definition with
\DeclareUnicodeCharacter 


! LaTeX Error: Unicode character Î¹ (U+03B9)
               not set up for use with LaTeX.

See the LaTeX manual or LaTeX Companion for explanation.
Type  H <return>  for immediate help.
 ...                                              
                                                  
l.17 ...Ï€ÎµÎ¹ÏÎ¬Î¼Î±Ï„Î± Ï„Ï…Ï‡Î±Î¯Ï‰Î½ Ï€ÎµÏÎ¹
                                                  Ï€Î¬Ï„Ï‰Î½. Î‘ÏÏ‡Î¹ÎºÎ¬ Î...

You may provide a definition with
\DeclareUnicodeCharacter 


! LaTeX Error: Unicode character Ï€ (U+03C0)
               not set up for use with LaTeX.

See the LaTeX manual or LaTeX Companion for explanation.
Type  H <return>  for immediate help.
 ...                                              
                                                  
l.17 ...ÎµÎ¹ÏÎ¬Î¼Î±Ï„Î± Ï„Ï…Ï‡Î±Î¯Ï‰Î½ Ï€ÎµÏÎ¹Ï€
                                                  Î¬Ï„Ï‰Î½. Î‘ÏÏ‡Î¹ÎºÎ¬ Î±Î...

You may provide a definition with
\DeclareUnicodeCharacter 


! LaTeX Error: Unicode character Î¬ (U+03AC)
               not set up for use with LaTeX.

See the LaTeX manual or LaTeX Companion for explanation.
Type  H <return>  for immediate help.
 ...                                              
                                                  
l.17 ...Î¹ÏÎ¬Î¼Î±Ï„Î± Ï„Ï…Ï‡Î±Î¯Ï‰Î½ Ï€ÎµÏÎ¹Ï€Î¬
                                                  Ï„Ï‰Î½. Î‘ÏÏ‡Î¹ÎºÎ¬ Î±Î½Î...

You may provide a definition with
\DeclareUnicodeCharacter 


! LaTeX Error: Unicode character Ï„ (U+03C4)
               not set up for use with LaTeX.

See the LaTeX manual or LaTeX Companion for explanation.
Type  H <return>  for immediate help.
 ...                                              
                                                  
l.17 ...ÏÎ¬Î¼Î±Ï„Î± Ï„Ï…Ï‡Î±Î¯Ï‰Î½ Ï€ÎµÏÎ¹Ï€Î¬Ï„
                                                  Ï‰Î½. Î‘ÏÏ‡Î¹ÎºÎ¬ Î±Î½Î±Ï...

You may provide a definition with
\DeclareUnicodeCharacter 


! LaTeX Error: Unicode character Ï‰ (U+03C9)
               not set up for use with LaTeX.

See the LaTeX manual or LaTeX Companion for explanation.
Type  H <return>  for immediate help.
 ...                                              
                                                  
l.17 ...Î¬Î¼Î±Ï„Î± Ï„Ï…Ï‡Î±Î¯Ï‰Î½ Ï€ÎµÏÎ¹Ï€Î¬Ï„Ï‰
                                                  Î½. Î‘ÏÏ‡Î¹ÎºÎ¬ Î±Î½Î±Ï†Î...
(That makes 100 errors; please try again.) 
Here is how much of TeX's memory you used:
 52 strings out of 477992
 881 string characters out of 2827466
 301418 words of memory out of 3000000
 18925 multiletter control sequences out of 15000+600000
 469567 words of font info for 29 fonts, out of 8000000 for 9000
 1141 hyphenation exceptions out of 8191
 23i,5n,23p,1516b,124s stack positions out of 10000i,1000n,20000p,200000b,80000s

!  ==> Fatal error occurred, no output PDF file produced!
