This is pdfTeX, Version 3.141592653-2.6-1.40.24 (MiKTeX 22.8) (preloaded format=pdflatex 2022.8.17)  19 AUG 2022 08:44
entering extended mode
 restricted \write18 enabled.
 %&-line parsing enabled.
**./ContinuousRW.tex
(ContinuousRW.tex
LaTeX2e <2022-06-01> patch level 5
L3 programming layer <2022-08-05>
! Undefined control sequence.
l.1 \section
            {Î£Ï…Î½ÎµÏ‡Î®Ï‚ Ï„Ï…Ï‡Î±Î¯Î¿Ï‚ Ï€ÎµÏÎ¯Ï€Î±Ï„Î¿Ï‚ ÏƒÎµ Î´ÏÎ¿ Î´...
The control sequence at the end of the top line
of your error message was never \def'ed. If you have
misspelled it (e.g., `\hobx'), type `I' and the correct
spelling (e.g., `I\hbox'). Otherwise just continue,
and I'll forget about whatever was undefined.


! LaTeX Error: Unicode character Î£ (U+03A3)
               not set up for use with LaTeX.

See the LaTeX manual or LaTeX Companion for explanation.
Type  H <return>  for immediate help.
 ...                                              
                                                  
l.1 \section{Î£
               Ï…Î½ÎµÏ‡Î®Ï‚ Ï„Ï…Ï‡Î±Î¯Î¿Ï‚ Ï€ÎµÏÎ¯Ï€Î±Ï„Î¿Ï‚ ÏƒÎµ Î´ÏÎ¿ Î´...

You may provide a definition with
\DeclareUnicodeCharacter 


! LaTeX Error: Unicode character Ï… (U+03C5)
               not set up for use with LaTeX.

See the LaTeX manual or LaTeX Companion for explanation.
Type  H <return>  for immediate help.
 ...                                              
                                                  
l.1 \section{Î£Ï…
                 Î½ÎµÏ‡Î®Ï‚ Ï„Ï…Ï‡Î±Î¯Î¿Ï‚ Ï€ÎµÏÎ¯Ï€Î±Ï„Î¿Ï‚ ÏƒÎµ Î´ÏÎ¿ Î´...

You may provide a definition with
\DeclareUnicodeCharacter 


! LaTeX Error: Unicode character Î½ (U+03BD)
               not set up for use with LaTeX.

See the LaTeX manual or LaTeX Companion for explanation.
Type  H <return>  for immediate help.
 ...                                              
                                                  
l.1 \section{Î£Ï…Î½
                   ÎµÏ‡Î®Ï‚ Ï„Ï…Ï‡Î±Î¯Î¿Ï‚ Ï€ÎµÏÎ¯Ï€Î±Ï„Î¿Ï‚ ÏƒÎµ Î´ÏÎ¿ Î´...

You may provide a definition with
\DeclareUnicodeCharacter 


! LaTeX Error: Unicode character Îµ (U+03B5)
               not set up for use with LaTeX.

See the LaTeX manual or LaTeX Companion for explanation.
Type  H <return>  for immediate help.
 ...                                              
                                                  
l.1 \section{Î£Ï…Î½Îµ
                     Ï‡Î®Ï‚ Ï„Ï…Ï‡Î±Î¯Î¿Ï‚ Ï€ÎµÏÎ¯Ï€Î±Ï„Î¿Ï‚ ÏƒÎµ Î´ÏÎ¿ Î´...

You may provide a definition with
\DeclareUnicodeCharacter 


! LaTeX Error: Unicode character Ï‡ (U+03C7)
               not set up for use with LaTeX.

See the LaTeX manual or LaTeX Companion for explanation.
Type  H <return>  for immediate help.
 ...                                              
                                                  
l.1 \section{Î£Ï…Î½ÎµÏ‡
                       Î®Ï‚ Ï„Ï…Ï‡Î±Î¯Î¿Ï‚ Ï€ÎµÏÎ¯Ï€Î±Ï„Î¿Ï‚ ÏƒÎµ Î´ÏÎ¿ Î´...

You may provide a definition with
\DeclareUnicodeCharacter 


! LaTeX Error: Unicode character Î® (U+03AE)
               not set up for use with LaTeX.

See the LaTeX manual or LaTeX Companion for explanation.
Type  H <return>  for immediate help.
 ...                                              
                                                  
l.1 \section{Î£Ï…Î½ÎµÏ‡Î®
                         Ï‚ Ï„Ï…Ï‡Î±Î¯Î¿Ï‚ Ï€ÎµÏÎ¯Ï€Î±Ï„Î¿Ï‚ ÏƒÎµ Î´ÏÎ¿ Î´...

You may provide a definition with
\DeclareUnicodeCharacter 


! LaTeX Error: Unicode character Ï‚ (U+03C2)
               not set up for use with LaTeX.

See the LaTeX manual or LaTeX Companion for explanation.
Type  H <return>  for immediate help.
 ...                                              
                                                  
l.1 \section{Î£Ï…Î½ÎµÏ‡Î®Ï‚
                            Ï„Ï…Ï‡Î±Î¯Î¿Ï‚ Ï€ÎµÏÎ¯Ï€Î±Ï„Î¿Ï‚ ÏƒÎµ Î´ÏÎ¿ Î´...

You may provide a definition with
\DeclareUnicodeCharacter 


! LaTeX Error: Unicode character Ï„ (U+03C4)
               not set up for use with LaTeX.

See the LaTeX manual or LaTeX Companion for explanation.
Type  H <return>  for immediate help.
 ...                                              
                                                  
l.1 \section{Î£Ï…Î½ÎµÏ‡Î®Ï‚ Ï„
                              Ï…Ï‡Î±Î¯Î¿Ï‚ Ï€ÎµÏÎ¯Ï€Î±Ï„Î¿Ï‚ ÏƒÎµ Î´ÏÎ¿ Î´...

You may provide a definition with
\DeclareUnicodeCharacter 


! LaTeX Error: Unicode character Ï… (U+03C5)
               not set up for use with LaTeX.

See the LaTeX manual or LaTeX Companion for explanation.
Type  H <return>  for immediate help.
 ...                                              
                                                  
l.1 \section{Î£Ï…Î½ÎµÏ‡Î®Ï‚ Ï„Ï…
                                Ï‡Î±Î¯Î¿Ï‚ Ï€ÎµÏÎ¯Ï€Î±Ï„Î¿Ï‚ ÏƒÎµ Î´ÏÎ¿ Î´...

You may provide a definition with
\DeclareUnicodeCharacter 


! LaTeX Error: Unicode character Ï‡ (U+03C7)
               not set up for use with LaTeX.

See the LaTeX manual or LaTeX Companion for explanation.
Type  H <return>  for immediate help.
 ...                                              
                                                  
l.1 \section{Î£Ï…Î½ÎµÏ‡Î®Ï‚ Ï„Ï…Ï‡
                                  Î±Î¯Î¿Ï‚ Ï€ÎµÏÎ¯Ï€Î±Ï„Î¿Ï‚ ÏƒÎµ Î´ÏÎ¿ Î´...

You may provide a definition with
\DeclareUnicodeCharacter 


! LaTeX Error: Unicode character Î± (U+03B1)
               not set up for use with LaTeX.

See the LaTeX manual or LaTeX Companion for explanation.
Type  H <return>  for immediate help.
 ...                                              
                                                  
l.1 \section{Î£Ï…Î½ÎµÏ‡Î®Ï‚ Ï„Ï…Ï‡Î±
                                    Î¯Î¿Ï‚ Ï€ÎµÏÎ¯Ï€Î±Ï„Î¿Ï‚ ÏƒÎµ Î´ÏÎ¿ Î´...

You may provide a definition with
\DeclareUnicodeCharacter 


! LaTeX Error: Unicode character Î¯ (U+03AF)
               not set up for use with LaTeX.

See the LaTeX manual or LaTeX Companion for explanation.
Type  H <return>  for immediate help.
 ...                                              
                                                  
l.1 \section{Î£Ï…Î½ÎµÏ‡Î®Ï‚ Ï„Ï…Ï‡Î±Î¯
                                      Î¿Ï‚ Ï€ÎµÏÎ¯Ï€Î±Ï„Î¿Ï‚ ÏƒÎµ Î´ÏÎ¿ Î´...

You may provide a definition with
\DeclareUnicodeCharacter 


! LaTeX Error: Unicode character Î¿ (U+03BF)
               not set up for use with LaTeX.

See the LaTeX manual or LaTeX Companion for explanation.
Type  H <return>  for immediate help.
 ...                                              
                                                  
l.1 \section{Î£Ï…Î½ÎµÏ‡Î®Ï‚ Ï„Ï…Ï‡Î±Î¯Î¿
                                        Ï‚ Ï€ÎµÏÎ¯Ï€Î±Ï„Î¿Ï‚ ÏƒÎµ Î´ÏÎ¿ Î´...

You may provide a definition with
\DeclareUnicodeCharacter 


! LaTeX Error: Unicode character Ï‚ (U+03C2)
               not set up for use with LaTeX.

See the LaTeX manual or LaTeX Companion for explanation.
Type  H <return>  for immediate help.
 ...                                              
                                                  
l.1 \section{Î£Ï…Î½ÎµÏ‡Î®Ï‚ Ï„Ï…Ï‡Î±Î¯Î¿Ï‚
                                           Ï€ÎµÏÎ¯Ï€Î±Ï„Î¿Ï‚ ÏƒÎµ Î´ÏÎ¿ Î´...

You may provide a definition with
\DeclareUnicodeCharacter 


! LaTeX Error: Unicode character Ï€ (U+03C0)
               not set up for use with LaTeX.

See the LaTeX manual or LaTeX Companion for explanation.
Type  H <return>  for immediate help.
 ...                                              
                                                  
l.1 \section{Î£Ï…Î½ÎµÏ‡Î®Ï‚ Ï„Ï…Ï‡Î±Î¯Î¿Ï‚ Ï€
                                             ÎµÏÎ¯Ï€Î±Ï„Î¿Ï‚ ÏƒÎµ Î´ÏÎ¿ Î´...

You may provide a definition with
\DeclareUnicodeCharacter 


! LaTeX Error: Unicode character Îµ (U+03B5)
               not set up for use with LaTeX.

See the LaTeX manual or LaTeX Companion for explanation.
Type  H <return>  for immediate help.
 ...                                              
                                                  
l.1 \section{Î£Ï…Î½ÎµÏ‡Î®Ï‚ Ï„Ï…Ï‡Î±Î¯Î¿Ï‚ Ï€Îµ
                                               ÏÎ¯Ï€Î±Ï„Î¿Ï‚ ÏƒÎµ Î´ÏÎ¿ Î´...

You may provide a definition with
\DeclareUnicodeCharacter 


! LaTeX Error: Unicode character Ï (U+03C1)
               not set up for use with LaTeX.

See the LaTeX manual or LaTeX Companion for explanation.
Type  H <return>  for immediate help.
 ...                                              
                                                  
l.1 \section{Î£Ï…Î½ÎµÏ‡Î®Ï‚ Ï„Ï…Ï‡Î±Î¯Î¿Ï‚ Ï€ÎµÏ
                                                 Î¯Ï€Î±Ï„Î¿Ï‚ ÏƒÎµ Î´ÏÎ¿ Î´...

You may provide a definition with
\DeclareUnicodeCharacter 


! LaTeX Error: Unicode character Î¯ (U+03AF)
               not set up for use with LaTeX.

See the LaTeX manual or LaTeX Companion for explanation.
Type  H <return>  for immediate help.
 ...                                              
                                                  
l.1 ...tion{Î£Ï…Î½ÎµÏ‡Î®Ï‚ Ï„Ï…Ï‡Î±Î¯Î¿Ï‚ Ï€ÎµÏÎ¯
                                                  Ï€Î±Ï„Î¿Ï‚ ÏƒÎµ Î´ÏÎ¿ Î´Î...

You may provide a definition with
\DeclareUnicodeCharacter 


! LaTeX Error: Unicode character Ï€ (U+03C0)
               not set up for use with LaTeX.

See the LaTeX manual or LaTeX Companion for explanation.
Type  H <return>  for immediate help.
 ...                                              
                                                  
l.1 ...on{Î£Ï…Î½ÎµÏ‡Î®Ï‚ Ï„Ï…Ï‡Î±Î¯Î¿Ï‚ Ï€ÎµÏÎ¯Ï€
                                                  Î±Ï„Î¿Ï‚ ÏƒÎµ Î´ÏÎ¿ Î´Î¹Î...

You may provide a definition with
\DeclareUnicodeCharacter 


! LaTeX Error: Unicode character Î± (U+03B1)
               not set up for use with LaTeX.

See the LaTeX manual or LaTeX Companion for explanation.
Type  H <return>  for immediate help.
 ...                                              
                                                  
l.1 ...{Î£Ï…Î½ÎµÏ‡Î®Ï‚ Ï„Ï…Ï‡Î±Î¯Î¿Ï‚ Ï€ÎµÏÎ¯Ï€Î±
                                                  Ï„Î¿Ï‚ ÏƒÎµ Î´ÏÎ¿ Î´Î¹Î±Ï...

You may provide a definition with
\DeclareUnicodeCharacter 


! LaTeX Error: Unicode character Ï„ (U+03C4)
               not set up for use with LaTeX.

See the LaTeX manual or LaTeX Companion for explanation.
Type  H <return>  for immediate help.
 ...                                              
                                                  
l.1 ...£Ï…Î½ÎµÏ‡Î®Ï‚ Ï„Ï…Ï‡Î±Î¯Î¿Ï‚ Ï€ÎµÏÎ¯Ï€Î±Ï„
                                                  Î¿Ï‚ ÏƒÎµ Î´ÏÎ¿ Î´Î¹Î±ÏƒÏ...

You may provide a definition with
\DeclareUnicodeCharacter 


! LaTeX Error: Unicode character Î¿ (U+03BF)
               not set up for use with LaTeX.

See the LaTeX manual or LaTeX Companion for explanation.
Type  H <return>  for immediate help.
 ...                                              
                                                  
l.1 ...…Î½ÎµÏ‡Î®Ï‚ Ï„Ï…Ï‡Î±Î¯Î¿Ï‚ Ï€ÎµÏÎ¯Ï€Î±Ï„Î¿
                                                  Ï‚ ÏƒÎµ Î´ÏÎ¿ Î´Î¹Î±ÏƒÏ„Î...

You may provide a definition with
\DeclareUnicodeCharacter 


! LaTeX Error: Unicode character Ï‚ (U+03C2)
               not set up for use with LaTeX.

See the LaTeX manual or LaTeX Companion for explanation.
Type  H <return>  for immediate help.
 ...                                              
                                                  
l.1 ...½ÎµÏ‡Î®Ï‚ Ï„Ï…Ï‡Î±Î¯Î¿Ï‚ Ï€ÎµÏÎ¯Ï€Î±Ï„Î¿Ï‚
                                                   ÏƒÎµ Î´ÏÎ¿ Î´Î¹Î±ÏƒÏ„Î¬Ï...

You may provide a definition with
\DeclareUnicodeCharacter 


! LaTeX Error: Unicode character Ïƒ (U+03C3)
               not set up for use with LaTeX.

See the LaTeX manual or LaTeX Companion for explanation.
Type  H <return>  for immediate help.
 ...                                              
                                                  
l.1 ...Ï‡Î®Ï‚ Ï„Ï…Ï‡Î±Î¯Î¿Ï‚ Ï€ÎµÏÎ¯Ï€Î±Ï„Î¿Ï‚ Ïƒ
                                                  Îµ Î´ÏÎ¿ Î´Î¹Î±ÏƒÏ„Î¬ÏƒÎµ...

You may provide a definition with
\DeclareUnicodeCharacter 


! LaTeX Error: Unicode character Îµ (U+03B5)
               not set up for use with LaTeX.

See the LaTeX manual or LaTeX Companion for explanation.
Type  H <return>  for immediate help.
 ...                                              
                                                  
l.1 ...Î®Ï‚ Ï„Ï…Ï‡Î±Î¯Î¿Ï‚ Ï€ÎµÏÎ¯Ï€Î±Ï„Î¿Ï‚ ÏƒÎµ
                                                   Î´ÏÎ¿ Î´Î¹Î±ÏƒÏ„Î¬ÏƒÎµÎ¹...

You may provide a definition with
\DeclareUnicodeCharacter 


! LaTeX Error: Unicode character Î´ (U+03B4)
               not set up for use with LaTeX.

See the LaTeX manual or LaTeX Companion for explanation.
Type  H <return>  for immediate help.
 ...                                              
                                                  
l.1 ...‚ Ï„Ï…Ï‡Î±Î¯Î¿Ï‚ Ï€ÎµÏÎ¯Ï€Î±Ï„Î¿Ï‚ ÏƒÎµ Î´
                                                  ÏÎ¿ Î´Î¹Î±ÏƒÏ„Î¬ÏƒÎµÎ¹Ï‚-...

You may provide a definition with
\DeclareUnicodeCharacter 


! LaTeX Error: Unicode character Ï (U+03CD)
               not set up for use with LaTeX.

See the LaTeX manual or LaTeX Companion for explanation.
Type  H <return>  for immediate help.
 ...                                              
                                                  
l.1 ...Ï„Ï…Ï‡Î±Î¯Î¿Ï‚ Ï€ÎµÏÎ¯Ï€Î±Ï„Î¿Ï‚ ÏƒÎµ Î´Ï
                                                  Î¿ Î´Î¹Î±ÏƒÏ„Î¬ÏƒÎµÎ¹Ï‚-Îœ...

You may provide a definition with
\DeclareUnicodeCharacter 


! LaTeX Error: Unicode character Î¿ (U+03BF)
               not set up for use with LaTeX.

See the LaTeX manual or LaTeX Companion for explanation.
Type  H <return>  for immediate help.
 ...                                              
                                                  
l.1 ...Ï…Ï‡Î±Î¯Î¿Ï‚ Ï€ÎµÏÎ¯Ï€Î±Ï„Î¿Ï‚ ÏƒÎµ Î´ÏÎ¿
                                                   Î´Î¹Î±ÏƒÏ„Î¬ÏƒÎµÎ¹Ï‚-ÎœÎ­...

You may provide a definition with
\DeclareUnicodeCharacter 


! LaTeX Error: Unicode character Î´ (U+03B4)
               not set up for use with LaTeX.

See the LaTeX manual or LaTeX Companion for explanation.
Type  H <return>  for immediate help.
 ...                                              
                                                  
l.1 ...‡Î±Î¯Î¿Ï‚ Ï€ÎµÏÎ¯Ï€Î±Ï„Î¿Ï‚ ÏƒÎµ Î´ÏÎ¿ Î´
                                                  Î¹Î±ÏƒÏ„Î¬ÏƒÎµÎ¹Ï‚-ÎœÎ­ÏƒÎ...

You may provide a definition with
\DeclareUnicodeCharacter 


! LaTeX Error: Unicode character Î¹ (U+03B9)
               not set up for use with LaTeX.

See the LaTeX manual or LaTeX Companion for explanation.
Type  H <return>  for immediate help.
 ...                                              
                                                  
l.1 ...±Î¯Î¿Ï‚ Ï€ÎµÏÎ¯Ï€Î±Ï„Î¿Ï‚ ÏƒÎµ Î´ÏÎ¿ Î´Î¹
                                                  Î±ÏƒÏ„Î¬ÏƒÎµÎ¹Ï‚-ÎœÎ­ÏƒÎ· ...

You may provide a definition with
\DeclareUnicodeCharacter 


! LaTeX Error: Unicode character Î± (U+03B1)
               not set up for use with LaTeX.

See the LaTeX manual or LaTeX Companion for explanation.
Type  H <return>  for immediate help.
 ...                                              
                                                  
l.1 ...¯Î¿Ï‚ Ï€ÎµÏÎ¯Ï€Î±Ï„Î¿Ï‚ ÏƒÎµ Î´ÏÎ¿ Î´Î¹Î±
                                                  ÏƒÏ„Î¬ÏƒÎµÎ¹Ï‚-ÎœÎ­ÏƒÎ· Î¤...

You may provide a definition with
\DeclareUnicodeCharacter 


! LaTeX Error: Unicode character Ïƒ (U+03C3)
               not set up for use with LaTeX.

See the LaTeX manual or LaTeX Companion for explanation.
Type  H <return>  for immediate help.
 ...                                              
                                                  
l.1 ...¿Ï‚ Ï€ÎµÏÎ¯Ï€Î±Ï„Î¿Ï‚ ÏƒÎµ Î´ÏÎ¿ Î´Î¹Î±Ïƒ
                                                  Ï„Î¬ÏƒÎµÎ¹Ï‚-ÎœÎ­ÏƒÎ· Î¤Îµ...

You may provide a definition with
\DeclareUnicodeCharacter 


! LaTeX Error: Unicode character Ï„ (U+03C4)
               not set up for use with LaTeX.

See the LaTeX manual or LaTeX Companion for explanation.
Type  H <return>  for immediate help.
 ...                                              
                                                  
l.1 ...‚ Ï€ÎµÏÎ¯Ï€Î±Ï„Î¿Ï‚ ÏƒÎµ Î´ÏÎ¿ Î´Î¹Î±ÏƒÏ„
                                                  Î¬ÏƒÎµÎ¹Ï‚-ÎœÎ­ÏƒÎ· Î¤ÎµÏ„...

You may provide a definition with
\DeclareUnicodeCharacter 


! LaTeX Error: Unicode character Î¬ (U+03AC)
               not set up for use with LaTeX.

See the LaTeX manual or LaTeX Companion for explanation.
Type  H <return>  for immediate help.
 ...                                              
                                                  
l.1 ...Ï€ÎµÏÎ¯Ï€Î±Ï„Î¿Ï‚ ÏƒÎµ Î´ÏÎ¿ Î´Î¹Î±ÏƒÏ„Î¬
                                                  ÏƒÎµÎ¹Ï‚-ÎœÎ­ÏƒÎ· Î¤ÎµÏ„Ï...

You may provide a definition with
\DeclareUnicodeCharacter 


! LaTeX Error: Unicode character Ïƒ (U+03C3)
               not set up for use with LaTeX.

See the LaTeX manual or LaTeX Companion for explanation.
Type  H <return>  for immediate help.
 ...                                              
                                                  
l.1 ...ÎµÏÎ¯Ï€Î±Ï„Î¿Ï‚ ÏƒÎµ Î´ÏÎ¿ Î´Î¹Î±ÏƒÏ„Î¬Ïƒ
                                                  ÎµÎ¹Ï‚-ÎœÎ­ÏƒÎ· Î¤ÎµÏ„ÏÎ±...

You may provide a definition with
\DeclareUnicodeCharacter 


! LaTeX Error: Unicode character Îµ (U+03B5)
               not set up for use with LaTeX.

See the LaTeX manual or LaTeX Companion for explanation.
Type  H <return>  for immediate help.
 ...                                              
                                                  
l.1 ...ÏÎ¯Ï€Î±Ï„Î¿Ï‚ ÏƒÎµ Î´ÏÎ¿ Î´Î¹Î±ÏƒÏ„Î¬ÏƒÎµ
                                                  Î¹Ï‚-ÎœÎ­ÏƒÎ· Î¤ÎµÏ„ÏÎ±Î³...

You may provide a definition with
\DeclareUnicodeCharacter 


! LaTeX Error: Unicode character Î¹ (U+03B9)
               not set up for use with LaTeX.

See the LaTeX manual or LaTeX Companion for explanation.
Type  H <return>  for immediate help.
 ...                                              
                                                  
l.1 ...Î¯Ï€Î±Ï„Î¿Ï‚ ÏƒÎµ Î´ÏÎ¿ Î´Î¹Î±ÏƒÏ„Î¬ÏƒÎµÎ¹
                                                  Ï‚-ÎœÎ­ÏƒÎ· Î¤ÎµÏ„ÏÎ±Î³Ï‰...

You may provide a definition with
\DeclareUnicodeCharacter 


! LaTeX Error: Unicode character Ï‚ (U+03C2)
               not set up for use with LaTeX.

See the LaTeX manual or LaTeX Companion for explanation.
Type  H <return>  for immediate help.
 ...                                              
                                                  
l.1 ...Ï€Î±Ï„Î¿Ï‚ ÏƒÎµ Î´ÏÎ¿ Î´Î¹Î±ÏƒÏ„Î¬ÏƒÎµÎ¹Ï‚
                                                  -ÎœÎ­ÏƒÎ· Î¤ÎµÏ„ÏÎ±Î³Ï‰Î½...

You may provide a definition with
\DeclareUnicodeCharacter 


! LaTeX Error: Missing \begin{document}.

See the LaTeX manual or LaTeX Companion for explanation.
Type  H <return>  for immediate help.
 ...                                              
                                                  
l.1 ...€Î±Ï„Î¿Ï‚ ÏƒÎµ Î´ÏÎ¿ Î´Î¹Î±ÏƒÏ„Î¬ÏƒÎµÎ¹Ï‚-
                                                  ÎœÎ­ÏƒÎ· Î¤ÎµÏ„ÏÎ±Î³Ï‰Î½Î...

You're in trouble here.  Try typing  <return>  to proceed.
If that doesn't work, type  X <return>  to quit.

Missing character: There is no - in font nullfont!

! LaTeX Error: Unicode character Îœ (U+039C)
               not set up for use with LaTeX.

See the LaTeX manual or LaTeX Companion for explanation.
Type  H <return>  for immediate help.
 ...                                              
                                                  
l.1 ...±Ï„Î¿Ï‚ ÏƒÎµ Î´ÏÎ¿ Î´Î¹Î±ÏƒÏ„Î¬ÏƒÎµÎ¹Ï‚-Îœ
                                                  Î­ÏƒÎ· Î¤ÎµÏ„ÏÎ±Î³Ï‰Î½Î¹Î...

You may provide a definition with
\DeclareUnicodeCharacter 


! LaTeX Error: Unicode character Î­ (U+03AD)
               not set up for use with LaTeX.

See the LaTeX manual or LaTeX Companion for explanation.
Type  H <return>  for immediate help.
 ...                                              
                                                  
l.1 ...„Î¿Ï‚ ÏƒÎµ Î´ÏÎ¿ Î´Î¹Î±ÏƒÏ„Î¬ÏƒÎµÎ¹Ï‚-ÎœÎ­
                                                  ÏƒÎ· Î¤ÎµÏ„ÏÎ±Î³Ï‰Î½Î¹ÎºÎ...

You may provide a definition with
\DeclareUnicodeCharacter 


! LaTeX Error: Unicode character Ïƒ (U+03C3)
               not set up for use with LaTeX.

See the LaTeX manual or LaTeX Companion for explanation.
Type  H <return>  for immediate help.
 ...                                              
                                                  
l.1 ...¿Ï‚ ÏƒÎµ Î´ÏÎ¿ Î´Î¹Î±ÏƒÏ„Î¬ÏƒÎµÎ¹Ï‚-ÎœÎ­Ïƒ
                                                  Î· Î¤ÎµÏ„ÏÎ±Î³Ï‰Î½Î¹ÎºÎ® ...

You may provide a definition with
\DeclareUnicodeCharacter 


! LaTeX Error: Unicode character Î· (U+03B7)
               not set up for use with LaTeX.

See the LaTeX manual or LaTeX Companion for explanation.
Type  H <return>  for immediate help.
 ...                                              
                                                  
l.1 ...‚ ÏƒÎµ Î´ÏÎ¿ Î´Î¹Î±ÏƒÏ„Î¬ÏƒÎµÎ¹Ï‚-ÎœÎ­ÏƒÎ·
                                                   Î¤ÎµÏ„ÏÎ±Î³Ï‰Î½Î¹ÎºÎ® Î‘...

You may provide a definition with
\DeclareUnicodeCharacter 


! LaTeX Error: Unicode character Î¤ (U+03A4)
               not set up for use with LaTeX.

See the LaTeX manual or LaTeX Companion for explanation.
Type  H <return>  for immediate help.
 ...                                              
                                                  
l.1 ...ƒÎµ Î´ÏÎ¿ Î´Î¹Î±ÏƒÏ„Î¬ÏƒÎµÎ¹Ï‚-ÎœÎ­ÏƒÎ· Î¤
                                                  ÎµÏ„ÏÎ±Î³Ï‰Î½Î¹ÎºÎ® Î‘Ï€Ï...

You may provide a definition with
\DeclareUnicodeCharacter 


! LaTeX Error: Unicode character Îµ (U+03B5)
               not set up for use with LaTeX.

See the LaTeX manual or LaTeX Companion for explanation.
Type  H <return>  for immediate help.
 ...                                              
                                                  
l.1 ...µ Î´ÏÎ¿ Î´Î¹Î±ÏƒÏ„Î¬ÏƒÎµÎ¹Ï‚-ÎœÎ­ÏƒÎ· Î¤Îµ
                                                  Ï„ÏÎ±Î³Ï‰Î½Î¹ÎºÎ® Î‘Ï€ÏŒÏ...

You may provide a definition with
\DeclareUnicodeCharacter 


! LaTeX Error: Unicode character Ï„ (U+03C4)
               not set up for use with LaTeX.

See the LaTeX manual or LaTeX Companion for explanation.
Type  H <return>  for immediate help.
 ...                                              
                                                  
l.1 ...Î´ÏÎ¿ Î´Î¹Î±ÏƒÏ„Î¬ÏƒÎµÎ¹Ï‚-ÎœÎ­ÏƒÎ· Î¤ÎµÏ„
                                                  ÏÎ±Î³Ï‰Î½Î¹ÎºÎ® Î‘Ï€ÏŒÏƒÏ...

You may provide a definition with
\DeclareUnicodeCharacter 


! LaTeX Error: Unicode character Ï (U+03C1)
               not set up for use with LaTeX.

See the LaTeX manual or LaTeX Companion for explanation.
Type  H <return>  for immediate help.
 ...                                              
                                                  
l.1 ...ÏÎ¿ Î´Î¹Î±ÏƒÏ„Î¬ÏƒÎµÎ¹Ï‚-ÎœÎ­ÏƒÎ· Î¤ÎµÏ„Ï
                                                  Î±Î³Ï‰Î½Î¹ÎºÎ® Î‘Ï€ÏŒÏƒÏ„Î...

You may provide a definition with
\DeclareUnicodeCharacter 


! LaTeX Error: Unicode character Î± (U+03B1)
               not set up for use with LaTeX.

See the LaTeX manual or LaTeX Companion for explanation.
Type  H <return>  for immediate help.
 ...                                              
                                                  
l.1 ...Î¿ Î´Î¹Î±ÏƒÏ„Î¬ÏƒÎµÎ¹Ï‚-ÎœÎ­ÏƒÎ· Î¤ÎµÏ„ÏÎ±
                                                  Î³Ï‰Î½Î¹ÎºÎ® Î‘Ï€ÏŒÏƒÏ„Î±Ï...

You may provide a definition with
\DeclareUnicodeCharacter 


! LaTeX Error: Unicode character Î³ (U+03B3)
               not set up for use with LaTeX.

See the LaTeX manual or LaTeX Companion for explanation.
Type  H <return>  for immediate help.
 ...                                              
                                                  
l.1 ... Î´Î¹Î±ÏƒÏ„Î¬ÏƒÎµÎ¹Ï‚-ÎœÎ­ÏƒÎ· Î¤ÎµÏ„ÏÎ±Î³
                                                  Ï‰Î½Î¹ÎºÎ® Î‘Ï€ÏŒÏƒÏ„Î±ÏƒÎ·}
You may provide a definition with
\DeclareUnicodeCharacter 


! LaTeX Error: Unicode character Ï‰ (U+03C9)
               not set up for use with LaTeX.

See the LaTeX manual or LaTeX Companion for explanation.
Type  H <return>  for immediate help.
 ...                                              
                                                  
l.1 ...´Î¹Î±ÏƒÏ„Î¬ÏƒÎµÎ¹Ï‚-ÎœÎ­ÏƒÎ· Î¤ÎµÏ„ÏÎ±Î³Ï‰
                                                  Î½Î¹ÎºÎ® Î‘Ï€ÏŒÏƒÏ„Î±ÏƒÎ·}
You may provide a definition with
\DeclareUnicodeCharacter 


! LaTeX Error: Unicode character Î½ (U+03BD)
               not set up for use with LaTeX.

See the LaTeX manual or LaTeX Companion for explanation.
Type  H <return>  for immediate help.
 ...                                              
                                                  
l.1 ...¹Î±ÏƒÏ„Î¬ÏƒÎµÎ¹Ï‚-ÎœÎ­ÏƒÎ· Î¤ÎµÏ„ÏÎ±Î³Ï‰Î½
                                                  Î¹ÎºÎ® Î‘Ï€ÏŒÏƒÏ„Î±ÏƒÎ·}
You may provide a definition with
\DeclareUnicodeCharacter 


! LaTeX Error: Unicode character Î¹ (U+03B9)
               not set up for use with LaTeX.

See the LaTeX manual or LaTeX Companion for explanation.
Type  H <return>  for immediate help.
 ...                                              
                                                  
l.1 ...±ÏƒÏ„Î¬ÏƒÎµÎ¹Ï‚-ÎœÎ­ÏƒÎ· Î¤ÎµÏ„ÏÎ±Î³Ï‰Î½Î¹
                                                  ÎºÎ® Î‘Ï€ÏŒÏƒÏ„Î±ÏƒÎ·}
You may provide a definition with
\DeclareUnicodeCharacter 


! LaTeX Error: Unicode character Îº (U+03BA)
               not set up for use with LaTeX.

See the LaTeX manual or LaTeX Companion for explanation.
Type  H <return>  for immediate help.
 ...                                              
                                                  
l.1 ...ƒÏ„Î¬ÏƒÎµÎ¹Ï‚-ÎœÎ­ÏƒÎ· Î¤ÎµÏ„ÏÎ±Î³Ï‰Î½Î¹Îº
                                                  Î® Î‘Ï€ÏŒÏƒÏ„Î±ÏƒÎ·}
You may provide a definition with
\DeclareUnicodeCharacter 


! LaTeX Error: Unicode character Î® (U+03AE)
               not set up for use with LaTeX.

See the LaTeX manual or LaTeX Companion for explanation.
Type  H <return>  for immediate help.
 ...                                              
                                                  
l.1 ...„Î¬ÏƒÎµÎ¹Ï‚-ÎœÎ­ÏƒÎ· Î¤ÎµÏ„ÏÎ±Î³Ï‰Î½Î¹ÎºÎ®
                                                   Î‘Ï€ÏŒÏƒÏ„Î±ÏƒÎ·}
You may provide a definition with
\DeclareUnicodeCharacter 


! LaTeX Error: Unicode character Î‘ (U+0391)
               not set up for use with LaTeX.

See the LaTeX manual or LaTeX Companion for explanation.
Type  H <return>  for immediate help.
 ...                                              
                                                  
l.1 ...ÏƒÎµÎ¹Ï‚-ÎœÎ­ÏƒÎ· Î¤ÎµÏ„ÏÎ±Î³Ï‰Î½Î¹ÎºÎ® Î‘
                                                  Ï€ÏŒÏƒÏ„Î±ÏƒÎ·}
You may provide a definition with
\DeclareUnicodeCharacter 


! LaTeX Error: Unicode character Ï€ (U+03C0)
               not set up for use with LaTeX.

See the LaTeX manual or LaTeX Companion for explanation.
Type  H <return>  for immediate help.
 ...                                              
                                                  
l.1 ...ÎµÎ¹Ï‚-ÎœÎ­ÏƒÎ· Î¤ÎµÏ„ÏÎ±Î³Ï‰Î½Î¹ÎºÎ® Î‘Ï€
                                                  ÏŒÏƒÏ„Î±ÏƒÎ·}
You may provide a definition with
\DeclareUnicodeCharacter 


! LaTeX Error: Unicode character ÏŒ (U+03CC)
               not set up for use with LaTeX.

See the LaTeX manual or LaTeX Companion for explanation.
Type  H <return>  for immediate help.
 ...                                              
                                                  
l.1 ...Î¹Ï‚-ÎœÎ­ÏƒÎ· Î¤ÎµÏ„ÏÎ±Î³Ï‰Î½Î¹ÎºÎ® Î‘Ï€ÏŒ
                                                  ÏƒÏ„Î±ÏƒÎ·}
You may provide a definition with
\DeclareUnicodeCharacter 


! LaTeX Error: Unicode character Ïƒ (U+03C3)
               not set up for use with LaTeX.

See the LaTeX manual or LaTeX Companion for explanation.
Type  H <return>  for immediate help.
 ...                                              
                                                  
l.1 ...Ï‚-ÎœÎ­ÏƒÎ· Î¤ÎµÏ„ÏÎ±Î³Ï‰Î½Î¹ÎºÎ® Î‘Ï€ÏŒÏƒ
                                                  Ï„Î±ÏƒÎ·}
You may provide a definition with
\DeclareUnicodeCharacter 


! LaTeX Error: Unicode character Ï„ (U+03C4)
               not set up for use with LaTeX.

See the LaTeX manual or LaTeX Companion for explanation.
Type  H <return>  for immediate help.
 ...                                              
                                                  
l.1 ...-ÎœÎ­ÏƒÎ· Î¤ÎµÏ„ÏÎ±Î³Ï‰Î½Î¹ÎºÎ® Î‘Ï€ÏŒÏƒÏ„
                                                  Î±ÏƒÎ·}
You may provide a definition with
\DeclareUnicodeCharacter 


! LaTeX Error: Unicode character Î± (U+03B1)
               not set up for use with LaTeX.

See the LaTeX manual or LaTeX Companion for explanation.
Type  H <return>  for immediate help.
 ...                                              
                                                  
l.1 ...œÎ­ÏƒÎ· Î¤ÎµÏ„ÏÎ±Î³Ï‰Î½Î¹ÎºÎ® Î‘Ï€ÏŒÏƒÏ„Î±
                                                  ÏƒÎ·}
You may provide a definition with
\DeclareUnicodeCharacter 


! LaTeX Error: Unicode character Ïƒ (U+03C3)
               not set up for use with LaTeX.

See the LaTeX manual or LaTeX Companion for explanation.
Type  H <return>  for immediate help.
 ...                                              
                                                  
l.1 ...­ÏƒÎ· Î¤ÎµÏ„ÏÎ±Î³Ï‰Î½Î¹ÎºÎ® Î‘Ï€ÏŒÏƒÏ„Î±Ïƒ
                                                  Î·}
You may provide a definition with
\DeclareUnicodeCharacter 


! LaTeX Error: Unicode character Î· (U+03B7)
               not set up for use with LaTeX.

See the LaTeX manual or LaTeX Companion for explanation.
Type  H <return>  for immediate help.
 ...                                              
                                                  
l.1 ...ƒÎ· Î¤ÎµÏ„ÏÎ±Î³Ï‰Î½Î¹ÎºÎ® Î‘Ï€ÏŒÏƒÏ„Î±ÏƒÎ·
                                                  }
You may provide a definition with
\DeclareUnicodeCharacter 


! LaTeX Error: Unicode character Î£ (U+03A3)
               not set up for use with LaTeX.

See the LaTeX manual or LaTeX Companion for explanation.
Type  H <return>  for immediate help.
 ...                                              
                                                  
l.2 Î£
      Ï„Î·Î½ ÏƒÏ…Î½Î­Ï‡ÎµÎ¹Î± Ï„Ï‰Î½ Ï€ÎµÎ¹ÏÎ±Î¼Î¬Ï„Ï‰Î½ Î¼Îµ ÏƒÏ‰Î¼Î±Ï„Î¯Î...

You may provide a definition with
\DeclareUnicodeCharacter 


! LaTeX Error: Unicode character Ï„ (U+03C4)
               not set up for use with LaTeX.

See the LaTeX manual or LaTeX Companion for explanation.
Type  H <return>  for immediate help.
 ...                                              
                                                  
l.2 Î£Ï„
        Î·Î½ ÏƒÏ…Î½Î­Ï‡ÎµÎ¹Î± Ï„Ï‰Î½ Ï€ÎµÎ¹ÏÎ±Î¼Î¬Ï„Ï‰Î½ Î¼Îµ ÏƒÏ‰Î¼Î±Ï„Î¯Î...

You may provide a definition with
\DeclareUnicodeCharacter 


! LaTeX Error: Unicode character Î· (U+03B7)
               not set up for use with LaTeX.

See the LaTeX manual or LaTeX Companion for explanation.
Type  H <return>  for immediate help.
 ...                                              
                                                  
l.2 Î£Ï„Î·
          Î½ ÏƒÏ…Î½Î­Ï‡ÎµÎ¹Î± Ï„Ï‰Î½ Ï€ÎµÎ¹ÏÎ±Î¼Î¬Ï„Ï‰Î½ Î¼Îµ ÏƒÏ‰Î¼Î±Ï„Î¯Î...

You may provide a definition with
\DeclareUnicodeCharacter 


! LaTeX Error: Unicode character Î½ (U+03BD)
               not set up for use with LaTeX.

See the LaTeX manual or LaTeX Companion for explanation.
Type  H <return>  for immediate help.
 ...                                              
                                                  
l.2 Î£Ï„Î·Î½
             ÏƒÏ…Î½Î­Ï‡ÎµÎ¹Î± Ï„Ï‰Î½ Ï€ÎµÎ¹ÏÎ±Î¼Î¬Ï„Ï‰Î½ Î¼Îµ ÏƒÏ‰Î¼Î±Ï„Î¯Î...

You may provide a definition with
\DeclareUnicodeCharacter 


! LaTeX Error: Unicode character Ïƒ (U+03C3)
               not set up for use with LaTeX.

See the LaTeX manual or LaTeX Companion for explanation.
Type  H <return>  for immediate help.
 ...                                              
                                                  
l.2 Î£Ï„Î·Î½ Ïƒ
               Ï…Î½Î­Ï‡ÎµÎ¹Î± Ï„Ï‰Î½ Ï€ÎµÎ¹ÏÎ±Î¼Î¬Ï„Ï‰Î½ Î¼Îµ ÏƒÏ‰Î¼Î±Ï„Î¯Î...

You may provide a definition with
\DeclareUnicodeCharacter 


! LaTeX Error: Unicode character Ï… (U+03C5)
               not set up for use with LaTeX.

See the LaTeX manual or LaTeX Companion for explanation.
Type  H <return>  for immediate help.
 ...                                              
                                                  
l.2 Î£Ï„Î·Î½ ÏƒÏ…
                 Î½Î­Ï‡ÎµÎ¹Î± Ï„Ï‰Î½ Ï€ÎµÎ¹ÏÎ±Î¼Î¬Ï„Ï‰Î½ Î¼Îµ ÏƒÏ‰Î¼Î±Ï„Î¯Î...

You may provide a definition with
\DeclareUnicodeCharacter 


! LaTeX Error: Unicode character Î½ (U+03BD)
               not set up for use with LaTeX.

See the LaTeX manual or LaTeX Companion for explanation.
Type  H <return>  for immediate help.
 ...                                              
                                                  
l.2 Î£Ï„Î·Î½ ÏƒÏ…Î½
                   Î­Ï‡ÎµÎ¹Î± Ï„Ï‰Î½ Ï€ÎµÎ¹ÏÎ±Î¼Î¬Ï„Ï‰Î½ Î¼Îµ ÏƒÏ‰Î¼Î±Ï„Î¯Î...

You may provide a definition with
\DeclareUnicodeCharacter 


! LaTeX Error: Unicode character Î­ (U+03AD)
               not set up for use with LaTeX.

See the LaTeX manual or LaTeX Companion for explanation.
Type  H <return>  for immediate help.
 ...                                              
                                                  
l.2 Î£Ï„Î·Î½ ÏƒÏ…Î½Î­
                     Ï‡ÎµÎ¹Î± Ï„Ï‰Î½ Ï€ÎµÎ¹ÏÎ±Î¼Î¬Ï„Ï‰Î½ Î¼Îµ ÏƒÏ‰Î¼Î±Ï„Î¯Î...

You may provide a definition with
\DeclareUnicodeCharacter 


! LaTeX Error: Unicode character Ï‡ (U+03C7)
               not set up for use with LaTeX.

See the LaTeX manual or LaTeX Companion for explanation.
Type  H <return>  for immediate help.
 ...                                              
                                                  
l.2 Î£Ï„Î·Î½ ÏƒÏ…Î½Î­Ï‡
                       ÎµÎ¹Î± Ï„Ï‰Î½ Ï€ÎµÎ¹ÏÎ±Î¼Î¬Ï„Ï‰Î½ Î¼Îµ ÏƒÏ‰Î¼Î±Ï„Î¯Î...

You may provide a definition with
\DeclareUnicodeCharacter 


! LaTeX Error: Unicode character Îµ (U+03B5)
               not set up for use with LaTeX.

See the LaTeX manual or LaTeX Companion for explanation.
Type  H <return>  for immediate help.
 ...                                              
                                                  
l.2 Î£Ï„Î·Î½ ÏƒÏ…Î½Î­Ï‡Îµ
                         Î¹Î± Ï„Ï‰Î½ Ï€ÎµÎ¹ÏÎ±Î¼Î¬Ï„Ï‰Î½ Î¼Îµ ÏƒÏ‰Î¼Î±Ï„Î¯Î...

You may provide a definition with
\DeclareUnicodeCharacter 


! LaTeX Error: Unicode character Î¹ (U+03B9)
               not set up for use with LaTeX.

See the LaTeX manual or LaTeX Companion for explanation.
Type  H <return>  for immediate help.
 ...                                              
                                                  
l.2 Î£Ï„Î·Î½ ÏƒÏ…Î½Î­Ï‡ÎµÎ¹
                           Î± Ï„Ï‰Î½ Ï€ÎµÎ¹ÏÎ±Î¼Î¬Ï„Ï‰Î½ Î¼Îµ ÏƒÏ‰Î¼Î±Ï„Î¯Î...

You may provide a definition with
\DeclareUnicodeCharacter 


! LaTeX Error: Unicode character Î± (U+03B1)
               not set up for use with LaTeX.

See the LaTeX manual or LaTeX Companion for explanation.
Type  H <return>  for immediate help.
 ...                                              
                                                  
l.2 Î£Ï„Î·Î½ ÏƒÏ…Î½Î­Ï‡ÎµÎ¹Î±
                              Ï„Ï‰Î½ Ï€ÎµÎ¹ÏÎ±Î¼Î¬Ï„Ï‰Î½ Î¼Îµ ÏƒÏ‰Î¼Î±Ï„Î¯Î...

You may provide a definition with
\DeclareUnicodeCharacter 


! LaTeX Error: Unicode character Ï„ (U+03C4)
               not set up for use with LaTeX.

See the LaTeX manual or LaTeX Companion for explanation.
Type  H <return>  for immediate help.
 ...                                              
                                                  
l.2 Î£Ï„Î·Î½ ÏƒÏ…Î½Î­Ï‡ÎµÎ¹Î± Ï„
                                Ï‰Î½ Ï€ÎµÎ¹ÏÎ±Î¼Î¬Ï„Ï‰Î½ Î¼Îµ ÏƒÏ‰Î¼Î±Ï„Î¯Î...

You may provide a definition with
\DeclareUnicodeCharacter 


! LaTeX Error: Unicode character Ï‰ (U+03C9)
               not set up for use with LaTeX.

See the LaTeX manual or LaTeX Companion for explanation.
Type  H <return>  for immediate help.
 ...                                              
                                                  
l.2 Î£Ï„Î·Î½ ÏƒÏ…Î½Î­Ï‡ÎµÎ¹Î± Ï„Ï‰
                                  Î½ Ï€ÎµÎ¹ÏÎ±Î¼Î¬Ï„Ï‰Î½ Î¼Îµ ÏƒÏ‰Î¼Î±Ï„Î¯Î...

You may provide a definition with
\DeclareUnicodeCharacter 


! LaTeX Error: Unicode character Î½ (U+03BD)
               not set up for use with LaTeX.

See the LaTeX manual or LaTeX Companion for explanation.
Type  H <return>  for immediate help.
 ...                                              
                                                  
l.2 Î£Ï„Î·Î½ ÏƒÏ…Î½Î­Ï‡ÎµÎ¹Î± Ï„Ï‰Î½
                                     Ï€ÎµÎ¹ÏÎ±Î¼Î¬Ï„Ï‰Î½ Î¼Îµ ÏƒÏ‰Î¼Î±Ï„Î¯Î...

You may provide a definition with
\DeclareUnicodeCharacter 


! LaTeX Error: Unicode character Ï€ (U+03C0)
               not set up for use with LaTeX.

See the LaTeX manual or LaTeX Companion for explanation.
Type  H <return>  for immediate help.
 ...                                              
                                                  
l.2 Î£Ï„Î·Î½ ÏƒÏ…Î½Î­Ï‡ÎµÎ¹Î± Ï„Ï‰Î½ Ï€
                                       ÎµÎ¹ÏÎ±Î¼Î¬Ï„Ï‰Î½ Î¼Îµ ÏƒÏ‰Î¼Î±Ï„Î¯Î...

You may provide a definition with
\DeclareUnicodeCharacter 


! LaTeX Error: Unicode character Îµ (U+03B5)
               not set up for use with LaTeX.

See the LaTeX manual or LaTeX Companion for explanation.
Type  H <return>  for immediate help.
 ...                                              
                                                  
l.2 Î£Ï„Î·Î½ ÏƒÏ…Î½Î­Ï‡ÎµÎ¹Î± Ï„Ï‰Î½ Ï€Îµ
                                         Î¹ÏÎ±Î¼Î¬Ï„Ï‰Î½ Î¼Îµ ÏƒÏ‰Î¼Î±Ï„Î¯Î...

You may provide a definition with
\DeclareUnicodeCharacter 


! LaTeX Error: Unicode character Î¹ (U+03B9)
               not set up for use with LaTeX.

See the LaTeX manual or LaTeX Companion for explanation.
Type  H <return>  for immediate help.
 ...                                              
                                                  
l.2 Î£Ï„Î·Î½ ÏƒÏ…Î½Î­Ï‡ÎµÎ¹Î± Ï„Ï‰Î½ Ï€ÎµÎ¹
                                           ÏÎ±Î¼Î¬Ï„Ï‰Î½ Î¼Îµ ÏƒÏ‰Î¼Î±Ï„Î¯Î...

You may provide a definition with
\DeclareUnicodeCharacter 


! LaTeX Error: Unicode character Ï (U+03C1)
               not set up for use with LaTeX.

See the LaTeX manual or LaTeX Companion for explanation.
Type  H <return>  for immediate help.
 ...                                              
                                                  
l.2 Î£Ï„Î·Î½ ÏƒÏ…Î½Î­Ï‡ÎµÎ¹Î± Ï„Ï‰Î½ Ï€ÎµÎ¹Ï
                                             Î±Î¼Î¬Ï„Ï‰Î½ Î¼Îµ ÏƒÏ‰Î¼Î±Ï„Î¯Î...

You may provide a definition with
\DeclareUnicodeCharacter 


! LaTeX Error: Unicode character Î± (U+03B1)
               not set up for use with LaTeX.

See the LaTeX manual or LaTeX Companion for explanation.
Type  H <return>  for immediate help.
 ...                                              
                                                  
l.2 Î£Ï„Î·Î½ ÏƒÏ…Î½Î­Ï‡ÎµÎ¹Î± Ï„Ï‰Î½ Ï€ÎµÎ¹ÏÎ±
                                               Î¼Î¬Ï„Ï‰Î½ Î¼Îµ ÏƒÏ‰Î¼Î±Ï„Î¯Î...

You may provide a definition with
\DeclareUnicodeCharacter 


! LaTeX Error: Unicode character Î¼ (U+03BC)
               not set up for use with LaTeX.

See the LaTeX manual or LaTeX Companion for explanation.
Type  H <return>  for immediate help.
 ...                                              
                                                  
l.2 Î£Ï„Î·Î½ ÏƒÏ…Î½Î­Ï‡ÎµÎ¹Î± Ï„Ï‰Î½ Ï€ÎµÎ¹ÏÎ±Î¼
                                                 Î¬Ï„Ï‰Î½ Î¼Îµ ÏƒÏ‰Î¼Î±Ï„Î¯Î...

You may provide a definition with
\DeclareUnicodeCharacter 


! LaTeX Error: Unicode character Î¬ (U+03AC)
               not set up for use with LaTeX.

See the LaTeX manual or LaTeX Companion for explanation.
Type  H <return>  for immediate help.
 ...                                              
                                                  
l.2 ...Î·Î½ ÏƒÏ…Î½Î­Ï‡ÎµÎ¹Î± Ï„Ï‰Î½ Ï€ÎµÎ¹ÏÎ±Î¼Î¬
                                                  Ï„Ï‰Î½ Î¼Îµ ÏƒÏ‰Î¼Î±Ï„Î¯Î´...

You may provide a definition with
\DeclareUnicodeCharacter 


! LaTeX Error: Unicode character Ï„ (U+03C4)
               not set up for use with LaTeX.

See the LaTeX manual or LaTeX Companion for explanation.
Type  H <return>  for immediate help.
 ...                                              
                                                  
l.2 ...Î½ ÏƒÏ…Î½Î­Ï‡ÎµÎ¹Î± Ï„Ï‰Î½ Ï€ÎµÎ¹ÏÎ±Î¼Î¬Ï„
                                                  Ï‰Î½ Î¼Îµ ÏƒÏ‰Î¼Î±Ï„Î¯Î´Î¹...

You may provide a definition with
\DeclareUnicodeCharacter 


! LaTeX Error: Unicode character Ï‰ (U+03C9)
               not set up for use with LaTeX.

See the LaTeX manual or LaTeX Companion for explanation.
Type  H <return>  for immediate help.
 ...                                              
                                                  
l.2 ... ÏƒÏ…Î½Î­Ï‡ÎµÎ¹Î± Ï„Ï‰Î½ Ï€ÎµÎ¹ÏÎ±Î¼Î¬Ï„Ï‰
                                                  Î½ Î¼Îµ ÏƒÏ‰Î¼Î±Ï„Î¯Î´Î¹Î¿...

You may provide a definition with
\DeclareUnicodeCharacter 


! LaTeX Error: Unicode character Î½ (U+03BD)
               not set up for use with LaTeX.

See the LaTeX manual or LaTeX Companion for explanation.
Type  H <return>  for immediate help.
 ...                                              
                                                  
l.2 ...ƒÏ…Î½Î­Ï‡ÎµÎ¹Î± Ï„Ï‰Î½ Ï€ÎµÎ¹ÏÎ±Î¼Î¬Ï„Ï‰Î½
                                                   Î¼Îµ ÏƒÏ‰Î¼Î±Ï„Î¯Î´Î¹Î¿ Ï...

You may provide a definition with
\DeclareUnicodeCharacter 


! LaTeX Error: Unicode character Î¼ (U+03BC)
               not set up for use with LaTeX.

See the LaTeX manual or LaTeX Companion for explanation.
Type  H <return>  for immediate help.
 ...                                              
                                                  
l.2 ...Î½Î­Ï‡ÎµÎ¹Î± Ï„Ï‰Î½ Ï€ÎµÎ¹ÏÎ±Î¼Î¬Ï„Ï‰Î½ Î¼
                                                  Îµ ÏƒÏ‰Î¼Î±Ï„Î¯Î´Î¹Î¿ ÏƒÎµ...

You may provide a definition with
\DeclareUnicodeCharacter 


! LaTeX Error: Unicode character Îµ (U+03B5)
               not set up for use with LaTeX.

See the LaTeX manual or LaTeX Companion for explanation.
Type  H <return>  for immediate help.
 ...                                              
                                                  
l.2 ...Î­Ï‡ÎµÎ¹Î± Ï„Ï‰Î½ Ï€ÎµÎ¹ÏÎ±Î¼Î¬Ï„Ï‰Î½ Î¼Îµ
                                                   ÏƒÏ‰Î¼Î±Ï„Î¯Î´Î¹Î¿ ÏƒÎµ Ï...

You may provide a definition with
\DeclareUnicodeCharacter 


! LaTeX Error: Unicode character Ïƒ (U+03C3)
               not set up for use with LaTeX.

See the LaTeX manual or LaTeX Companion for explanation.
Type  H <return>  for immediate help.
 ...                                              
                                                  
l.2 ...‡ÎµÎ¹Î± Ï„Ï‰Î½ Ï€ÎµÎ¹ÏÎ±Î¼Î¬Ï„Ï‰Î½ Î¼Îµ Ïƒ
                                                  Ï‰Î¼Î±Ï„Î¯Î´Î¹Î¿ ÏƒÎµ Ï„Ï…...

You may provide a definition with
\DeclareUnicodeCharacter 


! LaTeX Error: Unicode character Ï‰ (U+03C9)
               not set up for use with LaTeX.

See the LaTeX manual or LaTeX Companion for explanation.
Type  H <return>  for immediate help.
 ...                                              
                                                  
l.2 ...µÎ¹Î± Ï„Ï‰Î½ Ï€ÎµÎ¹ÏÎ±Î¼Î¬Ï„Ï‰Î½ Î¼Îµ ÏƒÏ‰
                                                  Î¼Î±Ï„Î¯Î´Î¹Î¿ ÏƒÎµ Ï„Ï…Ï‡...

You may provide a definition with
\DeclareUnicodeCharacter 


! LaTeX Error: Unicode character Î¼ (U+03BC)
               not set up for use with LaTeX.

See the LaTeX manual or LaTeX Companion for explanation.
Type  H <return>  for immediate help.
 ...                                              
                                                  
l.2 ...¹Î± Ï„Ï‰Î½ Ï€ÎµÎ¹ÏÎ±Î¼Î¬Ï„Ï‰Î½ Î¼Îµ ÏƒÏ‰Î¼
                                                  Î±Ï„Î¯Î´Î¹Î¿ ÏƒÎµ Ï„Ï…Ï‡Î±...

You may provide a definition with
\DeclareUnicodeCharacter 


! LaTeX Error: Unicode character Î± (U+03B1)
               not set up for use with LaTeX.

See the LaTeX manual or LaTeX Companion for explanation.
Type  H <return>  for immediate help.
 ...                                              
                                                  
l.2 ...± Ï„Ï‰Î½ Ï€ÎµÎ¹ÏÎ±Î¼Î¬Ï„Ï‰Î½ Î¼Îµ ÏƒÏ‰Î¼Î±
                                                  Ï„Î¯Î´Î¹Î¿ ÏƒÎµ Ï„Ï…Ï‡Î±Î¯...

You may provide a definition with
\DeclareUnicodeCharacter 


! LaTeX Error: Unicode character Ï„ (U+03C4)
               not set up for use with LaTeX.

See the LaTeX manual or LaTeX Companion for explanation.
Type  H <return>  for immediate help.
 ...                                              
                                                  
l.2 ...Ï„Ï‰Î½ Ï€ÎµÎ¹ÏÎ±Î¼Î¬Ï„Ï‰Î½ Î¼Îµ ÏƒÏ‰Î¼Î±Ï„
                                                  Î¯Î´Î¹Î¿ ÏƒÎµ Ï„Ï…Ï‡Î±Î¯Î¿...

You may provide a definition with
\DeclareUnicodeCharacter 


! LaTeX Error: Unicode character Î¯ (U+03AF)
               not set up for use with LaTeX.

See the LaTeX manual or LaTeX Companion for explanation.
Type  H <return>  for immediate help.
 ...                                              
                                                  
l.2 ...Ï‰Î½ Ï€ÎµÎ¹ÏÎ±Î¼Î¬Ï„Ï‰Î½ Î¼Îµ ÏƒÏ‰Î¼Î±Ï„Î¯
                                                  Î´Î¹Î¿ ÏƒÎµ Ï„Ï…Ï‡Î±Î¯Î¿ Ï...

You may provide a definition with
\DeclareUnicodeCharacter 


! LaTeX Error: Unicode character Î´ (U+03B4)
               not set up for use with LaTeX.

See the LaTeX manual or LaTeX Companion for explanation.
Type  H <return>  for immediate help.
 ...                                              
                                                  
l.2 ...Î½ Ï€ÎµÎ¹ÏÎ±Î¼Î¬Ï„Ï‰Î½ Î¼Îµ ÏƒÏ‰Î¼Î±Ï„Î¯Î´
                                                  Î¹Î¿ ÏƒÎµ Ï„Ï…Ï‡Î±Î¯Î¿ Ï€Î...

You may provide a definition with
\DeclareUnicodeCharacter 


! LaTeX Error: Unicode character Î¹ (U+03B9)
               not set up for use with LaTeX.

See the LaTeX manual or LaTeX Companion for explanation.
Type  H <return>  for immediate help.
 ...                                              
                                                  
l.2 ... Ï€ÎµÎ¹ÏÎ±Î¼Î¬Ï„Ï‰Î½ Î¼Îµ ÏƒÏ‰Î¼Î±Ï„Î¯Î´Î¹
                                                  Î¿ ÏƒÎµ Ï„Ï…Ï‡Î±Î¯Î¿ Ï€ÎµÏ...

You may provide a definition with
\DeclareUnicodeCharacter 


! LaTeX Error: Unicode character Î¿ (U+03BF)
               not set up for use with LaTeX.

See the LaTeX manual or LaTeX Companion for explanation.
Type  H <return>  for immediate help.
 ...                                              
                                                  
l.2 ...€ÎµÎ¹ÏÎ±Î¼Î¬Ï„Ï‰Î½ Î¼Îµ ÏƒÏ‰Î¼Î±Ï„Î¯Î´Î¹Î¿
                                                   ÏƒÎµ Ï„Ï…Ï‡Î±Î¯Î¿ Ï€ÎµÏÎ...

You may provide a definition with
\DeclareUnicodeCharacter 


! LaTeX Error: Unicode character Ïƒ (U+03C3)
               not set up for use with LaTeX.

See the LaTeX manual or LaTeX Companion for explanation.
Type  H <return>  for immediate help.
 ...                                              
                                                  
l.2 ...Î¹ÏÎ±Î¼Î¬Ï„Ï‰Î½ Î¼Îµ ÏƒÏ‰Î¼Î±Ï„Î¯Î´Î¹Î¿ Ïƒ
                                                  Îµ Ï„Ï…Ï‡Î±Î¯Î¿ Ï€ÎµÏÎ¯Ï€...

You may provide a definition with
\DeclareUnicodeCharacter 


! LaTeX Error: Unicode character Îµ (U+03B5)
               not set up for use with LaTeX.

See the LaTeX manual or LaTeX Companion for explanation.
Type  H <return>  for immediate help.
 ...                                              
                                                  
l.2 ...ÏÎ±Î¼Î¬Ï„Ï‰Î½ Î¼Îµ ÏƒÏ‰Î¼Î±Ï„Î¯Î´Î¹Î¿ ÏƒÎµ
                                                   Ï„Ï…Ï‡Î±Î¯Î¿ Ï€ÎµÏÎ¯Ï€Î±...

You may provide a definition with
\DeclareUnicodeCharacter 


! LaTeX Error: Unicode character Ï„ (U+03C4)
               not set up for use with LaTeX.

See the LaTeX manual or LaTeX Companion for explanation.
Type  H <return>  for immediate help.
 ...                                              
                                                  
l.2 ...±Î¼Î¬Ï„Ï‰Î½ Î¼Îµ ÏƒÏ‰Î¼Î±Ï„Î¯Î´Î¹Î¿ ÏƒÎµ Ï„
                                                  Ï…Ï‡Î±Î¯Î¿ Ï€ÎµÏÎ¯Ï€Î±Ï„Î...

You may provide a definition with
\DeclareUnicodeCharacter 


! LaTeX Error: Unicode character Ï… (U+03C5)
               not set up for use with LaTeX.

See the LaTeX manual or LaTeX Companion for explanation.
Type  H <return>  for immediate help.
 ...                                              
                                                  
l.2 ...¼Î¬Ï„Ï‰Î½ Î¼Îµ ÏƒÏ‰Î¼Î±Ï„Î¯Î´Î¹Î¿ ÏƒÎµ Ï„Ï…
                                                  Ï‡Î±Î¯Î¿ Ï€ÎµÏÎ¯Ï€Î±Ï„Î¿ ...

You may provide a definition with
\DeclareUnicodeCharacter 


! LaTeX Error: Unicode character Ï‡ (U+03C7)
               not set up for use with LaTeX.

See the LaTeX manual or LaTeX Companion for explanation.
Type  H <return>  for immediate help.
 ...                                              
                                                  
l.2 ...¬Ï„Ï‰Î½ Î¼Îµ ÏƒÏ‰Î¼Î±Ï„Î¯Î´Î¹Î¿ ÏƒÎµ Ï„Ï…Ï‡
                                                  Î±Î¯Î¿ Ï€ÎµÏÎ¯Ï€Î±Ï„Î¿ Î¸...

You may provide a definition with
\DeclareUnicodeCharacter 


! LaTeX Error: Unicode character Î± (U+03B1)
               not set up for use with LaTeX.

See the LaTeX manual or LaTeX Companion for explanation.
Type  H <return>  for immediate help.
 ...                                              
                                                  
l.2 ...„Ï‰Î½ Î¼Îµ ÏƒÏ‰Î¼Î±Ï„Î¯Î´Î¹Î¿ ÏƒÎµ Ï„Ï…Ï‡Î±
                                                  Î¯Î¿ Ï€ÎµÏÎ¯Ï€Î±Ï„Î¿ Î¸Î±...

You may provide a definition with
\DeclareUnicodeCharacter 


! LaTeX Error: Unicode character Î¯ (U+03AF)
               not set up for use with LaTeX.

See the LaTeX manual or LaTeX Companion for explanation.
Type  H <return>  for immediate help.
 ...                                              
                                                  
l.2 ...‰Î½ Î¼Îµ ÏƒÏ‰Î¼Î±Ï„Î¯Î´Î¹Î¿ ÏƒÎµ Ï„Ï…Ï‡Î±Î¯
                                                  Î¿ Ï€ÎµÏÎ¯Ï€Î±Ï„Î¿ Î¸Î± Ï...

You may provide a definition with
\DeclareUnicodeCharacter 


! LaTeX Error: Unicode character Î¿ (U+03BF)
               not set up for use with LaTeX.

See the LaTeX manual or LaTeX Companion for explanation.
Type  H <return>  for immediate help.
 ...                                              
                                                  
l.2 ...½ Î¼Îµ ÏƒÏ‰Î¼Î±Ï„Î¯Î´Î¹Î¿ ÏƒÎµ Ï„Ï…Ï‡Î±Î¯Î¿
                                                   Ï€ÎµÏÎ¯Ï€Î±Ï„Î¿ Î¸Î± Ï€Ï...

You may provide a definition with
\DeclareUnicodeCharacter 


! LaTeX Error: Unicode character Ï€ (U+03C0)
               not set up for use with LaTeX.

See the LaTeX manual or LaTeX Companion for explanation.
Type  H <return>  for immediate help.
 ...                                              
                                                  
l.2 ...¼Îµ ÏƒÏ‰Î¼Î±Ï„Î¯Î´Î¹Î¿ ÏƒÎµ Ï„Ï…Ï‡Î±Î¯Î¿ Ï€
                                                  ÎµÏÎ¯Ï€Î±Ï„Î¿ Î¸Î± Ï€ÏÎ¿...

You may provide a definition with
\DeclareUnicodeCharacter 


! LaTeX Error: Unicode character Îµ (U+03B5)
               not set up for use with LaTeX.

See the LaTeX manual or LaTeX Companion for explanation.
Type  H <return>  for immediate help.
 ...                                              
                                                  
l.2 ...µ ÏƒÏ‰Î¼Î±Ï„Î¯Î´Î¹Î¿ ÏƒÎµ Ï„Ï…Ï‡Î±Î¯Î¿ Ï€Îµ
                                                  ÏÎ¯Ï€Î±Ï„Î¿ Î¸Î± Ï€ÏÎ¿Ïƒ...

You may provide a definition with
\DeclareUnicodeCharacter 


! LaTeX Error: Unicode character Ï (U+03C1)
               not set up for use with LaTeX.

See the LaTeX manual or LaTeX Companion for explanation.
Type  H <return>  for immediate help.
 ...                                              
                                                  
l.2 ...ÏƒÏ‰Î¼Î±Ï„Î¯Î´Î¹Î¿ ÏƒÎµ Ï„Ï…Ï‡Î±Î¯Î¿ Ï€ÎµÏ
                                                  Î¯Ï€Î±Ï„Î¿ Î¸Î± Ï€ÏÎ¿ÏƒÎ¿...

You may provide a definition with
\DeclareUnicodeCharacter 


! LaTeX Error: Unicode character Î¯ (U+03AF)
               not set up for use with LaTeX.

See the LaTeX manual or LaTeX Companion for explanation.
Type  H <return>  for immediate help.
 ...                                              
                                                  
l.2 ...Ï‰Î¼Î±Ï„Î¯Î´Î¹Î¿ ÏƒÎµ Ï„Ï…Ï‡Î±Î¯Î¿ Ï€ÎµÏÎ¯
                                                  Ï€Î±Ï„Î¿ Î¸Î± Ï€ÏÎ¿ÏƒÎ¿Î¼...

You may provide a definition with
\DeclareUnicodeCharacter 


! LaTeX Error: Unicode character Ï€ (U+03C0)
               not set up for use with LaTeX.

See the LaTeX manual or LaTeX Companion for explanation.
Type  H <return>  for immediate help.
 ...                                              
                                                  
l.2 ...Î¼Î±Ï„Î¯Î´Î¹Î¿ ÏƒÎµ Ï„Ï…Ï‡Î±Î¯Î¿ Ï€ÎµÏÎ¯Ï€
                                                  Î±Ï„Î¿ Î¸Î± Ï€ÏÎ¿ÏƒÎ¿Î¼Î¿...

You may provide a definition with
\DeclareUnicodeCharacter 


! LaTeX Error: Unicode character Î± (U+03B1)
               not set up for use with LaTeX.

See the LaTeX manual or LaTeX Companion for explanation.
Type  H <return>  for immediate help.
 ...                                              
                                                  
l.2 ...Î±Ï„Î¯Î´Î¹Î¿ ÏƒÎµ Ï„Ï…Ï‡Î±Î¯Î¿ Ï€ÎµÏÎ¯Ï€Î±
                                                  Ï„Î¿ Î¸Î± Ï€ÏÎ¿ÏƒÎ¿Î¼Î¿Î¹...

You may provide a definition with
\DeclareUnicodeCharacter 


! LaTeX Error: Unicode character Ï„ (U+03C4)
               not set up for use with LaTeX.

See the LaTeX manual or LaTeX Companion for explanation.
Type  H <return>  for immediate help.
 ...                                              
                                                  
l.2 ...Ï„Î¯Î´Î¹Î¿ ÏƒÎµ Ï„Ï…Ï‡Î±Î¯Î¿ Ï€ÎµÏÎ¯Ï€Î±Ï„
                                                  Î¿ Î¸Î± Ï€ÏÎ¿ÏƒÎ¿Î¼Î¿Î¹Ï...

You may provide a definition with
\DeclareUnicodeCharacter 


! LaTeX Error: Unicode character Î¿ (U+03BF)
               not set up for use with LaTeX.

See the LaTeX manual or LaTeX Companion for explanation.
Type  H <return>  for immediate help.
 ...                                              
                                                  
l.2 ...Î¯Î´Î¹Î¿ ÏƒÎµ Ï„Ï…Ï‡Î±Î¯Î¿ Ï€ÎµÏÎ¯Ï€Î±Ï„Î¿
                                                   Î¸Î± Ï€ÏÎ¿ÏƒÎ¿Î¼Î¿Î¹ÏÏƒ...

You may provide a definition with
\DeclareUnicodeCharacter 


! LaTeX Error: Unicode character Î¸ (U+03B8)
               not set up for use with LaTeX.

See the LaTeX manual or LaTeX Companion for explanation.
Type  H <return>  for immediate help.
 ...                                              
                                                  
l.2 ...´Î¹Î¿ ÏƒÎµ Ï„Ï…Ï‡Î±Î¯Î¿ Ï€ÎµÏÎ¯Ï€Î±Ï„Î¿ Î¸
                                                  Î± Ï€ÏÎ¿ÏƒÎ¿Î¼Î¿Î¹ÏÏƒÎ¿Ï...

You may provide a definition with
\DeclareUnicodeCharacter 


! LaTeX Error: Unicode character Î± (U+03B1)
               not set up for use with LaTeX.

See the LaTeX manual or LaTeX Companion for explanation.
Type  H <return>  for immediate help.
 ...                                              
                                                  
l.2 ...¹Î¿ ÏƒÎµ Ï„Ï…Ï‡Î±Î¯Î¿ Ï€ÎµÏÎ¯Ï€Î±Ï„Î¿ Î¸Î±
                                                   Ï€ÏÎ¿ÏƒÎ¿Î¼Î¿Î¹ÏÏƒÎ¿Ï…Î...

You may provide a definition with
\DeclareUnicodeCharacter 


! LaTeX Error: Unicode character Ï€ (U+03C0)
               not set up for use with LaTeX.

See the LaTeX manual or LaTeX Companion for explanation.
Type  H <return>  for immediate help.
 ...                                              
                                                  
l.2 ... ÏƒÎµ Ï„Ï…Ï‡Î±Î¯Î¿ Ï€ÎµÏÎ¯Ï€Î±Ï„Î¿ Î¸Î± Ï€
                                                  ÏÎ¿ÏƒÎ¿Î¼Î¿Î¹ÏÏƒÎ¿Ï…Î¼Îµ...

You may provide a definition with
\DeclareUnicodeCharacter 


! LaTeX Error: Unicode character Ï (U+03C1)
               not set up for use with LaTeX.

See the LaTeX manual or LaTeX Companion for explanation.
Type  H <return>  for immediate help.
 ...                                              
                                                  
l.2 ...ƒÎµ Ï„Ï…Ï‡Î±Î¯Î¿ Ï€ÎµÏÎ¯Ï€Î±Ï„Î¿ Î¸Î± Ï€Ï
                                                  Î¿ÏƒÎ¿Î¼Î¿Î¹ÏÏƒÎ¿Ï…Î¼Îµ Î...

You may provide a definition with
\DeclareUnicodeCharacter 


! LaTeX Error: Unicode character Î¿ (U+03BF)
               not set up for use with LaTeX.

See the LaTeX manual or LaTeX Companion for explanation.
Type  H <return>  for immediate help.
 ...                                              
                                                  
l.2 ...µ Ï„Ï…Ï‡Î±Î¯Î¿ Ï€ÎµÏÎ¯Ï€Î±Ï„Î¿ Î¸Î± Ï€ÏÎ¿
                                                  ÏƒÎ¿Î¼Î¿Î¹ÏÏƒÎ¿Ï…Î¼Îµ Î­Î...

You may provide a definition with
\DeclareUnicodeCharacter 


! LaTeX Error: Unicode character Ïƒ (U+03C3)
               not set up for use with LaTeX.

See the LaTeX manual or LaTeX Companion for explanation.
Type  H <return>  for immediate help.
 ...                                              
                                                  
l.2 ...Ï„Ï…Ï‡Î±Î¯Î¿ Ï€ÎµÏÎ¯Ï€Î±Ï„Î¿ Î¸Î± Ï€ÏÎ¿Ïƒ
                                                  Î¿Î¼Î¿Î¹ÏÏƒÎ¿Ï…Î¼Îµ Î­Î½Î...

You may provide a definition with
\DeclareUnicodeCharacter 


! LaTeX Error: Unicode character Î¿ (U+03BF)
               not set up for use with LaTeX.

See the LaTeX manual or LaTeX Companion for explanation.
Type  H <return>  for immediate help.
 ...                                              
                                                  
l.2 ...Ï…Ï‡Î±Î¯Î¿ Ï€ÎµÏÎ¯Ï€Î±Ï„Î¿ Î¸Î± Ï€ÏÎ¿ÏƒÎ¿
                                                  Î¼Î¿Î¹ÏÏƒÎ¿Ï…Î¼Îµ Î­Î½Î± ...

You may provide a definition with
\DeclareUnicodeCharacter 


! LaTeX Error: Unicode character Î¼ (U+03BC)
               not set up for use with LaTeX.

See the LaTeX manual or LaTeX Companion for explanation.
Type  H <return>  for immediate help.
 ...                                              
                                                  
l.2 ...Ï‡Î±Î¯Î¿ Ï€ÎµÏÎ¯Ï€Î±Ï„Î¿ Î¸Î± Ï€ÏÎ¿ÏƒÎ¿Î¼
                                                  Î¿Î¹ÏÏƒÎ¿Ï…Î¼Îµ Î­Î½Î± Ïƒ...

You may provide a definition with
\DeclareUnicodeCharacter 


! LaTeX Error: Unicode character Î¿ (U+03BF)
               not set up for use with LaTeX.

See the LaTeX manual or LaTeX Companion for explanation.
Type  H <return>  for immediate help.
 ...                                              
                                                  
l.2 ...Î±Î¯Î¿ Ï€ÎµÏÎ¯Ï€Î±Ï„Î¿ Î¸Î± Ï€ÏÎ¿ÏƒÎ¿Î¼Î¿
                                                  Î¹ÏÏƒÎ¿Ï…Î¼Îµ Î­Î½Î± ÏƒÏ…...

You may provide a definition with
\DeclareUnicodeCharacter 


! LaTeX Error: Unicode character Î¹ (U+03B9)
               not set up for use with LaTeX.

See the LaTeX manual or LaTeX Companion for explanation.
Type  H <return>  for immediate help.
 ...                                              
                                                  
l.2 ...Î¯Î¿ Ï€ÎµÏÎ¯Ï€Î±Ï„Î¿ Î¸Î± Ï€ÏÎ¿ÏƒÎ¿Î¼Î¿Î¹
                                                  ÏÏƒÎ¿Ï…Î¼Îµ Î­Î½Î± ÏƒÏ…Î½...

You may provide a definition with
\DeclareUnicodeCharacter 


! LaTeX Error: Unicode character Ï (U+03CE)
               not set up for use with LaTeX.

See the LaTeX manual or LaTeX Companion for explanation.
Type  H <return>  for immediate help.
 ...                                              
                                                  
l.2 ...Î¿ Ï€ÎµÏÎ¯Ï€Î±Ï„Î¿ Î¸Î± Ï€ÏÎ¿ÏƒÎ¿Î¼Î¿Î¹Ï
                                                  ÏƒÎ¿Ï…Î¼Îµ Î­Î½Î± ÏƒÏ…Î½Îµ...

You may provide a definition with
\DeclareUnicodeCharacter 


! LaTeX Error: Unicode character Ïƒ (U+03C3)
               not set up for use with LaTeX.

See the LaTeX manual or LaTeX Companion for explanation.
Type  H <return>  for immediate help.
 ...                                              
                                                  
l.2 ... Ï€ÎµÏÎ¯Ï€Î±Ï„Î¿ Î¸Î± Ï€ÏÎ¿ÏƒÎ¿Î¼Î¿Î¹ÏÏƒ
                                                  Î¿Ï…Î¼Îµ Î­Î½Î± ÏƒÏ…Î½ÎµÏ‡...

You may provide a definition with
\DeclareUnicodeCharacter 


! LaTeX Error: Unicode character Î¿ (U+03BF)
               not set up for use with LaTeX.

See the LaTeX manual or LaTeX Companion for explanation.
Type  H <return>  for immediate help.
 ...                                              
                                                  
l.2 ...€ÎµÏÎ¯Ï€Î±Ï„Î¿ Î¸Î± Ï€ÏÎ¿ÏƒÎ¿Î¼Î¿Î¹ÏÏƒÎ¿
                                                  Ï…Î¼Îµ Î­Î½Î± ÏƒÏ…Î½ÎµÏ‡Î®...

You may provide a definition with
\DeclareUnicodeCharacter 


! LaTeX Error: Unicode character Ï… (U+03C5)
               not set up for use with LaTeX.

See the LaTeX manual or LaTeX Companion for explanation.
Type  H <return>  for immediate help.
 ...                                              
                                                  
l.2 ...µÏÎ¯Ï€Î±Ï„Î¿ Î¸Î± Ï€ÏÎ¿ÏƒÎ¿Î¼Î¿Î¹ÏÏƒÎ¿Ï…
                                                  Î¼Îµ Î­Î½Î± ÏƒÏ…Î½ÎµÏ‡Î® Ï...

You may provide a definition with
\DeclareUnicodeCharacter 


! LaTeX Error: Unicode character Î¼ (U+03BC)
               not set up for use with LaTeX.

See the LaTeX manual or LaTeX Companion for explanation.
Type  H <return>  for immediate help.
 ...                                              
                                                  
l.2 ...Î¯Ï€Î±Ï„Î¿ Î¸Î± Ï€ÏÎ¿ÏƒÎ¿Î¼Î¿Î¹ÏÏƒÎ¿Ï…Î¼
                                                  Îµ Î­Î½Î± ÏƒÏ…Î½ÎµÏ‡Î® Ï‡Ï...

You may provide a definition with
\DeclareUnicodeCharacter 


! LaTeX Error: Unicode character Îµ (U+03B5)
               not set up for use with LaTeX.

See the LaTeX manual or LaTeX Companion for explanation.
Type  H <return>  for immediate help.
 ...                                              
                                                  
l.2 ...¯Ï€Î±Ï„Î¿ Î¸Î± Ï€ÏÎ¿ÏƒÎ¿Î¼Î¿Î¹ÏÏƒÎ¿Ï…Î¼Îµ
                                                   Î­Î½Î± ÏƒÏ…Î½ÎµÏ‡Î® Ï‡ÏÏ...

You may provide a definition with
\DeclareUnicodeCharacter 


! LaTeX Error: Unicode character Î­ (U+03AD)
               not set up for use with LaTeX.

See the LaTeX manual or LaTeX Companion for explanation.
Type  H <return>  for immediate help.
 ...                                              
                                                  
l.2 ...Î±Ï„Î¿ Î¸Î± Ï€ÏÎ¿ÏƒÎ¿Î¼Î¿Î¹ÏÏƒÎ¿Ï…Î¼Îµ Î­
                                                  Î½Î± ÏƒÏ…Î½ÎµÏ‡Î® Ï‡ÏÏÎ¿...

You may provide a definition with
\DeclareUnicodeCharacter 


! LaTeX Error: Unicode character Î½ (U+03BD)
               not set up for use with LaTeX.

See the LaTeX manual or LaTeX Companion for explanation.
Type  H <return>  for immediate help.
 ...                                              
                                                  
l.2 ...Ï„Î¿ Î¸Î± Ï€ÏÎ¿ÏƒÎ¿Î¼Î¿Î¹ÏÏƒÎ¿Ï…Î¼Îµ Î­Î½
                                                  Î± ÏƒÏ…Î½ÎµÏ‡Î® Ï‡ÏÏÎ¿ Î...

You may provide a definition with
\DeclareUnicodeCharacter 


! LaTeX Error: Unicode character Î± (U+03B1)
               not set up for use with LaTeX.

See the LaTeX manual or LaTeX Companion for explanation.
Type  H <return>  for immediate help.
 ...                                              
                                                  
l.2 ...Î¿ Î¸Î± Ï€ÏÎ¿ÏƒÎ¿Î¼Î¿Î¹ÏÏƒÎ¿Ï…Î¼Îµ Î­Î½Î±
                                                   ÏƒÏ…Î½ÎµÏ‡Î® Ï‡ÏÏÎ¿ ÎºÎ...

You may provide a definition with
\DeclareUnicodeCharacter 


! LaTeX Error: Unicode character Ïƒ (U+03C3)
               not set up for use with LaTeX.

See the LaTeX manual or LaTeX Companion for explanation.
Type  H <return>  for immediate help.
 ...                                              
                                                  
l.2 ...Î¸Î± Ï€ÏÎ¿ÏƒÎ¿Î¼Î¿Î¹ÏÏƒÎ¿Ï…Î¼Îµ Î­Î½Î± Ïƒ
                                                  Ï…Î½ÎµÏ‡Î® Ï‡ÏÏÎ¿ ÎºÎ±Î¹...

You may provide a definition with
\DeclareUnicodeCharacter 


! LaTeX Error: Unicode character Ï… (U+03C5)
               not set up for use with LaTeX.

See the LaTeX manual or LaTeX Companion for explanation.
Type  H <return>  for immediate help.
 ...                                              
                                                  
l.2 ...Î± Ï€ÏÎ¿ÏƒÎ¿Î¼Î¿Î¹ÏÏƒÎ¿Ï…Î¼Îµ Î­Î½Î± ÏƒÏ…
                                                  Î½ÎµÏ‡Î® Ï‡ÏÏÎ¿ ÎºÎ±Î¹ Ï...

You may provide a definition with
\DeclareUnicodeCharacter 


! LaTeX Error: Unicode character Î½ (U+03BD)
               not set up for use with LaTeX.

See the LaTeX manual or LaTeX Companion for explanation.
Type  H <return>  for immediate help.
 ...                                              
                                                  
l.2 ... Ï€ÏÎ¿ÏƒÎ¿Î¼Î¿Î¹ÏÏƒÎ¿Ï…Î¼Îµ Î­Î½Î± ÏƒÏ…Î½
                                                  ÎµÏ‡Î® Ï‡ÏÏÎ¿ ÎºÎ±Î¹ ÏŒÏ...

You may provide a definition with
\DeclareUnicodeCharacter 


! LaTeX Error: Unicode character Îµ (U+03B5)
               not set up for use with LaTeX.

See the LaTeX manual or LaTeX Companion for explanation.
Type  H <return>  for immediate help.
 ...                                              
                                                  
l.2 ...€ÏÎ¿ÏƒÎ¿Î¼Î¿Î¹ÏÏƒÎ¿Ï…Î¼Îµ Î­Î½Î± ÏƒÏ…Î½Îµ
                                                  Ï‡Î® Ï‡ÏÏÎ¿ ÎºÎ±Î¹ ÏŒÏ‡Î...

You may provide a definition with
\DeclareUnicodeCharacter 


! LaTeX Error: Unicode character Ï‡ (U+03C7)
               not set up for use with LaTeX.

See the LaTeX manual or LaTeX Companion for explanation.
Type  H <return>  for immediate help.
 ...                                              
                                                  
l.2 ...Î¿ÏƒÎ¿Î¼Î¿Î¹ÏÏƒÎ¿Ï…Î¼Îµ Î­Î½Î± ÏƒÏ…Î½ÎµÏ‡
                                                  Î® Ï‡ÏÏÎ¿ ÎºÎ±Î¹ ÏŒÏ‡Î¹ ...
(That makes 100 errors; please try again.) 
Here is how much of TeX's memory you used:
 49 strings out of 477992
 870 string characters out of 2827466
 299418 words of memory out of 3000000
 18925 multiletter control sequences out of 15000+600000
 469259 words of font info for 28 fonts, out of 8000000 for 9000
 1141 hyphenation exceptions out of 8191
 13i,0n,12p,1220b,45s stack positions out of 10000i,1000n,20000p,200000b,80000s

!  ==> Fatal error occurred, no output PDF file produced!
