This is pdfTeX, Version 3.141592653-2.6-1.40.23 (MiKTeX 21.7) (preloaded format=pdflatex 2021.7.20)  16 AUG 2022 19:56
entering extended mode
**./DiscreteRW.tex
(DiscreteRW.tex
LaTeX2e <2021-06-01> patch level 1
L3 programming layer <2021-07-12>
! Undefined control sequence.
l.1 \section
            {Î”Î¹Î±ÎºÏÎ¹Ï„ÏŒÏ‚ Î¤Ï…Ï‡Î±Î¯Î¿Ï‚ Î ÎµÏÎ¯Ï€Î±Ï„Î¿Ï‚ - ÎœÎ­ÏƒÎ·...
The control sequence at the end of the top line
of your error message was never \def'ed. If you have
misspelled it (e.g., `\hobx'), type `I' and the correct
spelling (e.g., `I\hbox'). Otherwise just continue,
and I'll forget about whatever was undefined.


! Package inputenc Error: Unicode character Î” (U+0394)
(inputenc)                not set up for use with LaTeX.

See the inputenc package documentation for explanation.
Type  H <return>  for immediate help.
 ...                                              
                                                  
l.1 \section{Î”
               Î¹Î±ÎºÏÎ¹Ï„ÏŒÏ‚ Î¤Ï…Ï‡Î±Î¯Î¿Ï‚ Î ÎµÏÎ¯Ï€Î±Ï„Î¿Ï‚ - ÎœÎ­ÏƒÎ·...

You may provide a definition with
\DeclareUnicodeCharacter 


! Package inputenc Error: Unicode character Î¹ (U+03B9)
(inputenc)                not set up for use with LaTeX.

See the inputenc package documentation for explanation.
Type  H <return>  for immediate help.
 ...                                              
                                                  
l.1 \section{Î”Î¹
                 Î±ÎºÏÎ¹Ï„ÏŒÏ‚ Î¤Ï…Ï‡Î±Î¯Î¿Ï‚ Î ÎµÏÎ¯Ï€Î±Ï„Î¿Ï‚ - ÎœÎ­ÏƒÎ·...

You may provide a definition with
\DeclareUnicodeCharacter 


! Package inputenc Error: Unicode character Î± (U+03B1)
(inputenc)                not set up for use with LaTeX.

See the inputenc package documentation for explanation.
Type  H <return>  for immediate help.
 ...                                              
                                                  
l.1 \section{Î”Î¹Î±
                   ÎºÏÎ¹Ï„ÏŒÏ‚ Î¤Ï…Ï‡Î±Î¯Î¿Ï‚ Î ÎµÏÎ¯Ï€Î±Ï„Î¿Ï‚ - ÎœÎ­ÏƒÎ·...

You may provide a definition with
\DeclareUnicodeCharacter 


! Package inputenc Error: Unicode character Îº (U+03BA)
(inputenc)                not set up for use with LaTeX.

See the inputenc package documentation for explanation.
Type  H <return>  for immediate help.
 ...                                              
                                                  
l.1 \section{Î”Î¹Î±Îº
                     ÏÎ¹Ï„ÏŒÏ‚ Î¤Ï…Ï‡Î±Î¯Î¿Ï‚ Î ÎµÏÎ¯Ï€Î±Ï„Î¿Ï‚ - ÎœÎ­ÏƒÎ·...

You may provide a definition with
\DeclareUnicodeCharacter 


! Package inputenc Error: Unicode character Ï (U+03C1)
(inputenc)                not set up for use with LaTeX.

See the inputenc package documentation for explanation.
Type  H <return>  for immediate help.
 ...                                              
                                                  
l.1 \section{Î”Î¹Î±ÎºÏ
                       Î¹Ï„ÏŒÏ‚ Î¤Ï…Ï‡Î±Î¯Î¿Ï‚ Î ÎµÏÎ¯Ï€Î±Ï„Î¿Ï‚ - ÎœÎ­ÏƒÎ·...

You may provide a definition with
\DeclareUnicodeCharacter 


! Package inputenc Error: Unicode character Î¹ (U+03B9)
(inputenc)                not set up for use with LaTeX.

See the inputenc package documentation for explanation.
Type  H <return>  for immediate help.
 ...                                              
                                                  
l.1 \section{Î”Î¹Î±ÎºÏÎ¹
                         Ï„ÏŒÏ‚ Î¤Ï…Ï‡Î±Î¯Î¿Ï‚ Î ÎµÏÎ¯Ï€Î±Ï„Î¿Ï‚ - ÎœÎ­ÏƒÎ·...

You may provide a definition with
\DeclareUnicodeCharacter 


! Package inputenc Error: Unicode character Ï„ (U+03C4)
(inputenc)                not set up for use with LaTeX.

See the inputenc package documentation for explanation.
Type  H <return>  for immediate help.
 ...                                              
                                                  
l.1 \section{Î”Î¹Î±ÎºÏÎ¹Ï„
                           ÏŒÏ‚ Î¤Ï…Ï‡Î±Î¯Î¿Ï‚ Î ÎµÏÎ¯Ï€Î±Ï„Î¿Ï‚ - ÎœÎ­ÏƒÎ·...

You may provide a definition with
\DeclareUnicodeCharacter 


! Package inputenc Error: Unicode character ÏŒ (U+03CC)
(inputenc)                not set up for use with LaTeX.

See the inputenc package documentation for explanation.
Type  H <return>  for immediate help.
 ...                                              
                                                  
l.1 \section{Î”Î¹Î±ÎºÏÎ¹Ï„ÏŒ
                             Ï‚ Î¤Ï…Ï‡Î±Î¯Î¿Ï‚ Î ÎµÏÎ¯Ï€Î±Ï„Î¿Ï‚ - ÎœÎ­ÏƒÎ·...

You may provide a definition with
\DeclareUnicodeCharacter 


! Package inputenc Error: Unicode character Ï‚ (U+03C2)
(inputenc)                not set up for use with LaTeX.

See the inputenc package documentation for explanation.
Type  H <return>  for immediate help.
 ...                                              
                                                  
l.1 \section{Î”Î¹Î±ÎºÏÎ¹Ï„ÏŒÏ‚
                                Î¤Ï…Ï‡Î±Î¯Î¿Ï‚ Î ÎµÏÎ¯Ï€Î±Ï„Î¿Ï‚ - ÎœÎ­ÏƒÎ·...

You may provide a definition with
\DeclareUnicodeCharacter 


! Package inputenc Error: Unicode character Î¤ (U+03A4)
(inputenc)                not set up for use with LaTeX.

See the inputenc package documentation for explanation.
Type  H <return>  for immediate help.
 ...                                              
                                                  
l.1 \section{Î”Î¹Î±ÎºÏÎ¹Ï„ÏŒÏ‚ Î¤
                                  Ï…Ï‡Î±Î¯Î¿Ï‚ Î ÎµÏÎ¯Ï€Î±Ï„Î¿Ï‚ - ÎœÎ­ÏƒÎ·...

You may provide a definition with
\DeclareUnicodeCharacter 


! Package inputenc Error: Unicode character Ï… (U+03C5)
(inputenc)                not set up for use with LaTeX.

See the inputenc package documentation for explanation.
Type  H <return>  for immediate help.
 ...                                              
                                                  
l.1 \section{Î”Î¹Î±ÎºÏÎ¹Ï„ÏŒÏ‚ Î¤Ï…
                                    Ï‡Î±Î¯Î¿Ï‚ Î ÎµÏÎ¯Ï€Î±Ï„Î¿Ï‚ - ÎœÎ­ÏƒÎ·...

You may provide a definition with
\DeclareUnicodeCharacter 


! Package inputenc Error: Unicode character Ï‡ (U+03C7)
(inputenc)                not set up for use with LaTeX.

See the inputenc package documentation for explanation.
Type  H <return>  for immediate help.
 ...                                              
                                                  
l.1 \section{Î”Î¹Î±ÎºÏÎ¹Ï„ÏŒÏ‚ Î¤Ï…Ï‡
                                      Î±Î¯Î¿Ï‚ Î ÎµÏÎ¯Ï€Î±Ï„Î¿Ï‚ - ÎœÎ­ÏƒÎ·...

You may provide a definition with
\DeclareUnicodeCharacter 


! Package inputenc Error: Unicode character Î± (U+03B1)
(inputenc)                not set up for use with LaTeX.

See the inputenc package documentation for explanation.
Type  H <return>  for immediate help.
 ...                                              
                                                  
l.1 \section{Î”Î¹Î±ÎºÏÎ¹Ï„ÏŒÏ‚ Î¤Ï…Ï‡Î±
                                        Î¯Î¿Ï‚ Î ÎµÏÎ¯Ï€Î±Ï„Î¿Ï‚ - ÎœÎ­ÏƒÎ·...

You may provide a definition with
\DeclareUnicodeCharacter 


! Package inputenc Error: Unicode character Î¯ (U+03AF)
(inputenc)                not set up for use with LaTeX.

See the inputenc package documentation for explanation.
Type  H <return>  for immediate help.
 ...                                              
                                                  
l.1 \section{Î”Î¹Î±ÎºÏÎ¹Ï„ÏŒÏ‚ Î¤Ï…Ï‡Î±Î¯
                                          Î¿Ï‚ Î ÎµÏÎ¯Ï€Î±Ï„Î¿Ï‚ - ÎœÎ­ÏƒÎ·...

You may provide a definition with
\DeclareUnicodeCharacter 


! Package inputenc Error: Unicode character Î¿ (U+03BF)
(inputenc)                not set up for use with LaTeX.

See the inputenc package documentation for explanation.
Type  H <return>  for immediate help.
 ...                                              
                                                  
l.1 \section{Î”Î¹Î±ÎºÏÎ¹Ï„ÏŒÏ‚ Î¤Ï…Ï‡Î±Î¯Î¿
                                            Ï‚ Î ÎµÏÎ¯Ï€Î±Ï„Î¿Ï‚ - ÎœÎ­ÏƒÎ·...

You may provide a definition with
\DeclareUnicodeCharacter 


! Package inputenc Error: Unicode character Ï‚ (U+03C2)
(inputenc)                not set up for use with LaTeX.

See the inputenc package documentation for explanation.
Type  H <return>  for immediate help.
 ...                                              
                                                  
l.1 \section{Î”Î¹Î±ÎºÏÎ¹Ï„ÏŒÏ‚ Î¤Ï…Ï‡Î±Î¯Î¿Ï‚
                                               Î ÎµÏÎ¯Ï€Î±Ï„Î¿Ï‚ - ÎœÎ­ÏƒÎ·...

You may provide a definition with
\DeclareUnicodeCharacter 


! Package inputenc Error: Unicode character Î  (U+03A0)
(inputenc)                not set up for use with LaTeX.

See the inputenc package documentation for explanation.
Type  H <return>  for immediate help.
 ...                                              
                                                  
l.1 \section{Î”Î¹Î±ÎºÏÎ¹Ï„ÏŒÏ‚ Î¤Ï…Ï‡Î±Î¯Î¿Ï‚ Î 
                                                 ÎµÏÎ¯Ï€Î±Ï„Î¿Ï‚ - ÎœÎ­ÏƒÎ·...

You may provide a definition with
\DeclareUnicodeCharacter 


! Package inputenc Error: Unicode character Îµ (U+03B5)
(inputenc)                not set up for use with LaTeX.

See the inputenc package documentation for explanation.
Type  H <return>  for immediate help.
 ...                                              
                                                  
l.1 ...tion{Î”Î¹Î±ÎºÏÎ¹Ï„ÏŒÏ‚ Î¤Ï…Ï‡Î±Î¯Î¿Ï‚ Î Îµ
                                                  ÏÎ¯Ï€Î±Ï„Î¿Ï‚ - ÎœÎ­ÏƒÎ· ...

You may provide a definition with
\DeclareUnicodeCharacter 


! Package inputenc Error: Unicode character Ï (U+03C1)
(inputenc)                not set up for use with LaTeX.

See the inputenc package documentation for explanation.
Type  H <return>  for immediate help.
 ...                                              
                                                  
l.1 ...on{Î”Î¹Î±ÎºÏÎ¹Ï„ÏŒÏ‚ Î¤Ï…Ï‡Î±Î¯Î¿Ï‚ Î ÎµÏ
                                                  Î¯Ï€Î±Ï„Î¿Ï‚ - ÎœÎ­ÏƒÎ· Ï„...

You may provide a definition with
\DeclareUnicodeCharacter 


! Package inputenc Error: Unicode character Î¯ (U+03AF)
(inputenc)                not set up for use with LaTeX.

See the inputenc package documentation for explanation.
Type  H <return>  for immediate help.
 ...                                              
                                                  
l.1 ...{Î”Î¹Î±ÎºÏÎ¹Ï„ÏŒÏ‚ Î¤Ï…Ï‡Î±Î¯Î¿Ï‚ Î ÎµÏÎ¯
                                                  Ï€Î±Ï„Î¿Ï‚ - ÎœÎ­ÏƒÎ· Ï„Îµ...

You may provide a definition with
\DeclareUnicodeCharacter 


! Package inputenc Error: Unicode character Ï€ (U+03C0)
(inputenc)                not set up for use with LaTeX.

See the inputenc package documentation for explanation.
Type  H <return>  for immediate help.
 ...                                              
                                                  
l.1 ...”Î¹Î±ÎºÏÎ¹Ï„ÏŒÏ‚ Î¤Ï…Ï‡Î±Î¯Î¿Ï‚ Î ÎµÏÎ¯Ï€
                                                  Î±Ï„Î¿Ï‚ - ÎœÎ­ÏƒÎ· Ï„ÎµÏ„...

You may provide a definition with
\DeclareUnicodeCharacter 


! Package inputenc Error: Unicode character Î± (U+03B1)
(inputenc)                not set up for use with LaTeX.

See the inputenc package documentation for explanation.
Type  H <return>  for immediate help.
 ...                                              
                                                  
l.1 ...¹Î±ÎºÏÎ¹Ï„ÏŒÏ‚ Î¤Ï…Ï‡Î±Î¯Î¿Ï‚ Î ÎµÏÎ¯Ï€Î±
                                                  Ï„Î¿Ï‚ - ÎœÎ­ÏƒÎ· Ï„ÎµÏ„Ï...

You may provide a definition with
\DeclareUnicodeCharacter 


! Package inputenc Error: Unicode character Ï„ (U+03C4)
(inputenc)                not set up for use with LaTeX.

See the inputenc package documentation for explanation.
Type  H <return>  for immediate help.
 ...                                              
                                                  
l.1 ...±ÎºÏÎ¹Ï„ÏŒÏ‚ Î¤Ï…Ï‡Î±Î¯Î¿Ï‚ Î ÎµÏÎ¯Ï€Î±Ï„
                                                  Î¿Ï‚ - ÎœÎ­ÏƒÎ· Ï„ÎµÏ„ÏÎ±...

You may provide a definition with
\DeclareUnicodeCharacter 


! Package inputenc Error: Unicode character Î¿ (U+03BF)
(inputenc)                not set up for use with LaTeX.

See the inputenc package documentation for explanation.
Type  H <return>  for immediate help.
 ...                                              
                                                  
l.1 ...ºÏÎ¹Ï„ÏŒÏ‚ Î¤Ï…Ï‡Î±Î¯Î¿Ï‚ Î ÎµÏÎ¯Ï€Î±Ï„Î¿
                                                  Ï‚ - ÎœÎ­ÏƒÎ· Ï„ÎµÏ„ÏÎ±Î³...

You may provide a definition with
\DeclareUnicodeCharacter 


! Package inputenc Error: Unicode character Ï‚ (U+03C2)
(inputenc)                not set up for use with LaTeX.

See the inputenc package documentation for explanation.
Type  H <return>  for immediate help.
 ...                                              
                                                  
l.1 ...Î¹Ï„ÏŒÏ‚ Î¤Ï…Ï‡Î±Î¯Î¿Ï‚ Î ÎµÏÎ¯Ï€Î±Ï„Î¿Ï‚
                                                   - ÎœÎ­ÏƒÎ· Ï„ÎµÏ„ÏÎ±Î³Ï‰...

You may provide a definition with
\DeclareUnicodeCharacter 


! LaTeX Error: Missing \begin{document}.

See the LaTeX manual or LaTeX Companion for explanation.
Type  H <return>  for immediate help.
 ...                                              
                                                  
l.1 ...¹Ï„ÏŒÏ‚ Î¤Ï…Ï‡Î±Î¯Î¿Ï‚ Î ÎµÏÎ¯Ï€Î±Ï„Î¿Ï‚ -
                                                   ÎœÎ­ÏƒÎ· Ï„ÎµÏ„ÏÎ±Î³Ï‰Î½...

You're in trouble here.  Try typing  <return>  to proceed.
If that doesn't work, type  X <return>  to quit.

Missing character: There is no - in font nullfont!

! Package inputenc Error: Unicode character Îœ (U+039C)
(inputenc)                not set up for use with LaTeX.

See the inputenc package documentation for explanation.
Type  H <return>  for immediate help.
 ...                                              
                                                  
l.1 ...ÏŒÏ‚ Î¤Ï…Ï‡Î±Î¯Î¿Ï‚ Î ÎµÏÎ¯Ï€Î±Ï„Î¿Ï‚ - Îœ
                                                  Î­ÏƒÎ· Ï„ÎµÏ„ÏÎ±Î³Ï‰Î½Î¹Î...

You may provide a definition with
\DeclareUnicodeCharacter 


! Package inputenc Error: Unicode character Î­ (U+03AD)
(inputenc)                not set up for use with LaTeX.

See the inputenc package documentation for explanation.
Type  H <return>  for immediate help.
 ...                                              
                                                  
l.1 ...Ï‚ Î¤Ï…Ï‡Î±Î¯Î¿Ï‚ Î ÎµÏÎ¯Ï€Î±Ï„Î¿Ï‚ - ÎœÎ­
                                                  ÏƒÎ· Ï„ÎµÏ„ÏÎ±Î³Ï‰Î½Î¹ÎºÎ...

You may provide a definition with
\DeclareUnicodeCharacter 


! Package inputenc Error: Unicode character Ïƒ (U+03C3)
(inputenc)                not set up for use with LaTeX.

See the inputenc package documentation for explanation.
Type  H <return>  for immediate help.
 ...                                              
                                                  
l.1 ... Î¤Ï…Ï‡Î±Î¯Î¿Ï‚ Î ÎµÏÎ¯Ï€Î±Ï„Î¿Ï‚ - ÎœÎ­Ïƒ
                                                  Î· Ï„ÎµÏ„ÏÎ±Î³Ï‰Î½Î¹ÎºÎ® ...

You may provide a definition with
\DeclareUnicodeCharacter 


! Package inputenc Error: Unicode character Î· (U+03B7)
(inputenc)                not set up for use with LaTeX.

See the inputenc package documentation for explanation.
Type  H <return>  for immediate help.
 ...                                              
                                                  
l.1 ...¤Ï…Ï‡Î±Î¯Î¿Ï‚ Î ÎµÏÎ¯Ï€Î±Ï„Î¿Ï‚ - ÎœÎ­ÏƒÎ·
                                                   Ï„ÎµÏ„ÏÎ±Î³Ï‰Î½Î¹ÎºÎ® Î±...

You may provide a definition with
\DeclareUnicodeCharacter 


! Package inputenc Error: Unicode character Ï„ (U+03C4)
(inputenc)                not set up for use with LaTeX.

See the inputenc package documentation for explanation.
Type  H <return>  for immediate help.
 ...                                              
                                                  
l.1 ...Ï‡Î±Î¯Î¿Ï‚ Î ÎµÏÎ¯Ï€Î±Ï„Î¿Ï‚ - ÎœÎ­ÏƒÎ· Ï„
                                                  ÎµÏ„ÏÎ±Î³Ï‰Î½Î¹ÎºÎ® Î±Ï€Ï...

You may provide a definition with
\DeclareUnicodeCharacter 


! Package inputenc Error: Unicode character Îµ (U+03B5)
(inputenc)                not set up for use with LaTeX.

See the inputenc package documentation for explanation.
Type  H <return>  for immediate help.
 ...                                              
                                                  
l.1 ...Î±Î¯Î¿Ï‚ Î ÎµÏÎ¯Ï€Î±Ï„Î¿Ï‚ - ÎœÎ­ÏƒÎ· Ï„Îµ
                                                  Ï„ÏÎ±Î³Ï‰Î½Î¹ÎºÎ® Î±Ï€ÏŒÏ...

You may provide a definition with
\DeclareUnicodeCharacter 


! Package inputenc Error: Unicode character Ï„ (U+03C4)
(inputenc)                not set up for use with LaTeX.

See the inputenc package documentation for explanation.
Type  H <return>  for immediate help.
 ...                                              
                                                  
l.1 ...Î¯Î¿Ï‚ Î ÎµÏÎ¯Ï€Î±Ï„Î¿Ï‚ - ÎœÎ­ÏƒÎ· Ï„ÎµÏ„
                                                  ÏÎ±Î³Ï‰Î½Î¹ÎºÎ® Î±Ï€ÏŒÏƒÏ...

You may provide a definition with
\DeclareUnicodeCharacter 


! Package inputenc Error: Unicode character Ï (U+03C1)
(inputenc)                not set up for use with LaTeX.

See the inputenc package documentation for explanation.
Type  H <return>  for immediate help.
 ...                                              
                                                  
l.1 ...Î¿Ï‚ Î ÎµÏÎ¯Ï€Î±Ï„Î¿Ï‚ - ÎœÎ­ÏƒÎ· Ï„ÎµÏ„Ï
                                                  Î±Î³Ï‰Î½Î¹ÎºÎ® Î±Ï€ÏŒÏƒÏ„Î...

You may provide a definition with
\DeclareUnicodeCharacter 


! Package inputenc Error: Unicode character Î± (U+03B1)
(inputenc)                not set up for use with LaTeX.

See the inputenc package documentation for explanation.
Type  H <return>  for immediate help.
 ...                                              
                                                  
l.1 ...Ï‚ Î ÎµÏÎ¯Ï€Î±Ï„Î¿Ï‚ - ÎœÎ­ÏƒÎ· Ï„ÎµÏ„ÏÎ±
                                                  Î³Ï‰Î½Î¹ÎºÎ® Î±Ï€ÏŒÏƒÏ„Î±Ï...

You may provide a definition with
\DeclareUnicodeCharacter 


! Package inputenc Error: Unicode character Î³ (U+03B3)
(inputenc)                not set up for use with LaTeX.

See the inputenc package documentation for explanation.
Type  H <return>  for immediate help.
 ...                                              
                                                  
l.1 ... Î ÎµÏÎ¯Ï€Î±Ï„Î¿Ï‚ - ÎœÎ­ÏƒÎ· Ï„ÎµÏ„ÏÎ±Î³
                                                  Ï‰Î½Î¹ÎºÎ® Î±Ï€ÏŒÏƒÏ„Î±ÏƒÎ·}
You may provide a definition with
\DeclareUnicodeCharacter 


! Package inputenc Error: Unicode character Ï‰ (U+03C9)
(inputenc)                not set up for use with LaTeX.

See the inputenc package documentation for explanation.
Type  H <return>  for immediate help.
 ...                                              
                                                  
l.1 ... ÎµÏÎ¯Ï€Î±Ï„Î¿Ï‚ - ÎœÎ­ÏƒÎ· Ï„ÎµÏ„ÏÎ±Î³Ï‰
                                                  Î½Î¹ÎºÎ® Î±Ï€ÏŒÏƒÏ„Î±ÏƒÎ·}
You may provide a definition with
\DeclareUnicodeCharacter 


! Package inputenc Error: Unicode character Î½ (U+03BD)
(inputenc)                not set up for use with LaTeX.

See the inputenc package documentation for explanation.
Type  H <return>  for immediate help.
 ...                                              
                                                  
l.1 ...µÏÎ¯Ï€Î±Ï„Î¿Ï‚ - ÎœÎ­ÏƒÎ· Ï„ÎµÏ„ÏÎ±Î³Ï‰Î½
                                                  Î¹ÎºÎ® Î±Ï€ÏŒÏƒÏ„Î±ÏƒÎ·}
You may provide a definition with
\DeclareUnicodeCharacter 


! Package inputenc Error: Unicode character Î¹ (U+03B9)
(inputenc)                not set up for use with LaTeX.

See the inputenc package documentation for explanation.
Type  H <return>  for immediate help.
 ...                                              
                                                  
l.1 ...Î¯Ï€Î±Ï„Î¿Ï‚ - ÎœÎ­ÏƒÎ· Ï„ÎµÏ„ÏÎ±Î³Ï‰Î½Î¹
                                                  ÎºÎ® Î±Ï€ÏŒÏƒÏ„Î±ÏƒÎ·}
You may provide a definition with
\DeclareUnicodeCharacter 


! Package inputenc Error: Unicode character Îº (U+03BA)
(inputenc)                not set up for use with LaTeX.

See the inputenc package documentation for explanation.
Type  H <return>  for immediate help.
 ...                                              
                                                  
l.1 ...¯Ï€Î±Ï„Î¿Ï‚ - ÎœÎ­ÏƒÎ· Ï„ÎµÏ„ÏÎ±Î³Ï‰Î½Î¹Îº
                                                  Î® Î±Ï€ÏŒÏƒÏ„Î±ÏƒÎ·}
You may provide a definition with
\DeclareUnicodeCharacter 


! Package inputenc Error: Unicode character Î® (U+03AE)
(inputenc)                not set up for use with LaTeX.

See the inputenc package documentation for explanation.
Type  H <return>  for immediate help.
 ...                                              
                                                  
l.1 ...€Î±Ï„Î¿Ï‚ - ÎœÎ­ÏƒÎ· Ï„ÎµÏ„ÏÎ±Î³Ï‰Î½Î¹ÎºÎ®
                                                   Î±Ï€ÏŒÏƒÏ„Î±ÏƒÎ·}
You may provide a definition with
\DeclareUnicodeCharacter 


! Package inputenc Error: Unicode character Î± (U+03B1)
(inputenc)                not set up for use with LaTeX.

See the inputenc package documentation for explanation.
Type  H <return>  for immediate help.
 ...                                              
                                                  
l.1 ...Ï„Î¿Ï‚ - ÎœÎ­ÏƒÎ· Ï„ÎµÏ„ÏÎ±Î³Ï‰Î½Î¹ÎºÎ® Î±
                                                  Ï€ÏŒÏƒÏ„Î±ÏƒÎ·}
You may provide a definition with
\DeclareUnicodeCharacter 


! Package inputenc Error: Unicode character Ï€ (U+03C0)
(inputenc)                not set up for use with LaTeX.

See the inputenc package documentation for explanation.
Type  H <return>  for immediate help.
 ...                                              
                                                  
l.1 ...Î¿Ï‚ - ÎœÎ­ÏƒÎ· Ï„ÎµÏ„ÏÎ±Î³Ï‰Î½Î¹ÎºÎ® Î±Ï€
                                                  ÏŒÏƒÏ„Î±ÏƒÎ·}
You may provide a definition with
\DeclareUnicodeCharacter 


! Package inputenc Error: Unicode character ÏŒ (U+03CC)
(inputenc)                not set up for use with LaTeX.

See the inputenc package documentation for explanation.
Type  H <return>  for immediate help.
 ...                                              
                                                  
l.1 ...Ï‚ - ÎœÎ­ÏƒÎ· Ï„ÎµÏ„ÏÎ±Î³Ï‰Î½Î¹ÎºÎ® Î±Ï€ÏŒ
                                                  ÏƒÏ„Î±ÏƒÎ·}
You may provide a definition with
\DeclareUnicodeCharacter 


! Package inputenc Error: Unicode character Ïƒ (U+03C3)
(inputenc)                not set up for use with LaTeX.

See the inputenc package documentation for explanation.
Type  H <return>  for immediate help.
 ...                                              
                                                  
l.1 ... - ÎœÎ­ÏƒÎ· Ï„ÎµÏ„ÏÎ±Î³Ï‰Î½Î¹ÎºÎ® Î±Ï€ÏŒÏƒ
                                                  Ï„Î±ÏƒÎ·}
You may provide a definition with
\DeclareUnicodeCharacter 


! Package inputenc Error: Unicode character Ï„ (U+03C4)
(inputenc)                not set up for use with LaTeX.

See the inputenc package documentation for explanation.
Type  H <return>  for immediate help.
 ...                                              
                                                  
l.1 ... ÎœÎ­ÏƒÎ· Ï„ÎµÏ„ÏÎ±Î³Ï‰Î½Î¹ÎºÎ® Î±Ï€ÏŒÏƒÏ„
                                                  Î±ÏƒÎ·}
You may provide a definition with
\DeclareUnicodeCharacter 


! Package inputenc Error: Unicode character Î± (U+03B1)
(inputenc)                not set up for use with LaTeX.

See the inputenc package documentation for explanation.
Type  H <return>  for immediate help.
 ...                                              
                                                  
l.1 ...œÎ­ÏƒÎ· Ï„ÎµÏ„ÏÎ±Î³Ï‰Î½Î¹ÎºÎ® Î±Ï€ÏŒÏƒÏ„Î±
                                                  ÏƒÎ·}
You may provide a definition with
\DeclareUnicodeCharacter 


! Package inputenc Error: Unicode character Ïƒ (U+03C3)
(inputenc)                not set up for use with LaTeX.

See the inputenc package documentation for explanation.
Type  H <return>  for immediate help.
 ...                                              
                                                  
l.1 ...­ÏƒÎ· Ï„ÎµÏ„ÏÎ±Î³Ï‰Î½Î¹ÎºÎ® Î±Ï€ÏŒÏƒÏ„Î±Ïƒ
                                                  Î·}
You may provide a definition with
\DeclareUnicodeCharacter 


! Package inputenc Error: Unicode character Î· (U+03B7)
(inputenc)                not set up for use with LaTeX.

See the inputenc package documentation for explanation.
Type  H <return>  for immediate help.
 ...                                              
                                                  
l.1 ...ƒÎ· Ï„ÎµÏ„ÏÎ±Î³Ï‰Î½Î¹ÎºÎ® Î±Ï€ÏŒÏƒÏ„Î±ÏƒÎ·
                                                  }
You may provide a definition with
\DeclareUnicodeCharacter 

! Undefined control sequence.
l.2 \subsection
               {Î£Îµ Î¼Î¯Î± Î´Î¹Î¬ÏƒÏ„Î±ÏƒÎ·}
The control sequence at the end of the top line
of your error message was never \def'ed. If you have
misspelled it (e.g., `\hobx'), type `I' and the correct
spelling (e.g., `I\hbox'). Otherwise just continue,
and I'll forget about whatever was undefined.


! Package inputenc Error: Unicode character Î£ (U+03A3)
(inputenc)                not set up for use with LaTeX.

See the inputenc package documentation for explanation.
Type  H <return>  for immediate help.
 ...                                              
                                                  
l.2 \subsection{Î£
                  Îµ Î¼Î¯Î± Î´Î¹Î¬ÏƒÏ„Î±ÏƒÎ·}
You may provide a definition with
\DeclareUnicodeCharacter 


! Package inputenc Error: Unicode character Îµ (U+03B5)
(inputenc)                not set up for use with LaTeX.

See the inputenc package documentation for explanation.
Type  H <return>  for immediate help.
 ...                                              
                                                  
l.2 \subsection{Î£Îµ
                     Î¼Î¯Î± Î´Î¹Î¬ÏƒÏ„Î±ÏƒÎ·}
You may provide a definition with
\DeclareUnicodeCharacter 


! Package inputenc Error: Unicode character Î¼ (U+03BC)
(inputenc)                not set up for use with LaTeX.

See the inputenc package documentation for explanation.
Type  H <return>  for immediate help.
 ...                                              
                                                  
l.2 \subsection{Î£Îµ Î¼
                       Î¯Î± Î´Î¹Î¬ÏƒÏ„Î±ÏƒÎ·}
You may provide a definition with
\DeclareUnicodeCharacter 


! Package inputenc Error: Unicode character Î¯ (U+03AF)
(inputenc)                not set up for use with LaTeX.

See the inputenc package documentation for explanation.
Type  H <return>  for immediate help.
 ...                                              
                                                  
l.2 \subsection{Î£Îµ Î¼Î¯
                         Î± Î´Î¹Î¬ÏƒÏ„Î±ÏƒÎ·}
You may provide a definition with
\DeclareUnicodeCharacter 


! Package inputenc Error: Unicode character Î± (U+03B1)
(inputenc)                not set up for use with LaTeX.

See the inputenc package documentation for explanation.
Type  H <return>  for immediate help.
 ...                                              
                                                  
l.2 \subsection{Î£Îµ Î¼Î¯Î±
                            Î´Î¹Î¬ÏƒÏ„Î±ÏƒÎ·}
You may provide a definition with
\DeclareUnicodeCharacter 


! Package inputenc Error: Unicode character Î´ (U+03B4)
(inputenc)                not set up for use with LaTeX.

See the inputenc package documentation for explanation.
Type  H <return>  for immediate help.
 ...                                              
                                                  
l.2 \subsection{Î£Îµ Î¼Î¯Î± Î´
                              Î¹Î¬ÏƒÏ„Î±ÏƒÎ·}
You may provide a definition with
\DeclareUnicodeCharacter 


! Package inputenc Error: Unicode character Î¹ (U+03B9)
(inputenc)                not set up for use with LaTeX.

See the inputenc package documentation for explanation.
Type  H <return>  for immediate help.
 ...                                              
                                                  
l.2 \subsection{Î£Îµ Î¼Î¯Î± Î´Î¹
                                Î¬ÏƒÏ„Î±ÏƒÎ·}
You may provide a definition with
\DeclareUnicodeCharacter 


! Package inputenc Error: Unicode character Î¬ (U+03AC)
(inputenc)                not set up for use with LaTeX.

See the inputenc package documentation for explanation.
Type  H <return>  for immediate help.
 ...                                              
                                                  
l.2 \subsection{Î£Îµ Î¼Î¯Î± Î´Î¹Î¬
                                  ÏƒÏ„Î±ÏƒÎ·}
You may provide a definition with
\DeclareUnicodeCharacter 


! Package inputenc Error: Unicode character Ïƒ (U+03C3)
(inputenc)                not set up for use with LaTeX.

See the inputenc package documentation for explanation.
Type  H <return>  for immediate help.
 ...                                              
                                                  
l.2 \subsection{Î£Îµ Î¼Î¯Î± Î´Î¹Î¬Ïƒ
                                    Ï„Î±ÏƒÎ·}
You may provide a definition with
\DeclareUnicodeCharacter 


! Package inputenc Error: Unicode character Ï„ (U+03C4)
(inputenc)                not set up for use with LaTeX.

See the inputenc package documentation for explanation.
Type  H <return>  for immediate help.
 ...                                              
                                                  
l.2 \subsection{Î£Îµ Î¼Î¯Î± Î´Î¹Î¬ÏƒÏ„
                                      Î±ÏƒÎ·}
You may provide a definition with
\DeclareUnicodeCharacter 


! Package inputenc Error: Unicode character Î± (U+03B1)
(inputenc)                not set up for use with LaTeX.

See the inputenc package documentation for explanation.
Type  H <return>  for immediate help.
 ...                                              
                                                  
l.2 \subsection{Î£Îµ Î¼Î¯Î± Î´Î¹Î¬ÏƒÏ„Î±
                                        ÏƒÎ·}
You may provide a definition with
\DeclareUnicodeCharacter 


! Package inputenc Error: Unicode character Ïƒ (U+03C3)
(inputenc)                not set up for use with LaTeX.

See the inputenc package documentation for explanation.
Type  H <return>  for immediate help.
 ...                                              
                                                  
l.2 \subsection{Î£Îµ Î¼Î¯Î± Î´Î¹Î¬ÏƒÏ„Î±Ïƒ
                                          Î·}
You may provide a definition with
\DeclareUnicodeCharacter 


! Package inputenc Error: Unicode character Î· (U+03B7)
(inputenc)                not set up for use with LaTeX.

See the inputenc package documentation for explanation.
Type  H <return>  for immediate help.
 ...                                              
                                                  
l.2 \subsection{Î£Îµ Î¼Î¯Î± Î´Î¹Î¬ÏƒÏ„Î±ÏƒÎ·
                                            }
You may provide a definition with
\DeclareUnicodeCharacter 

! Undefined control sequence.
l.3 \subsection
               {Î£Îµ Î´ÏÎ¿ Î´Î¹Î±ÏƒÏ„Î¬ÏƒÎµÎ¹Ï‚}
The control sequence at the end of the top line
of your error message was never \def'ed. If you have
misspelled it (e.g., `\hobx'), type `I' and the correct
spelling (e.g., `I\hbox'). Otherwise just continue,
and I'll forget about whatever was undefined.


! Package inputenc Error: Unicode character Î£ (U+03A3)
(inputenc)                not set up for use with LaTeX.

See the inputenc package documentation for explanation.
Type  H <return>  for immediate help.
 ...                                              
                                                  
l.3 \subsection{Î£
                  Îµ Î´ÏÎ¿ Î´Î¹Î±ÏƒÏ„Î¬ÏƒÎµÎ¹Ï‚}
You may provide a definition with
\DeclareUnicodeCharacter 


! Package inputenc Error: Unicode character Îµ (U+03B5)
(inputenc)                not set up for use with LaTeX.

See the inputenc package documentation for explanation.
Type  H <return>  for immediate help.
 ...                                              
                                                  
l.3 \subsection{Î£Îµ
                     Î´ÏÎ¿ Î´Î¹Î±ÏƒÏ„Î¬ÏƒÎµÎ¹Ï‚}
You may provide a definition with
\DeclareUnicodeCharacter 


! Package inputenc Error: Unicode character Î´ (U+03B4)
(inputenc)                not set up for use with LaTeX.

See the inputenc package documentation for explanation.
Type  H <return>  for immediate help.
 ...                                              
                                                  
l.3 \subsection{Î£Îµ Î´
                       ÏÎ¿ Î´Î¹Î±ÏƒÏ„Î¬ÏƒÎµÎ¹Ï‚}
You may provide a definition with
\DeclareUnicodeCharacter 


! Package inputenc Error: Unicode character Ï (U+03CD)
(inputenc)                not set up for use with LaTeX.

See the inputenc package documentation for explanation.
Type  H <return>  for immediate help.
 ...                                              
                                                  
l.3 \subsection{Î£Îµ Î´Ï
                         Î¿ Î´Î¹Î±ÏƒÏ„Î¬ÏƒÎµÎ¹Ï‚}
You may provide a definition with
\DeclareUnicodeCharacter 


! Package inputenc Error: Unicode character Î¿ (U+03BF)
(inputenc)                not set up for use with LaTeX.

See the inputenc package documentation for explanation.
Type  H <return>  for immediate help.
 ...                                              
                                                  
l.3 \subsection{Î£Îµ Î´ÏÎ¿
                            Î´Î¹Î±ÏƒÏ„Î¬ÏƒÎµÎ¹Ï‚}
You may provide a definition with
\DeclareUnicodeCharacter 


! Package inputenc Error: Unicode character Î´ (U+03B4)
(inputenc)                not set up for use with LaTeX.

See the inputenc package documentation for explanation.
Type  H <return>  for immediate help.
 ...                                              
                                                  
l.3 \subsection{Î£Îµ Î´ÏÎ¿ Î´
                              Î¹Î±ÏƒÏ„Î¬ÏƒÎµÎ¹Ï‚}
You may provide a definition with
\DeclareUnicodeCharacter 


! Package inputenc Error: Unicode character Î¹ (U+03B9)
(inputenc)                not set up for use with LaTeX.

See the inputenc package documentation for explanation.
Type  H <return>  for immediate help.
 ...                                              
                                                  
l.3 \subsection{Î£Îµ Î´ÏÎ¿ Î´Î¹
                                Î±ÏƒÏ„Î¬ÏƒÎµÎ¹Ï‚}
You may provide a definition with
\DeclareUnicodeCharacter 


! Package inputenc Error: Unicode character Î± (U+03B1)
(inputenc)                not set up for use with LaTeX.

See the inputenc package documentation for explanation.
Type  H <return>  for immediate help.
 ...                                              
                                                  
l.3 \subsection{Î£Îµ Î´ÏÎ¿ Î´Î¹Î±
                                  ÏƒÏ„Î¬ÏƒÎµÎ¹Ï‚}
You may provide a definition with
\DeclareUnicodeCharacter 


! Package inputenc Error: Unicode character Ïƒ (U+03C3)
(inputenc)                not set up for use with LaTeX.

See the inputenc package documentation for explanation.
Type  H <return>  for immediate help.
 ...                                              
                                                  
l.3 \subsection{Î£Îµ Î´ÏÎ¿ Î´Î¹Î±Ïƒ
                                    Ï„Î¬ÏƒÎµÎ¹Ï‚}
You may provide a definition with
\DeclareUnicodeCharacter 


! Package inputenc Error: Unicode character Ï„ (U+03C4)
(inputenc)                not set up for use with LaTeX.

See the inputenc package documentation for explanation.
Type  H <return>  for immediate help.
 ...                                              
                                                  
l.3 \subsection{Î£Îµ Î´ÏÎ¿ Î´Î¹Î±ÏƒÏ„
                                      Î¬ÏƒÎµÎ¹Ï‚}
You may provide a definition with
\DeclareUnicodeCharacter 


! Package inputenc Error: Unicode character Î¬ (U+03AC)
(inputenc)                not set up for use with LaTeX.

See the inputenc package documentation for explanation.
Type  H <return>  for immediate help.
 ...                                              
                                                  
l.3 \subsection{Î£Îµ Î´ÏÎ¿ Î´Î¹Î±ÏƒÏ„Î¬
                                        ÏƒÎµÎ¹Ï‚}
You may provide a definition with
\DeclareUnicodeCharacter 


! Package inputenc Error: Unicode character Ïƒ (U+03C3)
(inputenc)                not set up for use with LaTeX.

See the inputenc package documentation for explanation.
Type  H <return>  for immediate help.
 ...                                              
                                                  
l.3 \subsection{Î£Îµ Î´ÏÎ¿ Î´Î¹Î±ÏƒÏ„Î¬Ïƒ
                                          ÎµÎ¹Ï‚}
You may provide a definition with
\DeclareUnicodeCharacter 


! Package inputenc Error: Unicode character Îµ (U+03B5)
(inputenc)                not set up for use with LaTeX.

See the inputenc package documentation for explanation.
Type  H <return>  for immediate help.
 ...                                              
                                                  
l.3 \subsection{Î£Îµ Î´ÏÎ¿ Î´Î¹Î±ÏƒÏ„Î¬ÏƒÎµ
                                            Î¹Ï‚}
You may provide a definition with
\DeclareUnicodeCharacter 


! Package inputenc Error: Unicode character Î¹ (U+03B9)
(inputenc)                not set up for use with LaTeX.

See the inputenc package documentation for explanation.
Type  H <return>  for immediate help.
 ...                                              
                                                  
l.3 \subsection{Î£Îµ Î´ÏÎ¿ Î´Î¹Î±ÏƒÏ„Î¬ÏƒÎµÎ¹
                                              Ï‚}
You may provide a definition with
\DeclareUnicodeCharacter 


! Package inputenc Error: Unicode character Ï‚ (U+03C2)
(inputenc)                not set up for use with LaTeX.

See the inputenc package documentation for explanation.
Type  H <return>  for immediate help.
 ...                                              
                                                  
l.3 \subsection{Î£Îµ Î´ÏÎ¿ Î´Î¹Î±ÏƒÏ„Î¬ÏƒÎµÎ¹Ï‚
                                                }
You may provide a definition with
\DeclareUnicodeCharacter 

)
! Emergency stop.
<*> ./DiscreteRW.tex
                    
*** (job aborted, no legal \end found)

 
Here is how much of TeX's memory you used:
 47 strings out of 478870
 671 string characters out of 2848836
 291248 words of memory out of 3000000
 18064 multiletter control sequences out of 15000+600000
 403430 words of font info for 27 fonts, out of 8000000 for 9000
 1141 hyphenation exceptions out of 8191
 13i,0n,12p,162b,42s stack positions out of 5000i,500n,10000p,200000b,80000s
!  ==> Fatal error occurred, no output PDF file produced!
