This is pdfTeX, Version 3.141592653-2.6-1.40.24 (MiKTeX 22.8) (preloaded format=pdflatex 2022.8.17)  19 AUG 2022 11:32
entering extended mode
 restricted \write18 enabled.
 %&-line parsing enabled.
**./NofDifferentPositions.tex
(NofDifferentPositions.tex
LaTeX2e <2022-06-01> patch level 5
L3 programming layer <2022-08-05>
! Undefined control sequence.
l.1 \section
            {Î‘ÏÎ¹Î¸Î¼ÏŒÏ‚ Ï€Î»ÎµÎ³Î¼Î±Ï„Î¹ÎºÏÎ½ Î¸Î­ÏƒÎµÏ‰Î½ Ï€Î¿Ï… Ï„Î¿ ...
The control sequence at the end of the top line
of your error message was never \def'ed. If you have
misspelled it (e.g., `\hobx'), type `I' and the correct
spelling (e.g., `I\hbox'). Otherwise just continue,
and I'll forget about whatever was undefined.


! LaTeX Error: Unicode character Î‘ (U+0391)
               not set up for use with LaTeX.

See the LaTeX manual or LaTeX Companion for explanation.
Type  H <return>  for immediate help.
 ...                                              
                                                  
l.1 \section{Î‘
               ÏÎ¹Î¸Î¼ÏŒÏ‚ Ï€Î»ÎµÎ³Î¼Î±Ï„Î¹ÎºÏÎ½ Î¸Î­ÏƒÎµÏ‰Î½ Ï€Î¿Ï… Ï„Î¿ ...

You may provide a definition with
\DeclareUnicodeCharacter 


! LaTeX Error: Unicode character Ï (U+03C1)
               not set up for use with LaTeX.

See the LaTeX manual or LaTeX Companion for explanation.
Type  H <return>  for immediate help.
 ...                                              
                                                  
l.1 \section{Î‘Ï
                 Î¹Î¸Î¼ÏŒÏ‚ Ï€Î»ÎµÎ³Î¼Î±Ï„Î¹ÎºÏÎ½ Î¸Î­ÏƒÎµÏ‰Î½ Ï€Î¿Ï… Ï„Î¿ ...

You may provide a definition with
\DeclareUnicodeCharacter 


! LaTeX Error: Unicode character Î¹ (U+03B9)
               not set up for use with LaTeX.

See the LaTeX manual or LaTeX Companion for explanation.
Type  H <return>  for immediate help.
 ...                                              
                                                  
l.1 \section{Î‘ÏÎ¹
                   Î¸Î¼ÏŒÏ‚ Ï€Î»ÎµÎ³Î¼Î±Ï„Î¹ÎºÏÎ½ Î¸Î­ÏƒÎµÏ‰Î½ Ï€Î¿Ï… Ï„Î¿ ...

You may provide a definition with
\DeclareUnicodeCharacter 


! LaTeX Error: Unicode character Î¸ (U+03B8)
               not set up for use with LaTeX.

See the LaTeX manual or LaTeX Companion for explanation.
Type  H <return>  for immediate help.
 ...                                              
                                                  
l.1 \section{Î‘ÏÎ¹Î¸
                     Î¼ÏŒÏ‚ Ï€Î»ÎµÎ³Î¼Î±Ï„Î¹ÎºÏÎ½ Î¸Î­ÏƒÎµÏ‰Î½ Ï€Î¿Ï… Ï„Î¿ ...

You may provide a definition with
\DeclareUnicodeCharacter 


! LaTeX Error: Unicode character Î¼ (U+03BC)
               not set up for use with LaTeX.

See the LaTeX manual or LaTeX Companion for explanation.
Type  H <return>  for immediate help.
 ...                                              
                                                  
l.1 \section{Î‘ÏÎ¹Î¸Î¼
                       ÏŒÏ‚ Ï€Î»ÎµÎ³Î¼Î±Ï„Î¹ÎºÏÎ½ Î¸Î­ÏƒÎµÏ‰Î½ Ï€Î¿Ï… Ï„Î¿ ...

You may provide a definition with
\DeclareUnicodeCharacter 


! LaTeX Error: Unicode character ÏŒ (U+03CC)
               not set up for use with LaTeX.

See the LaTeX manual or LaTeX Companion for explanation.
Type  H <return>  for immediate help.
 ...                                              
                                                  
l.1 \section{Î‘ÏÎ¹Î¸Î¼ÏŒ
                         Ï‚ Ï€Î»ÎµÎ³Î¼Î±Ï„Î¹ÎºÏÎ½ Î¸Î­ÏƒÎµÏ‰Î½ Ï€Î¿Ï… Ï„Î¿ ...

You may provide a definition with
\DeclareUnicodeCharacter 


! LaTeX Error: Unicode character Ï‚ (U+03C2)
               not set up for use with LaTeX.

See the LaTeX manual or LaTeX Companion for explanation.
Type  H <return>  for immediate help.
 ...                                              
                                                  
l.1 \section{Î‘ÏÎ¹Î¸Î¼ÏŒÏ‚
                            Ï€Î»ÎµÎ³Î¼Î±Ï„Î¹ÎºÏÎ½ Î¸Î­ÏƒÎµÏ‰Î½ Ï€Î¿Ï… Ï„Î¿ ...

You may provide a definition with
\DeclareUnicodeCharacter 


! LaTeX Error: Unicode character Ï€ (U+03C0)
               not set up for use with LaTeX.

See the LaTeX manual or LaTeX Companion for explanation.
Type  H <return>  for immediate help.
 ...                                              
                                                  
l.1 \section{Î‘ÏÎ¹Î¸Î¼ÏŒÏ‚ Ï€
                              Î»ÎµÎ³Î¼Î±Ï„Î¹ÎºÏÎ½ Î¸Î­ÏƒÎµÏ‰Î½ Ï€Î¿Ï… Ï„Î¿ ...

You may provide a definition with
\DeclareUnicodeCharacter 


! LaTeX Error: Unicode character Î» (U+03BB)
               not set up for use with LaTeX.

See the LaTeX manual or LaTeX Companion for explanation.
Type  H <return>  for immediate help.
 ...                                              
                                                  
l.1 \section{Î‘ÏÎ¹Î¸Î¼ÏŒÏ‚ Ï€Î»
                                ÎµÎ³Î¼Î±Ï„Î¹ÎºÏÎ½ Î¸Î­ÏƒÎµÏ‰Î½ Ï€Î¿Ï… Ï„Î¿ ...

You may provide a definition with
\DeclareUnicodeCharacter 


! LaTeX Error: Unicode character Îµ (U+03B5)
               not set up for use with LaTeX.

See the LaTeX manual or LaTeX Companion for explanation.
Type  H <return>  for immediate help.
 ...                                              
                                                  
l.1 \section{Î‘ÏÎ¹Î¸Î¼ÏŒÏ‚ Ï€Î»Îµ
                                  Î³Î¼Î±Ï„Î¹ÎºÏÎ½ Î¸Î­ÏƒÎµÏ‰Î½ Ï€Î¿Ï… Ï„Î¿ ...

You may provide a definition with
\DeclareUnicodeCharacter 


! LaTeX Error: Unicode character Î³ (U+03B3)
               not set up for use with LaTeX.

See the LaTeX manual or LaTeX Companion for explanation.
Type  H <return>  for immediate help.
 ...                                              
                                                  
l.1 \section{Î‘ÏÎ¹Î¸Î¼ÏŒÏ‚ Ï€Î»ÎµÎ³
                                    Î¼Î±Ï„Î¹ÎºÏÎ½ Î¸Î­ÏƒÎµÏ‰Î½ Ï€Î¿Ï… Ï„Î¿ ...

You may provide a definition with
\DeclareUnicodeCharacter 


! LaTeX Error: Unicode character Î¼ (U+03BC)
               not set up for use with LaTeX.

See the LaTeX manual or LaTeX Companion for explanation.
Type  H <return>  for immediate help.
 ...                                              
                                                  
l.1 \section{Î‘ÏÎ¹Î¸Î¼ÏŒÏ‚ Ï€Î»ÎµÎ³Î¼
                                      Î±Ï„Î¹ÎºÏÎ½ Î¸Î­ÏƒÎµÏ‰Î½ Ï€Î¿Ï… Ï„Î¿ ...

You may provide a definition with
\DeclareUnicodeCharacter 


! LaTeX Error: Unicode character Î± (U+03B1)
               not set up for use with LaTeX.

See the LaTeX manual or LaTeX Companion for explanation.
Type  H <return>  for immediate help.
 ...                                              
                                                  
l.1 \section{Î‘ÏÎ¹Î¸Î¼ÏŒÏ‚ Ï€Î»ÎµÎ³Î¼Î±
                                        Ï„Î¹ÎºÏÎ½ Î¸Î­ÏƒÎµÏ‰Î½ Ï€Î¿Ï… Ï„Î¿ ...

You may provide a definition with
\DeclareUnicodeCharacter 


! LaTeX Error: Unicode character Ï„ (U+03C4)
               not set up for use with LaTeX.

See the LaTeX manual or LaTeX Companion for explanation.
Type  H <return>  for immediate help.
 ...                                              
                                                  
l.1 \section{Î‘ÏÎ¹Î¸Î¼ÏŒÏ‚ Ï€Î»ÎµÎ³Î¼Î±Ï„
                                          Î¹ÎºÏÎ½ Î¸Î­ÏƒÎµÏ‰Î½ Ï€Î¿Ï… Ï„Î¿ ...

You may provide a definition with
\DeclareUnicodeCharacter 


! LaTeX Error: Unicode character Î¹ (U+03B9)
               not set up for use with LaTeX.

See the LaTeX manual or LaTeX Companion for explanation.
Type  H <return>  for immediate help.
 ...                                              
                                                  
l.1 \section{Î‘ÏÎ¹Î¸Î¼ÏŒÏ‚ Ï€Î»ÎµÎ³Î¼Î±Ï„Î¹
                                            ÎºÏÎ½ Î¸Î­ÏƒÎµÏ‰Î½ Ï€Î¿Ï… Ï„Î¿ ...

You may provide a definition with
\DeclareUnicodeCharacter 


! LaTeX Error: Unicode character Îº (U+03BA)
               not set up for use with LaTeX.

See the LaTeX manual or LaTeX Companion for explanation.
Type  H <return>  for immediate help.
 ...                                              
                                                  
l.1 \section{Î‘ÏÎ¹Î¸Î¼ÏŒÏ‚ Ï€Î»ÎµÎ³Î¼Î±Ï„Î¹Îº
                                              ÏÎ½ Î¸Î­ÏƒÎµÏ‰Î½ Ï€Î¿Ï… Ï„Î¿ ...

You may provide a definition with
\DeclareUnicodeCharacter 


! LaTeX Error: Unicode character Ï (U+03CE)
               not set up for use with LaTeX.

See the LaTeX manual or LaTeX Companion for explanation.
Type  H <return>  for immediate help.
 ...                                              
                                                  
l.1 \section{Î‘ÏÎ¹Î¸Î¼ÏŒÏ‚ Ï€Î»ÎµÎ³Î¼Î±Ï„Î¹ÎºÏ
                                                Î½ Î¸Î­ÏƒÎµÏ‰Î½ Ï€Î¿Ï… Ï„Î¿ ...

You may provide a definition with
\DeclareUnicodeCharacter 


! LaTeX Error: Unicode character Î½ (U+03BD)
               not set up for use with LaTeX.

See the LaTeX manual or LaTeX Companion for explanation.
Type  H <return>  for immediate help.
 ...                                              
                                                  
l.1 \section{Î‘ÏÎ¹Î¸Î¼ÏŒÏ‚ Ï€Î»ÎµÎ³Î¼Î±Ï„Î¹ÎºÏÎ½
                                                   Î¸Î­ÏƒÎµÏ‰Î½ Ï€Î¿Ï… Ï„Î¿ ...

You may provide a definition with
\DeclareUnicodeCharacter 


! LaTeX Error: Unicode character Î¸ (U+03B8)
               not set up for use with LaTeX.

See the LaTeX manual or LaTeX Companion for explanation.
Type  H <return>  for immediate help.
 ...                                              
                                                  
l.1 ...on{Î‘ÏÎ¹Î¸Î¼ÏŒÏ‚ Ï€Î»ÎµÎ³Î¼Î±Ï„Î¹ÎºÏÎ½ Î¸
                                                  Î­ÏƒÎµÏ‰Î½ Ï€Î¿Ï… Ï„Î¿ ÏƒÏ...

You may provide a definition with
\DeclareUnicodeCharacter 


! LaTeX Error: Unicode character Î­ (U+03AD)
               not set up for use with LaTeX.

See the LaTeX manual or LaTeX Companion for explanation.
Type  H <return>  for immediate help.
 ...                                              
                                                  
l.1 ...{Î‘ÏÎ¹Î¸Î¼ÏŒÏ‚ Ï€Î»ÎµÎ³Î¼Î±Ï„Î¹ÎºÏÎ½ Î¸Î­
                                                  ÏƒÎµÏ‰Î½ Ï€Î¿Ï… Ï„Î¿ ÏƒÏ‰Î...

You may provide a definition with
\DeclareUnicodeCharacter 


! LaTeX Error: Unicode character Ïƒ (U+03C3)
               not set up for use with LaTeX.

See the LaTeX manual or LaTeX Companion for explanation.
Type  H <return>  for immediate help.
 ...                                              
                                                  
l.1 ...‘ÏÎ¹Î¸Î¼ÏŒÏ‚ Ï€Î»ÎµÎ³Î¼Î±Ï„Î¹ÎºÏÎ½ Î¸Î­Ïƒ
                                                  ÎµÏ‰Î½ Ï€Î¿Ï… Ï„Î¿ ÏƒÏ‰Î¼Î...

You may provide a definition with
\DeclareUnicodeCharacter 


! LaTeX Error: Unicode character Îµ (U+03B5)
               not set up for use with LaTeX.

See the LaTeX manual or LaTeX Companion for explanation.
Type  H <return>  for immediate help.
 ...                                              
                                                  
l.1 ...Î¹Î¸Î¼ÏŒÏ‚ Ï€Î»ÎµÎ³Î¼Î±Ï„Î¹ÎºÏÎ½ Î¸Î­ÏƒÎµ
                                                  Ï‰Î½ Ï€Î¿Ï… Ï„Î¿ ÏƒÏ‰Î¼Î±Ï...

You may provide a definition with
\DeclareUnicodeCharacter 


! LaTeX Error: Unicode character Ï‰ (U+03C9)
               not set up for use with LaTeX.

See the LaTeX manual or LaTeX Companion for explanation.
Type  H <return>  for immediate help.
 ...                                              
                                                  
l.1 ...¹Î¸Î¼ÏŒÏ‚ Ï€Î»ÎµÎ³Î¼Î±Ï„Î¹ÎºÏÎ½ Î¸Î­ÏƒÎµÏ‰
                                                  Î½ Ï€Î¿Ï… Ï„Î¿ ÏƒÏ‰Î¼Î±Ï„Î...

You may provide a definition with
\DeclareUnicodeCharacter 


! LaTeX Error: Unicode character Î½ (U+03BD)
               not set up for use with LaTeX.

See the LaTeX manual or LaTeX Companion for explanation.
Type  H <return>  for immediate help.
 ...                                              
                                                  
l.1 ...¸Î¼ÏŒÏ‚ Ï€Î»ÎµÎ³Î¼Î±Ï„Î¹ÎºÏÎ½ Î¸Î­ÏƒÎµÏ‰Î½
                                                   Ï€Î¿Ï… Ï„Î¿ ÏƒÏ‰Î¼Î±Ï„Î¯Î...

You may provide a definition with
\DeclareUnicodeCharacter 


! LaTeX Error: Unicode character Ï€ (U+03C0)
               not set up for use with LaTeX.

See the LaTeX manual or LaTeX Companion for explanation.
Type  H <return>  for immediate help.
 ...                                              
                                                  
l.1 ...ÏŒÏ‚ Ï€Î»ÎµÎ³Î¼Î±Ï„Î¹ÎºÏÎ½ Î¸Î­ÏƒÎµÏ‰Î½ Ï€
                                                  Î¿Ï… Ï„Î¿ ÏƒÏ‰Î¼Î±Ï„Î¯Î´Î¹...

You may provide a definition with
\DeclareUnicodeCharacter 


! LaTeX Error: Unicode character Î¿ (U+03BF)
               not set up for use with LaTeX.

See the LaTeX manual or LaTeX Companion for explanation.
Type  H <return>  for immediate help.
 ...                                              
                                                  
l.1 ...Ï‚ Ï€Î»ÎµÎ³Î¼Î±Ï„Î¹ÎºÏÎ½ Î¸Î­ÏƒÎµÏ‰Î½ Ï€Î¿
                                                  Ï… Ï„Î¿ ÏƒÏ‰Î¼Î±Ï„Î¯Î´Î¹Î¿...

You may provide a definition with
\DeclareUnicodeCharacter 


! LaTeX Error: Unicode character Ï… (U+03C5)
               not set up for use with LaTeX.

See the LaTeX manual or LaTeX Companion for explanation.
Type  H <return>  for immediate help.
 ...                                              
                                                  
l.1 ... Ï€Î»ÎµÎ³Î¼Î±Ï„Î¹ÎºÏÎ½ Î¸Î­ÏƒÎµÏ‰Î½ Ï€Î¿Ï…
                                                   Ï„Î¿ ÏƒÏ‰Î¼Î±Ï„Î¯Î´Î¹Î¿ Î...

You may provide a definition with
\DeclareUnicodeCharacter 


! LaTeX Error: Unicode character Ï„ (U+03C4)
               not set up for use with LaTeX.

See the LaTeX manual or LaTeX Companion for explanation.
Type  H <return>  for immediate help.
 ...                                              
                                                  
l.1 ...Î»ÎµÎ³Î¼Î±Ï„Î¹ÎºÏÎ½ Î¸Î­ÏƒÎµÏ‰Î½ Ï€Î¿Ï… Ï„
                                                  Î¿ ÏƒÏ‰Î¼Î±Ï„Î¯Î´Î¹Î¿ ÎµÏ€...

You may provide a definition with
\DeclareUnicodeCharacter 


! LaTeX Error: Unicode character Î¿ (U+03BF)
               not set up for use with LaTeX.

See the LaTeX manual or LaTeX Companion for explanation.
Type  H <return>  for immediate help.
 ...                                              
                                                  
l.1 ...ÎµÎ³Î¼Î±Ï„Î¹ÎºÏÎ½ Î¸Î­ÏƒÎµÏ‰Î½ Ï€Î¿Ï… Ï„Î¿
                                                   ÏƒÏ‰Î¼Î±Ï„Î¯Î´Î¹Î¿ ÎµÏ€Î¹...

You may provide a definition with
\DeclareUnicodeCharacter 


! LaTeX Error: Unicode character Ïƒ (U+03C3)
               not set up for use with LaTeX.

See the LaTeX manual or LaTeX Companion for explanation.
Type  H <return>  for immediate help.
 ...                                              
                                                  
l.1 ...³Î¼Î±Ï„Î¹ÎºÏÎ½ Î¸Î­ÏƒÎµÏ‰Î½ Ï€Î¿Ï… Ï„Î¿ Ïƒ
                                                  Ï‰Î¼Î±Ï„Î¯Î´Î¹Î¿ ÎµÏ€Î¹ÏƒÎ...

You may provide a definition with
\DeclareUnicodeCharacter 


! LaTeX Error: Unicode character Ï‰ (U+03C9)
               not set up for use with LaTeX.

See the LaTeX manual or LaTeX Companion for explanation.
Type  H <return>  for immediate help.
 ...                                              
                                                  
l.1 ...¼Î±Ï„Î¹ÎºÏÎ½ Î¸Î­ÏƒÎµÏ‰Î½ Ï€Î¿Ï… Ï„Î¿ ÏƒÏ‰
                                                  Î¼Î±Ï„Î¯Î´Î¹Î¿ ÎµÏ€Î¹ÏƒÎºÎ...

You may provide a definition with
\DeclareUnicodeCharacter 


! LaTeX Error: Unicode character Î¼ (U+03BC)
               not set up for use with LaTeX.

See the LaTeX manual or LaTeX Companion for explanation.
Type  H <return>  for immediate help.
 ...                                              
                                                  
l.1 ...±Ï„Î¹ÎºÏÎ½ Î¸Î­ÏƒÎµÏ‰Î½ Ï€Î¿Ï… Ï„Î¿ ÏƒÏ‰Î¼
                                                  Î±Ï„Î¯Î´Î¹Î¿ ÎµÏ€Î¹ÏƒÎºÎ­Ï...

You may provide a definition with
\DeclareUnicodeCharacter 


! LaTeX Error: Unicode character Î± (U+03B1)
               not set up for use with LaTeX.

See the LaTeX manual or LaTeX Companion for explanation.
Type  H <return>  for immediate help.
 ...                                              
                                                  
l.1 ...„Î¹ÎºÏÎ½ Î¸Î­ÏƒÎµÏ‰Î½ Ï€Î¿Ï… Ï„Î¿ ÏƒÏ‰Î¼Î±
                                                  Ï„Î¯Î´Î¹Î¿ ÎµÏ€Î¹ÏƒÎºÎ­Ï†Ï...

You may provide a definition with
\DeclareUnicodeCharacter 


! LaTeX Error: Unicode character Ï„ (U+03C4)
               not set up for use with LaTeX.

See the LaTeX manual or LaTeX Companion for explanation.
Type  H <return>  for immediate help.
 ...                                              
                                                  
l.1 ...¹ÎºÏÎ½ Î¸Î­ÏƒÎµÏ‰Î½ Ï€Î¿Ï… Ï„Î¿ ÏƒÏ‰Î¼Î±Ï„
                                                  Î¯Î´Î¹Î¿ ÎµÏ€Î¹ÏƒÎºÎ­Ï†Ï„Î...

You may provide a definition with
\DeclareUnicodeCharacter 


! LaTeX Error: Unicode character Î¯ (U+03AF)
               not set up for use with LaTeX.

See the LaTeX manual or LaTeX Companion for explanation.
Type  H <return>  for immediate help.
 ...                                              
                                                  
l.1 ...ºÏÎ½ Î¸Î­ÏƒÎµÏ‰Î½ Ï€Î¿Ï… Ï„Î¿ ÏƒÏ‰Î¼Î±Ï„Î¯
                                                  Î´Î¹Î¿ ÎµÏ€Î¹ÏƒÎºÎ­Ï†Ï„Î·Î...

You may provide a definition with
\DeclareUnicodeCharacter 


! LaTeX Error: Unicode character Î´ (U+03B4)
               not set up for use with LaTeX.

See the LaTeX manual or LaTeX Companion for explanation.
Type  H <return>  for immediate help.
 ...                                              
                                                  
l.1 ...Î½ Î¸Î­ÏƒÎµÏ‰Î½ Ï€Î¿Ï… Ï„Î¿ ÏƒÏ‰Î¼Î±Ï„Î¯Î´
                                                  Î¹Î¿ ÎµÏ€Î¹ÏƒÎºÎ­Ï†Ï„Î·ÎºÎ...

You may provide a definition with
\DeclareUnicodeCharacter 


! LaTeX Error: Unicode character Î¹ (U+03B9)
               not set up for use with LaTeX.

See the LaTeX manual or LaTeX Companion for explanation.
Type  H <return>  for immediate help.
 ...                                              
                                                  
l.1 ...½ Î¸Î­ÏƒÎµÏ‰Î½ Ï€Î¿Ï… Ï„Î¿ ÏƒÏ‰Î¼Î±Ï„Î¯Î´Î¹
                                                  Î¿ ÎµÏ€Î¹ÏƒÎºÎ­Ï†Ï„Î·ÎºÎµ ...

You may provide a definition with
\DeclareUnicodeCharacter 


! LaTeX Error: Unicode character Î¿ (U+03BF)
               not set up for use with LaTeX.

See the LaTeX manual or LaTeX Companion for explanation.
Type  H <return>  for immediate help.
 ...                                              
                                                  
l.1 ...Î¸Î­ÏƒÎµÏ‰Î½ Ï€Î¿Ï… Ï„Î¿ ÏƒÏ‰Î¼Î±Ï„Î¯Î´Î¹Î¿
                                                   ÎµÏ€Î¹ÏƒÎºÎ­Ï†Ï„Î·ÎºÎµ Ï„...

You may provide a definition with
\DeclareUnicodeCharacter 


! LaTeX Error: Unicode character Îµ (U+03B5)
               not set up for use with LaTeX.

See the LaTeX manual or LaTeX Companion for explanation.
Type  H <return>  for immediate help.
 ...                                              
                                                  
l.1 ...­ÏƒÎµÏ‰Î½ Ï€Î¿Ï… Ï„Î¿ ÏƒÏ‰Î¼Î±Ï„Î¯Î´Î¹Î¿ Îµ
                                                  Ï€Î¹ÏƒÎºÎ­Ï†Ï„Î·ÎºÎµ Ï„Î¿Ï...

You may provide a definition with
\DeclareUnicodeCharacter 


! LaTeX Error: Unicode character Ï€ (U+03C0)
               not set up for use with LaTeX.

See the LaTeX manual or LaTeX Companion for explanation.
Type  H <return>  for immediate help.
 ...                                              
                                                  
l.1 ...ƒÎµÏ‰Î½ Ï€Î¿Ï… Ï„Î¿ ÏƒÏ‰Î¼Î±Ï„Î¯Î´Î¹Î¿ ÎµÏ€
                                                  Î¹ÏƒÎºÎ­Ï†Ï„Î·ÎºÎµ Ï„Î¿Ï…Î...

You may provide a definition with
\DeclareUnicodeCharacter 


! LaTeX Error: Unicode character Î¹ (U+03B9)
               not set up for use with LaTeX.

See the LaTeX manual or LaTeX Companion for explanation.
Type  H <return>  for immediate help.
 ...                                              
                                                  
l.1 ...µÏ‰Î½ Ï€Î¿Ï… Ï„Î¿ ÏƒÏ‰Î¼Î±Ï„Î¯Î´Î¹Î¿ ÎµÏ€Î¹
                                                  ÏƒÎºÎ­Ï†Ï„Î·ÎºÎµ Ï„Î¿Ï…Î»Î...

You may provide a definition with
\DeclareUnicodeCharacter 


! LaTeX Error: Unicode character Ïƒ (U+03C3)
               not set up for use with LaTeX.

See the LaTeX manual or LaTeX Companion for explanation.
Type  H <return>  for immediate help.
 ...                                              
                                                  
l.1 ...‰Î½ Ï€Î¿Ï… Ï„Î¿ ÏƒÏ‰Î¼Î±Ï„Î¯Î´Î¹Î¿ ÎµÏ€Î¹Ïƒ
                                                  ÎºÎ­Ï†Ï„Î·ÎºÎµ Ï„Î¿Ï…Î»Î¬Ï...

You may provide a definition with
\DeclareUnicodeCharacter 


! LaTeX Error: Unicode character Îº (U+03BA)
               not set up for use with LaTeX.

See the LaTeX manual or LaTeX Companion for explanation.
Type  H <return>  for immediate help.
 ...                                              
                                                  
l.1 ...½ Ï€Î¿Ï… Ï„Î¿ ÏƒÏ‰Î¼Î±Ï„Î¯Î´Î¹Î¿ ÎµÏ€Î¹ÏƒÎº
                                                  Î­Ï†Ï„Î·ÎºÎµ Ï„Î¿Ï…Î»Î¬Ï‡Î...

You may provide a definition with
\DeclareUnicodeCharacter 


! LaTeX Error: Unicode character Î­ (U+03AD)
               not set up for use with LaTeX.

See the LaTeX manual or LaTeX Companion for explanation.
Type  H <return>  for immediate help.
 ...                                              
                                                  
l.1 ...Ï€Î¿Ï… Ï„Î¿ ÏƒÏ‰Î¼Î±Ï„Î¯Î´Î¹Î¿ ÎµÏ€Î¹ÏƒÎºÎ­
                                                  Ï†Ï„Î·ÎºÎµ Ï„Î¿Ï…Î»Î¬Ï‡Î¹Ï...

You may provide a definition with
\DeclareUnicodeCharacter 


! LaTeX Error: Unicode character Ï† (U+03C6)
               not set up for use with LaTeX.

See the LaTeX manual or LaTeX Companion for explanation.
Type  H <return>  for immediate help.
 ...                                              
                                                  
l.1 ...Î¿Ï… Ï„Î¿ ÏƒÏ‰Î¼Î±Ï„Î¯Î´Î¹Î¿ ÎµÏ€Î¹ÏƒÎºÎ­Ï†
                                                  Ï„Î·ÎºÎµ Ï„Î¿Ï…Î»Î¬Ï‡Î¹ÏƒÏ...

You may provide a definition with
\DeclareUnicodeCharacter 


! LaTeX Error: Unicode character Ï„ (U+03C4)
               not set up for use with LaTeX.

See the LaTeX manual or LaTeX Companion for explanation.
Type  H <return>  for immediate help.
 ...                                              
                                                  
l.1 ...Ï… Ï„Î¿ ÏƒÏ‰Î¼Î±Ï„Î¯Î´Î¹Î¿ ÎµÏ€Î¹ÏƒÎºÎ­Ï†Ï„
                                                  Î·ÎºÎµ Ï„Î¿Ï…Î»Î¬Ï‡Î¹ÏƒÏ„Î...

You may provide a definition with
\DeclareUnicodeCharacter 


! LaTeX Error: Unicode character Î· (U+03B7)
               not set up for use with LaTeX.

See the LaTeX manual or LaTeX Companion for explanation.
Type  H <return>  for immediate help.
 ...                                              
                                                  
l.1 ... Ï„Î¿ ÏƒÏ‰Î¼Î±Ï„Î¯Î´Î¹Î¿ ÎµÏ€Î¹ÏƒÎºÎ­Ï†Ï„Î·
                                                  ÎºÎµ Ï„Î¿Ï…Î»Î¬Ï‡Î¹ÏƒÏ„Î¿Î...

You may provide a definition with
\DeclareUnicodeCharacter 


! LaTeX Error: Unicode character Îº (U+03BA)
               not set up for use with LaTeX.

See the LaTeX manual or LaTeX Companion for explanation.
Type  H <return>  for immediate help.
 ...                                              
                                                  
l.1 ...„Î¿ ÏƒÏ‰Î¼Î±Ï„Î¯Î´Î¹Î¿ ÎµÏ€Î¹ÏƒÎºÎ­Ï†Ï„Î·Îº
                                                  Îµ Ï„Î¿Ï…Î»Î¬Ï‡Î¹ÏƒÏ„Î¿Î½ ...

You may provide a definition with
\DeclareUnicodeCharacter 


! LaTeX Error: Unicode character Îµ (U+03B5)
               not set up for use with LaTeX.

See the LaTeX manual or LaTeX Companion for explanation.
Type  H <return>  for immediate help.
 ...                                              
                                                  
l.1 ...¿ ÏƒÏ‰Î¼Î±Ï„Î¯Î´Î¹Î¿ ÎµÏ€Î¹ÏƒÎºÎ­Ï†Ï„Î·ÎºÎµ
                                                   Ï„Î¿Ï…Î»Î¬Ï‡Î¹ÏƒÏ„Î¿Î½ Î¼...

You may provide a definition with
\DeclareUnicodeCharacter 


! LaTeX Error: Unicode character Ï„ (U+03C4)
               not set up for use with LaTeX.

See the LaTeX manual or LaTeX Companion for explanation.
Type  H <return>  for immediate help.
 ...                                              
                                                  
l.1 ...ƒÏ‰Î¼Î±Ï„Î¯Î´Î¹Î¿ ÎµÏ€Î¹ÏƒÎºÎ­Ï†Ï„Î·ÎºÎµ Ï„
                                                  Î¿Ï…Î»Î¬Ï‡Î¹ÏƒÏ„Î¿Î½ Î¼Î¯Î...

You may provide a definition with
\DeclareUnicodeCharacter 


! LaTeX Error: Unicode character Î¿ (U+03BF)
               not set up for use with LaTeX.

See the LaTeX manual or LaTeX Companion for explanation.
Type  H <return>  for immediate help.
 ...                                              
                                                  
l.1 ...‰Î¼Î±Ï„Î¯Î´Î¹Î¿ ÎµÏ€Î¹ÏƒÎºÎ­Ï†Ï„Î·ÎºÎµ Ï„Î¿
                                                  Ï…Î»Î¬Ï‡Î¹ÏƒÏ„Î¿Î½ Î¼Î¯Î± ...

You may provide a definition with
\DeclareUnicodeCharacter 


! LaTeX Error: Unicode character Ï… (U+03C5)
               not set up for use with LaTeX.

See the LaTeX manual or LaTeX Companion for explanation.
Type  H <return>  for immediate help.
 ...                                              
                                                  
l.1 ...¼Î±Ï„Î¯Î´Î¹Î¿ ÎµÏ€Î¹ÏƒÎºÎ­Ï†Ï„Î·ÎºÎµ Ï„Î¿Ï…
                                                  Î»Î¬Ï‡Î¹ÏƒÏ„Î¿Î½ Î¼Î¯Î± Ï†...

You may provide a definition with
\DeclareUnicodeCharacter 


! LaTeX Error: Unicode character Î» (U+03BB)
               not set up for use with LaTeX.

See the LaTeX manual or LaTeX Companion for explanation.
Type  H <return>  for immediate help.
 ...                                              
                                                  
l.1 ...±Ï„Î¯Î´Î¹Î¿ ÎµÏ€Î¹ÏƒÎºÎ­Ï†Ï„Î·ÎºÎµ Ï„Î¿Ï…Î»
                                                  Î¬Ï‡Î¹ÏƒÏ„Î¿Î½ Î¼Î¯Î± Ï†Î¿...

You may provide a definition with
\DeclareUnicodeCharacter 


! LaTeX Error: Unicode character Î¬ (U+03AC)
               not set up for use with LaTeX.

See the LaTeX manual or LaTeX Companion for explanation.
Type  H <return>  for immediate help.
 ...                                              
                                                  
l.1 ...„Î¯Î´Î¹Î¿ ÎµÏ€Î¹ÏƒÎºÎ­Ï†Ï„Î·ÎºÎµ Ï„Î¿Ï…Î»Î¬
                                                  Ï‡Î¹ÏƒÏ„Î¿Î½ Î¼Î¯Î± Ï†Î¿ÏÎ¬}

You may provide a definition with
\DeclareUnicodeCharacter 


! LaTeX Error: Unicode character Ï‡ (U+03C7)
               not set up for use with LaTeX.

See the LaTeX manual or LaTeX Companion for explanation.
Type  H <return>  for immediate help.
 ...                                              
                                                  
l.1 ...¯Î´Î¹Î¿ ÎµÏ€Î¹ÏƒÎºÎ­Ï†Ï„Î·ÎºÎµ Ï„Î¿Ï…Î»Î¬Ï‡
                                                  Î¹ÏƒÏ„Î¿Î½ Î¼Î¯Î± Ï†Î¿ÏÎ¬}
You may provide a definition with
\DeclareUnicodeCharacter 


! LaTeX Error: Unicode character Î¹ (U+03B9)
               not set up for use with LaTeX.

See the LaTeX manual or LaTeX Companion for explanation.
Type  H <return>  for immediate help.
 ...                                              
                                                  
l.1 ...´Î¹Î¿ ÎµÏ€Î¹ÏƒÎºÎ­Ï†Ï„Î·ÎºÎµ Ï„Î¿Ï…Î»Î¬Ï‡Î¹
                                                  ÏƒÏ„Î¿Î½ Î¼Î¯Î± Ï†Î¿ÏÎ¬}
You may provide a definition with
\DeclareUnicodeCharacter 


! LaTeX Error: Unicode character Ïƒ (U+03C3)
               not set up for use with LaTeX.

See the LaTeX manual or LaTeX Companion for explanation.
Type  H <return>  for immediate help.
 ...                                              
                                                  
l.1 ...¹Î¿ ÎµÏ€Î¹ÏƒÎºÎ­Ï†Ï„Î·ÎºÎµ Ï„Î¿Ï…Î»Î¬Ï‡Î¹Ïƒ
                                                  Ï„Î¿Î½ Î¼Î¯Î± Ï†Î¿ÏÎ¬}
You may provide a definition with
\DeclareUnicodeCharacter 


! LaTeX Error: Unicode character Ï„ (U+03C4)
               not set up for use with LaTeX.

See the LaTeX manual or LaTeX Companion for explanation.
Type  H <return>  for immediate help.
 ...                                              
                                                  
l.1 ...¿ ÎµÏ€Î¹ÏƒÎºÎ­Ï†Ï„Î·ÎºÎµ Ï„Î¿Ï…Î»Î¬Ï‡Î¹ÏƒÏ„
                                                  Î¿Î½ Î¼Î¯Î± Ï†Î¿ÏÎ¬}
You may provide a definition with
\DeclareUnicodeCharacter 


! LaTeX Error: Unicode character Î¿ (U+03BF)
               not set up for use with LaTeX.

See the LaTeX manual or LaTeX Companion for explanation.
Type  H <return>  for immediate help.
 ...                                              
                                                  
l.1 ...ÎµÏ€Î¹ÏƒÎºÎ­Ï†Ï„Î·ÎºÎµ Ï„Î¿Ï…Î»Î¬Ï‡Î¹ÏƒÏ„Î¿
                                                  Î½ Î¼Î¯Î± Ï†Î¿ÏÎ¬}
You may provide a definition with
\DeclareUnicodeCharacter 


! LaTeX Error: Unicode character Î½ (U+03BD)
               not set up for use with LaTeX.

See the LaTeX manual or LaTeX Companion for explanation.
Type  H <return>  for immediate help.
 ...                                              
                                                  
l.1 ...Ï€Î¹ÏƒÎºÎ­Ï†Ï„Î·ÎºÎµ Ï„Î¿Ï…Î»Î¬Ï‡Î¹ÏƒÏ„Î¿Î½
                                                   Î¼Î¯Î± Ï†Î¿ÏÎ¬}
You may provide a definition with
\DeclareUnicodeCharacter 


! LaTeX Error: Unicode character Î¼ (U+03BC)
               not set up for use with LaTeX.

See the LaTeX manual or LaTeX Companion for explanation.
Type  H <return>  for immediate help.
 ...                                              
                                                  
l.1 ...¹ÏƒÎºÎ­Ï†Ï„Î·ÎºÎµ Ï„Î¿Ï…Î»Î¬Ï‡Î¹ÏƒÏ„Î¿Î½ Î¼
                                                  Î¯Î± Ï†Î¿ÏÎ¬}
You may provide a definition with
\DeclareUnicodeCharacter 


! LaTeX Error: Unicode character Î¯ (U+03AF)
               not set up for use with LaTeX.

See the LaTeX manual or LaTeX Companion for explanation.
Type  H <return>  for immediate help.
 ...                                              
                                                  
l.1 ...ƒÎºÎ­Ï†Ï„Î·ÎºÎµ Ï„Î¿Ï…Î»Î¬Ï‡Î¹ÏƒÏ„Î¿Î½ Î¼Î¯
                                                  Î± Ï†Î¿ÏÎ¬}
You may provide a definition with
\DeclareUnicodeCharacter 


! LaTeX Error: Unicode character Î± (U+03B1)
               not set up for use with LaTeX.

See the LaTeX manual or LaTeX Companion for explanation.
Type  H <return>  for immediate help.
 ...                                              
                                                  
l.1 ...ºÎ­Ï†Ï„Î·ÎºÎµ Ï„Î¿Ï…Î»Î¬Ï‡Î¹ÏƒÏ„Î¿Î½ Î¼Î¯Î±
                                                   Ï†Î¿ÏÎ¬}
You may provide a definition with
\DeclareUnicodeCharacter 


! LaTeX Error: Unicode character Ï† (U+03C6)
               not set up for use with LaTeX.

See the LaTeX manual or LaTeX Companion for explanation.
Type  H <return>  for immediate help.
 ...                                              
                                                  
l.1 ...Ï†Ï„Î·ÎºÎµ Ï„Î¿Ï…Î»Î¬Ï‡Î¹ÏƒÏ„Î¿Î½ Î¼Î¯Î± Ï†
                                                  Î¿ÏÎ¬}
You may provide a definition with
\DeclareUnicodeCharacter 


! LaTeX Error: Unicode character Î¿ (U+03BF)
               not set up for use with LaTeX.

See the LaTeX manual or LaTeX Companion for explanation.
Type  H <return>  for immediate help.
 ...                                              
                                                  
l.1 ...Ï„Î·ÎºÎµ Ï„Î¿Ï…Î»Î¬Ï‡Î¹ÏƒÏ„Î¿Î½ Î¼Î¯Î± Ï†Î¿
                                                  ÏÎ¬}
You may provide a definition with
\DeclareUnicodeCharacter 


! LaTeX Error: Unicode character Ï (U+03C1)
               not set up for use with LaTeX.

See the LaTeX manual or LaTeX Companion for explanation.
Type  H <return>  for immediate help.
 ...                                              
                                                  
l.1 ...Î·ÎºÎµ Ï„Î¿Ï…Î»Î¬Ï‡Î¹ÏƒÏ„Î¿Î½ Î¼Î¯Î± Ï†Î¿Ï
                                                  Î¬}
You may provide a definition with
\DeclareUnicodeCharacter 


! LaTeX Error: Unicode character Î¬ (U+03AC)
               not set up for use with LaTeX.

See the LaTeX manual or LaTeX Companion for explanation.
Type  H <return>  for immediate help.
 ...                                              
                                                  
l.1 ...ÎºÎµ Ï„Î¿Ï…Î»Î¬Ï‡Î¹ÏƒÏ„Î¿Î½ Î¼Î¯Î± Ï†Î¿ÏÎ¬
                                                  }
You may provide a definition with
\DeclareUnicodeCharacter 


! LaTeX Error: Unicode character Î˜ (U+0398)
               not set up for use with LaTeX.

See the LaTeX manual or LaTeX Companion for explanation.
Type  H <return>  for immediate help.
 ...                                              
                                                  
l.2 Î˜
      Î± ÎµÎºÏ„ÎµÎ»Î­ÏƒÎ¿Ï…Î¼Îµ Ï„ÏÏÎ± Î´ÏÎ¿ Ï€ÎµÎ¹ÏÎ¬Î¼Î±Ï„Î±  Î¼ÎµÎ»Îµ...

You may provide a definition with
\DeclareUnicodeCharacter 


! LaTeX Error: Unicode character Î± (U+03B1)
               not set up for use with LaTeX.

See the LaTeX manual or LaTeX Companion for explanation.
Type  H <return>  for immediate help.
 ...                                              
                                                  
l.2 Î˜Î±
         ÎµÎºÏ„ÎµÎ»Î­ÏƒÎ¿Ï…Î¼Îµ Ï„ÏÏÎ± Î´ÏÎ¿ Ï€ÎµÎ¹ÏÎ¬Î¼Î±Ï„Î±  Î¼ÎµÎ»Îµ...

You may provide a definition with
\DeclareUnicodeCharacter 


! LaTeX Error: Unicode character Îµ (U+03B5)
               not set up for use with LaTeX.

See the LaTeX manual or LaTeX Companion for explanation.
Type  H <return>  for immediate help.
 ...                                              
                                                  
l.2 Î˜Î± Îµ
           ÎºÏ„ÎµÎ»Î­ÏƒÎ¿Ï…Î¼Îµ Ï„ÏÏÎ± Î´ÏÎ¿ Ï€ÎµÎ¹ÏÎ¬Î¼Î±Ï„Î±  Î¼ÎµÎ»Îµ...

You may provide a definition with
\DeclareUnicodeCharacter 


! LaTeX Error: Unicode character Îº (U+03BA)
               not set up for use with LaTeX.

See the LaTeX manual or LaTeX Companion for explanation.
Type  H <return>  for immediate help.
 ...                                              
                                                  
l.2 Î˜Î± ÎµÎº
             Ï„ÎµÎ»Î­ÏƒÎ¿Ï…Î¼Îµ Ï„ÏÏÎ± Î´ÏÎ¿ Ï€ÎµÎ¹ÏÎ¬Î¼Î±Ï„Î±  Î¼ÎµÎ»Îµ...

You may provide a definition with
\DeclareUnicodeCharacter 


! LaTeX Error: Unicode character Ï„ (U+03C4)
               not set up for use with LaTeX.

See the LaTeX manual or LaTeX Companion for explanation.
Type  H <return>  for immediate help.
 ...                                              
                                                  
l.2 Î˜Î± ÎµÎºÏ„
               ÎµÎ»Î­ÏƒÎ¿Ï…Î¼Îµ Ï„ÏÏÎ± Î´ÏÎ¿ Ï€ÎµÎ¹ÏÎ¬Î¼Î±Ï„Î±  Î¼ÎµÎ»Îµ...

You may provide a definition with
\DeclareUnicodeCharacter 


! LaTeX Error: Unicode character Îµ (U+03B5)
               not set up for use with LaTeX.

See the LaTeX manual or LaTeX Companion for explanation.
Type  H <return>  for immediate help.
 ...                                              
                                                  
l.2 Î˜Î± ÎµÎºÏ„Îµ
                 Î»Î­ÏƒÎ¿Ï…Î¼Îµ Ï„ÏÏÎ± Î´ÏÎ¿ Ï€ÎµÎ¹ÏÎ¬Î¼Î±Ï„Î±  Î¼ÎµÎ»Îµ...

You may provide a definition with
\DeclareUnicodeCharacter 


! LaTeX Error: Unicode character Î» (U+03BB)
               not set up for use with LaTeX.

See the LaTeX manual or LaTeX Companion for explanation.
Type  H <return>  for immediate help.
 ...                                              
                                                  
l.2 Î˜Î± ÎµÎºÏ„ÎµÎ»
                   Î­ÏƒÎ¿Ï…Î¼Îµ Ï„ÏÏÎ± Î´ÏÎ¿ Ï€ÎµÎ¹ÏÎ¬Î¼Î±Ï„Î±  Î¼ÎµÎ»Îµ...

You may provide a definition with
\DeclareUnicodeCharacter 


! LaTeX Error: Unicode character Î­ (U+03AD)
               not set up for use with LaTeX.

See the LaTeX manual or LaTeX Companion for explanation.
Type  H <return>  for immediate help.
 ...                                              
                                                  
l.2 Î˜Î± ÎµÎºÏ„ÎµÎ»Î­
                     ÏƒÎ¿Ï…Î¼Îµ Ï„ÏÏÎ± Î´ÏÎ¿ Ï€ÎµÎ¹ÏÎ¬Î¼Î±Ï„Î±  Î¼ÎµÎ»Îµ...

You may provide a definition with
\DeclareUnicodeCharacter 


! LaTeX Error: Unicode character Ïƒ (U+03C3)
               not set up for use with LaTeX.

See the LaTeX manual or LaTeX Companion for explanation.
Type  H <return>  for immediate help.
 ...                                              
                                                  
l.2 Î˜Î± ÎµÎºÏ„ÎµÎ»Î­Ïƒ
                       Î¿Ï…Î¼Îµ Ï„ÏÏÎ± Î´ÏÎ¿ Ï€ÎµÎ¹ÏÎ¬Î¼Î±Ï„Î±  Î¼ÎµÎ»Îµ...

You may provide a definition with
\DeclareUnicodeCharacter 


! LaTeX Error: Unicode character Î¿ (U+03BF)
               not set up for use with LaTeX.

See the LaTeX manual or LaTeX Companion for explanation.
Type  H <return>  for immediate help.
 ...                                              
                                                  
l.2 Î˜Î± ÎµÎºÏ„ÎµÎ»Î­ÏƒÎ¿
                         Ï…Î¼Îµ Ï„ÏÏÎ± Î´ÏÎ¿ Ï€ÎµÎ¹ÏÎ¬Î¼Î±Ï„Î±  Î¼ÎµÎ»Îµ...

You may provide a definition with
\DeclareUnicodeCharacter 


! LaTeX Error: Unicode character Ï… (U+03C5)
               not set up for use with LaTeX.

See the LaTeX manual or LaTeX Companion for explanation.
Type  H <return>  for immediate help.
 ...                                              
                                                  
l.2 Î˜Î± ÎµÎºÏ„ÎµÎ»Î­ÏƒÎ¿Ï…
                           Î¼Îµ Ï„ÏÏÎ± Î´ÏÎ¿ Ï€ÎµÎ¹ÏÎ¬Î¼Î±Ï„Î±  Î¼ÎµÎ»Îµ...

You may provide a definition with
\DeclareUnicodeCharacter 


! LaTeX Error: Unicode character Î¼ (U+03BC)
               not set up for use with LaTeX.

See the LaTeX manual or LaTeX Companion for explanation.
Type  H <return>  for immediate help.
 ...                                              
                                                  
l.2 Î˜Î± ÎµÎºÏ„ÎµÎ»Î­ÏƒÎ¿Ï…Î¼
                             Îµ Ï„ÏÏÎ± Î´ÏÎ¿ Ï€ÎµÎ¹ÏÎ¬Î¼Î±Ï„Î±  Î¼ÎµÎ»Îµ...

You may provide a definition with
\DeclareUnicodeCharacter 


! LaTeX Error: Unicode character Îµ (U+03B5)
               not set up for use with LaTeX.

See the LaTeX manual or LaTeX Companion for explanation.
Type  H <return>  for immediate help.
 ...                                              
                                                  
l.2 Î˜Î± ÎµÎºÏ„ÎµÎ»Î­ÏƒÎ¿Ï…Î¼Îµ
                                Ï„ÏÏÎ± Î´ÏÎ¿ Ï€ÎµÎ¹ÏÎ¬Î¼Î±Ï„Î±  Î¼ÎµÎ»Îµ...

You may provide a definition with
\DeclareUnicodeCharacter 


! LaTeX Error: Unicode character Ï„ (U+03C4)
               not set up for use with LaTeX.

See the LaTeX manual or LaTeX Companion for explanation.
Type  H <return>  for immediate help.
 ...                                              
                                                  
l.2 Î˜Î± ÎµÎºÏ„ÎµÎ»Î­ÏƒÎ¿Ï…Î¼Îµ Ï„
                                  ÏÏÎ± Î´ÏÎ¿ Ï€ÎµÎ¹ÏÎ¬Î¼Î±Ï„Î±  Î¼ÎµÎ»Îµ...

You may provide a definition with
\DeclareUnicodeCharacter 


! LaTeX Error: Unicode character Ï (U+03CE)
               not set up for use with LaTeX.

See the LaTeX manual or LaTeX Companion for explanation.
Type  H <return>  for immediate help.
 ...                                              
                                                  
l.2 Î˜Î± ÎµÎºÏ„ÎµÎ»Î­ÏƒÎ¿Ï…Î¼Îµ Ï„Ï
                                    ÏÎ± Î´ÏÎ¿ Ï€ÎµÎ¹ÏÎ¬Î¼Î±Ï„Î±  Î¼ÎµÎ»Îµ...

You may provide a definition with
\DeclareUnicodeCharacter 


! LaTeX Error: Unicode character Ï (U+03C1)
               not set up for use with LaTeX.

See the LaTeX manual or LaTeX Companion for explanation.
Type  H <return>  for immediate help.
 ...                                              
                                                  
l.2 Î˜Î± ÎµÎºÏ„ÎµÎ»Î­ÏƒÎ¿Ï…Î¼Îµ Ï„ÏÏ
                                      Î± Î´ÏÎ¿ Ï€ÎµÎ¹ÏÎ¬Î¼Î±Ï„Î±  Î¼ÎµÎ»Îµ...

You may provide a definition with
\DeclareUnicodeCharacter 


! LaTeX Error: Unicode character Î± (U+03B1)
               not set up for use with LaTeX.

See the LaTeX manual or LaTeX Companion for explanation.
Type  H <return>  for immediate help.
 ...                                              
                                                  
l.2 Î˜Î± ÎµÎºÏ„ÎµÎ»Î­ÏƒÎ¿Ï…Î¼Îµ Ï„ÏÏÎ±
                                         Î´ÏÎ¿ Ï€ÎµÎ¹ÏÎ¬Î¼Î±Ï„Î±  Î¼ÎµÎ»Îµ...

You may provide a definition with
\DeclareUnicodeCharacter 


! LaTeX Error: Unicode character Î´ (U+03B4)
               not set up for use with LaTeX.

See the LaTeX manual or LaTeX Companion for explanation.
Type  H <return>  for immediate help.
 ...                                              
                                                  
l.2 Î˜Î± ÎµÎºÏ„ÎµÎ»Î­ÏƒÎ¿Ï…Î¼Îµ Ï„ÏÏÎ± Î´
                                           ÏÎ¿ Ï€ÎµÎ¹ÏÎ¬Î¼Î±Ï„Î±  Î¼ÎµÎ»Îµ...

You may provide a definition with
\DeclareUnicodeCharacter 


! LaTeX Error: Unicode character Ï (U+03CD)
               not set up for use with LaTeX.

See the LaTeX manual or LaTeX Companion for explanation.
Type  H <return>  for immediate help.
 ...                                              
                                                  
l.2 Î˜Î± ÎµÎºÏ„ÎµÎ»Î­ÏƒÎ¿Ï…Î¼Îµ Ï„ÏÏÎ± Î´Ï
                                             Î¿ Ï€ÎµÎ¹ÏÎ¬Î¼Î±Ï„Î±  Î¼ÎµÎ»Îµ...

You may provide a definition with
\DeclareUnicodeCharacter 


! LaTeX Error: Unicode character Î¿ (U+03BF)
               not set up for use with LaTeX.

See the LaTeX manual or LaTeX Companion for explanation.
Type  H <return>  for immediate help.
 ...                                              
                                                  
l.2 Î˜Î± ÎµÎºÏ„ÎµÎ»Î­ÏƒÎ¿Ï…Î¼Îµ Ï„ÏÏÎ± Î´ÏÎ¿
                                                Ï€ÎµÎ¹ÏÎ¬Î¼Î±Ï„Î±  Î¼ÎµÎ»Îµ...

You may provide a definition with
\DeclareUnicodeCharacter 


! LaTeX Error: Unicode character Ï€ (U+03C0)
               not set up for use with LaTeX.

See the LaTeX manual or LaTeX Companion for explanation.
Type  H <return>  for immediate help.
 ...                                              
                                                  
l.2 Î˜Î± ÎµÎºÏ„ÎµÎ»Î­ÏƒÎ¿Ï…Î¼Îµ Ï„ÏÏÎ± Î´ÏÎ¿ Ï€
                                                  ÎµÎ¹ÏÎ¬Î¼Î±Ï„Î±  Î¼ÎµÎ»Îµ...

You may provide a definition with
\DeclareUnicodeCharacter 


! LaTeX Error: Unicode character Îµ (U+03B5)
               not set up for use with LaTeX.

See the LaTeX manual or LaTeX Companion for explanation.
Type  H <return>  for immediate help.
 ...                                              
                                                  
l.2 ...ÎµÎºÏ„ÎµÎ»Î­ÏƒÎ¿Ï…Î¼Îµ Ï„ÏÏÎ± Î´ÏÎ¿ Ï€Îµ
                                                  Î¹ÏÎ¬Î¼Î±Ï„Î±  Î¼ÎµÎ»ÎµÏ„...

You may provide a definition with
\DeclareUnicodeCharacter 


! LaTeX Error: Unicode character Î¹ (U+03B9)
               not set up for use with LaTeX.

See the LaTeX manual or LaTeX Companion for explanation.
Type  H <return>  for immediate help.
 ...                                              
                                                  
l.2 ...ÎºÏ„ÎµÎ»Î­ÏƒÎ¿Ï…Î¼Îµ Ï„ÏÏÎ± Î´ÏÎ¿ Ï€ÎµÎ¹
                                                  ÏÎ¬Î¼Î±Ï„Î±  Î¼ÎµÎ»ÎµÏ„Ï...

You may provide a definition with
\DeclareUnicodeCharacter 


! LaTeX Error: Unicode character Ï (U+03C1)
               not set up for use with LaTeX.

See the LaTeX manual or LaTeX Companion for explanation.
Type  H <return>  for immediate help.
 ...                                              
                                                  
l.2 ...Ï„ÎµÎ»Î­ÏƒÎ¿Ï…Î¼Îµ Ï„ÏÏÎ± Î´ÏÎ¿ Ï€ÎµÎ¹Ï
                                                  Î¬Î¼Î±Ï„Î±  Î¼ÎµÎ»ÎµÏ„ÏÎ½...

You may provide a definition with
\DeclareUnicodeCharacter 


! LaTeX Error: Unicode character Î¬ (U+03AC)
               not set up for use with LaTeX.

See the LaTeX manual or LaTeX Companion for explanation.
Type  H <return>  for immediate help.
 ...                                              
                                                  
l.2 ...ÎµÎ»Î­ÏƒÎ¿Ï…Î¼Îµ Ï„ÏÏÎ± Î´ÏÎ¿ Ï€ÎµÎ¹ÏÎ¬
                                                  Î¼Î±Ï„Î±  Î¼ÎµÎ»ÎµÏ„ÏÎ½Ï„...

You may provide a definition with
\DeclareUnicodeCharacter 


! LaTeX Error: Unicode character Î¼ (U+03BC)
               not set up for use with LaTeX.

See the LaTeX manual or LaTeX Companion for explanation.
Type  H <return>  for immediate help.
 ...                                              
                                                  
l.2 ...Î»Î­ÏƒÎ¿Ï…Î¼Îµ Ï„ÏÏÎ± Î´ÏÎ¿ Ï€ÎµÎ¹ÏÎ¬Î¼
                                                  Î±Ï„Î±  Î¼ÎµÎ»ÎµÏ„ÏÎ½Ï„Î±...

You may provide a definition with
\DeclareUnicodeCharacter 


! LaTeX Error: Unicode character Î± (U+03B1)
               not set up for use with LaTeX.

See the LaTeX manual or LaTeX Companion for explanation.
Type  H <return>  for immediate help.
 ...                                              
                                                  
l.2 ...Î­ÏƒÎ¿Ï…Î¼Îµ Ï„ÏÏÎ± Î´ÏÎ¿ Ï€ÎµÎ¹ÏÎ¬Î¼Î±
                                                  Ï„Î±  Î¼ÎµÎ»ÎµÏ„ÏÎ½Ï„Î±Ï‚...

You may provide a definition with
\DeclareUnicodeCharacter 


! LaTeX Error: Unicode character Ï„ (U+03C4)
               not set up for use with LaTeX.

See the LaTeX manual or LaTeX Companion for explanation.
Type  H <return>  for immediate help.
 ...                                              
                                                  
l.2 ...ÏƒÎ¿Ï…Î¼Îµ Ï„ÏÏÎ± Î´ÏÎ¿ Ï€ÎµÎ¹ÏÎ¬Î¼Î±Ï„
                                                  Î±  Î¼ÎµÎ»ÎµÏ„ÏÎ½Ï„Î±Ï‚ Ï...

You may provide a definition with
\DeclareUnicodeCharacter 


! LaTeX Error: Unicode character Î± (U+03B1)
               not set up for use with LaTeX.

See the LaTeX manual or LaTeX Companion for explanation.
Type  H <return>  for immediate help.
 ...                                              
                                                  
l.2 ...Î¿Ï…Î¼Îµ Ï„ÏÏÎ± Î´ÏÎ¿ Ï€ÎµÎ¹ÏÎ¬Î¼Î±Ï„Î±
                                                    Î¼ÎµÎ»ÎµÏ„ÏÎ½Ï„Î±Ï‚ Ï„Î...

You may provide a definition with
\DeclareUnicodeCharacter 


! LaTeX Error: Unicode character Î¼ (U+03BC)
               not set up for use with LaTeX.

See the LaTeX manual or LaTeX Companion for explanation.
Type  H <return>  for immediate help.
 ...                                              
                                                  
l.2 ...Î¼Îµ Ï„ÏÏÎ± Î´ÏÎ¿ Ï€ÎµÎ¹ÏÎ¬Î¼Î±Ï„Î±  Î¼
                                                  ÎµÎ»ÎµÏ„ÏÎ½Ï„Î±Ï‚ Ï„Î¿Î½ ...

You may provide a definition with
\DeclareUnicodeCharacter 


! LaTeX Error: Unicode character Îµ (U+03B5)
               not set up for use with LaTeX.

See the LaTeX manual or LaTeX Companion for explanation.
Type  H <return>  for immediate help.
 ...                                              
                                                  
l.2 ...Îµ Ï„ÏÏÎ± Î´ÏÎ¿ Ï€ÎµÎ¹ÏÎ¬Î¼Î±Ï„Î±  Î¼Îµ
                                                  Î»ÎµÏ„ÏÎ½Ï„Î±Ï‚ Ï„Î¿Î½ Î±...

You may provide a definition with
\DeclareUnicodeCharacter 


! LaTeX Error: Unicode character Î» (U+03BB)
               not set up for use with LaTeX.

See the LaTeX manual or LaTeX Companion for explanation.
Type  H <return>  for immediate help.
 ...                                              
                                                  
l.2 ... Ï„ÏÏÎ± Î´ÏÎ¿ Ï€ÎµÎ¹ÏÎ¬Î¼Î±Ï„Î±  Î¼ÎµÎ»
                                                  ÎµÏ„ÏÎ½Ï„Î±Ï‚ Ï„Î¿Î½ Î±Ï...
(That makes 100 errors; please try again.) 
Here is how much of TeX's memory you used:
 48 strings out of 477992
 910 string characters out of 2827466
 299418 words of memory out of 3000000
 18924 multiletter control sequences out of 15000+600000
 469259 words of font info for 28 fonts, out of 8000000 for 9000
 1141 hyphenation exceptions out of 8191
 13i,0n,12p,270b,43s stack positions out of 10000i,1000n,20000p,200000b,80000s

!  ==> Fatal error occurred, no output PDF file produced!
