This is pdfTeX, Version 3.141592653-2.6-1.40.24 (MiKTeX 22.8) (preloaded format=pdflatex 2022.8.17)  20 AUG 2022 14:59
entering extended mode
 restricted \write18 enabled.
 %&-line parsing enabled.
**./Rosenstock.tex
(Rosenstock.tex
LaTeX2e <2022-06-01> patch level 5
L3 programming layer <2022-08-05>
! Undefined control sequence.
l.1 \section
            {Î§ÏÏŒÎ½Î¿Ï‚ Î Î±Î³Î¯Î´ÎµÏ…ÏƒÎ·Ï‚ Î”Î¹Î±ÎºÏÎ¹Ï„Î¿Ï Ï„Ï…Ï‡Î±Î¯...
The control sequence at the end of the top line
of your error message was never \def'ed. If you have
misspelled it (e.g., `\hobx'), type `I' and the correct
spelling (e.g., `I\hbox'). Otherwise just continue,
and I'll forget about whatever was undefined.


! LaTeX Error: Unicode character Î§ (U+03A7)
               not set up for use with LaTeX.

See the LaTeX manual or LaTeX Companion for explanation.
Type  H <return>  for immediate help.
 ...                                              
                                                  
l.1 \section{Î§
               ÏÏŒÎ½Î¿Ï‚ Î Î±Î³Î¯Î´ÎµÏ…ÏƒÎ·Ï‚ Î”Î¹Î±ÎºÏÎ¹Ï„Î¿Ï Ï„Ï…Ï‡Î±Î¯...

You may provide a definition with
\DeclareUnicodeCharacter 


! LaTeX Error: Unicode character Ï (U+03C1)
               not set up for use with LaTeX.

See the LaTeX manual or LaTeX Companion for explanation.
Type  H <return>  for immediate help.
 ...                                              
                                                  
l.1 \section{Î§Ï
                 ÏŒÎ½Î¿Ï‚ Î Î±Î³Î¯Î´ÎµÏ…ÏƒÎ·Ï‚ Î”Î¹Î±ÎºÏÎ¹Ï„Î¿Ï Ï„Ï…Ï‡Î±Î¯...

You may provide a definition with
\DeclareUnicodeCharacter 


! LaTeX Error: Unicode character ÏŒ (U+03CC)
               not set up for use with LaTeX.

See the LaTeX manual or LaTeX Companion for explanation.
Type  H <return>  for immediate help.
 ...                                              
                                                  
l.1 \section{Î§ÏÏŒ
                   Î½Î¿Ï‚ Î Î±Î³Î¯Î´ÎµÏ…ÏƒÎ·Ï‚ Î”Î¹Î±ÎºÏÎ¹Ï„Î¿Ï Ï„Ï…Ï‡Î±Î¯...

You may provide a definition with
\DeclareUnicodeCharacter 


! LaTeX Error: Unicode character Î½ (U+03BD)
               not set up for use with LaTeX.

See the LaTeX manual or LaTeX Companion for explanation.
Type  H <return>  for immediate help.
 ...                                              
                                                  
l.1 \section{Î§ÏÏŒÎ½
                     Î¿Ï‚ Î Î±Î³Î¯Î´ÎµÏ…ÏƒÎ·Ï‚ Î”Î¹Î±ÎºÏÎ¹Ï„Î¿Ï Ï„Ï…Ï‡Î±Î¯...

You may provide a definition with
\DeclareUnicodeCharacter 


! LaTeX Error: Unicode character Î¿ (U+03BF)
               not set up for use with LaTeX.

See the LaTeX manual or LaTeX Companion for explanation.
Type  H <return>  for immediate help.
 ...                                              
                                                  
l.1 \section{Î§ÏÏŒÎ½Î¿
                       Ï‚ Î Î±Î³Î¯Î´ÎµÏ…ÏƒÎ·Ï‚ Î”Î¹Î±ÎºÏÎ¹Ï„Î¿Ï Ï„Ï…Ï‡Î±Î¯...

You may provide a definition with
\DeclareUnicodeCharacter 


! LaTeX Error: Unicode character Ï‚ (U+03C2)
               not set up for use with LaTeX.

See the LaTeX manual or LaTeX Companion for explanation.
Type  H <return>  for immediate help.
 ...                                              
                                                  
l.1 \section{Î§ÏÏŒÎ½Î¿Ï‚
                          Î Î±Î³Î¯Î´ÎµÏ…ÏƒÎ·Ï‚ Î”Î¹Î±ÎºÏÎ¹Ï„Î¿Ï Ï„Ï…Ï‡Î±Î¯...

You may provide a definition with
\DeclareUnicodeCharacter 


! LaTeX Error: Unicode character Î  (U+03A0)
               not set up for use with LaTeX.

See the LaTeX manual or LaTeX Companion for explanation.
Type  H <return>  for immediate help.
 ...                                              
                                                  
l.1 \section{Î§ÏÏŒÎ½Î¿Ï‚ Î 
                            Î±Î³Î¯Î´ÎµÏ…ÏƒÎ·Ï‚ Î”Î¹Î±ÎºÏÎ¹Ï„Î¿Ï Ï„Ï…Ï‡Î±Î¯...

You may provide a definition with
\DeclareUnicodeCharacter 


! LaTeX Error: Unicode character Î± (U+03B1)
               not set up for use with LaTeX.

See the LaTeX manual or LaTeX Companion for explanation.
Type  H <return>  for immediate help.
 ...                                              
                                                  
l.1 \section{Î§ÏÏŒÎ½Î¿Ï‚ Î Î±
                              Î³Î¯Î´ÎµÏ…ÏƒÎ·Ï‚ Î”Î¹Î±ÎºÏÎ¹Ï„Î¿Ï Ï„Ï…Ï‡Î±Î¯...

You may provide a definition with
\DeclareUnicodeCharacter 


! LaTeX Error: Unicode character Î³ (U+03B3)
               not set up for use with LaTeX.

See the LaTeX manual or LaTeX Companion for explanation.
Type  H <return>  for immediate help.
 ...                                              
                                                  
l.1 \section{Î§ÏÏŒÎ½Î¿Ï‚ Î Î±Î³
                                Î¯Î´ÎµÏ…ÏƒÎ·Ï‚ Î”Î¹Î±ÎºÏÎ¹Ï„Î¿Ï Ï„Ï…Ï‡Î±Î¯...

You may provide a definition with
\DeclareUnicodeCharacter 


! LaTeX Error: Unicode character Î¯ (U+03AF)
               not set up for use with LaTeX.

See the LaTeX manual or LaTeX Companion for explanation.
Type  H <return>  for immediate help.
 ...                                              
                                                  
l.1 \section{Î§ÏÏŒÎ½Î¿Ï‚ Î Î±Î³Î¯
                                  Î´ÎµÏ…ÏƒÎ·Ï‚ Î”Î¹Î±ÎºÏÎ¹Ï„Î¿Ï Ï„Ï…Ï‡Î±Î¯...

You may provide a definition with
\DeclareUnicodeCharacter 


! LaTeX Error: Unicode character Î´ (U+03B4)
               not set up for use with LaTeX.

See the LaTeX manual or LaTeX Companion for explanation.
Type  H <return>  for immediate help.
 ...                                              
                                                  
l.1 \section{Î§ÏÏŒÎ½Î¿Ï‚ Î Î±Î³Î¯Î´
                                    ÎµÏ…ÏƒÎ·Ï‚ Î”Î¹Î±ÎºÏÎ¹Ï„Î¿Ï Ï„Ï…Ï‡Î±Î¯...

You may provide a definition with
\DeclareUnicodeCharacter 


! LaTeX Error: Unicode character Îµ (U+03B5)
               not set up for use with LaTeX.

See the LaTeX manual or LaTeX Companion for explanation.
Type  H <return>  for immediate help.
 ...                                              
                                                  
l.1 \section{Î§ÏÏŒÎ½Î¿Ï‚ Î Î±Î³Î¯Î´Îµ
                                      Ï…ÏƒÎ·Ï‚ Î”Î¹Î±ÎºÏÎ¹Ï„Î¿Ï Ï„Ï…Ï‡Î±Î¯...

You may provide a definition with
\DeclareUnicodeCharacter 


! LaTeX Error: Unicode character Ï… (U+03C5)
               not set up for use with LaTeX.

See the LaTeX manual or LaTeX Companion for explanation.
Type  H <return>  for immediate help.
 ...                                              
                                                  
l.1 \section{Î§ÏÏŒÎ½Î¿Ï‚ Î Î±Î³Î¯Î´ÎµÏ…
                                        ÏƒÎ·Ï‚ Î”Î¹Î±ÎºÏÎ¹Ï„Î¿Ï Ï„Ï…Ï‡Î±Î¯...

You may provide a definition with
\DeclareUnicodeCharacter 


! LaTeX Error: Unicode character Ïƒ (U+03C3)
               not set up for use with LaTeX.

See the LaTeX manual or LaTeX Companion for explanation.
Type  H <return>  for immediate help.
 ...                                              
                                                  
l.1 \section{Î§ÏÏŒÎ½Î¿Ï‚ Î Î±Î³Î¯Î´ÎµÏ…Ïƒ
                                          Î·Ï‚ Î”Î¹Î±ÎºÏÎ¹Ï„Î¿Ï Ï„Ï…Ï‡Î±Î¯...

You may provide a definition with
\DeclareUnicodeCharacter 


! LaTeX Error: Unicode character Î· (U+03B7)
               not set up for use with LaTeX.

See the LaTeX manual or LaTeX Companion for explanation.
Type  H <return>  for immediate help.
 ...                                              
                                                  
l.1 \section{Î§ÏÏŒÎ½Î¿Ï‚ Î Î±Î³Î¯Î´ÎµÏ…ÏƒÎ·
                                            Ï‚ Î”Î¹Î±ÎºÏÎ¹Ï„Î¿Ï Ï„Ï…Ï‡Î±Î¯...

You may provide a definition with
\DeclareUnicodeCharacter 


! LaTeX Error: Unicode character Ï‚ (U+03C2)
               not set up for use with LaTeX.

See the LaTeX manual or LaTeX Companion for explanation.
Type  H <return>  for immediate help.
 ...                                              
                                                  
l.1 \section{Î§ÏÏŒÎ½Î¿Ï‚ Î Î±Î³Î¯Î´ÎµÏ…ÏƒÎ·Ï‚
                                               Î”Î¹Î±ÎºÏÎ¹Ï„Î¿Ï Ï„Ï…Ï‡Î±Î¯...

You may provide a definition with
\DeclareUnicodeCharacter 


! LaTeX Error: Unicode character Î” (U+0394)
               not set up for use with LaTeX.

See the LaTeX manual or LaTeX Companion for explanation.
Type  H <return>  for immediate help.
 ...                                              
                                                  
l.1 \section{Î§ÏÏŒÎ½Î¿Ï‚ Î Î±Î³Î¯Î´ÎµÏ…ÏƒÎ·Ï‚ Î”
                                                 Î¹Î±ÎºÏÎ¹Ï„Î¿Ï Ï„Ï…Ï‡Î±Î¯...

You may provide a definition with
\DeclareUnicodeCharacter 


! LaTeX Error: Unicode character Î¹ (U+03B9)
               not set up for use with LaTeX.

See the LaTeX manual or LaTeX Companion for explanation.
Type  H <return>  for immediate help.
 ...                                              
                                                  
l.1 ...tion{Î§ÏÏŒÎ½Î¿Ï‚ Î Î±Î³Î¯Î´ÎµÏ…ÏƒÎ·Ï‚ Î”Î¹
                                                  Î±ÎºÏÎ¹Ï„Î¿Ï Ï„Ï…Ï‡Î±Î¯Î...

You may provide a definition with
\DeclareUnicodeCharacter 


! LaTeX Error: Unicode character Î± (U+03B1)
               not set up for use with LaTeX.

See the LaTeX manual or LaTeX Companion for explanation.
Type  H <return>  for immediate help.
 ...                                              
                                                  
l.1 ...on{Î§ÏÏŒÎ½Î¿Ï‚ Î Î±Î³Î¯Î´ÎµÏ…ÏƒÎ·Ï‚ Î”Î¹Î±
                                                  ÎºÏÎ¹Ï„Î¿Ï Ï„Ï…Ï‡Î±Î¯Î¿Ï...

You may provide a definition with
\DeclareUnicodeCharacter 


! LaTeX Error: Unicode character Îº (U+03BA)
               not set up for use with LaTeX.

See the LaTeX manual or LaTeX Companion for explanation.
Type  H <return>  for immediate help.
 ...                                              
                                                  
l.1 ...{Î§ÏÏŒÎ½Î¿Ï‚ Î Î±Î³Î¯Î´ÎµÏ…ÏƒÎ·Ï‚ Î”Î¹Î±Îº
                                                  ÏÎ¹Ï„Î¿Ï Ï„Ï…Ï‡Î±Î¯Î¿Ï… ...

You may provide a definition with
\DeclareUnicodeCharacter 


! LaTeX Error: Unicode character Ï (U+03C1)
               not set up for use with LaTeX.

See the LaTeX manual or LaTeX Companion for explanation.
Type  H <return>  for immediate help.
 ...                                              
                                                  
l.1 ...§ÏÏŒÎ½Î¿Ï‚ Î Î±Î³Î¯Î´ÎµÏ…ÏƒÎ·Ï‚ Î”Î¹Î±ÎºÏ
                                                  Î¹Ï„Î¿Ï Ï„Ï…Ï‡Î±Î¯Î¿Ï… Ï€...

You may provide a definition with
\DeclareUnicodeCharacter 


! LaTeX Error: Unicode character Î¹ (U+03B9)
               not set up for use with LaTeX.

See the LaTeX manual or LaTeX Companion for explanation.
Type  H <return>  for immediate help.
 ...                                              
                                                  
l.1 ...ÏŒÎ½Î¿Ï‚ Î Î±Î³Î¯Î´ÎµÏ…ÏƒÎ·Ï‚ Î”Î¹Î±ÎºÏÎ¹
                                                  Ï„Î¿Ï Ï„Ï…Ï‡Î±Î¯Î¿Ï… Ï€Îµ...

You may provide a definition with
\DeclareUnicodeCharacter 


! LaTeX Error: Unicode character Ï„ (U+03C4)
               not set up for use with LaTeX.

See the LaTeX manual or LaTeX Companion for explanation.
Type  H <return>  for immediate help.
 ...                                              
                                                  
l.1 ...ŒÎ½Î¿Ï‚ Î Î±Î³Î¯Î´ÎµÏ…ÏƒÎ·Ï‚ Î”Î¹Î±ÎºÏÎ¹Ï„
                                                  Î¿Ï Ï„Ï…Ï‡Î±Î¯Î¿Ï… Ï€ÎµÏ...

You may provide a definition with
\DeclareUnicodeCharacter 


! LaTeX Error: Unicode character Î¿ (U+03BF)
               not set up for use with LaTeX.

See the LaTeX manual or LaTeX Companion for explanation.
Type  H <return>  for immediate help.
 ...                                              
                                                  
l.1 ...½Î¿Ï‚ Î Î±Î³Î¯Î´ÎµÏ…ÏƒÎ·Ï‚ Î”Î¹Î±ÎºÏÎ¹Ï„Î¿
                                                  Ï Ï„Ï…Ï‡Î±Î¯Î¿Ï… Ï€ÎµÏÎ¹...

You may provide a definition with
\DeclareUnicodeCharacter 


! LaTeX Error: Unicode character Ï (U+03CD)
               not set up for use with LaTeX.

See the LaTeX manual or LaTeX Companion for explanation.
Type  H <return>  for immediate help.
 ...                                              
                                                  
l.1 ...¿Ï‚ Î Î±Î³Î¯Î´ÎµÏ…ÏƒÎ·Ï‚ Î”Î¹Î±ÎºÏÎ¹Ï„Î¿Ï
                                                   Ï„Ï…Ï‡Î±Î¯Î¿Ï… Ï€ÎµÏÎ¹Ï€...

You may provide a definition with
\DeclareUnicodeCharacter 


! LaTeX Error: Unicode character Ï„ (U+03C4)
               not set up for use with LaTeX.

See the LaTeX manual or LaTeX Companion for explanation.
Type  H <return>  for immediate help.
 ...                                              
                                                  
l.1 ... Î Î±Î³Î¯Î´ÎµÏ…ÏƒÎ·Ï‚ Î”Î¹Î±ÎºÏÎ¹Ï„Î¿Ï Ï„
                                                  Ï…Ï‡Î±Î¯Î¿Ï… Ï€ÎµÏÎ¹Ï€Î¬Ï...

You may provide a definition with
\DeclareUnicodeCharacter 


! LaTeX Error: Unicode character Ï… (U+03C5)
               not set up for use with LaTeX.

See the LaTeX manual or LaTeX Companion for explanation.
Type  H <return>  for immediate help.
 ...                                              
                                                  
l.1 ... Î±Î³Î¯Î´ÎµÏ…ÏƒÎ·Ï‚ Î”Î¹Î±ÎºÏÎ¹Ï„Î¿Ï Ï„Ï…
                                                  Ï‡Î±Î¯Î¿Ï… Ï€ÎµÏÎ¹Ï€Î¬Ï„Î...

You may provide a definition with
\DeclareUnicodeCharacter 


! LaTeX Error: Unicode character Ï‡ (U+03C7)
               not set up for use with LaTeX.

See the LaTeX manual or LaTeX Companion for explanation.
Type  H <return>  for immediate help.
 ...                                              
                                                  
l.1 ...±Î³Î¯Î´ÎµÏ…ÏƒÎ·Ï‚ Î”Î¹Î±ÎºÏÎ¹Ï„Î¿Ï Ï„Ï…Ï‡
                                                  Î±Î¯Î¿Ï… Ï€ÎµÏÎ¹Ï€Î¬Ï„Î¿Ï...

You may provide a definition with
\DeclareUnicodeCharacter 


! LaTeX Error: Unicode character Î± (U+03B1)
               not set up for use with LaTeX.

See the LaTeX manual or LaTeX Companion for explanation.
Type  H <return>  for immediate help.
 ...                                              
                                                  
l.1 ...³Î¯Î´ÎµÏ…ÏƒÎ·Ï‚ Î”Î¹Î±ÎºÏÎ¹Ï„Î¿Ï Ï„Ï…Ï‡Î±
                                                  Î¯Î¿Ï… Ï€ÎµÏÎ¹Ï€Î¬Ï„Î¿Ï… ...

You may provide a definition with
\DeclareUnicodeCharacter 


! LaTeX Error: Unicode character Î¯ (U+03AF)
               not set up for use with LaTeX.

See the LaTeX manual or LaTeX Companion for explanation.
Type  H <return>  for immediate help.
 ...                                              
                                                  
l.1 ...¯Î´ÎµÏ…ÏƒÎ·Ï‚ Î”Î¹Î±ÎºÏÎ¹Ï„Î¿Ï Ï„Ï…Ï‡Î±Î¯
                                                  Î¿Ï… Ï€ÎµÏÎ¹Ï€Î¬Ï„Î¿Ï… Î¼...

You may provide a definition with
\DeclareUnicodeCharacter 


! LaTeX Error: Unicode character Î¿ (U+03BF)
               not set up for use with LaTeX.

See the LaTeX manual or LaTeX Companion for explanation.
Type  H <return>  for immediate help.
 ...                                              
                                                  
l.1 ...´ÎµÏ…ÏƒÎ·Ï‚ Î”Î¹Î±ÎºÏÎ¹Ï„Î¿Ï Ï„Ï…Ï‡Î±Î¯Î¿
                                                  Ï… Ï€ÎµÏÎ¹Ï€Î¬Ï„Î¿Ï… Î¼Îµ...

You may provide a definition with
\DeclareUnicodeCharacter 


! LaTeX Error: Unicode character Ï… (U+03C5)
               not set up for use with LaTeX.

See the LaTeX manual or LaTeX Companion for explanation.
Type  H <return>  for immediate help.
 ...                                              
                                                  
l.1 ...µÏ…ÏƒÎ·Ï‚ Î”Î¹Î±ÎºÏÎ¹Ï„Î¿Ï Ï„Ï…Ï‡Î±Î¯Î¿Ï…
                                                   Ï€ÎµÏÎ¹Ï€Î¬Ï„Î¿Ï… Î¼Îµ Ï...

You may provide a definition with
\DeclareUnicodeCharacter 


! LaTeX Error: Unicode character Ï€ (U+03C0)
               not set up for use with LaTeX.

See the LaTeX manual or LaTeX Companion for explanation.
Type  H <return>  for immediate help.
 ...                                              
                                                  
l.1 ...ÏƒÎ·Ï‚ Î”Î¹Î±ÎºÏÎ¹Ï„Î¿Ï Ï„Ï…Ï‡Î±Î¯Î¿Ï… Ï€
                                                  ÎµÏÎ¹Ï€Î¬Ï„Î¿Ï… Î¼Îµ Ï€Î±...

You may provide a definition with
\DeclareUnicodeCharacter 


! LaTeX Error: Unicode character Îµ (U+03B5)
               not set up for use with LaTeX.

See the LaTeX manual or LaTeX Companion for explanation.
Type  H <return>  for immediate help.
 ...                                              
                                                  
l.1 ...Î·Ï‚ Î”Î¹Î±ÎºÏÎ¹Ï„Î¿Ï Ï„Ï…Ï‡Î±Î¯Î¿Ï… Ï€Îµ
                                                  ÏÎ¹Ï€Î¬Ï„Î¿Ï… Î¼Îµ Ï€Î±Î³...

You may provide a definition with
\DeclareUnicodeCharacter 


! LaTeX Error: Unicode character Ï (U+03C1)
               not set up for use with LaTeX.

See the LaTeX manual or LaTeX Companion for explanation.
Type  H <return>  for immediate help.
 ...                                              
                                                  
l.1 ...Ï‚ Î”Î¹Î±ÎºÏÎ¹Ï„Î¿Ï Ï„Ï…Ï‡Î±Î¯Î¿Ï… Ï€ÎµÏ
                                                  Î¹Ï€Î¬Ï„Î¿Ï… Î¼Îµ Ï€Î±Î³Î¯...

You may provide a definition with
\DeclareUnicodeCharacter 


! LaTeX Error: Unicode character Î¹ (U+03B9)
               not set up for use with LaTeX.

See the LaTeX manual or LaTeX Companion for explanation.
Type  H <return>  for immediate help.
 ...                                              
                                                  
l.1 ... Î”Î¹Î±ÎºÏÎ¹Ï„Î¿Ï Ï„Ï…Ï‡Î±Î¯Î¿Ï… Ï€ÎµÏÎ¹
                                                  Ï€Î¬Ï„Î¿Ï… Î¼Îµ Ï€Î±Î³Î¯Î´...

You may provide a definition with
\DeclareUnicodeCharacter 


! LaTeX Error: Unicode character Ï€ (U+03C0)
               not set up for use with LaTeX.

See the LaTeX manual or LaTeX Companion for explanation.
Type  H <return>  for immediate help.
 ...                                              
                                                  
l.1 ...”Î¹Î±ÎºÏÎ¹Ï„Î¿Ï Ï„Ï…Ï‡Î±Î¯Î¿Ï… Ï€ÎµÏÎ¹Ï€
                                                  Î¬Ï„Î¿Ï… Î¼Îµ Ï€Î±Î³Î¯Î´ÎµÏ‚}

You may provide a definition with
\DeclareUnicodeCharacter 


! LaTeX Error: Unicode character Î¬ (U+03AC)
               not set up for use with LaTeX.

See the LaTeX manual or LaTeX Companion for explanation.
Type  H <return>  for immediate help.
 ...                                              
                                                  
l.1 ...¹Î±ÎºÏÎ¹Ï„Î¿Ï Ï„Ï…Ï‡Î±Î¯Î¿Ï… Ï€ÎµÏÎ¹Ï€Î¬
                                                  Ï„Î¿Ï… Î¼Îµ Ï€Î±Î³Î¯Î´ÎµÏ‚}
You may provide a definition with
\DeclareUnicodeCharacter 


! LaTeX Error: Unicode character Ï„ (U+03C4)
               not set up for use with LaTeX.

See the LaTeX manual or LaTeX Companion for explanation.
Type  H <return>  for immediate help.
 ...                                              
                                                  
l.1 ...±ÎºÏÎ¹Ï„Î¿Ï Ï„Ï…Ï‡Î±Î¯Î¿Ï… Ï€ÎµÏÎ¹Ï€Î¬Ï„
                                                  Î¿Ï… Î¼Îµ Ï€Î±Î³Î¯Î´ÎµÏ‚}
You may provide a definition with
\DeclareUnicodeCharacter 


! LaTeX Error: Unicode character Î¿ (U+03BF)
               not set up for use with LaTeX.

See the LaTeX manual or LaTeX Companion for explanation.
Type  H <return>  for immediate help.
 ...                                              
                                                  
l.1 ...ºÏÎ¹Ï„Î¿Ï Ï„Ï…Ï‡Î±Î¯Î¿Ï… Ï€ÎµÏÎ¹Ï€Î¬Ï„Î¿
                                                  Ï… Î¼Îµ Ï€Î±Î³Î¯Î´ÎµÏ‚}
You may provide a definition with
\DeclareUnicodeCharacter 


! LaTeX Error: Unicode character Ï… (U+03C5)
               not set up for use with LaTeX.

See the LaTeX manual or LaTeX Companion for explanation.
Type  H <return>  for immediate help.
 ...                                              
                                                  
l.1 ...Î¹Ï„Î¿Ï Ï„Ï…Ï‡Î±Î¯Î¿Ï… Ï€ÎµÏÎ¹Ï€Î¬Ï„Î¿Ï…
                                                   Î¼Îµ Ï€Î±Î³Î¯Î´ÎµÏ‚}
You may provide a definition with
\DeclareUnicodeCharacter 


! LaTeX Error: Unicode character Î¼ (U+03BC)
               not set up for use with LaTeX.

See the LaTeX manual or LaTeX Companion for explanation.
Type  H <return>  for immediate help.
 ...                                              
                                                  
l.1 ...Ï„Î¿Ï Ï„Ï…Ï‡Î±Î¯Î¿Ï… Ï€ÎµÏÎ¹Ï€Î¬Ï„Î¿Ï… Î¼
                                                  Îµ Ï€Î±Î³Î¯Î´ÎµÏ‚}
You may provide a definition with
\DeclareUnicodeCharacter 


! LaTeX Error: Unicode character Îµ (U+03B5)
               not set up for use with LaTeX.

See the LaTeX manual or LaTeX Companion for explanation.
Type  H <return>  for immediate help.
 ...                                              
                                                  
l.1 ...Î¿Ï Ï„Ï…Ï‡Î±Î¯Î¿Ï… Ï€ÎµÏÎ¹Ï€Î¬Ï„Î¿Ï… Î¼Îµ
                                                   Ï€Î±Î³Î¯Î´ÎµÏ‚}
You may provide a definition with
\DeclareUnicodeCharacter 


! LaTeX Error: Unicode character Ï€ (U+03C0)
               not set up for use with LaTeX.

See the LaTeX manual or LaTeX Companion for explanation.
Type  H <return>  for immediate help.
 ...                                              
                                                  
l.1 ... Ï„Ï…Ï‡Î±Î¯Î¿Ï… Ï€ÎµÏÎ¹Ï€Î¬Ï„Î¿Ï… Î¼Îµ Ï€
                                                  Î±Î³Î¯Î´ÎµÏ‚}
You may provide a definition with
\DeclareUnicodeCharacter 


! LaTeX Error: Unicode character Î± (U+03B1)
               not set up for use with LaTeX.

See the LaTeX manual or LaTeX Companion for explanation.
Type  H <return>  for immediate help.
 ...                                              
                                                  
l.1 ...Ï„Ï…Ï‡Î±Î¯Î¿Ï… Ï€ÎµÏÎ¹Ï€Î¬Ï„Î¿Ï… Î¼Îµ Ï€Î±
                                                  Î³Î¯Î´ÎµÏ‚}
You may provide a definition with
\DeclareUnicodeCharacter 


! LaTeX Error: Unicode character Î³ (U+03B3)
               not set up for use with LaTeX.

See the LaTeX manual or LaTeX Companion for explanation.
Type  H <return>  for immediate help.
 ...                                              
                                                  
l.1 ...Ï…Ï‡Î±Î¯Î¿Ï… Ï€ÎµÏÎ¹Ï€Î¬Ï„Î¿Ï… Î¼Îµ Ï€Î±Î³
                                                  Î¯Î´ÎµÏ‚}
You may provide a definition with
\DeclareUnicodeCharacter 


! LaTeX Error: Unicode character Î¯ (U+03AF)
               not set up for use with LaTeX.

See the LaTeX manual or LaTeX Companion for explanation.
Type  H <return>  for immediate help.
 ...                                              
                                                  
l.1 ...Ï‡Î±Î¯Î¿Ï… Ï€ÎµÏÎ¹Ï€Î¬Ï„Î¿Ï… Î¼Îµ Ï€Î±Î³Î¯
                                                  Î´ÎµÏ‚}
You may provide a definition with
\DeclareUnicodeCharacter 


! LaTeX Error: Unicode character Î´ (U+03B4)
               not set up for use with LaTeX.

See the LaTeX manual or LaTeX Companion for explanation.
Type  H <return>  for immediate help.
 ...                                              
                                                  
l.1 ...Î±Î¯Î¿Ï… Ï€ÎµÏÎ¹Ï€Î¬Ï„Î¿Ï… Î¼Îµ Ï€Î±Î³Î¯Î´
                                                  ÎµÏ‚}
You may provide a definition with
\DeclareUnicodeCharacter 


! LaTeX Error: Unicode character Îµ (U+03B5)
               not set up for use with LaTeX.

See the LaTeX manual or LaTeX Companion for explanation.
Type  H <return>  for immediate help.
 ...                                              
                                                  
l.1 ...Î¯Î¿Ï… Ï€ÎµÏÎ¹Ï€Î¬Ï„Î¿Ï… Î¼Îµ Ï€Î±Î³Î¯Î´Îµ
                                                  Ï‚}
You may provide a definition with
\DeclareUnicodeCharacter 


! LaTeX Error: Unicode character Ï‚ (U+03C2)
               not set up for use with LaTeX.

See the LaTeX manual or LaTeX Companion for explanation.
Type  H <return>  for immediate help.
 ...                                              
                                                  
l.1 ...Î¿Ï… Ï€ÎµÏÎ¹Ï€Î¬Ï„Î¿Ï… Î¼Îµ Ï€Î±Î³Î¯Î´ÎµÏ‚
                                                  }
You may provide a definition with
\DeclareUnicodeCharacter 


! LaTeX Error: Unicode character ÎŸ (U+039F)
               not set up for use with LaTeX.

See the LaTeX manual or LaTeX Companion for explanation.
Type  H <return>  for immediate help.
 ...                                              
                                                  
l.2 ÎŸ
       ÏƒÎºÎ¿Ï€ÏŒÏ‚ Î±Ï…Ï„Î¿Ï Ï„Î¿Ï… Ï€ÎµÎ¹ÏÎ¬Î¼Î±Ï„Î¿Ï‚ ÎµÎ¯Î½Î±Î¹ Î¿ Ï…Ï...

You may provide a definition with
\DeclareUnicodeCharacter 


! LaTeX Error: Unicode character Ïƒ (U+03C3)
               not set up for use with LaTeX.

See the LaTeX manual or LaTeX Companion for explanation.
Type  H <return>  for immediate help.
 ...                                              
                                                  
l.2 ÎŸ Ïƒ
         ÎºÎ¿Ï€ÏŒÏ‚ Î±Ï…Ï„Î¿Ï Ï„Î¿Ï… Ï€ÎµÎ¹ÏÎ¬Î¼Î±Ï„Î¿Ï‚ ÎµÎ¯Î½Î±Î¹ Î¿ Ï…Ï...

You may provide a definition with
\DeclareUnicodeCharacter 


! LaTeX Error: Unicode character Îº (U+03BA)
               not set up for use with LaTeX.

See the LaTeX manual or LaTeX Companion for explanation.
Type  H <return>  for immediate help.
 ...                                              
                                                  
l.2 ÎŸ ÏƒÎº
           Î¿Ï€ÏŒÏ‚ Î±Ï…Ï„Î¿Ï Ï„Î¿Ï… Ï€ÎµÎ¹ÏÎ¬Î¼Î±Ï„Î¿Ï‚ ÎµÎ¯Î½Î±Î¹ Î¿ Ï…Ï...

You may provide a definition with
\DeclareUnicodeCharacter 


! LaTeX Error: Unicode character Î¿ (U+03BF)
               not set up for use with LaTeX.

See the LaTeX manual or LaTeX Companion for explanation.
Type  H <return>  for immediate help.
 ...                                              
                                                  
l.2 ÎŸ ÏƒÎºÎ¿
             Ï€ÏŒÏ‚ Î±Ï…Ï„Î¿Ï Ï„Î¿Ï… Ï€ÎµÎ¹ÏÎ¬Î¼Î±Ï„Î¿Ï‚ ÎµÎ¯Î½Î±Î¹ Î¿ Ï…Ï...

You may provide a definition with
\DeclareUnicodeCharacter 


! LaTeX Error: Unicode character Ï€ (U+03C0)
               not set up for use with LaTeX.

See the LaTeX manual or LaTeX Companion for explanation.
Type  H <return>  for immediate help.
 ...                                              
                                                  
l.2 ÎŸ ÏƒÎºÎ¿Ï€
               ÏŒÏ‚ Î±Ï…Ï„Î¿Ï Ï„Î¿Ï… Ï€ÎµÎ¹ÏÎ¬Î¼Î±Ï„Î¿Ï‚ ÎµÎ¯Î½Î±Î¹ Î¿ Ï…Ï...

You may provide a definition with
\DeclareUnicodeCharacter 


! LaTeX Error: Unicode character ÏŒ (U+03CC)
               not set up for use with LaTeX.

See the LaTeX manual or LaTeX Companion for explanation.
Type  H <return>  for immediate help.
 ...                                              
                                                  
l.2 ÎŸ ÏƒÎºÎ¿Ï€ÏŒ
                 Ï‚ Î±Ï…Ï„Î¿Ï Ï„Î¿Ï… Ï€ÎµÎ¹ÏÎ¬Î¼Î±Ï„Î¿Ï‚ ÎµÎ¯Î½Î±Î¹ Î¿ Ï…Ï...

You may provide a definition with
\DeclareUnicodeCharacter 


! LaTeX Error: Unicode character Ï‚ (U+03C2)
               not set up for use with LaTeX.

See the LaTeX manual or LaTeX Companion for explanation.
Type  H <return>  for immediate help.
 ...                                              
                                                  
l.2 ÎŸ ÏƒÎºÎ¿Ï€ÏŒÏ‚
                    Î±Ï…Ï„Î¿Ï Ï„Î¿Ï… Ï€ÎµÎ¹ÏÎ¬Î¼Î±Ï„Î¿Ï‚ ÎµÎ¯Î½Î±Î¹ Î¿ Ï…Ï...

You may provide a definition with
\DeclareUnicodeCharacter 


! LaTeX Error: Unicode character Î± (U+03B1)
               not set up for use with LaTeX.

See the LaTeX manual or LaTeX Companion for explanation.
Type  H <return>  for immediate help.
 ...                                              
                                                  
l.2 ÎŸ ÏƒÎºÎ¿Ï€ÏŒÏ‚ Î±
                      Ï…Ï„Î¿Ï Ï„Î¿Ï… Ï€ÎµÎ¹ÏÎ¬Î¼Î±Ï„Î¿Ï‚ ÎµÎ¯Î½Î±Î¹ Î¿ Ï…Ï...

You may provide a definition with
\DeclareUnicodeCharacter 


! LaTeX Error: Unicode character Ï… (U+03C5)
               not set up for use with LaTeX.

See the LaTeX manual or LaTeX Companion for explanation.
Type  H <return>  for immediate help.
 ...                                              
                                                  
l.2 ÎŸ ÏƒÎºÎ¿Ï€ÏŒÏ‚ Î±Ï…
                        Ï„Î¿Ï Ï„Î¿Ï… Ï€ÎµÎ¹ÏÎ¬Î¼Î±Ï„Î¿Ï‚ ÎµÎ¯Î½Î±Î¹ Î¿ Ï…Ï...

You may provide a definition with
\DeclareUnicodeCharacter 


! LaTeX Error: Unicode character Ï„ (U+03C4)
               not set up for use with LaTeX.

See the LaTeX manual or LaTeX Companion for explanation.
Type  H <return>  for immediate help.
 ...                                              
                                                  
l.2 ÎŸ ÏƒÎºÎ¿Ï€ÏŒÏ‚ Î±Ï…Ï„
                          Î¿Ï Ï„Î¿Ï… Ï€ÎµÎ¹ÏÎ¬Î¼Î±Ï„Î¿Ï‚ ÎµÎ¯Î½Î±Î¹ Î¿ Ï…Ï...

You may provide a definition with
\DeclareUnicodeCharacter 


! LaTeX Error: Unicode character Î¿ (U+03BF)
               not set up for use with LaTeX.

See the LaTeX manual or LaTeX Companion for explanation.
Type  H <return>  for immediate help.
 ...                                              
                                                  
l.2 ÎŸ ÏƒÎºÎ¿Ï€ÏŒÏ‚ Î±Ï…Ï„Î¿
                            Ï Ï„Î¿Ï… Ï€ÎµÎ¹ÏÎ¬Î¼Î±Ï„Î¿Ï‚ ÎµÎ¯Î½Î±Î¹ Î¿ Ï…Ï...

You may provide a definition with
\DeclareUnicodeCharacter 


! LaTeX Error: Unicode character Ï (U+03CD)
               not set up for use with LaTeX.

See the LaTeX manual or LaTeX Companion for explanation.
Type  H <return>  for immediate help.
 ...                                              
                                                  
l.2 ÎŸ ÏƒÎºÎ¿Ï€ÏŒÏ‚ Î±Ï…Ï„Î¿Ï
                               Ï„Î¿Ï… Ï€ÎµÎ¹ÏÎ¬Î¼Î±Ï„Î¿Ï‚ ÎµÎ¯Î½Î±Î¹ Î¿ Ï…Ï...

You may provide a definition with
\DeclareUnicodeCharacter 


! LaTeX Error: Unicode character Ï„ (U+03C4)
               not set up for use with LaTeX.

See the LaTeX manual or LaTeX Companion for explanation.
Type  H <return>  for immediate help.
 ...                                              
                                                  
l.2 ÎŸ ÏƒÎºÎ¿Ï€ÏŒÏ‚ Î±Ï…Ï„Î¿Ï Ï„
                                 Î¿Ï… Ï€ÎµÎ¹ÏÎ¬Î¼Î±Ï„Î¿Ï‚ ÎµÎ¯Î½Î±Î¹ Î¿ Ï…Ï...

You may provide a definition with
\DeclareUnicodeCharacter 


! LaTeX Error: Unicode character Î¿ (U+03BF)
               not set up for use with LaTeX.

See the LaTeX manual or LaTeX Companion for explanation.
Type  H <return>  for immediate help.
 ...                                              
                                                  
l.2 ÎŸ ÏƒÎºÎ¿Ï€ÏŒÏ‚ Î±Ï…Ï„Î¿Ï Ï„Î¿
                                   Ï… Ï€ÎµÎ¹ÏÎ¬Î¼Î±Ï„Î¿Ï‚ ÎµÎ¯Î½Î±Î¹ Î¿ Ï…Ï...

You may provide a definition with
\DeclareUnicodeCharacter 


! LaTeX Error: Unicode character Ï… (U+03C5)
               not set up for use with LaTeX.

See the LaTeX manual or LaTeX Companion for explanation.
Type  H <return>  for immediate help.
 ...                                              
                                                  
l.2 ÎŸ ÏƒÎºÎ¿Ï€ÏŒÏ‚ Î±Ï…Ï„Î¿Ï Ï„Î¿Ï…
                                      Ï€ÎµÎ¹ÏÎ¬Î¼Î±Ï„Î¿Ï‚ ÎµÎ¯Î½Î±Î¹ Î¿ Ï…Ï...

You may provide a definition with
\DeclareUnicodeCharacter 


! LaTeX Error: Unicode character Ï€ (U+03C0)
               not set up for use with LaTeX.

See the LaTeX manual or LaTeX Companion for explanation.
Type  H <return>  for immediate help.
 ...                                              
                                                  
l.2 ÎŸ ÏƒÎºÎ¿Ï€ÏŒÏ‚ Î±Ï…Ï„Î¿Ï Ï„Î¿Ï… Ï€
                                        ÎµÎ¹ÏÎ¬Î¼Î±Ï„Î¿Ï‚ ÎµÎ¯Î½Î±Î¹ Î¿ Ï…Ï...

You may provide a definition with
\DeclareUnicodeCharacter 


! LaTeX Error: Unicode character Îµ (U+03B5)
               not set up for use with LaTeX.

See the LaTeX manual or LaTeX Companion for explanation.
Type  H <return>  for immediate help.
 ...                                              
                                                  
l.2 ÎŸ ÏƒÎºÎ¿Ï€ÏŒÏ‚ Î±Ï…Ï„Î¿Ï Ï„Î¿Ï… Ï€Îµ
                                          Î¹ÏÎ¬Î¼Î±Ï„Î¿Ï‚ ÎµÎ¯Î½Î±Î¹ Î¿ Ï…Ï...

You may provide a definition with
\DeclareUnicodeCharacter 


! LaTeX Error: Unicode character Î¹ (U+03B9)
               not set up for use with LaTeX.

See the LaTeX manual or LaTeX Companion for explanation.
Type  H <return>  for immediate help.
 ...                                              
                                                  
l.2 ÎŸ ÏƒÎºÎ¿Ï€ÏŒÏ‚ Î±Ï…Ï„Î¿Ï Ï„Î¿Ï… Ï€ÎµÎ¹
                                            ÏÎ¬Î¼Î±Ï„Î¿Ï‚ ÎµÎ¯Î½Î±Î¹ Î¿ Ï…Ï...

You may provide a definition with
\DeclareUnicodeCharacter 


! LaTeX Error: Unicode character Ï (U+03C1)
               not set up for use with LaTeX.

See the LaTeX manual or LaTeX Companion for explanation.
Type  H <return>  for immediate help.
 ...                                              
                                                  
l.2 ÎŸ ÏƒÎºÎ¿Ï€ÏŒÏ‚ Î±Ï…Ï„Î¿Ï Ï„Î¿Ï… Ï€ÎµÎ¹Ï
                                              Î¬Î¼Î±Ï„Î¿Ï‚ ÎµÎ¯Î½Î±Î¹ Î¿ Ï…Ï...

You may provide a definition with
\DeclareUnicodeCharacter 


! LaTeX Error: Unicode character Î¬ (U+03AC)
               not set up for use with LaTeX.

See the LaTeX manual or LaTeX Companion for explanation.
Type  H <return>  for immediate help.
 ...                                              
                                                  
l.2 ÎŸ ÏƒÎºÎ¿Ï€ÏŒÏ‚ Î±Ï…Ï„Î¿Ï Ï„Î¿Ï… Ï€ÎµÎ¹ÏÎ¬
                                                Î¼Î±Ï„Î¿Ï‚ ÎµÎ¯Î½Î±Î¹ Î¿ Ï…Ï...

You may provide a definition with
\DeclareUnicodeCharacter 


! LaTeX Error: Unicode character Î¼ (U+03BC)
               not set up for use with LaTeX.

See the LaTeX manual or LaTeX Companion for explanation.
Type  H <return>  for immediate help.
 ...                                              
                                                  
l.2 ÎŸ ÏƒÎºÎ¿Ï€ÏŒÏ‚ Î±Ï…Ï„Î¿Ï Ï„Î¿Ï… Ï€ÎµÎ¹ÏÎ¬Î¼
                                                  Î±Ï„Î¿Ï‚ ÎµÎ¯Î½Î±Î¹ Î¿ Ï…Ï...

You may provide a definition with
\DeclareUnicodeCharacter 


! LaTeX Error: Unicode character Î± (U+03B1)
               not set up for use with LaTeX.

See the LaTeX manual or LaTeX Companion for explanation.
Type  H <return>  for immediate help.
 ...                                              
                                                  
l.2 ...ÎºÎ¿Ï€ÏŒÏ‚ Î±Ï…Ï„Î¿Ï Ï„Î¿Ï… Ï€ÎµÎ¹ÏÎ¬Î¼Î±
                                                  Ï„Î¿Ï‚ ÎµÎ¯Î½Î±Î¹ Î¿ Ï…Ï€Î...

You may provide a definition with
\DeclareUnicodeCharacter 


! LaTeX Error: Unicode character Ï„ (U+03C4)
               not set up for use with LaTeX.

See the LaTeX manual or LaTeX Companion for explanation.
Type  H <return>  for immediate help.
 ...                                              
                                                  
l.2 ...Î¿Ï€ÏŒÏ‚ Î±Ï…Ï„Î¿Ï Ï„Î¿Ï… Ï€ÎµÎ¹ÏÎ¬Î¼Î±Ï„
                                                  Î¿Ï‚ ÎµÎ¯Î½Î±Î¹ Î¿ Ï…Ï€Î¿Î...

You may provide a definition with
\DeclareUnicodeCharacter 


! LaTeX Error: Unicode character Î¿ (U+03BF)
               not set up for use with LaTeX.

See the LaTeX manual or LaTeX Companion for explanation.
Type  H <return>  for immediate help.
 ...                                              
                                                  
l.2 ...Ï€ÏŒÏ‚ Î±Ï…Ï„Î¿Ï Ï„Î¿Ï… Ï€ÎµÎ¹ÏÎ¬Î¼Î±Ï„Î¿
                                                  Ï‚ ÎµÎ¯Î½Î±Î¹ Î¿ Ï…Ï€Î¿Î»Î...

You may provide a definition with
\DeclareUnicodeCharacter 


! LaTeX Error: Unicode character Ï‚ (U+03C2)
               not set up for use with LaTeX.

See the LaTeX manual or LaTeX Companion for explanation.
Type  H <return>  for immediate help.
 ...                                              
                                                  
l.2 ...ÏŒÏ‚ Î±Ï…Ï„Î¿Ï Ï„Î¿Ï… Ï€ÎµÎ¹ÏÎ¬Î¼Î±Ï„Î¿Ï‚
                                                   ÎµÎ¯Î½Î±Î¹ Î¿ Ï…Ï€Î¿Î»Î¿Î...

You may provide a definition with
\DeclareUnicodeCharacter 


! LaTeX Error: Unicode character Îµ (U+03B5)
               not set up for use with LaTeX.

See the LaTeX manual or LaTeX Companion for explanation.
Type  H <return>  for immediate help.
 ...                                              
                                                  
l.2 ...‚ Î±Ï…Ï„Î¿Ï Ï„Î¿Ï… Ï€ÎµÎ¹ÏÎ¬Î¼Î±Ï„Î¿Ï‚ Îµ
                                                  Î¯Î½Î±Î¹ Î¿ Ï…Ï€Î¿Î»Î¿Î³Î¹...

You may provide a definition with
\DeclareUnicodeCharacter 


! LaTeX Error: Unicode character Î¯ (U+03AF)
               not set up for use with LaTeX.

See the LaTeX manual or LaTeX Companion for explanation.
Type  H <return>  for immediate help.
 ...                                              
                                                  
l.2 ...Î±Ï…Ï„Î¿Ï Ï„Î¿Ï… Ï€ÎµÎ¹ÏÎ¬Î¼Î±Ï„Î¿Ï‚ ÎµÎ¯
                                                  Î½Î±Î¹ Î¿ Ï…Ï€Î¿Î»Î¿Î³Î¹Ïƒ...

You may provide a definition with
\DeclareUnicodeCharacter 


! LaTeX Error: Unicode character Î½ (U+03BD)
               not set up for use with LaTeX.

See the LaTeX manual or LaTeX Companion for explanation.
Type  H <return>  for immediate help.
 ...                                              
                                                  
l.2 ...Ï…Ï„Î¿Ï Ï„Î¿Ï… Ï€ÎµÎ¹ÏÎ¬Î¼Î±Ï„Î¿Ï‚ ÎµÎ¯Î½
                                                  Î±Î¹ Î¿ Ï…Ï€Î¿Î»Î¿Î³Î¹ÏƒÎ¼...

You may provide a definition with
\DeclareUnicodeCharacter 


! LaTeX Error: Unicode character Î± (U+03B1)
               not set up for use with LaTeX.

See the LaTeX manual or LaTeX Companion for explanation.
Type  H <return>  for immediate help.
 ...                                              
                                                  
l.2 ...Ï„Î¿Ï Ï„Î¿Ï… Ï€ÎµÎ¹ÏÎ¬Î¼Î±Ï„Î¿Ï‚ ÎµÎ¯Î½Î±
                                                  Î¹ Î¿ Ï…Ï€Î¿Î»Î¿Î³Î¹ÏƒÎ¼ÏŒ...

You may provide a definition with
\DeclareUnicodeCharacter 


! LaTeX Error: Unicode character Î¹ (U+03B9)
               not set up for use with LaTeX.

See the LaTeX manual or LaTeX Companion for explanation.
Type  H <return>  for immediate help.
 ...                                              
                                                  
l.2 ...Î¿Ï Ï„Î¿Ï… Ï€ÎµÎ¹ÏÎ¬Î¼Î±Ï„Î¿Ï‚ ÎµÎ¯Î½Î±Î¹
                                                   Î¿ Ï…Ï€Î¿Î»Î¿Î³Î¹ÏƒÎ¼ÏŒÏ‚...

You may provide a definition with
\DeclareUnicodeCharacter 


! LaTeX Error: Unicode character Î¿ (U+03BF)
               not set up for use with LaTeX.

See the LaTeX manual or LaTeX Companion for explanation.
Type  H <return>  for immediate help.
 ...                                              
                                                  
l.2 ... Ï„Î¿Ï… Ï€ÎµÎ¹ÏÎ¬Î¼Î±Ï„Î¿Ï‚ ÎµÎ¯Î½Î±Î¹ Î¿
                                                   Ï…Ï€Î¿Î»Î¿Î³Î¹ÏƒÎ¼ÏŒÏ‚ Ï„...

You may provide a definition with
\DeclareUnicodeCharacter 


! LaTeX Error: Unicode character Ï… (U+03C5)
               not set up for use with LaTeX.

See the LaTeX manual or LaTeX Companion for explanation.
Type  H <return>  for immediate help.
 ...                                              
                                                  
l.2 ...„Î¿Ï… Ï€ÎµÎ¹ÏÎ¬Î¼Î±Ï„Î¿Ï‚ ÎµÎ¯Î½Î±Î¹ Î¿ Ï…
                                                  Ï€Î¿Î»Î¿Î³Î¹ÏƒÎ¼ÏŒÏ‚ Ï„Î¿Ï...

You may provide a definition with
\DeclareUnicodeCharacter 


! LaTeX Error: Unicode character Ï€ (U+03C0)
               not set up for use with LaTeX.

See the LaTeX manual or LaTeX Companion for explanation.
Type  H <return>  for immediate help.
 ...                                              
                                                  
l.2 ...¿Ï… Ï€ÎµÎ¹ÏÎ¬Î¼Î±Ï„Î¿Ï‚ ÎµÎ¯Î½Î±Î¹ Î¿ Ï…Ï€
                                                  Î¿Î»Î¿Î³Î¹ÏƒÎ¼ÏŒÏ‚ Ï„Î¿Ï… ...

You may provide a definition with
\DeclareUnicodeCharacter 


! LaTeX Error: Unicode character Î¿ (U+03BF)
               not set up for use with LaTeX.

See the LaTeX manual or LaTeX Companion for explanation.
Type  H <return>  for immediate help.
 ...                                              
                                                  
l.2 ...… Ï€ÎµÎ¹ÏÎ¬Î¼Î±Ï„Î¿Ï‚ ÎµÎ¯Î½Î±Î¹ Î¿ Ï…Ï€Î¿
                                                  Î»Î¿Î³Î¹ÏƒÎ¼ÏŒÏ‚ Ï„Î¿Ï… Ï‡...

You may provide a definition with
\DeclareUnicodeCharacter 


! LaTeX Error: Unicode character Î» (U+03BB)
               not set up for use with LaTeX.

See the LaTeX manual or LaTeX Companion for explanation.
Type  H <return>  for immediate help.
 ...                                              
                                                  
l.2 ...Ï€ÎµÎ¹ÏÎ¬Î¼Î±Ï„Î¿Ï‚ ÎµÎ¯Î½Î±Î¹ Î¿ Ï…Ï€Î¿Î»
                                                  Î¿Î³Î¹ÏƒÎ¼ÏŒÏ‚ Ï„Î¿Ï… Ï‡Ï...

You may provide a definition with
\DeclareUnicodeCharacter 


! LaTeX Error: Unicode character Î¿ (U+03BF)
               not set up for use with LaTeX.

See the LaTeX manual or LaTeX Companion for explanation.
Type  H <return>  for immediate help.
 ...                                              
                                                  
l.2 ...ÎµÎ¹ÏÎ¬Î¼Î±Ï„Î¿Ï‚ ÎµÎ¯Î½Î±Î¹ Î¿ Ï…Ï€Î¿Î»Î¿
                                                  Î³Î¹ÏƒÎ¼ÏŒÏ‚ Ï„Î¿Ï… Ï‡ÏÏŒ...

You may provide a definition with
\DeclareUnicodeCharacter 


! LaTeX Error: Unicode character Î³ (U+03B3)
               not set up for use with LaTeX.

See the LaTeX manual or LaTeX Companion for explanation.
Type  H <return>  for immediate help.
 ...                                              
                                                  
l.2 ...Î¹ÏÎ¬Î¼Î±Ï„Î¿Ï‚ ÎµÎ¯Î½Î±Î¹ Î¿ Ï…Ï€Î¿Î»Î¿Î³
                                                  Î¹ÏƒÎ¼ÏŒÏ‚ Ï„Î¿Ï… Ï‡ÏÏŒÎ½...

You may provide a definition with
\DeclareUnicodeCharacter 


! LaTeX Error: Unicode character Î¹ (U+03B9)
               not set up for use with LaTeX.

See the LaTeX manual or LaTeX Companion for explanation.
Type  H <return>  for immediate help.
 ...                                              
                                                  
l.2 ...ÏÎ¬Î¼Î±Ï„Î¿Ï‚ ÎµÎ¯Î½Î±Î¹ Î¿ Ï…Ï€Î¿Î»Î¿Î³Î¹
                                                  ÏƒÎ¼ÏŒÏ‚ Ï„Î¿Ï… Ï‡ÏÏŒÎ½Î¿...

You may provide a definition with
\DeclareUnicodeCharacter 


! LaTeX Error: Unicode character Ïƒ (U+03C3)
               not set up for use with LaTeX.

See the LaTeX manual or LaTeX Companion for explanation.
Type  H <return>  for immediate help.
 ...                                              
                                                  
l.2 ...Î¬Î¼Î±Ï„Î¿Ï‚ ÎµÎ¯Î½Î±Î¹ Î¿ Ï…Ï€Î¿Î»Î¿Î³Î¹Ïƒ
                                                  Î¼ÏŒÏ‚ Ï„Î¿Ï… Ï‡ÏÏŒÎ½Î¿Ï…...

You may provide a definition with
\DeclareUnicodeCharacter 


! LaTeX Error: Unicode character Î¼ (U+03BC)
               not set up for use with LaTeX.

See the LaTeX manual or LaTeX Companion for explanation.
Type  H <return>  for immediate help.
 ...                                              
                                                  
l.2 ...Î¼Î±Ï„Î¿Ï‚ ÎµÎ¯Î½Î±Î¹ Î¿ Ï…Ï€Î¿Î»Î¿Î³Î¹ÏƒÎ¼
                                                  ÏŒÏ‚ Ï„Î¿Ï… Ï‡ÏÏŒÎ½Î¿Ï… Ï...

You may provide a definition with
\DeclareUnicodeCharacter 


! LaTeX Error: Unicode character ÏŒ (U+03CC)
               not set up for use with LaTeX.

See the LaTeX manual or LaTeX Companion for explanation.
Type  H <return>  for immediate help.
 ...                                              
                                                  
l.2 ...Î±Ï„Î¿Ï‚ ÎµÎ¯Î½Î±Î¹ Î¿ Ï…Ï€Î¿Î»Î¿Î³Î¹ÏƒÎ¼ÏŒ
                                                  Ï‚ Ï„Î¿Ï… Ï‡ÏÏŒÎ½Î¿Ï… Ï€Î...

You may provide a definition with
\DeclareUnicodeCharacter 


! LaTeX Error: Unicode character Ï‚ (U+03C2)
               not set up for use with LaTeX.

See the LaTeX manual or LaTeX Companion for explanation.
Type  H <return>  for immediate help.
 ...                                              
                                                  
l.2 ...Ï„Î¿Ï‚ ÎµÎ¯Î½Î±Î¹ Î¿ Ï…Ï€Î¿Î»Î¿Î³Î¹ÏƒÎ¼ÏŒÏ‚
                                                   Ï„Î¿Ï… Ï‡ÏÏŒÎ½Î¿Ï… Ï€Î±Î...

You may provide a definition with
\DeclareUnicodeCharacter 


! LaTeX Error: Unicode character Ï„ (U+03C4)
               not set up for use with LaTeX.

See the LaTeX manual or LaTeX Companion for explanation.
Type  H <return>  for immediate help.
 ...                                              
                                                  
l.2 ...¿Ï‚ ÎµÎ¯Î½Î±Î¹ Î¿ Ï…Ï€Î¿Î»Î¿Î³Î¹ÏƒÎ¼ÏŒÏ‚ Ï„
                                                  Î¿Ï… Ï‡ÏÏŒÎ½Î¿Ï… Ï€Î±Î³Î¯...

You may provide a definition with
\DeclareUnicodeCharacter 


! LaTeX Error: Unicode character Î¿ (U+03BF)
               not set up for use with LaTeX.

See the LaTeX manual or LaTeX Companion for explanation.
Type  H <return>  for immediate help.
 ...                                              
                                                  
l.2 ...‚ ÎµÎ¯Î½Î±Î¹ Î¿ Ï…Ï€Î¿Î»Î¿Î³Î¹ÏƒÎ¼ÏŒÏ‚ Ï„Î¿
                                                  Ï… Ï‡ÏÏŒÎ½Î¿Ï… Ï€Î±Î³Î¯Î´...

You may provide a definition with
\DeclareUnicodeCharacter 


! LaTeX Error: Unicode character Ï… (U+03C5)
               not set up for use with LaTeX.

See the LaTeX manual or LaTeX Companion for explanation.
Type  H <return>  for immediate help.
 ...                                              
                                                  
l.2 ...ÎµÎ¯Î½Î±Î¹ Î¿ Ï…Ï€Î¿Î»Î¿Î³Î¹ÏƒÎ¼ÏŒÏ‚ Ï„Î¿Ï…
                                                   Ï‡ÏÏŒÎ½Î¿Ï… Ï€Î±Î³Î¯Î´Îµ...

You may provide a definition with
\DeclareUnicodeCharacter 


! LaTeX Error: Unicode character Ï‡ (U+03C7)
               not set up for use with LaTeX.

See the LaTeX manual or LaTeX Companion for explanation.
Type  H <return>  for immediate help.
 ...                                              
                                                  
l.2 ...¯Î½Î±Î¹ Î¿ Ï…Ï€Î¿Î»Î¿Î³Î¹ÏƒÎ¼ÏŒÏ‚ Ï„Î¿Ï… Ï‡
                                                  ÏÏŒÎ½Î¿Ï… Ï€Î±Î³Î¯Î´ÎµÏ…Ï...

You may provide a definition with
\DeclareUnicodeCharacter 


! LaTeX Error: Unicode character Ï (U+03C1)
               not set up for use with LaTeX.

See the LaTeX manual or LaTeX Companion for explanation.
Type  H <return>  for immediate help.
 ...                                              
                                                  
l.2 ...½Î±Î¹ Î¿ Ï…Ï€Î¿Î»Î¿Î³Î¹ÏƒÎ¼ÏŒÏ‚ Ï„Î¿Ï… Ï‡Ï
                                                  ÏŒÎ½Î¿Ï… Ï€Î±Î³Î¯Î´ÎµÏ…ÏƒÎ...

You may provide a definition with
\DeclareUnicodeCharacter 


! LaTeX Error: Unicode character ÏŒ (U+03CC)
               not set up for use with LaTeX.

See the LaTeX manual or LaTeX Companion for explanation.
Type  H <return>  for immediate help.
 ...                                              
                                                  
l.2 ...±Î¹ Î¿ Ï…Ï€Î¿Î»Î¿Î³Î¹ÏƒÎ¼ÏŒÏ‚ Ï„Î¿Ï… Ï‡ÏÏŒ
                                                  Î½Î¿Ï… Ï€Î±Î³Î¯Î´ÎµÏ…ÏƒÎ·Ï...

You may provide a definition with
\DeclareUnicodeCharacter 


! LaTeX Error: Unicode character Î½ (U+03BD)
               not set up for use with LaTeX.

See the LaTeX manual or LaTeX Companion for explanation.
Type  H <return>  for immediate help.
 ...                                              
                                                  
l.2 ...¹ Î¿ Ï…Ï€Î¿Î»Î¿Î³Î¹ÏƒÎ¼ÏŒÏ‚ Ï„Î¿Ï… Ï‡ÏÏŒÎ½
                                                  Î¿Ï… Ï€Î±Î³Î¯Î´ÎµÏ…ÏƒÎ·Ï‚ ...
(That makes 100 errors; please try again.) 
Here is how much of TeX's memory you used:
 45 strings out of 477992
 840 string characters out of 2827466
 299418 words of memory out of 3000000
 18921 multiletter control sequences out of 15000+600000
 469259 words of font info for 28 fonts, out of 8000000 for 9000
 1141 hyphenation exceptions out of 8191
 13i,0n,12p,1361b,40s stack positions out of 10000i,1000n,20000p,200000b,80000s

!  ==> Fatal error occurred, no output PDF file produced!
