This is pdfTeX, Version 3.141592653-2.6-1.40.23 (MiKTeX 21.7) (preloaded format=pdflatex 2021.7.20)  3 AUG 2022 13:37
entering extended mode
**./titlepage.tex
(titlepage.tex
LaTeX2e <2021-06-01> patch level 1
L3 programming layer <2021-07-12>

! LaTeX Error: Environment titlepage undefined.

See the LaTeX manual or LaTeX Companion for explanation.
Type  H <return>  for immediate help.
 ...                                              
                                                  
l.1 \begin{titlepage}
                     
Your command was ignored.
Type  I <command> <return>  to replace it with another command,
or  <return>  to continue without it.


! LaTeX Error: Missing \begin{document}.

See the LaTeX manual or LaTeX Companion for explanation.
Type  H <return>  for immediate help.
 ...                                              
                                                  
l.10 \begin{center}
                   
You're in trouble here.  Try typing  <return>  to proceed.
If that doesn't work, type  X <return>  to quit.


Overfull \hbox (20.0pt too wide) in paragraph at lines 10--10
[] 
 []


! Package inputenc Error: Unicode character Α (U+0391)
(inputenc)                not set up for use with LaTeX.

See the inputenc package documentation for explanation.
Type  H <return>  for immediate help.
 ...                                              
                                                  
l.16 \textsc{Αριστοτέλειο}
                                      \\[1cm]
You may provide a definition with
\DeclareUnicodeCharacter 


! Package inputenc Error: Unicode character ρ (U+03C1)
(inputenc)                not set up for use with LaTeX.

See the inputenc package documentation for explanation.
Type  H <return>  for immediate help.
 ...                                              
                                                  
l.16 \textsc{Αριστοτέλειο}
                                      \\[1cm]
You may provide a definition with
\DeclareUnicodeCharacter 


! Package inputenc Error: Unicode character ι (U+03B9)
(inputenc)                not set up for use with LaTeX.

See the inputenc package documentation for explanation.
Type  H <return>  for immediate help.
 ...                                              
                                                  
l.16 \textsc{Αριστοτέλειο}
                                      \\[1cm]
You may provide a definition with
\DeclareUnicodeCharacter 


! Package inputenc Error: Unicode character σ (U+03C3)
(inputenc)                not set up for use with LaTeX.

See the inputenc package documentation for explanation.
Type  H <return>  for immediate help.
 ...                                              
                                                  
l.16 \textsc{Αριστοτέλειο}
                                      \\[1cm]
You may provide a definition with
\DeclareUnicodeCharacter 


! Package inputenc Error: Unicode character τ (U+03C4)
(inputenc)                not set up for use with LaTeX.

See the inputenc package documentation for explanation.
Type  H <return>  for immediate help.
 ...                                              
                                                  
l.16 \textsc{Αριστοτέλειο}
                                      \\[1cm]
You may provide a definition with
\DeclareUnicodeCharacter 


! Package inputenc Error: Unicode character ο (U+03BF)
(inputenc)                not set up for use with LaTeX.

See the inputenc package documentation for explanation.
Type  H <return>  for immediate help.
 ...                                              
                                                  
l.16 \textsc{Αριστοτέλειο}
                                      \\[1cm]
You may provide a definition with
\DeclareUnicodeCharacter 


! Package inputenc Error: Unicode character τ (U+03C4)
(inputenc)                not set up for use with LaTeX.

See the inputenc package documentation for explanation.
Type  H <return>  for immediate help.
 ...                                              
                                                  
l.16 \textsc{Αριστοτέλειο}
                                      \\[1cm]
You may provide a definition with
\DeclareUnicodeCharacter 


! Package inputenc Error: Unicode character έ (U+03AD)
(inputenc)                not set up for use with LaTeX.

See the inputenc package documentation for explanation.
Type  H <return>  for immediate help.
 ...                                              
                                                  
l.16 \textsc{Αριστοτέλειο}
                                      \\[1cm]
You may provide a definition with
\DeclareUnicodeCharacter 


! Package inputenc Error: Unicode character λ (U+03BB)
(inputenc)                not set up for use with LaTeX.

See the inputenc package documentation for explanation.
Type  H <return>  for immediate help.
 ...                                              
                                                  
l.16 \textsc{Αριστοτέλειο}
                                      \\[1cm]
You may provide a definition with
\DeclareUnicodeCharacter 


! Package inputenc Error: Unicode character ε (U+03B5)
(inputenc)                not set up for use with LaTeX.

See the inputenc package documentation for explanation.
Type  H <return>  for immediate help.
 ...                                              
                                                  
l.16 \textsc{Αριστοτέλειο}
                                      \\[1cm]
You may provide a definition with
\DeclareUnicodeCharacter 


! Package inputenc Error: Unicode character ι (U+03B9)
(inputenc)                not set up for use with LaTeX.

See the inputenc package documentation for explanation.
Type  H <return>  for immediate help.
 ...                                              
                                                  
l.16 \textsc{Αριστοτέλειο}
                                      \\[1cm]
You may provide a definition with
\DeclareUnicodeCharacter 


! Package inputenc Error: Unicode character ο (U+03BF)
(inputenc)                not set up for use with LaTeX.

See the inputenc package documentation for explanation.
Type  H <return>  for immediate help.
 ...                                              
                                                  
l.16 \textsc{Αριστοτέλειο}
                                      \\[1cm]
You may provide a definition with
\DeclareUnicodeCharacter 


! Package inputenc Error: Unicode character Σ (U+03A3)
(inputenc)                not set up for use with LaTeX.

See the inputenc package documentation for explanation.
Type  H <return>  for immediate help.
 ...                                              
                                                  
l.17 \textsc{Σχολή}
                        \\[3.5cm]
You may provide a definition with
\DeclareUnicodeCharacter 


! Package inputenc Error: Unicode character χ (U+03C7)
(inputenc)                not set up for use with LaTeX.

See the inputenc package documentation for explanation.
Type  H <return>  for immediate help.
 ...                                              
                                                  
l.17 \textsc{Σχολή}
                        \\[3.5cm]
You may provide a definition with
\DeclareUnicodeCharacter 


! Package inputenc Error: Unicode character ο (U+03BF)
(inputenc)                not set up for use with LaTeX.

See the inputenc package documentation for explanation.
Type  H <return>  for immediate help.
 ...                                              
                                                  
l.17 \textsc{Σχολή}
                        \\[3.5cm]
You may provide a definition with
\DeclareUnicodeCharacter 


! Package inputenc Error: Unicode character λ (U+03BB)
(inputenc)                not set up for use with LaTeX.

See the inputenc package documentation for explanation.
Type  H <return>  for immediate help.
 ...                                              
                                                  
l.17 \textsc{Σχολή}
                        \\[3.5cm]
You may provide a definition with
\DeclareUnicodeCharacter 


! Package inputenc Error: Unicode character ή (U+03AE)
(inputenc)                not set up for use with LaTeX.

See the inputenc package documentation for explanation.
Type  H <return>  for immediate help.
 ...                                              
                                                  
l.17 \textsc{Σχολή}
                        \\[3.5cm]
You may provide a definition with
\DeclareUnicodeCharacter 

! Undefined control sequence.
l.19 \includegraphics
                     [scale=0.8]{figures/authsymbol.png}\\ % Include a depar...
The control sequence at the end of the top line
of your error message was never \def'ed. If you have
misspelled it (e.g., `\hobx'), type `I' and the correct
spelling (e.g., `I\hbox'). Otherwise just continue,
and I'll forget about whatever was undefined.

Missing character: There is no [ in font nullfont!
Missing character: There is no s in font nullfont!
Missing character: There is no c in font nullfont!
Missing character: There is no a in font nullfont!
Missing character: There is no l in font nullfont!
Missing character: There is no e in font nullfont!
Missing character: There is no = in font nullfont!
Missing character: There is no 0 in font nullfont!
Missing character: There is no . in font nullfont!
Missing character: There is no 8 in font nullfont!
Missing character: There is no ] in font nullfont!
Missing character: There is no f in font nullfont!
Missing character: There is no i in font nullfont!
Missing character: There is no g in font nullfont!
Missing character: There is no u in font nullfont!
Missing character: There is no r in font nullfont!
Missing character: There is no e in font nullfont!
Missing character: There is no s in font nullfont!
Missing character: There is no / in font nullfont!
Missing character: There is no a in font nullfont!
Missing character: There is no u in font nullfont!
Missing character: There is no t in font nullfont!
Missing character: There is no h in font nullfont!
Missing character: There is no s in font nullfont!
Missing character: There is no y in font nullfont!
Missing character: There is no m in font nullfont!
Missing character: There is no b in font nullfont!
Missing character: There is no o in font nullfont!
Missing character: There is no l in font nullfont!
Missing character: There is no . in font nullfont!
Missing character: There is no p in font nullfont!
Missing character: There is no n in font nullfont!
Missing character: There is no g in font nullfont!
! Undefined control sequence.
l.28 {\Large
             \bfseries Physical Examples of Quantum Entropies: Properties, C...
The control sequence at the end of the top line
of your error message was never \def'ed. If you have
misspelled it (e.g., `\hobx'), type `I' and the correct
spelling (e.g., `I\hbox'). Otherwise just continue,
and I'll forget about whatever was undefined.


Overfull \hbox (41.62613pt too wide) in paragraph at lines 28--28
 []\OT1/cmr/bx/n/10 Physical 
 []


Overfull \hbox (17.45824pt too wide) in paragraph at lines 28--28
 \OT1/cmr/bx/n/10 Ex- 
 []


Overfull \hbox (19.00682pt too wide) in paragraph at lines 28--28
 \OT1/cmr/bx/n/10 am- 
 []


Overfull \hbox (19.39017pt too wide) in paragraph at lines 28--28
 \OT1/cmr/bx/n/10 ples 
 []


Overfull \hbox (9.26384pt too wide) in paragraph at lines 28--28
 \OT1/cmr/bx/n/10 of 
 []


Overfull \hbox (30.84009pt too wide) in paragraph at lines 28--28
 \OT1/cmr/bx/n/10 Quan- 
 []


Overfull \hbox (20.44434pt too wide) in paragraph at lines 28--28
 \OT1/cmr/bx/n/10 tum 
 []


Overfull \hbox (17.77768pt too wide) in paragraph at lines 28--28
 \OT1/cmr/bx/n/10 En- 
 []


Overfull \hbox (37.54286pt too wide) in paragraph at lines 28--28
 \OT1/cmr/bx/n/10 tropies: 
 []


Overfull \hbox (28.5693pt too wide) in paragraph at lines 28--28
 \OT1/cmr/bx/n/10 Prop- 
 []


Overfull \hbox (13.84023pt too wide) in paragraph at lines 28--28
 \OT1/cmr/bx/n/10 er- 
 []


Overfull \hbox (20.66794pt too wide) in paragraph at lines 28--28
 \OT1/cmr/bx/n/10 ties, 
 []


Overfull \hbox (20.92348pt too wide) in paragraph at lines 28--28
 \OT1/cmr/bx/n/10 Cal- 
 []


Overfull \hbox (15.33325pt too wide) in paragraph at lines 28--28
 \OT1/cmr/bx/n/10 cu- 
 []


Overfull \hbox (12.61797pt too wide) in paragraph at lines 28--28
 \OT1/cmr/bx/n/10 la- 
 []


Overfull \hbox (24.34152pt too wide) in paragraph at lines 28--28
 \OT1/cmr/bx/n/10 tions 
 []


Overfull \hbox (18.36794pt too wide) in paragraph at lines 28--28
 \OT1/cmr/bx/n/10 and 
 []


Overfull \hbox (22.18045pt too wide) in paragraph at lines 28--28
 \OT1/cmr/bx/n/10 Pro- 
 []


Overfull \hbox (44.6664pt too wide) in paragraph at lines 28--28
 \OT1/cmr/bx/n/10 gramma- 
 []


Overfull \hbox (16.61102pt too wide) in paragraph at lines 28--28
 \OT1/cmr/bx/n/10 bil- 
 []


Overfull \hbox (13.4166pt too wide) in paragraph at lines 28--28
 \OT1/cmr/bx/n/10 ity 
 []

! Undefined control sequence.
l.36 \large
           
The control sequence at the end of the top line
of your error message was never \def'ed. If you have
misspelled it (e.g., `\hobx'), type `I' and the correct
spelling (e.g., `I\hbox'). Otherwise just continue,
and I'll forget about whatever was undefined.


! Package inputenc Error: Unicode character Ε (U+0395)
(inputenc)                not set up for use with LaTeX.

See the inputenc package documentation for explanation.
Type  H <return>  for immediate help.
 ...                                              
                                                  
l.37 \emph{Επιβλέπων:}
                               \\
You may provide a definition with
\DeclareUnicodeCharacter 


! Package inputenc Error: Unicode character π (U+03C0)
(inputenc)                not set up for use with LaTeX.

See the inputenc package documentation for explanation.
Type  H <return>  for immediate help.
 ...                                              
                                                  
l.37 \emph{Επιβλέπων:}
                               \\
You may provide a definition with
\DeclareUnicodeCharacter 


! Package inputenc Error: Unicode character ι (U+03B9)
(inputenc)                not set up for use with LaTeX.

See the inputenc package documentation for explanation.
Type  H <return>  for immediate help.
 ...                                              
                                                  
l.37 \emph{Επιβλέπων:}
                               \\
You may provide a definition with
\DeclareUnicodeCharacter 


! Package inputenc Error: Unicode character β (U+03B2)
(inputenc)                not set up for use with LaTeX.

See the inputenc package documentation for explanation.
Type  H <return>  for immediate help.
 ...                                              
                                                  
l.37 \emph{Επιβλέπων:}
                               \\
You may provide a definition with
\DeclareUnicodeCharacter 


! Package inputenc Error: Unicode character λ (U+03BB)
(inputenc)                not set up for use with LaTeX.

See the inputenc package documentation for explanation.
Type  H <return>  for immediate help.
 ...                                              
                                                  
l.37 \emph{Επιβλέπων:}
                               \\
You may provide a definition with
\DeclareUnicodeCharacter 


! Package inputenc Error: Unicode character έ (U+03AD)
(inputenc)                not set up for use with LaTeX.

See the inputenc package documentation for explanation.
Type  H <return>  for immediate help.
 ...                                              
                                                  
l.37 \emph{Επιβλέπων:}
                               \\
You may provide a definition with
\DeclareUnicodeCharacter 


! Package inputenc Error: Unicode character π (U+03C0)
(inputenc)                not set up for use with LaTeX.

See the inputenc package documentation for explanation.
Type  H <return>  for immediate help.
 ...                                              
                                                  
l.37 \emph{Επιβλέπων:}
                               \\
You may provide a definition with
\DeclareUnicodeCharacter 


! Package inputenc Error: Unicode character ω (U+03C9)
(inputenc)                not set up for use with LaTeX.

See the inputenc package documentation for explanation.
Type  H <return>  for immediate help.
 ...                                              
                                                  
l.37 \emph{Επιβλέπων:}
                               \\
You may provide a definition with
\DeclareUnicodeCharacter 


! Package inputenc Error: Unicode character ν (U+03BD)
(inputenc)                not set up for use with LaTeX.

See the inputenc package documentation for explanation.
Type  H <return>  for immediate help.
 ...                                              
                                                  
l.37 \emph{Επιβλέπων:}
                               \\
You may provide a definition with
\DeclareUnicodeCharacter 


! Package inputenc Error: Unicode character Ο (U+039F)
(inputenc)                not set up for use with LaTeX.

See the inputenc package documentation for explanation.
Type  H <return>  for immediate help.
 ...                                              
                                                  
l.39 Ο
       νοματεπώνυμο
You may provide a definition with
\DeclareUnicodeCharacter 


! Package inputenc Error: Unicode character ν (U+03BD)
(inputenc)                not set up for use with LaTeX.

See the inputenc package documentation for explanation.
Type  H <return>  for immediate help.
 ...                                              
                                                  
l.39 Ον
         οματεπώνυμο
You may provide a definition with
\DeclareUnicodeCharacter 


! Package inputenc Error: Unicode character ο (U+03BF)
(inputenc)                not set up for use with LaTeX.

See the inputenc package documentation for explanation.
Type  H <return>  for immediate help.
 ...                                              
                                                  
l.39 Ονο
           ματεπώνυμο
You may provide a definition with
\DeclareUnicodeCharacter 


! Package inputenc Error: Unicode character μ (U+03BC)
(inputenc)                not set up for use with LaTeX.

See the inputenc package documentation for explanation.
Type  H <return>  for immediate help.
 ...                                              
                                                  
l.39 Ονομ
             ατεπώνυμο
You may provide a definition with
\DeclareUnicodeCharacter 


! Package inputenc Error: Unicode character α (U+03B1)
(inputenc)                not set up for use with LaTeX.

See the inputenc package documentation for explanation.
Type  H <return>  for immediate help.
 ...                                              
                                                  
l.39 Ονομα
               τεπώνυμο
You may provide a definition with
\DeclareUnicodeCharacter 


! Package inputenc Error: Unicode character τ (U+03C4)
(inputenc)                not set up for use with LaTeX.

See the inputenc package documentation for explanation.
Type  H <return>  for immediate help.
 ...                                              
                                                  
l.39 Ονοματ
                 επώνυμο
You may provide a definition with
\DeclareUnicodeCharacter 


! Package inputenc Error: Unicode character ε (U+03B5)
(inputenc)                not set up for use with LaTeX.

See the inputenc package documentation for explanation.
Type  H <return>  for immediate help.
 ...                                              
                                                  
l.39 Ονοματε
                   πώνυμο
You may provide a definition with
\DeclareUnicodeCharacter 


! Package inputenc Error: Unicode character π (U+03C0)
(inputenc)                not set up for use with LaTeX.

See the inputenc package documentation for explanation.
Type  H <return>  for immediate help.
 ...                                              
                                                  
l.39 Ονοματεπ
                     ώνυμο
You may provide a definition with
\DeclareUnicodeCharacter 


! Package inputenc Error: Unicode character ώ (U+03CE)
(inputenc)                not set up for use with LaTeX.

See the inputenc package documentation for explanation.
Type  H <return>  for immediate help.
 ...                                              
                                                  
l.39 Ονοματεπώ
                       νυμο
You may provide a definition with
\DeclareUnicodeCharacter 


! Package inputenc Error: Unicode character ν (U+03BD)
(inputenc)                not set up for use with LaTeX.

See the inputenc package documentation for explanation.
Type  H <return>  for immediate help.
 ...                                              
                                                  
l.39 Ονοματεπών
                         υμο
You may provide a definition with
\DeclareUnicodeCharacter 


! Package inputenc Error: Unicode character υ (U+03C5)
(inputenc)                not set up for use with LaTeX.

See the inputenc package documentation for explanation.
Type  H <return>  for immediate help.
 ...                                              
                                                  
l.39 Ονοματεπώνυ
                           μο
You may provide a definition with
\DeclareUnicodeCharacter 


! Package inputenc Error: Unicode character μ (U+03BC)
(inputenc)                not set up for use with LaTeX.

See the inputenc package documentation for explanation.
Type  H <return>  for immediate help.
 ...                                              
                                                  
l.39 Ονοματεπώνυμ
                             ο
You may provide a definition with
\DeclareUnicodeCharacter 


! Package inputenc Error: Unicode character ο (U+03BF)
(inputenc)                not set up for use with LaTeX.

See the inputenc package documentation for explanation.
Type  H <return>  for immediate help.
 ...                                              
                                                  
l.39 Ονοματεπώνυμο
                               
You may provide a definition with
\DeclareUnicodeCharacter 

LaTeX Font Info:    External font `cmex10' loaded for size
(Font)              <7> on input line 46.
LaTeX Font Info:    External font `cmex10' loaded for size
(Font)              <5> on input line 46.
! Undefined control sequence.
l.47 \large
           
The control sequence at the end of the top line
of your error message was never \def'ed. If you have
misspelled it (e.g., `\hobx'), type `I' and the correct
spelling (e.g., `I\hbox'). Otherwise just continue,
and I'll forget about whatever was undefined.


! Package inputenc Error: Unicode character Σ (U+03A3)
(inputenc)                not set up for use with LaTeX.

See the inputenc package documentation for explanation.
Type  H <return>  for immediate help.
 ...                                              
                                                  
l.48 \emph{Συγγραφέας:}
                                 \\
You may provide a definition with
\DeclareUnicodeCharacter 


! Package inputenc Error: Unicode character υ (U+03C5)
(inputenc)                not set up for use with LaTeX.

See the inputenc package documentation for explanation.
Type  H <return>  for immediate help.
 ...                                              
                                                  
l.48 \emph{Συγγραφέας:}
                                 \\
You may provide a definition with
\DeclareUnicodeCharacter 


! Package inputenc Error: Unicode character γ (U+03B3)
(inputenc)                not set up for use with LaTeX.

See the inputenc package documentation for explanation.
Type  H <return>  for immediate help.
 ...                                              
                                                  
l.48 \emph{Συγγραφέας:}
                                 \\
You may provide a definition with
\DeclareUnicodeCharacter 


! Package inputenc Error: Unicode character γ (U+03B3)
(inputenc)                not set up for use with LaTeX.

See the inputenc package documentation for explanation.
Type  H <return>  for immediate help.
 ...                                              
                                                  
l.48 \emph{Συγγραφέας:}
                                 \\
You may provide a definition with
\DeclareUnicodeCharacter 


! Package inputenc Error: Unicode character ρ (U+03C1)
(inputenc)                not set up for use with LaTeX.

See the inputenc package documentation for explanation.
Type  H <return>  for immediate help.
 ...                                              
                                                  
l.48 \emph{Συγγραφέας:}
                                 \\
You may provide a definition with
\DeclareUnicodeCharacter 


! Package inputenc Error: Unicode character α (U+03B1)
(inputenc)                not set up for use with LaTeX.

See the inputenc package documentation for explanation.
Type  H <return>  for immediate help.
 ...                                              
                                                  
l.48 \emph{Συγγραφέας:}
                                 \\
You may provide a definition with
\DeclareUnicodeCharacter 


! Package inputenc Error: Unicode character φ (U+03C6)
(inputenc)                not set up for use with LaTeX.

See the inputenc package documentation for explanation.
Type  H <return>  for immediate help.
 ...                                              
                                                  
l.48 \emph{Συγγραφέας:}
                                 \\
You may provide a definition with
\DeclareUnicodeCharacter 


! Package inputenc Error: Unicode character έ (U+03AD)
(inputenc)                not set up for use with LaTeX.

See the inputenc package documentation for explanation.
Type  H <return>  for immediate help.
 ...                                              
                                                  
l.48 \emph{Συγγραφέας:}
                                 \\
You may provide a definition with
\DeclareUnicodeCharacter 


! Package inputenc Error: Unicode character α (U+03B1)
(inputenc)                not set up for use with LaTeX.

See the inputenc package documentation for explanation.
Type  H <return>  for immediate help.
 ...                                              
                                                  
l.48 \emph{Συγγραφέας:}
                                 \\
You may provide a definition with
\DeclareUnicodeCharacter 


! Package inputenc Error: Unicode character ς (U+03C2)
(inputenc)                not set up for use with LaTeX.

See the inputenc package documentation for explanation.
Type  H <return>  for immediate help.
 ...                                              
                                                  
l.48 \emph{Συγγραφέας:}
                                 \\
You may provide a definition with
\DeclareUnicodeCharacter 

! Undefined control sequence.
<recently read> \large 
                       
l.49 \large
           
The control sequence at the end of the top line
of your error message was never \def'ed. If you have
misspelled it (e.g., `\hobx'), type `I' and the correct
spelling (e.g., `I\hbox'). Otherwise just continue,
and I'll forget about whatever was undefined.


! Package inputenc Error: Unicode character Ο (U+039F)
(inputenc)                not set up for use with LaTeX.

See the inputenc package documentation for explanation.
Type  H <return>  for immediate help.
 ...                                              
                                                  
l.50 Ο
       νοματεπώνυμο
You may provide a definition with
\DeclareUnicodeCharacter 


! Package inputenc Error: Unicode character ν (U+03BD)
(inputenc)                not set up for use with LaTeX.

See the inputenc package documentation for explanation.
Type  H <return>  for immediate help.
 ...                                              
                                                  
l.50 Ον
         οματεπώνυμο
You may provide a definition with
\DeclareUnicodeCharacter 


! Package inputenc Error: Unicode character ο (U+03BF)
(inputenc)                not set up for use with LaTeX.

See the inputenc package documentation for explanation.
Type  H <return>  for immediate help.
 ...                                              
                                                  
l.50 Ονο
           ματεπώνυμο
You may provide a definition with
\DeclareUnicodeCharacter 


! Package inputenc Error: Unicode character μ (U+03BC)
(inputenc)                not set up for use with LaTeX.

See the inputenc package documentation for explanation.
Type  H <return>  for immediate help.
 ...                                              
                                                  
l.50 Ονομ
             ατεπώνυμο
You may provide a definition with
\DeclareUnicodeCharacter 


! Package inputenc Error: Unicode character α (U+03B1)
(inputenc)                not set up for use with LaTeX.

See the inputenc package documentation for explanation.
Type  H <return>  for immediate help.
 ...                                              
                                                  
l.50 Ονομα
               τεπώνυμο
You may provide a definition with
\DeclareUnicodeCharacter 


! Package inputenc Error: Unicode character τ (U+03C4)
(inputenc)                not set up for use with LaTeX.

See the inputenc package documentation for explanation.
Type  H <return>  for immediate help.
 ...                                              
                                                  
l.50 Ονοματ
                 επώνυμο
You may provide a definition with
\DeclareUnicodeCharacter 


! Package inputenc Error: Unicode character ε (U+03B5)
(inputenc)                not set up for use with LaTeX.

See the inputenc package documentation for explanation.
Type  H <return>  for immediate help.
 ...                                              
                                                  
l.50 Ονοματε
                   πώνυμο
You may provide a definition with
\DeclareUnicodeCharacter 


! Package inputenc Error: Unicode character π (U+03C0)
(inputenc)                not set up for use with LaTeX.

See the inputenc package documentation for explanation.
Type  H <return>  for immediate help.
 ...                                              
                                                  
l.50 Ονοματεπ
                     ώνυμο
You may provide a definition with
\DeclareUnicodeCharacter 


! Package inputenc Error: Unicode character ώ (U+03CE)
(inputenc)                not set up for use with LaTeX.

See the inputenc package documentation for explanation.
Type  H <return>  for immediate help.
 ...                                              
                                                  
l.50 Ονοματεπώ
                       νυμο
You may provide a definition with
\DeclareUnicodeCharacter 


! Package inputenc Error: Unicode character ν (U+03BD)
(inputenc)                not set up for use with LaTeX.

See the inputenc package documentation for explanation.
Type  H <return>  for immediate help.
 ...                                              
                                                  
l.50 Ονοματεπών
                         υμο
You may provide a definition with
\DeclareUnicodeCharacter 


! Package inputenc Error: Unicode character υ (U+03C5)
(inputenc)                not set up for use with LaTeX.

See the inputenc package documentation for explanation.
Type  H <return>  for immediate help.
 ...                                              
                                                  
l.50 Ονοματεπώνυ
                           μο
You may provide a definition with
\DeclareUnicodeCharacter 


! Package inputenc Error: Unicode character μ (U+03BC)
(inputenc)                not set up for use with LaTeX.

See the inputenc package documentation for explanation.
Type  H <return>  for immediate help.
 ...                                              
                                                  
l.50 Ονοματεπώνυμ
                             ο
You may provide a definition with
\DeclareUnicodeCharacter 


! Package inputenc Error: Unicode character ο (U+03BF)
(inputenc)                not set up for use with LaTeX.

See the inputenc package documentation for explanation.
Type  H <return>  for immediate help.
 ...                                              
                                                  
l.50 Ονοματεπώνυμο
                               
You may provide a definition with
\DeclareUnicodeCharacter 


! LaTeX Error: \begin{document} ended by \end{titlepage}.

See the LaTeX manual or LaTeX Companion for explanation.
Type  H <return>  for immediate help.
 ...                                              
                                                  
l.53 \end{titlepage}
                    
Your command was ignored.
Type  I <command> <return>  to replace it with another command,
or  <return>  to continue without it.

)
! Emergency stop.
<*> ./titlepage.tex
                   
*** (job aborted, no legal \end found)

 
Here is how much of TeX's memory you used:
 55 strings out of 478870
 769 string characters out of 2848836
 292248 words of memory out of 3000000
 18069 multiletter control sequences out of 15000+600000
 404385 words of font info for 30 fonts, out of 8000000 for 9000
 1141 hyphenation exceptions out of 8191
 19i,9n,12p,194b,236s stack positions out of 5000i,500n,10000p,200000b,80000s
!  ==> Fatal error occurred, no output PDF file produced!
