This is pdfTeX, Version 3.141592653-2.6-1.40.24 (MiKTeX 22.8) (preloaded format=pdflatex 2022.8.17)  8 SEP 2022 16:36
entering extended mode
 restricted \write18 enabled.
 %&-line parsing enabled.
**./Eigen.tex
(Eigen.tex
LaTeX2e <2022-06-01> patch level 5
L3 programming layer <2022-08-05>
! Undefined control sequence.
l.1 \chapter
            {Î™Î´Î¹Î¿Ï„Î¹Î¼Î­Ï‚, Î¹Î´Î¹Î¿Î´Î¹Î±Î½ÏÏƒÎ¼Î±Ï„Î± ÎºÎ±Î¹ Î´Î¹Î±Î...
The control sequence at the end of the top line
of your error message was never \def'ed. If you have
misspelled it (e.g., `\hobx'), type `I' and the correct
spelling (e.g., `I\hbox'). Otherwise just continue,
and I'll forget about whatever was undefined.


! LaTeX Error: Unicode character Î™ (U+0399)
               not set up for use with LaTeX.

See the LaTeX manual or LaTeX Companion for explanation.
Type  H <return>  for immediate help.
 ...                                              
                                                  
l.1 \chapter{Î™
               Î´Î¹Î¿Ï„Î¹Î¼Î­Ï‚, Î¹Î´Î¹Î¿Î´Î¹Î±Î½ÏÏƒÎ¼Î±Ï„Î± ÎºÎ±Î¹ Î´Î¹Î±Î...

You may provide a definition with
\DeclareUnicodeCharacter 


! LaTeX Error: Unicode character Î´ (U+03B4)
               not set up for use with LaTeX.

See the LaTeX manual or LaTeX Companion for explanation.
Type  H <return>  for immediate help.
 ...                                              
                                                  
l.1 \chapter{Î™Î´
                 Î¹Î¿Ï„Î¹Î¼Î­Ï‚, Î¹Î´Î¹Î¿Î´Î¹Î±Î½ÏÏƒÎ¼Î±Ï„Î± ÎºÎ±Î¹ Î´Î¹Î±Î...

You may provide a definition with
\DeclareUnicodeCharacter 


! LaTeX Error: Unicode character Î¹ (U+03B9)
               not set up for use with LaTeX.

See the LaTeX manual or LaTeX Companion for explanation.
Type  H <return>  for immediate help.
 ...                                              
                                                  
l.1 \chapter{Î™Î´Î¹
                   Î¿Ï„Î¹Î¼Î­Ï‚, Î¹Î´Î¹Î¿Î´Î¹Î±Î½ÏÏƒÎ¼Î±Ï„Î± ÎºÎ±Î¹ Î´Î¹Î±Î...

You may provide a definition with
\DeclareUnicodeCharacter 


! LaTeX Error: Unicode character Î¿ (U+03BF)
               not set up for use with LaTeX.

See the LaTeX manual or LaTeX Companion for explanation.
Type  H <return>  for immediate help.
 ...                                              
                                                  
l.1 \chapter{Î™Î´Î¹Î¿
                     Ï„Î¹Î¼Î­Ï‚, Î¹Î´Î¹Î¿Î´Î¹Î±Î½ÏÏƒÎ¼Î±Ï„Î± ÎºÎ±Î¹ Î´Î¹Î±Î...

You may provide a definition with
\DeclareUnicodeCharacter 


! LaTeX Error: Unicode character Ï„ (U+03C4)
               not set up for use with LaTeX.

See the LaTeX manual or LaTeX Companion for explanation.
Type  H <return>  for immediate help.
 ...                                              
                                                  
l.1 \chapter{Î™Î´Î¹Î¿Ï„
                       Î¹Î¼Î­Ï‚, Î¹Î´Î¹Î¿Î´Î¹Î±Î½ÏÏƒÎ¼Î±Ï„Î± ÎºÎ±Î¹ Î´Î¹Î±Î...

You may provide a definition with
\DeclareUnicodeCharacter 


! LaTeX Error: Unicode character Î¹ (U+03B9)
               not set up for use with LaTeX.

See the LaTeX manual or LaTeX Companion for explanation.
Type  H <return>  for immediate help.
 ...                                              
                                                  
l.1 \chapter{Î™Î´Î¹Î¿Ï„Î¹
                         Î¼Î­Ï‚, Î¹Î´Î¹Î¿Î´Î¹Î±Î½ÏÏƒÎ¼Î±Ï„Î± ÎºÎ±Î¹ Î´Î¹Î±Î...

You may provide a definition with
\DeclareUnicodeCharacter 


! LaTeX Error: Unicode character Î¼ (U+03BC)
               not set up for use with LaTeX.

See the LaTeX manual or LaTeX Companion for explanation.
Type  H <return>  for immediate help.
 ...                                              
                                                  
l.1 \chapter{Î™Î´Î¹Î¿Ï„Î¹Î¼
                           Î­Ï‚, Î¹Î´Î¹Î¿Î´Î¹Î±Î½ÏÏƒÎ¼Î±Ï„Î± ÎºÎ±Î¹ Î´Î¹Î±Î...

You may provide a definition with
\DeclareUnicodeCharacter 


! LaTeX Error: Unicode character Î­ (U+03AD)
               not set up for use with LaTeX.

See the LaTeX manual or LaTeX Companion for explanation.
Type  H <return>  for immediate help.
 ...                                              
                                                  
l.1 \chapter{Î™Î´Î¹Î¿Ï„Î¹Î¼Î­
                             Ï‚, Î¹Î´Î¹Î¿Î´Î¹Î±Î½ÏÏƒÎ¼Î±Ï„Î± ÎºÎ±Î¹ Î´Î¹Î±Î...

You may provide a definition with
\DeclareUnicodeCharacter 


! LaTeX Error: Unicode character Ï‚ (U+03C2)
               not set up for use with LaTeX.

See the LaTeX manual or LaTeX Companion for explanation.
Type  H <return>  for immediate help.
 ...                                              
                                                  
l.1 \chapter{Î™Î´Î¹Î¿Ï„Î¹Î¼Î­Ï‚
                               , Î¹Î´Î¹Î¿Î´Î¹Î±Î½ÏÏƒÎ¼Î±Ï„Î± ÎºÎ±Î¹ Î´Î¹Î±Î...

You may provide a definition with
\DeclareUnicodeCharacter 


! LaTeX Error: Missing \begin{document}.

See the LaTeX manual or LaTeX Companion for explanation.
Type  H <return>  for immediate help.
 ...                                              
                                                  
l.1 \chapter{Î™Î´Î¹Î¿Ï„Î¹Î¼Î­Ï‚,
                                 Î¹Î´Î¹Î¿Î´Î¹Î±Î½ÏÏƒÎ¼Î±Ï„Î± ÎºÎ±Î¹ Î´Î¹Î±Î...

You're in trouble here.  Try typing  <return>  to proceed.
If that doesn't work, type  X <return>  to quit.

Missing character: There is no , in font nullfont!

! LaTeX Error: Unicode character Î¹ (U+03B9)
               not set up for use with LaTeX.

See the LaTeX manual or LaTeX Companion for explanation.
Type  H <return>  for immediate help.
 ...                                              
                                                  
l.1 \chapter{Î™Î´Î¹Î¿Ï„Î¹Î¼Î­Ï‚, Î¹
                                   Î´Î¹Î¿Î´Î¹Î±Î½ÏÏƒÎ¼Î±Ï„Î± ÎºÎ±Î¹ Î´Î¹Î±Î...

You may provide a definition with
\DeclareUnicodeCharacter 


! LaTeX Error: Unicode character Î´ (U+03B4)
               not set up for use with LaTeX.

See the LaTeX manual or LaTeX Companion for explanation.
Type  H <return>  for immediate help.
 ...                                              
                                                  
l.1 \chapter{Î™Î´Î¹Î¿Ï„Î¹Î¼Î­Ï‚, Î¹Î´
                                     Î¹Î¿Î´Î¹Î±Î½ÏÏƒÎ¼Î±Ï„Î± ÎºÎ±Î¹ Î´Î¹Î±Î...

You may provide a definition with
\DeclareUnicodeCharacter 


! LaTeX Error: Unicode character Î¹ (U+03B9)
               not set up for use with LaTeX.

See the LaTeX manual or LaTeX Companion for explanation.
Type  H <return>  for immediate help.
 ...                                              
                                                  
l.1 \chapter{Î™Î´Î¹Î¿Ï„Î¹Î¼Î­Ï‚, Î¹Î´Î¹
                                       Î¿Î´Î¹Î±Î½ÏÏƒÎ¼Î±Ï„Î± ÎºÎ±Î¹ Î´Î¹Î±Î...

You may provide a definition with
\DeclareUnicodeCharacter 


! LaTeX Error: Unicode character Î¿ (U+03BF)
               not set up for use with LaTeX.

See the LaTeX manual or LaTeX Companion for explanation.
Type  H <return>  for immediate help.
 ...                                              
                                                  
l.1 \chapter{Î™Î´Î¹Î¿Ï„Î¹Î¼Î­Ï‚, Î¹Î´Î¹Î¿
                                         Î´Î¹Î±Î½ÏÏƒÎ¼Î±Ï„Î± ÎºÎ±Î¹ Î´Î¹Î±Î...

You may provide a definition with
\DeclareUnicodeCharacter 


! LaTeX Error: Unicode character Î´ (U+03B4)
               not set up for use with LaTeX.

See the LaTeX manual or LaTeX Companion for explanation.
Type  H <return>  for immediate help.
 ...                                              
                                                  
l.1 \chapter{Î™Î´Î¹Î¿Ï„Î¹Î¼Î­Ï‚, Î¹Î´Î¹Î¿Î´
                                           Î¹Î±Î½ÏÏƒÎ¼Î±Ï„Î± ÎºÎ±Î¹ Î´Î¹Î±Î...

You may provide a definition with
\DeclareUnicodeCharacter 


! LaTeX Error: Unicode character Î¹ (U+03B9)
               not set up for use with LaTeX.

See the LaTeX manual or LaTeX Companion for explanation.
Type  H <return>  for immediate help.
 ...                                              
                                                  
l.1 \chapter{Î™Î´Î¹Î¿Ï„Î¹Î¼Î­Ï‚, Î¹Î´Î¹Î¿Î´Î¹
                                             Î±Î½ÏÏƒÎ¼Î±Ï„Î± ÎºÎ±Î¹ Î´Î¹Î±Î...

You may provide a definition with
\DeclareUnicodeCharacter 


! LaTeX Error: Unicode character Î± (U+03B1)
               not set up for use with LaTeX.

See the LaTeX manual or LaTeX Companion for explanation.
Type  H <return>  for immediate help.
 ...                                              
                                                  
l.1 \chapter{Î™Î´Î¹Î¿Ï„Î¹Î¼Î­Ï‚, Î¹Î´Î¹Î¿Î´Î¹Î±
                                               Î½ÏÏƒÎ¼Î±Ï„Î± ÎºÎ±Î¹ Î´Î¹Î±Î...

You may provide a definition with
\DeclareUnicodeCharacter 


! LaTeX Error: Unicode character Î½ (U+03BD)
               not set up for use with LaTeX.

See the LaTeX manual or LaTeX Companion for explanation.
Type  H <return>  for immediate help.
 ...                                              
                                                  
l.1 \chapter{Î™Î´Î¹Î¿Ï„Î¹Î¼Î­Ï‚, Î¹Î´Î¹Î¿Î´Î¹Î±Î½
                                                 ÏÏƒÎ¼Î±Ï„Î± ÎºÎ±Î¹ Î´Î¹Î±Î...

You may provide a definition with
\DeclareUnicodeCharacter 


! LaTeX Error: Unicode character Ï (U+03CD)
               not set up for use with LaTeX.

See the LaTeX manual or LaTeX Companion for explanation.
Type  H <return>  for immediate help.
 ...                                              
                                                  
l.1 ...pter{Î™Î´Î¹Î¿Ï„Î¹Î¼Î­Ï‚, Î¹Î´Î¹Î¿Î´Î¹Î±Î½Ï
                                                  ÏƒÎ¼Î±Ï„Î± ÎºÎ±Î¹ Î´Î¹Î±Î³...

You may provide a definition with
\DeclareUnicodeCharacter 


! LaTeX Error: Unicode character Ïƒ (U+03C3)
               not set up for use with LaTeX.

See the LaTeX manual or LaTeX Companion for explanation.
Type  H <return>  for immediate help.
 ...                                              
                                                  
l.1 ...er{Î™Î´Î¹Î¿Ï„Î¹Î¼Î­Ï‚, Î¹Î´Î¹Î¿Î´Î¹Î±Î½ÏÏƒ
                                                  Î¼Î±Ï„Î± ÎºÎ±Î¹ Î´Î¹Î±Î³Ï‰...

You may provide a definition with
\DeclareUnicodeCharacter 


! LaTeX Error: Unicode character Î¼ (U+03BC)
               not set up for use with LaTeX.

See the LaTeX manual or LaTeX Companion for explanation.
Type  H <return>  for immediate help.
 ...                                              
                                                  
l.1 ...{Î™Î´Î¹Î¿Ï„Î¹Î¼Î­Ï‚, Î¹Î´Î¹Î¿Î´Î¹Î±Î½ÏÏƒÎ¼
                                                  Î±Ï„Î± ÎºÎ±Î¹ Î´Î¹Î±Î³Ï‰Î½...

You may provide a definition with
\DeclareUnicodeCharacter 


! LaTeX Error: Unicode character Î± (U+03B1)
               not set up for use with LaTeX.

See the LaTeX manual or LaTeX Companion for explanation.
Type  H <return>  for immediate help.
 ...                                              
                                                  
l.1 ...™Î´Î¹Î¿Ï„Î¹Î¼Î­Ï‚, Î¹Î´Î¹Î¿Î´Î¹Î±Î½ÏÏƒÎ¼Î±
                                                  Ï„Î± ÎºÎ±Î¹ Î´Î¹Î±Î³Ï‰Î½Î¹...

You may provide a definition with
\DeclareUnicodeCharacter 


! LaTeX Error: Unicode character Ï„ (U+03C4)
               not set up for use with LaTeX.

See the LaTeX manual or LaTeX Companion for explanation.
Type  H <return>  for immediate help.
 ...                                              
                                                  
l.1 ...´Î¹Î¿Ï„Î¹Î¼Î­Ï‚, Î¹Î´Î¹Î¿Î´Î¹Î±Î½ÏÏƒÎ¼Î±Ï„
                                                  Î± ÎºÎ±Î¹ Î´Î¹Î±Î³Ï‰Î½Î¹Î¿...

You may provide a definition with
\DeclareUnicodeCharacter 


! LaTeX Error: Unicode character Î± (U+03B1)
               not set up for use with LaTeX.

See the LaTeX manual or LaTeX Companion for explanation.
Type  H <return>  for immediate help.
 ...                                              
                                                  
l.1 ...¹Î¿Ï„Î¹Î¼Î­Ï‚, Î¹Î´Î¹Î¿Î´Î¹Î±Î½ÏÏƒÎ¼Î±Ï„Î±
                                                   ÎºÎ±Î¹ Î´Î¹Î±Î³Ï‰Î½Î¹Î¿Ï€...

You may provide a definition with
\DeclareUnicodeCharacter 


! LaTeX Error: Unicode character Îº (U+03BA)
               not set up for use with LaTeX.

See the LaTeX manual or LaTeX Companion for explanation.
Type  H <return>  for immediate help.
 ...                                              
                                                  
l.1 ...Ï„Î¹Î¼Î­Ï‚, Î¹Î´Î¹Î¿Î´Î¹Î±Î½ÏÏƒÎ¼Î±Ï„Î± Îº
                                                  Î±Î¹ Î´Î¹Î±Î³Ï‰Î½Î¹Î¿Ï€Î¿Î...

You may provide a definition with
\DeclareUnicodeCharacter 


! LaTeX Error: Unicode character Î± (U+03B1)
               not set up for use with LaTeX.

See the LaTeX manual or LaTeX Companion for explanation.
Type  H <return>  for immediate help.
 ...                                              
                                                  
l.1 ...Î¹Î¼Î­Ï‚, Î¹Î´Î¹Î¿Î´Î¹Î±Î½ÏÏƒÎ¼Î±Ï„Î± ÎºÎ±
                                                  Î¹ Î´Î¹Î±Î³Ï‰Î½Î¹Î¿Ï€Î¿Î¯Î...

You may provide a definition with
\DeclareUnicodeCharacter 


! LaTeX Error: Unicode character Î¹ (U+03B9)
               not set up for use with LaTeX.

See the LaTeX manual or LaTeX Companion for explanation.
Type  H <return>  for immediate help.
 ...                                              
                                                  
l.1 ...Î¼Î­Ï‚, Î¹Î´Î¹Î¿Î´Î¹Î±Î½ÏÏƒÎ¼Î±Ï„Î± ÎºÎ±Î¹
                                                   Î´Î¹Î±Î³Ï‰Î½Î¹Î¿Ï€Î¿Î¯Î·Ï...

You may provide a definition with
\DeclareUnicodeCharacter 


! LaTeX Error: Unicode character Î´ (U+03B4)
               not set up for use with LaTeX.

See the LaTeX manual or LaTeX Companion for explanation.
Type  H <return>  for immediate help.
 ...                                              
                                                  
l.1 ...­Ï‚, Î¹Î´Î¹Î¿Î´Î¹Î±Î½ÏÏƒÎ¼Î±Ï„Î± ÎºÎ±Î¹ Î´
                                                  Î¹Î±Î³Ï‰Î½Î¹Î¿Ï€Î¿Î¯Î·ÏƒÎ·}
You may provide a definition with
\DeclareUnicodeCharacter 


! LaTeX Error: Unicode character Î¹ (U+03B9)
               not set up for use with LaTeX.

See the LaTeX manual or LaTeX Companion for explanation.
Type  H <return>  for immediate help.
 ...                                              
                                                  
l.1 ...‚, Î¹Î´Î¹Î¿Î´Î¹Î±Î½ÏÏƒÎ¼Î±Ï„Î± ÎºÎ±Î¹ Î´Î¹
                                                  Î±Î³Ï‰Î½Î¹Î¿Ï€Î¿Î¯Î·ÏƒÎ·}
You may provide a definition with
\DeclareUnicodeCharacter 


! LaTeX Error: Unicode character Î± (U+03B1)
               not set up for use with LaTeX.

See the LaTeX manual or LaTeX Companion for explanation.
Type  H <return>  for immediate help.
 ...                                              
                                                  
l.1 ... Î¹Î´Î¹Î¿Î´Î¹Î±Î½ÏÏƒÎ¼Î±Ï„Î± ÎºÎ±Î¹ Î´Î¹Î±
                                                  Î³Ï‰Î½Î¹Î¿Ï€Î¿Î¯Î·ÏƒÎ·}
You may provide a definition with
\DeclareUnicodeCharacter 


! LaTeX Error: Unicode character Î³ (U+03B3)
               not set up for use with LaTeX.

See the LaTeX manual or LaTeX Companion for explanation.
Type  H <return>  for immediate help.
 ...                                              
                                                  
l.1 ...¹Î´Î¹Î¿Î´Î¹Î±Î½ÏÏƒÎ¼Î±Ï„Î± ÎºÎ±Î¹ Î´Î¹Î±Î³
                                                  Ï‰Î½Î¹Î¿Ï€Î¿Î¯Î·ÏƒÎ·}
You may provide a definition with
\DeclareUnicodeCharacter 


! LaTeX Error: Unicode character Ï‰ (U+03C9)
               not set up for use with LaTeX.

See the LaTeX manual or LaTeX Companion for explanation.
Type  H <return>  for immediate help.
 ...                                              
                                                  
l.1 ...´Î¹Î¿Î´Î¹Î±Î½ÏÏƒÎ¼Î±Ï„Î± ÎºÎ±Î¹ Î´Î¹Î±Î³Ï‰
                                                  Î½Î¹Î¿Ï€Î¿Î¯Î·ÏƒÎ·}
You may provide a definition with
\DeclareUnicodeCharacter 


! LaTeX Error: Unicode character Î½ (U+03BD)
               not set up for use with LaTeX.

See the LaTeX manual or LaTeX Companion for explanation.
Type  H <return>  for immediate help.
 ...                                              
                                                  
l.1 ...¹Î¿Î´Î¹Î±Î½ÏÏƒÎ¼Î±Ï„Î± ÎºÎ±Î¹ Î´Î¹Î±Î³Ï‰Î½
                                                  Î¹Î¿Ï€Î¿Î¯Î·ÏƒÎ·}
You may provide a definition with
\DeclareUnicodeCharacter 


! LaTeX Error: Unicode character Î¹ (U+03B9)
               not set up for use with LaTeX.

See the LaTeX manual or LaTeX Companion for explanation.
Type  H <return>  for immediate help.
 ...                                              
                                                  
l.1 ...¿Î´Î¹Î±Î½ÏÏƒÎ¼Î±Ï„Î± ÎºÎ±Î¹ Î´Î¹Î±Î³Ï‰Î½Î¹
                                                  Î¿Ï€Î¿Î¯Î·ÏƒÎ·}
You may provide a definition with
\DeclareUnicodeCharacter 


! LaTeX Error: Unicode character Î¿ (U+03BF)
               not set up for use with LaTeX.

See the LaTeX manual or LaTeX Companion for explanation.
Type  H <return>  for immediate help.
 ...                                              
                                                  
l.1 ...´Î¹Î±Î½ÏÏƒÎ¼Î±Ï„Î± ÎºÎ±Î¹ Î´Î¹Î±Î³Ï‰Î½Î¹Î¿
                                                  Ï€Î¿Î¯Î·ÏƒÎ·}
You may provide a definition with
\DeclareUnicodeCharacter 


! LaTeX Error: Unicode character Ï€ (U+03C0)
               not set up for use with LaTeX.

See the LaTeX manual or LaTeX Companion for explanation.
Type  H <return>  for immediate help.
 ...                                              
                                                  
l.1 ...¹Î±Î½ÏÏƒÎ¼Î±Ï„Î± ÎºÎ±Î¹ Î´Î¹Î±Î³Ï‰Î½Î¹Î¿Ï€
                                                  Î¿Î¯Î·ÏƒÎ·}
You may provide a definition with
\DeclareUnicodeCharacter 


! LaTeX Error: Unicode character Î¿ (U+03BF)
               not set up for use with LaTeX.

See the LaTeX manual or LaTeX Companion for explanation.
Type  H <return>  for immediate help.
 ...                                              
                                                  
l.1 ...±Î½ÏÏƒÎ¼Î±Ï„Î± ÎºÎ±Î¹ Î´Î¹Î±Î³Ï‰Î½Î¹Î¿Ï€Î¿
                                                  Î¯Î·ÏƒÎ·}
You may provide a definition with
\DeclareUnicodeCharacter 


! LaTeX Error: Unicode character Î¯ (U+03AF)
               not set up for use with LaTeX.

See the LaTeX manual or LaTeX Companion for explanation.
Type  H <return>  for immediate help.
 ...                                              
                                                  
l.1 ...½ÏÏƒÎ¼Î±Ï„Î± ÎºÎ±Î¹ Î´Î¹Î±Î³Ï‰Î½Î¹Î¿Ï€Î¿Î¯
                                                  Î·ÏƒÎ·}
You may provide a definition with
\DeclareUnicodeCharacter 


! LaTeX Error: Unicode character Î· (U+03B7)
               not set up for use with LaTeX.

See the LaTeX manual or LaTeX Companion for explanation.
Type  H <return>  for immediate help.
 ...                                              
                                                  
l.1 ...ÏƒÎ¼Î±Ï„Î± ÎºÎ±Î¹ Î´Î¹Î±Î³Ï‰Î½Î¹Î¿Ï€Î¿Î¯Î·
                                                  ÏƒÎ·}
You may provide a definition with
\DeclareUnicodeCharacter 


! LaTeX Error: Unicode character Ïƒ (U+03C3)
               not set up for use with LaTeX.

See the LaTeX manual or LaTeX Companion for explanation.
Type  H <return>  for immediate help.
 ...                                              
                                                  
l.1 ...ƒÎ¼Î±Ï„Î± ÎºÎ±Î¹ Î´Î¹Î±Î³Ï‰Î½Î¹Î¿Ï€Î¿Î¯Î·Ïƒ
                                                  Î·}
You may provide a definition with
\DeclareUnicodeCharacter 


! LaTeX Error: Unicode character Î· (U+03B7)
               not set up for use with LaTeX.

See the LaTeX manual or LaTeX Companion for explanation.
Type  H <return>  for immediate help.
 ...                                              
                                                  
l.1 ...¼Î±Ï„Î± ÎºÎ±Î¹ Î´Î¹Î±Î³Ï‰Î½Î¹Î¿Ï€Î¿Î¯Î·ÏƒÎ·
                                                  }
You may provide a definition with
\DeclareUnicodeCharacter 


! LaTeX Error: Unicode character Î¤ (U+03A4)
               not set up for use with LaTeX.

See the LaTeX manual or LaTeX Companion for explanation.
Type  H <return>  for immediate help.
 ...                                              
                                                  
l.2 Î¤
      Î± Î¹Î´Î¹Î¿Î´Î¹Î±Î½ÏÏƒÎ¼Î±Ï„Î± ÎµÎ¯Î½Î±Î¹ Î´Î¹Î±Î½ÏÏƒÎ¼Î±Ï„Î± Î³Î¹Î±...

You may provide a definition with
\DeclareUnicodeCharacter 


! LaTeX Error: Unicode character Î± (U+03B1)
               not set up for use with LaTeX.

See the LaTeX manual or LaTeX Companion for explanation.
Type  H <return>  for immediate help.
 ...                                              
                                                  
l.2 Î¤Î±
         Î¹Î´Î¹Î¿Î´Î¹Î±Î½ÏÏƒÎ¼Î±Ï„Î± ÎµÎ¯Î½Î±Î¹ Î´Î¹Î±Î½ÏÏƒÎ¼Î±Ï„Î± Î³Î¹Î±...

You may provide a definition with
\DeclareUnicodeCharacter 


! LaTeX Error: Unicode character Î¹ (U+03B9)
               not set up for use with LaTeX.

See the LaTeX manual or LaTeX Companion for explanation.
Type  H <return>  for immediate help.
 ...                                              
                                                  
l.2 Î¤Î± Î¹
           Î´Î¹Î¿Î´Î¹Î±Î½ÏÏƒÎ¼Î±Ï„Î± ÎµÎ¯Î½Î±Î¹ Î´Î¹Î±Î½ÏÏƒÎ¼Î±Ï„Î± Î³Î¹Î±...

You may provide a definition with
\DeclareUnicodeCharacter 


! LaTeX Error: Unicode character Î´ (U+03B4)
               not set up for use with LaTeX.

See the LaTeX manual or LaTeX Companion for explanation.
Type  H <return>  for immediate help.
 ...                                              
                                                  
l.2 Î¤Î± Î¹Î´
             Î¹Î¿Î´Î¹Î±Î½ÏÏƒÎ¼Î±Ï„Î± ÎµÎ¯Î½Î±Î¹ Î´Î¹Î±Î½ÏÏƒÎ¼Î±Ï„Î± Î³Î¹Î±...

You may provide a definition with
\DeclareUnicodeCharacter 


! LaTeX Error: Unicode character Î¹ (U+03B9)
               not set up for use with LaTeX.

See the LaTeX manual or LaTeX Companion for explanation.
Type  H <return>  for immediate help.
 ...                                              
                                                  
l.2 Î¤Î± Î¹Î´Î¹
               Î¿Î´Î¹Î±Î½ÏÏƒÎ¼Î±Ï„Î± ÎµÎ¯Î½Î±Î¹ Î´Î¹Î±Î½ÏÏƒÎ¼Î±Ï„Î± Î³Î¹Î±...

You may provide a definition with
\DeclareUnicodeCharacter 


! LaTeX Error: Unicode character Î¿ (U+03BF)
               not set up for use with LaTeX.

See the LaTeX manual or LaTeX Companion for explanation.
Type  H <return>  for immediate help.
 ...                                              
                                                  
l.2 Î¤Î± Î¹Î´Î¹Î¿
                 Î´Î¹Î±Î½ÏÏƒÎ¼Î±Ï„Î± ÎµÎ¯Î½Î±Î¹ Î´Î¹Î±Î½ÏÏƒÎ¼Î±Ï„Î± Î³Î¹Î±...

You may provide a definition with
\DeclareUnicodeCharacter 


! LaTeX Error: Unicode character Î´ (U+03B4)
               not set up for use with LaTeX.

See the LaTeX manual or LaTeX Companion for explanation.
Type  H <return>  for immediate help.
 ...                                              
                                                  
l.2 Î¤Î± Î¹Î´Î¹Î¿Î´
                   Î¹Î±Î½ÏÏƒÎ¼Î±Ï„Î± ÎµÎ¯Î½Î±Î¹ Î´Î¹Î±Î½ÏÏƒÎ¼Î±Ï„Î± Î³Î¹Î±...

You may provide a definition with
\DeclareUnicodeCharacter 


! LaTeX Error: Unicode character Î¹ (U+03B9)
               not set up for use with LaTeX.

See the LaTeX manual or LaTeX Companion for explanation.
Type  H <return>  for immediate help.
 ...                                              
                                                  
l.2 Î¤Î± Î¹Î´Î¹Î¿Î´Î¹
                     Î±Î½ÏÏƒÎ¼Î±Ï„Î± ÎµÎ¯Î½Î±Î¹ Î´Î¹Î±Î½ÏÏƒÎ¼Î±Ï„Î± Î³Î¹Î±...

You may provide a definition with
\DeclareUnicodeCharacter 


! LaTeX Error: Unicode character Î± (U+03B1)
               not set up for use with LaTeX.

See the LaTeX manual or LaTeX Companion for explanation.
Type  H <return>  for immediate help.
 ...                                              
                                                  
l.2 Î¤Î± Î¹Î´Î¹Î¿Î´Î¹Î±
                       Î½ÏÏƒÎ¼Î±Ï„Î± ÎµÎ¯Î½Î±Î¹ Î´Î¹Î±Î½ÏÏƒÎ¼Î±Ï„Î± Î³Î¹Î±...

You may provide a definition with
\DeclareUnicodeCharacter 


! LaTeX Error: Unicode character Î½ (U+03BD)
               not set up for use with LaTeX.

See the LaTeX manual or LaTeX Companion for explanation.
Type  H <return>  for immediate help.
 ...                                              
                                                  
l.2 Î¤Î± Î¹Î´Î¹Î¿Î´Î¹Î±Î½
                         ÏÏƒÎ¼Î±Ï„Î± ÎµÎ¯Î½Î±Î¹ Î´Î¹Î±Î½ÏÏƒÎ¼Î±Ï„Î± Î³Î¹Î±...

You may provide a definition with
\DeclareUnicodeCharacter 


! LaTeX Error: Unicode character Ï (U+03CD)
               not set up for use with LaTeX.

See the LaTeX manual or LaTeX Companion for explanation.
Type  H <return>  for immediate help.
 ...                                              
                                                  
l.2 Î¤Î± Î¹Î´Î¹Î¿Î´Î¹Î±Î½Ï
                           ÏƒÎ¼Î±Ï„Î± ÎµÎ¯Î½Î±Î¹ Î´Î¹Î±Î½ÏÏƒÎ¼Î±Ï„Î± Î³Î¹Î±...

You may provide a definition with
\DeclareUnicodeCharacter 


! LaTeX Error: Unicode character Ïƒ (U+03C3)
               not set up for use with LaTeX.

See the LaTeX manual or LaTeX Companion for explanation.
Type  H <return>  for immediate help.
 ...                                              
                                                  
l.2 Î¤Î± Î¹Î´Î¹Î¿Î´Î¹Î±Î½ÏÏƒ
                             Î¼Î±Ï„Î± ÎµÎ¯Î½Î±Î¹ Î´Î¹Î±Î½ÏÏƒÎ¼Î±Ï„Î± Î³Î¹Î±...

You may provide a definition with
\DeclareUnicodeCharacter 


! LaTeX Error: Unicode character Î¼ (U+03BC)
               not set up for use with LaTeX.

See the LaTeX manual or LaTeX Companion for explanation.
Type  H <return>  for immediate help.
 ...                                              
                                                  
l.2 Î¤Î± Î¹Î´Î¹Î¿Î´Î¹Î±Î½ÏÏƒÎ¼
                               Î±Ï„Î± ÎµÎ¯Î½Î±Î¹ Î´Î¹Î±Î½ÏÏƒÎ¼Î±Ï„Î± Î³Î¹Î±...

You may provide a definition with
\DeclareUnicodeCharacter 


! LaTeX Error: Unicode character Î± (U+03B1)
               not set up for use with LaTeX.

See the LaTeX manual or LaTeX Companion for explanation.
Type  H <return>  for immediate help.
 ...                                              
                                                  
l.2 Î¤Î± Î¹Î´Î¹Î¿Î´Î¹Î±Î½ÏÏƒÎ¼Î±
                                 Ï„Î± ÎµÎ¯Î½Î±Î¹ Î´Î¹Î±Î½ÏÏƒÎ¼Î±Ï„Î± Î³Î¹Î±...

You may provide a definition with
\DeclareUnicodeCharacter 


! LaTeX Error: Unicode character Ï„ (U+03C4)
               not set up for use with LaTeX.

See the LaTeX manual or LaTeX Companion for explanation.
Type  H <return>  for immediate help.
 ...                                              
                                                  
l.2 Î¤Î± Î¹Î´Î¹Î¿Î´Î¹Î±Î½ÏÏƒÎ¼Î±Ï„
                                   Î± ÎµÎ¯Î½Î±Î¹ Î´Î¹Î±Î½ÏÏƒÎ¼Î±Ï„Î± Î³Î¹Î±...

You may provide a definition with
\DeclareUnicodeCharacter 


! LaTeX Error: Unicode character Î± (U+03B1)
               not set up for use with LaTeX.

See the LaTeX manual or LaTeX Companion for explanation.
Type  H <return>  for immediate help.
 ...                                              
                                                  
l.2 Î¤Î± Î¹Î´Î¹Î¿Î´Î¹Î±Î½ÏÏƒÎ¼Î±Ï„Î±
                                      ÎµÎ¯Î½Î±Î¹ Î´Î¹Î±Î½ÏÏƒÎ¼Î±Ï„Î± Î³Î¹Î±...

You may provide a definition with
\DeclareUnicodeCharacter 


! LaTeX Error: Unicode character Îµ (U+03B5)
               not set up for use with LaTeX.

See the LaTeX manual or LaTeX Companion for explanation.
Type  H <return>  for immediate help.
 ...                                              
                                                  
l.2 Î¤Î± Î¹Î´Î¹Î¿Î´Î¹Î±Î½ÏÏƒÎ¼Î±Ï„Î± Îµ
                                        Î¯Î½Î±Î¹ Î´Î¹Î±Î½ÏÏƒÎ¼Î±Ï„Î± Î³Î¹Î±...

You may provide a definition with
\DeclareUnicodeCharacter 


! LaTeX Error: Unicode character Î¯ (U+03AF)
               not set up for use with LaTeX.

See the LaTeX manual or LaTeX Companion for explanation.
Type  H <return>  for immediate help.
 ...                                              
                                                  
l.2 Î¤Î± Î¹Î´Î¹Î¿Î´Î¹Î±Î½ÏÏƒÎ¼Î±Ï„Î± ÎµÎ¯
                                          Î½Î±Î¹ Î´Î¹Î±Î½ÏÏƒÎ¼Î±Ï„Î± Î³Î¹Î±...

You may provide a definition with
\DeclareUnicodeCharacter 


! LaTeX Error: Unicode character Î½ (U+03BD)
               not set up for use with LaTeX.

See the LaTeX manual or LaTeX Companion for explanation.
Type  H <return>  for immediate help.
 ...                                              
                                                  
l.2 Î¤Î± Î¹Î´Î¹Î¿Î´Î¹Î±Î½ÏÏƒÎ¼Î±Ï„Î± ÎµÎ¯Î½
                                            Î±Î¹ Î´Î¹Î±Î½ÏÏƒÎ¼Î±Ï„Î± Î³Î¹Î±...

You may provide a definition with
\DeclareUnicodeCharacter 


! LaTeX Error: Unicode character Î± (U+03B1)
               not set up for use with LaTeX.

See the LaTeX manual or LaTeX Companion for explanation.
Type  H <return>  for immediate help.
 ...                                              
                                                  
l.2 Î¤Î± Î¹Î´Î¹Î¿Î´Î¹Î±Î½ÏÏƒÎ¼Î±Ï„Î± ÎµÎ¯Î½Î±
                                              Î¹ Î´Î¹Î±Î½ÏÏƒÎ¼Î±Ï„Î± Î³Î¹Î±...

You may provide a definition with
\DeclareUnicodeCharacter 


! LaTeX Error: Unicode character Î¹ (U+03B9)
               not set up for use with LaTeX.

See the LaTeX manual or LaTeX Companion for explanation.
Type  H <return>  for immediate help.
 ...                                              
                                                  
l.2 Î¤Î± Î¹Î´Î¹Î¿Î´Î¹Î±Î½ÏÏƒÎ¼Î±Ï„Î± ÎµÎ¯Î½Î±Î¹
                                                 Î´Î¹Î±Î½ÏÏƒÎ¼Î±Ï„Î± Î³Î¹Î±...

You may provide a definition with
\DeclareUnicodeCharacter 


! LaTeX Error: Unicode character Î´ (U+03B4)
               not set up for use with LaTeX.

See the LaTeX manual or LaTeX Companion for explanation.
Type  H <return>  for immediate help.
 ...                                              
                                                  
l.2 ... Î¹Î´Î¹Î¿Î´Î¹Î±Î½ÏÏƒÎ¼Î±Ï„Î± ÎµÎ¯Î½Î±Î¹ Î´
                                                  Î¹Î±Î½ÏÏƒÎ¼Î±Ï„Î± Î³Î¹Î± ...

You may provide a definition with
\DeclareUnicodeCharacter 


! LaTeX Error: Unicode character Î¹ (U+03B9)
               not set up for use with LaTeX.

See the LaTeX manual or LaTeX Companion for explanation.
Type  H <return>  for immediate help.
 ...                                              
                                                  
l.2 ...¹Î´Î¹Î¿Î´Î¹Î±Î½ÏÏƒÎ¼Î±Ï„Î± ÎµÎ¯Î½Î±Î¹ Î´Î¹
                                                  Î±Î½ÏÏƒÎ¼Î±Ï„Î± Î³Î¹Î± Ï„...

You may provide a definition with
\DeclareUnicodeCharacter 


! LaTeX Error: Unicode character Î± (U+03B1)
               not set up for use with LaTeX.

See the LaTeX manual or LaTeX Companion for explanation.
Type  H <return>  for immediate help.
 ...                                              
                                                  
l.2 ...´Î¹Î¿Î´Î¹Î±Î½ÏÏƒÎ¼Î±Ï„Î± ÎµÎ¯Î½Î±Î¹ Î´Î¹Î±
                                                  Î½ÏÏƒÎ¼Î±Ï„Î± Î³Î¹Î± Ï„Î±...

You may provide a definition with
\DeclareUnicodeCharacter 


! LaTeX Error: Unicode character Î½ (U+03BD)
               not set up for use with LaTeX.

See the LaTeX manual or LaTeX Companion for explanation.
Type  H <return>  for immediate help.
 ...                                              
                                                  
l.2 ...¹Î¿Î´Î¹Î±Î½ÏÏƒÎ¼Î±Ï„Î± ÎµÎ¯Î½Î±Î¹ Î´Î¹Î±Î½
                                                  ÏÏƒÎ¼Î±Ï„Î± Î³Î¹Î± Ï„Î± Î...

You may provide a definition with
\DeclareUnicodeCharacter 


! LaTeX Error: Unicode character Ï (U+03CD)
               not set up for use with LaTeX.

See the LaTeX manual or LaTeX Companion for explanation.
Type  H <return>  for immediate help.
 ...                                              
                                                  
l.2 ...¿Î´Î¹Î±Î½ÏÏƒÎ¼Î±Ï„Î± ÎµÎ¯Î½Î±Î¹ Î´Î¹Î±Î½Ï
                                                  ÏƒÎ¼Î±Ï„Î± Î³Î¹Î± Ï„Î± Î¿Ï...

You may provide a definition with
\DeclareUnicodeCharacter 


! LaTeX Error: Unicode character Ïƒ (U+03C3)
               not set up for use with LaTeX.

See the LaTeX manual or LaTeX Companion for explanation.
Type  H <return>  for immediate help.
 ...                                              
                                                  
l.2 ...´Î¹Î±Î½ÏÏƒÎ¼Î±Ï„Î± ÎµÎ¯Î½Î±Î¹ Î´Î¹Î±Î½ÏÏƒ
                                                  Î¼Î±Ï„Î± Î³Î¹Î± Ï„Î± Î¿Ï€Î...

You may provide a definition with
\DeclareUnicodeCharacter 


! LaTeX Error: Unicode character Î¼ (U+03BC)
               not set up for use with LaTeX.

See the LaTeX manual or LaTeX Companion for explanation.
Type  H <return>  for immediate help.
 ...                                              
                                                  
l.2 ...¹Î±Î½ÏÏƒÎ¼Î±Ï„Î± ÎµÎ¯Î½Î±Î¹ Î´Î¹Î±Î½ÏÏƒÎ¼
                                                  Î±Ï„Î± Î³Î¹Î± Ï„Î± Î¿Ï€Î¿Î...

You may provide a definition with
\DeclareUnicodeCharacter 


! LaTeX Error: Unicode character Î± (U+03B1)
               not set up for use with LaTeX.

See the LaTeX manual or LaTeX Companion for explanation.
Type  H <return>  for immediate help.
 ...                                              
                                                  
l.2 ...±Î½ÏÏƒÎ¼Î±Ï„Î± ÎµÎ¯Î½Î±Î¹ Î´Î¹Î±Î½ÏÏƒÎ¼Î±
                                                  Ï„Î± Î³Î¹Î± Ï„Î± Î¿Ï€Î¿Î¯Î...

You may provide a definition with
\DeclareUnicodeCharacter 


! LaTeX Error: Unicode character Ï„ (U+03C4)
               not set up for use with LaTeX.

See the LaTeX manual or LaTeX Companion for explanation.
Type  H <return>  for immediate help.
 ...                                              
                                                  
l.2 ...½ÏÏƒÎ¼Î±Ï„Î± ÎµÎ¯Î½Î±Î¹ Î´Î¹Î±Î½ÏÏƒÎ¼Î±Ï„
                                                  Î± Î³Î¹Î± Ï„Î± Î¿Ï€Î¿Î¯Î± ...

You may provide a definition with
\DeclareUnicodeCharacter 


! LaTeX Error: Unicode character Î± (U+03B1)
               not set up for use with LaTeX.

See the LaTeX manual or LaTeX Companion for explanation.
Type  H <return>  for immediate help.
 ...                                              
                                                  
l.2 ...ÏƒÎ¼Î±Ï„Î± ÎµÎ¯Î½Î±Î¹ Î´Î¹Î±Î½ÏÏƒÎ¼Î±Ï„Î±
                                                   Î³Î¹Î± Ï„Î± Î¿Ï€Î¿Î¯Î± Î¹...

You may provide a definition with
\DeclareUnicodeCharacter 


! LaTeX Error: Unicode character Î³ (U+03B3)
               not set up for use with LaTeX.

See the LaTeX manual or LaTeX Companion for explanation.
Type  H <return>  for immediate help.
 ...                                              
                                                  
l.2 ...Î¼Î±Ï„Î± ÎµÎ¯Î½Î±Î¹ Î´Î¹Î±Î½ÏÏƒÎ¼Î±Ï„Î± Î³
                                                  Î¹Î± Ï„Î± Î¿Ï€Î¿Î¯Î± Î¹ÏƒÏ...

You may provide a definition with
\DeclareUnicodeCharacter 


! LaTeX Error: Unicode character Î¹ (U+03B9)
               not set up for use with LaTeX.

See the LaTeX manual or LaTeX Companion for explanation.
Type  H <return>  for immediate help.
 ...                                              
                                                  
l.2 ...Î±Ï„Î± ÎµÎ¯Î½Î±Î¹ Î´Î¹Î±Î½ÏÏƒÎ¼Î±Ï„Î± Î³Î¹
                                                  Î± Ï„Î± Î¿Ï€Î¿Î¯Î± Î¹ÏƒÏ‡Ï...

You may provide a definition with
\DeclareUnicodeCharacter 


! LaTeX Error: Unicode character Î± (U+03B1)
               not set up for use with LaTeX.

See the LaTeX manual or LaTeX Companion for explanation.
Type  H <return>  for immediate help.
 ...                                              
                                                  
l.2 ...Ï„Î± ÎµÎ¯Î½Î±Î¹ Î´Î¹Î±Î½ÏÏƒÎ¼Î±Ï„Î± Î³Î¹Î±
                                                   Ï„Î± Î¿Ï€Î¿Î¯Î± Î¹ÏƒÏ‡ÏÎ...

You may provide a definition with
\DeclareUnicodeCharacter 


! LaTeX Error: Unicode character Ï„ (U+03C4)
               not set up for use with LaTeX.

See the LaTeX manual or LaTeX Companion for explanation.
Type  H <return>  for immediate help.
 ...                                              
                                                  
l.2 ...± ÎµÎ¯Î½Î±Î¹ Î´Î¹Î±Î½ÏÏƒÎ¼Î±Ï„Î± Î³Î¹Î± Ï„
                                                  Î± Î¿Ï€Î¿Î¯Î± Î¹ÏƒÏ‡ÏÎµÎ¹...

You may provide a definition with
\DeclareUnicodeCharacter 


! LaTeX Error: Unicode character Î± (U+03B1)
               not set up for use with LaTeX.

See the LaTeX manual or LaTeX Companion for explanation.
Type  H <return>  for immediate help.
 ...                                              
                                                  
l.2 ...ÎµÎ¯Î½Î±Î¹ Î´Î¹Î±Î½ÏÏƒÎ¼Î±Ï„Î± Î³Î¹Î± Ï„Î±
                                                   Î¿Ï€Î¿Î¯Î± Î¹ÏƒÏ‡ÏÎµÎ¹ Î...

You may provide a definition with
\DeclareUnicodeCharacter 


! LaTeX Error: Unicode character Î¿ (U+03BF)
               not set up for use with LaTeX.

See the LaTeX manual or LaTeX Companion for explanation.
Type  H <return>  for immediate help.
 ...                                              
                                                  
l.2 ...¯Î½Î±Î¹ Î´Î¹Î±Î½ÏÏƒÎ¼Î±Ï„Î± Î³Î¹Î± Ï„Î± Î¿
                                                  Ï€Î¿Î¯Î± Î¹ÏƒÏ‡ÏÎµÎ¹ Î· Ï...

You may provide a definition with
\DeclareUnicodeCharacter 


! LaTeX Error: Unicode character Ï€ (U+03C0)
               not set up for use with LaTeX.

See the LaTeX manual or LaTeX Companion for explanation.
Type  H <return>  for immediate help.
 ...                                              
                                                  
l.2 ...½Î±Î¹ Î´Î¹Î±Î½ÏÏƒÎ¼Î±Ï„Î± Î³Î¹Î± Ï„Î± Î¿Ï€
                                                  Î¿Î¯Î± Î¹ÏƒÏ‡ÏÎµÎ¹ Î· Ï€Î...

You may provide a definition with
\DeclareUnicodeCharacter 


! LaTeX Error: Unicode character Î¿ (U+03BF)
               not set up for use with LaTeX.

See the LaTeX manual or LaTeX Companion for explanation.
Type  H <return>  for immediate help.
 ...                                              
                                                  
l.2 ...±Î¹ Î´Î¹Î±Î½ÏÏƒÎ¼Î±Ï„Î± Î³Î¹Î± Ï„Î± Î¿Ï€Î¿
                                                  Î¯Î± Î¹ÏƒÏ‡ÏÎµÎ¹ Î· Ï€Î±Ï...

You may provide a definition with
\DeclareUnicodeCharacter 


! LaTeX Error: Unicode character Î¯ (U+03AF)
               not set up for use with LaTeX.

See the LaTeX manual or LaTeX Companion for explanation.
Type  H <return>  for immediate help.
 ...                                              
                                                  
l.2 ...¹ Î´Î¹Î±Î½ÏÏƒÎ¼Î±Ï„Î± Î³Î¹Î± Ï„Î± Î¿Ï€Î¿Î¯
                                                  Î± Î¹ÏƒÏ‡ÏÎµÎ¹ Î· Ï€Î±ÏÎ...

You may provide a definition with
\DeclareUnicodeCharacter 


! LaTeX Error: Unicode character Î± (U+03B1)
               not set up for use with LaTeX.

See the LaTeX manual or LaTeX Companion for explanation.
Type  H <return>  for immediate help.
 ...                                              
                                                  
l.2 ...Î´Î¹Î±Î½ÏÏƒÎ¼Î±Ï„Î± Î³Î¹Î± Ï„Î± Î¿Ï€Î¿Î¯Î±
                                                   Î¹ÏƒÏ‡ÏÎµÎ¹ Î· Ï€Î±ÏÎ±Î...

You may provide a definition with
\DeclareUnicodeCharacter 


! LaTeX Error: Unicode character Î¹ (U+03B9)
               not set up for use with LaTeX.

See the LaTeX manual or LaTeX Companion for explanation.
Type  H <return>  for immediate help.
 ...                                              
                                                  
l.2 ...¹Î±Î½ÏÏƒÎ¼Î±Ï„Î± Î³Î¹Î± Ï„Î± Î¿Ï€Î¿Î¯Î± Î¹
                                                  ÏƒÏ‡ÏÎµÎ¹ Î· Ï€Î±ÏÎ±ÎºÎ¬...

You may provide a definition with
\DeclareUnicodeCharacter 


! LaTeX Error: Unicode character Ïƒ (U+03C3)
               not set up for use with LaTeX.

See the LaTeX manual or LaTeX Companion for explanation.
Type  H <return>  for immediate help.
 ...                                              
                                                  
l.2 ...±Î½ÏÏƒÎ¼Î±Ï„Î± Î³Î¹Î± Ï„Î± Î¿Ï€Î¿Î¯Î± Î¹Ïƒ
                                                  Ï‡ÏÎµÎ¹ Î· Ï€Î±ÏÎ±ÎºÎ¬Ï„...

You may provide a definition with
\DeclareUnicodeCharacter 


! LaTeX Error: Unicode character Ï‡ (U+03C7)
               not set up for use with LaTeX.

See the LaTeX manual or LaTeX Companion for explanation.
Type  H <return>  for immediate help.
 ...                                              
                                                  
l.2 ...½ÏÏƒÎ¼Î±Ï„Î± Î³Î¹Î± Ï„Î± Î¿Ï€Î¿Î¯Î± Î¹ÏƒÏ‡
                                                  ÏÎµÎ¹ Î· Ï€Î±ÏÎ±ÎºÎ¬Ï„Ï‰...

You may provide a definition with
\DeclareUnicodeCharacter 


! LaTeX Error: Unicode character Ï (U+03CD)
               not set up for use with LaTeX.

See the LaTeX manual or LaTeX Companion for explanation.
Type  H <return>  for immediate help.
 ...                                              
                                                  
l.2 ...ÏƒÎ¼Î±Ï„Î± Î³Î¹Î± Ï„Î± Î¿Ï€Î¿Î¯Î± Î¹ÏƒÏ‡Ï
                                                  ÎµÎ¹ Î· Ï€Î±ÏÎ±ÎºÎ¬Ï„Ï‰ Î...

You may provide a definition with
\DeclareUnicodeCharacter 


! LaTeX Error: Unicode character Îµ (U+03B5)
               not set up for use with LaTeX.

See the LaTeX manual or LaTeX Companion for explanation.
Type  H <return>  for immediate help.
 ...                                              
                                                  
l.2 ...ƒÎ¼Î±Ï„Î± Î³Î¹Î± Ï„Î± Î¿Ï€Î¿Î¯Î± Î¹ÏƒÏ‡ÏÎµ
                                                  Î¹ Î· Ï€Î±ÏÎ±ÎºÎ¬Ï„Ï‰ ÎµÎ...

You may provide a definition with
\DeclareUnicodeCharacter 


! LaTeX Error: Unicode character Î¹ (U+03B9)
               not set up for use with LaTeX.

See the LaTeX manual or LaTeX Companion for explanation.
Type  H <return>  for immediate help.
 ...                                              
                                                  
l.2 ...¼Î±Ï„Î± Î³Î¹Î± Ï„Î± Î¿Ï€Î¿Î¯Î± Î¹ÏƒÏ‡ÏÎµÎ¹
                                                   Î· Ï€Î±ÏÎ±ÎºÎ¬Ï„Ï‰ ÎµÎ¾Î...

You may provide a definition with
\DeclareUnicodeCharacter 


! LaTeX Error: Unicode character Î· (U+03B7)
               not set up for use with LaTeX.

See the LaTeX manual or LaTeX Companion for explanation.
Type  H <return>  for immediate help.
 ...                                              
                                                  
l.2 ...Ï„Î± Î³Î¹Î± Ï„Î± Î¿Ï€Î¿Î¯Î± Î¹ÏƒÏ‡ÏÎµÎ¹ Î·
                                                   Ï€Î±ÏÎ±ÎºÎ¬Ï„Ï‰ ÎµÎ¾Î¯Ïƒ...

You may provide a definition with
\DeclareUnicodeCharacter 


! LaTeX Error: Unicode character Ï€ (U+03C0)
               not set up for use with LaTeX.

See the LaTeX manual or LaTeX Companion for explanation.
Type  H <return>  for immediate help.
 ...                                              
                                                  
l.2 ...± Î³Î¹Î± Ï„Î± Î¿Ï€Î¿Î¯Î± Î¹ÏƒÏ‡ÏÎµÎ¹ Î· Ï€
                                                  Î±ÏÎ±ÎºÎ¬Ï„Ï‰ ÎµÎ¾Î¯ÏƒÏ‰Ï...

You may provide a definition with
\DeclareUnicodeCharacter 


! LaTeX Error: Unicode character Î± (U+03B1)
               not set up for use with LaTeX.

See the LaTeX manual or LaTeX Companion for explanation.
Type  H <return>  for immediate help.
 ...                                              
                                                  
l.2 ...Î³Î¹Î± Ï„Î± Î¿Ï€Î¿Î¯Î± Î¹ÏƒÏ‡ÏÎµÎ¹ Î· Ï€Î±
                                                  ÏÎ±ÎºÎ¬Ï„Ï‰ ÎµÎ¾Î¯ÏƒÏ‰ÏƒÎ·:
You may provide a definition with
\DeclareUnicodeCharacter 


! LaTeX Error: Unicode character Ï (U+03C1)
               not set up for use with LaTeX.

See the LaTeX manual or LaTeX Companion for explanation.
Type  H <return>  for immediate help.
 ...                                              
                                                  
l.2 ...Î¹Î± Ï„Î± Î¿Ï€Î¿Î¯Î± Î¹ÏƒÏ‡ÏÎµÎ¹ Î· Ï€Î±Ï
                                                  Î±ÎºÎ¬Ï„Ï‰ ÎµÎ¾Î¯ÏƒÏ‰ÏƒÎ·:
You may provide a definition with
\DeclareUnicodeCharacter 


! LaTeX Error: Unicode character Î± (U+03B1)
               not set up for use with LaTeX.

See the LaTeX manual or LaTeX Companion for explanation.
Type  H <return>  for immediate help.
 ...                                              
                                                  
l.2 ...Î± Ï„Î± Î¿Ï€Î¿Î¯Î± Î¹ÏƒÏ‡ÏÎµÎ¹ Î· Ï€Î±ÏÎ±
                                                  ÎºÎ¬Ï„Ï‰ ÎµÎ¾Î¯ÏƒÏ‰ÏƒÎ·:
You may provide a definition with
\DeclareUnicodeCharacter 


! LaTeX Error: Unicode character Îº (U+03BA)
               not set up for use with LaTeX.

See the LaTeX manual or LaTeX Companion for explanation.
Type  H <return>  for immediate help.
 ...                                              
                                                  
l.2 ... Ï„Î± Î¿Ï€Î¿Î¯Î± Î¹ÏƒÏ‡ÏÎµÎ¹ Î· Ï€Î±ÏÎ±Îº
                                                  Î¬Ï„Ï‰ ÎµÎ¾Î¯ÏƒÏ‰ÏƒÎ·:
You may provide a definition with
\DeclareUnicodeCharacter 


! LaTeX Error: Unicode character Î¬ (U+03AC)
               not set up for use with LaTeX.

See the LaTeX manual or LaTeX Companion for explanation.
Type  H <return>  for immediate help.
 ...                                              
                                                  
l.2 ...„Î± Î¿Ï€Î¿Î¯Î± Î¹ÏƒÏ‡ÏÎµÎ¹ Î· Ï€Î±ÏÎ±ÎºÎ¬
                                                  Ï„Ï‰ ÎµÎ¾Î¯ÏƒÏ‰ÏƒÎ·:
You may provide a definition with
\DeclareUnicodeCharacter 


! LaTeX Error: Unicode character Ï„ (U+03C4)
               not set up for use with LaTeX.

See the LaTeX manual or LaTeX Companion for explanation.
Type  H <return>  for immediate help.
 ...                                              
                                                  
l.2 ...± Î¿Ï€Î¿Î¯Î± Î¹ÏƒÏ‡ÏÎµÎ¹ Î· Ï€Î±ÏÎ±ÎºÎ¬Ï„
                                                  Ï‰ ÎµÎ¾Î¯ÏƒÏ‰ÏƒÎ·:
You may provide a definition with
\DeclareUnicodeCharacter 


! LaTeX Error: Unicode character Ï‰ (U+03C9)
               not set up for use with LaTeX.

See the LaTeX manual or LaTeX Companion for explanation.
Type  H <return>  for immediate help.
 ...                                              
                                                  
l.2 ...Î¿Ï€Î¿Î¯Î± Î¹ÏƒÏ‡ÏÎµÎ¹ Î· Ï€Î±ÏÎ±ÎºÎ¬Ï„Ï‰
                                                   ÎµÎ¾Î¯ÏƒÏ‰ÏƒÎ·:
You may provide a definition with
\DeclareUnicodeCharacter 


! LaTeX Error: Unicode character Îµ (U+03B5)
               not set up for use with LaTeX.

See the LaTeX manual or LaTeX Companion for explanation.
Type  H <return>  for immediate help.
 ...                                              
                                                  
l.2 ...€Î¿Î¯Î± Î¹ÏƒÏ‡ÏÎµÎ¹ Î· Ï€Î±ÏÎ±ÎºÎ¬Ï„Ï‰ Îµ
                                                  Î¾Î¯ÏƒÏ‰ÏƒÎ·:
You may provide a definition with
\DeclareUnicodeCharacter 


! LaTeX Error: Unicode character Î¾ (U+03BE)
               not set up for use with LaTeX.

See the LaTeX manual or LaTeX Companion for explanation.
Type  H <return>  for immediate help.
 ...                                              
                                                  
l.2 ...¿Î¯Î± Î¹ÏƒÏ‡ÏÎµÎ¹ Î· Ï€Î±ÏÎ±ÎºÎ¬Ï„Ï‰ ÎµÎ¾
                                                  Î¯ÏƒÏ‰ÏƒÎ·:
You may provide a definition with
\DeclareUnicodeCharacter 


! LaTeX Error: Unicode character Î¯ (U+03AF)
               not set up for use with LaTeX.

See the LaTeX manual or LaTeX Companion for explanation.
Type  H <return>  for immediate help.
 ...                                              
                                                  
l.2 ...¯Î± Î¹ÏƒÏ‡ÏÎµÎ¹ Î· Ï€Î±ÏÎ±ÎºÎ¬Ï„Ï‰ ÎµÎ¾Î¯
                                                  ÏƒÏ‰ÏƒÎ·:
You may provide a definition with
\DeclareUnicodeCharacter 


! LaTeX Error: Unicode character Ïƒ (U+03C3)
               not set up for use with LaTeX.

See the LaTeX manual or LaTeX Companion for explanation.
Type  H <return>  for immediate help.
 ...                                              
                                                  
l.2 ...± Î¹ÏƒÏ‡ÏÎµÎ¹ Î· Ï€Î±ÏÎ±ÎºÎ¬Ï„Ï‰ ÎµÎ¾Î¯Ïƒ
                                                  Ï‰ÏƒÎ·:
You may provide a definition with
\DeclareUnicodeCharacter 


! LaTeX Error: Unicode character Ï‰ (U+03C9)
               not set up for use with LaTeX.

See the LaTeX manual or LaTeX Companion for explanation.
Type  H <return>  for immediate help.
 ...                                              
                                                  
l.2 ...Î¹ÏƒÏ‡ÏÎµÎ¹ Î· Ï€Î±ÏÎ±ÎºÎ¬Ï„Ï‰ ÎµÎ¾Î¯ÏƒÏ‰
                                                  ÏƒÎ·:
You may provide a definition with
\DeclareUnicodeCharacter 


! LaTeX Error: Unicode character Ïƒ (U+03C3)
               not set up for use with LaTeX.

See the LaTeX manual or LaTeX Companion for explanation.
Type  H <return>  for immediate help.
 ...                                              
                                                  
l.2 ...ÏƒÏ‡ÏÎµÎ¹ Î· Ï€Î±ÏÎ±ÎºÎ¬Ï„Ï‰ ÎµÎ¾Î¯ÏƒÏ‰Ïƒ
                                                  Î·:
You may provide a definition with
\DeclareUnicodeCharacter 


! LaTeX Error: Unicode character Î· (U+03B7)
               not set up for use with LaTeX.

See the LaTeX manual or LaTeX Companion for explanation.
Type  H <return>  for immediate help.
 ...                                              
                                                  
l.2 ...Ï‡ÏÎµÎ¹ Î· Ï€Î±ÏÎ±ÎºÎ¬Ï„Ï‰ ÎµÎ¾Î¯ÏƒÏ‰ÏƒÎ·
                                                  :
You may provide a definition with
\DeclareUnicodeCharacter 

Missing character: There is no : in font nullfont!

Overfull \hbox (20.0pt too wide) in paragraph at lines 1--3
[]
 []

LaTeX Font Info:    External font `cmex10' loaded for size
(Font)              <7> on input line 3.
LaTeX Font Info:    External font `cmex10' loaded for size
(Font)              <5> on input line 3.

Overfull \hbox (39.4443pt too wide) detected at line 6
\OML/cmm/m/it/10 A\OT1/cmr/bx/n/10 u \OT1/cmr/m/n/10 = \OML/cmm/m/it/10 ^^U\OT1
/cmr/bx/n/10 u[]
 []


! LaTeX Error: Unicode character ÏŒ (U+03CC)
               not set up for use with LaTeX.

See the LaTeX manual or LaTeX Companion for explanation.
Type  H <return>  for immediate help.
 ...                                              
                                                  
l.7 ÏŒ
      Ï€Î¿Ï… Î‘ ÎµÎ¯Î½Î±Î¹ Î­Î½Î±Ï‚ Ï„ÎµÏ„ÏÎ±Î³Ï‰Î½Î¹ÎºÏŒÏ‚ Ï€Î¯Î½Î±ÎºÎ±Ï‚....

You may provide a definition with
\DeclareUnicodeCharacter 


! LaTeX Error: Unicode character Ï€ (U+03C0)
               not set up for use with LaTeX.

See the LaTeX manual or LaTeX Companion for explanation.
Type  H <return>  for immediate help.
 ...                                              
                                                  
l.7 ÏŒÏ€
        Î¿Ï… Î‘ ÎµÎ¯Î½Î±Î¹ Î­Î½Î±Ï‚ Ï„ÎµÏ„ÏÎ±Î³Ï‰Î½Î¹ÎºÏŒÏ‚ Ï€Î¯Î½Î±ÎºÎ±Ï‚....

You may provide a definition with
\DeclareUnicodeCharacter 


! LaTeX Error: Unicode character Î¿ (U+03BF)
               not set up for use with LaTeX.

See the LaTeX manual or LaTeX Companion for explanation.
Type  H <return>  for immediate help.
 ...                                              
                                                  
l.7 ÏŒÏ€Î¿
          Ï… Î‘ ÎµÎ¯Î½Î±Î¹ Î­Î½Î±Ï‚ Ï„ÎµÏ„ÏÎ±Î³Ï‰Î½Î¹ÎºÏŒÏ‚ Ï€Î¯Î½Î±ÎºÎ±Ï‚....

You may provide a definition with
\DeclareUnicodeCharacter 


! LaTeX Error: Unicode character Ï… (U+03C5)
               not set up for use with LaTeX.

See the LaTeX manual or LaTeX Companion for explanation.
Type  H <return>  for immediate help.
 ...                                              
                                                  
l.7 ÏŒÏ€Î¿Ï…
             Î‘ ÎµÎ¯Î½Î±Î¹ Î­Î½Î±Ï‚ Ï„ÎµÏ„ÏÎ±Î³Ï‰Î½Î¹ÎºÏŒÏ‚ Ï€Î¯Î½Î±ÎºÎ±Ï‚....

You may provide a definition with
\DeclareUnicodeCharacter 


! LaTeX Error: Unicode character Î‘ (U+0391)
               not set up for use with LaTeX.

See the LaTeX manual or LaTeX Companion for explanation.
Type  H <return>  for immediate help.
 ...                                              
                                                  
l.7 ÏŒÏ€Î¿Ï… Î‘
                ÎµÎ¯Î½Î±Î¹ Î­Î½Î±Ï‚ Ï„ÎµÏ„ÏÎ±Î³Ï‰Î½Î¹ÎºÏŒÏ‚ Ï€Î¯Î½Î±ÎºÎ±Ï‚....
(That makes 100 errors; please try again.) 
Here is how much of TeX's memory you used:
 55 strings out of 477992
 859 string characters out of 2827466
 299418 words of memory out of 3000000
 18928 multiletter control sequences out of 15000+600000
 470186 words of font info for 31 fonts, out of 8000000 for 9000
 1141 hyphenation exceptions out of 8191
 18i,3n,16p,191b,75s stack positions out of 10000i,1000n,20000p,200000b,80000s

!  ==> Fatal error occurred, no output PDF file produced!
