This is pdfTeX, Version 3.141592653-2.6-1.40.24 (MiKTeX 22.8) (preloaded format=pdflatex 2022.8.17)  9 SEP 2022 20:30
entering extended mode
 restricted \write18 enabled.
 %&-line parsing enabled.
**./factoring.tex
(factoring.tex
LaTeX2e <2022-06-01> patch level 5
L3 programming layer <2022-08-05>
! Undefined control sequence.
l.1 \chapter
            {Î Î±ÏÎ±Î³Î¿Î½Ï„Î¿Ï€Î¿Î¹Î®ÏƒÎµÎ¹Ï‚}
The control sequence at the end of the top line
of your error message was never \def'ed. If you have
misspelled it (e.g., `\hobx'), type `I' and the correct
spelling (e.g., `I\hbox'). Otherwise just continue,
and I'll forget about whatever was undefined.


! LaTeX Error: Unicode character Î  (U+03A0)
               not set up for use with LaTeX.

See the LaTeX manual or LaTeX Companion for explanation.
Type  H <return>  for immediate help.
 ...                                              
                                                  
l.1 \chapter{Î 
               Î±ÏÎ±Î³Î¿Î½Ï„Î¿Ï€Î¿Î¹Î®ÏƒÎµÎ¹Ï‚}
You may provide a definition with
\DeclareUnicodeCharacter 


! LaTeX Error: Unicode character Î± (U+03B1)
               not set up for use with LaTeX.

See the LaTeX manual or LaTeX Companion for explanation.
Type  H <return>  for immediate help.
 ...                                              
                                                  
l.1 \chapter{Î Î±
                 ÏÎ±Î³Î¿Î½Ï„Î¿Ï€Î¿Î¹Î®ÏƒÎµÎ¹Ï‚}
You may provide a definition with
\DeclareUnicodeCharacter 


! LaTeX Error: Unicode character Ï (U+03C1)
               not set up for use with LaTeX.

See the LaTeX manual or LaTeX Companion for explanation.
Type  H <return>  for immediate help.
 ...                                              
                                                  
l.1 \chapter{Î Î±Ï
                   Î±Î³Î¿Î½Ï„Î¿Ï€Î¿Î¹Î®ÏƒÎµÎ¹Ï‚}
You may provide a definition with
\DeclareUnicodeCharacter 


! LaTeX Error: Unicode character Î± (U+03B1)
               not set up for use with LaTeX.

See the LaTeX manual or LaTeX Companion for explanation.
Type  H <return>  for immediate help.
 ...                                              
                                                  
l.1 \chapter{Î Î±ÏÎ±
                     Î³Î¿Î½Ï„Î¿Ï€Î¿Î¹Î®ÏƒÎµÎ¹Ï‚}
You may provide a definition with
\DeclareUnicodeCharacter 


! LaTeX Error: Unicode character Î³ (U+03B3)
               not set up for use with LaTeX.

See the LaTeX manual or LaTeX Companion for explanation.
Type  H <return>  for immediate help.
 ...                                              
                                                  
l.1 \chapter{Î Î±ÏÎ±Î³
                       Î¿Î½Ï„Î¿Ï€Î¿Î¹Î®ÏƒÎµÎ¹Ï‚}
You may provide a definition with
\DeclareUnicodeCharacter 


! LaTeX Error: Unicode character Î¿ (U+03BF)
               not set up for use with LaTeX.

See the LaTeX manual or LaTeX Companion for explanation.
Type  H <return>  for immediate help.
 ...                                              
                                                  
l.1 \chapter{Î Î±ÏÎ±Î³Î¿
                         Î½Ï„Î¿Ï€Î¿Î¹Î®ÏƒÎµÎ¹Ï‚}
You may provide a definition with
\DeclareUnicodeCharacter 


! LaTeX Error: Unicode character Î½ (U+03BD)
               not set up for use with LaTeX.

See the LaTeX manual or LaTeX Companion for explanation.
Type  H <return>  for immediate help.
 ...                                              
                                                  
l.1 \chapter{Î Î±ÏÎ±Î³Î¿Î½
                           Ï„Î¿Ï€Î¿Î¹Î®ÏƒÎµÎ¹Ï‚}
You may provide a definition with
\DeclareUnicodeCharacter 


! LaTeX Error: Unicode character Ï„ (U+03C4)
               not set up for use with LaTeX.

See the LaTeX manual or LaTeX Companion for explanation.
Type  H <return>  for immediate help.
 ...                                              
                                                  
l.1 \chapter{Î Î±ÏÎ±Î³Î¿Î½Ï„
                             Î¿Ï€Î¿Î¹Î®ÏƒÎµÎ¹Ï‚}
You may provide a definition with
\DeclareUnicodeCharacter 


! LaTeX Error: Unicode character Î¿ (U+03BF)
               not set up for use with LaTeX.

See the LaTeX manual or LaTeX Companion for explanation.
Type  H <return>  for immediate help.
 ...                                              
                                                  
l.1 \chapter{Î Î±ÏÎ±Î³Î¿Î½Ï„Î¿
                               Ï€Î¿Î¹Î®ÏƒÎµÎ¹Ï‚}
You may provide a definition with
\DeclareUnicodeCharacter 


! LaTeX Error: Unicode character Ï€ (U+03C0)
               not set up for use with LaTeX.

See the LaTeX manual or LaTeX Companion for explanation.
Type  H <return>  for immediate help.
 ...                                              
                                                  
l.1 \chapter{Î Î±ÏÎ±Î³Î¿Î½Ï„Î¿Ï€
                                 Î¿Î¹Î®ÏƒÎµÎ¹Ï‚}
You may provide a definition with
\DeclareUnicodeCharacter 


! LaTeX Error: Unicode character Î¿ (U+03BF)
               not set up for use with LaTeX.

See the LaTeX manual or LaTeX Companion for explanation.
Type  H <return>  for immediate help.
 ...                                              
                                                  
l.1 \chapter{Î Î±ÏÎ±Î³Î¿Î½Ï„Î¿Ï€Î¿
                                   Î¹Î®ÏƒÎµÎ¹Ï‚}
You may provide a definition with
\DeclareUnicodeCharacter 


! LaTeX Error: Unicode character Î¹ (U+03B9)
               not set up for use with LaTeX.

See the LaTeX manual or LaTeX Companion for explanation.
Type  H <return>  for immediate help.
 ...                                              
                                                  
l.1 \chapter{Î Î±ÏÎ±Î³Î¿Î½Ï„Î¿Ï€Î¿Î¹
                                     Î®ÏƒÎµÎ¹Ï‚}
You may provide a definition with
\DeclareUnicodeCharacter 


! LaTeX Error: Unicode character Î® (U+03AE)
               not set up for use with LaTeX.

See the LaTeX manual or LaTeX Companion for explanation.
Type  H <return>  for immediate help.
 ...                                              
                                                  
l.1 \chapter{Î Î±ÏÎ±Î³Î¿Î½Ï„Î¿Ï€Î¿Î¹Î®
                                       ÏƒÎµÎ¹Ï‚}
You may provide a definition with
\DeclareUnicodeCharacter 


! LaTeX Error: Unicode character Ïƒ (U+03C3)
               not set up for use with LaTeX.

See the LaTeX manual or LaTeX Companion for explanation.
Type  H <return>  for immediate help.
 ...                                              
                                                  
l.1 \chapter{Î Î±ÏÎ±Î³Î¿Î½Ï„Î¿Ï€Î¿Î¹Î®Ïƒ
                                         ÎµÎ¹Ï‚}
You may provide a definition with
\DeclareUnicodeCharacter 


! LaTeX Error: Unicode character Îµ (U+03B5)
               not set up for use with LaTeX.

See the LaTeX manual or LaTeX Companion for explanation.
Type  H <return>  for immediate help.
 ...                                              
                                                  
l.1 \chapter{Î Î±ÏÎ±Î³Î¿Î½Ï„Î¿Ï€Î¿Î¹Î®ÏƒÎµ
                                           Î¹Ï‚}
You may provide a definition with
\DeclareUnicodeCharacter 


! LaTeX Error: Unicode character Î¹ (U+03B9)
               not set up for use with LaTeX.

See the LaTeX manual or LaTeX Companion for explanation.
Type  H <return>  for immediate help.
 ...                                              
                                                  
l.1 \chapter{Î Î±ÏÎ±Î³Î¿Î½Ï„Î¿Ï€Î¿Î¹Î®ÏƒÎµÎ¹
                                             Ï‚}
You may provide a definition with
\DeclareUnicodeCharacter 


! LaTeX Error: Unicode character Ï‚ (U+03C2)
               not set up for use with LaTeX.

See the LaTeX manual or LaTeX Companion for explanation.
Type  H <return>  for immediate help.
 ...                                              
                                                  
l.1 \chapter{Î Î±ÏÎ±Î³Î¿Î½Ï„Î¿Ï€Î¿Î¹Î®ÏƒÎµÎ¹Ï‚
                                               }
You may provide a definition with
\DeclareUnicodeCharacter 


! LaTeX Error: Unicode character Îˆ (U+0388)
               not set up for use with LaTeX.

See the LaTeX manual or LaTeX Companion for explanation.
Type  H <return>  for immediate help.
 ...                                              
                                                  
l.2 Îˆ
      Ï‡Î¿Ï…Î¼Îµ ÎµÎ¯Î´Î· Î´ÎµÎ¹ Ï„Î·Î½ Î¹Î´Î¹Î¿Ï€Î±ÏÎ±Î³Î¿Î½Ï„Î¿Ï€Î¿Î¯Î·Ïƒ...

You may provide a definition with
\DeclareUnicodeCharacter 


! LaTeX Error: Unicode character Ï‡ (U+03C7)
               not set up for use with LaTeX.

See the LaTeX manual or LaTeX Companion for explanation.
Type  H <return>  for immediate help.
 ...                                              
                                                  
l.2 ÎˆÏ‡
        Î¿Ï…Î¼Îµ ÎµÎ¯Î´Î· Î´ÎµÎ¹ Ï„Î·Î½ Î¹Î´Î¹Î¿Ï€Î±ÏÎ±Î³Î¿Î½Ï„Î¿Ï€Î¿Î¯Î·Ïƒ...

You may provide a definition with
\DeclareUnicodeCharacter 


! LaTeX Error: Unicode character Î¿ (U+03BF)
               not set up for use with LaTeX.

See the LaTeX manual or LaTeX Companion for explanation.
Type  H <return>  for immediate help.
 ...                                              
                                                  
l.2 ÎˆÏ‡Î¿
          Ï…Î¼Îµ ÎµÎ¯Î´Î· Î´ÎµÎ¹ Ï„Î·Î½ Î¹Î´Î¹Î¿Ï€Î±ÏÎ±Î³Î¿Î½Ï„Î¿Ï€Î¿Î¯Î·Ïƒ...

You may provide a definition with
\DeclareUnicodeCharacter 


! LaTeX Error: Unicode character Ï… (U+03C5)
               not set up for use with LaTeX.

See the LaTeX manual or LaTeX Companion for explanation.
Type  H <return>  for immediate help.
 ...                                              
                                                  
l.2 ÎˆÏ‡Î¿Ï…
            Î¼Îµ ÎµÎ¯Î´Î· Î´ÎµÎ¹ Ï„Î·Î½ Î¹Î´Î¹Î¿Ï€Î±ÏÎ±Î³Î¿Î½Ï„Î¿Ï€Î¿Î¯Î·Ïƒ...

You may provide a definition with
\DeclareUnicodeCharacter 


! LaTeX Error: Unicode character Î¼ (U+03BC)
               not set up for use with LaTeX.

See the LaTeX manual or LaTeX Companion for explanation.
Type  H <return>  for immediate help.
 ...                                              
                                                  
l.2 ÎˆÏ‡Î¿Ï…Î¼
              Îµ ÎµÎ¯Î´Î· Î´ÎµÎ¹ Ï„Î·Î½ Î¹Î´Î¹Î¿Ï€Î±ÏÎ±Î³Î¿Î½Ï„Î¿Ï€Î¿Î¯Î·Ïƒ...

You may provide a definition with
\DeclareUnicodeCharacter 


! LaTeX Error: Unicode character Îµ (U+03B5)
               not set up for use with LaTeX.

See the LaTeX manual or LaTeX Companion for explanation.
Type  H <return>  for immediate help.
 ...                                              
                                                  
l.2 ÎˆÏ‡Î¿Ï…Î¼Îµ
                 ÎµÎ¯Î´Î· Î´ÎµÎ¹ Ï„Î·Î½ Î¹Î´Î¹Î¿Ï€Î±ÏÎ±Î³Î¿Î½Ï„Î¿Ï€Î¿Î¯Î·Ïƒ...

You may provide a definition with
\DeclareUnicodeCharacter 


! LaTeX Error: Unicode character Îµ (U+03B5)
               not set up for use with LaTeX.

See the LaTeX manual or LaTeX Companion for explanation.
Type  H <return>  for immediate help.
 ...                                              
                                                  
l.2 ÎˆÏ‡Î¿Ï…Î¼Îµ Îµ
                   Î¯Î´Î· Î´ÎµÎ¹ Ï„Î·Î½ Î¹Î´Î¹Î¿Ï€Î±ÏÎ±Î³Î¿Î½Ï„Î¿Ï€Î¿Î¯Î·Ïƒ...

You may provide a definition with
\DeclareUnicodeCharacter 


! LaTeX Error: Unicode character Î¯ (U+03AF)
               not set up for use with LaTeX.

See the LaTeX manual or LaTeX Companion for explanation.
Type  H <return>  for immediate help.
 ...                                              
                                                  
l.2 ÎˆÏ‡Î¿Ï…Î¼Îµ ÎµÎ¯
                     Î´Î· Î´ÎµÎ¹ Ï„Î·Î½ Î¹Î´Î¹Î¿Ï€Î±ÏÎ±Î³Î¿Î½Ï„Î¿Ï€Î¿Î¯Î·Ïƒ...

You may provide a definition with
\DeclareUnicodeCharacter 


! LaTeX Error: Unicode character Î´ (U+03B4)
               not set up for use with LaTeX.

See the LaTeX manual or LaTeX Companion for explanation.
Type  H <return>  for immediate help.
 ...                                              
                                                  
l.2 ÎˆÏ‡Î¿Ï…Î¼Îµ ÎµÎ¯Î´
                       Î· Î´ÎµÎ¹ Ï„Î·Î½ Î¹Î´Î¹Î¿Ï€Î±ÏÎ±Î³Î¿Î½Ï„Î¿Ï€Î¿Î¯Î·Ïƒ...

You may provide a definition with
\DeclareUnicodeCharacter 


! LaTeX Error: Unicode character Î· (U+03B7)
               not set up for use with LaTeX.

See the LaTeX manual or LaTeX Companion for explanation.
Type  H <return>  for immediate help.
 ...                                              
                                                  
l.2 ÎˆÏ‡Î¿Ï…Î¼Îµ ÎµÎ¯Î´Î·
                          Î´ÎµÎ¹ Ï„Î·Î½ Î¹Î´Î¹Î¿Ï€Î±ÏÎ±Î³Î¿Î½Ï„Î¿Ï€Î¿Î¯Î·Ïƒ...

You may provide a definition with
\DeclareUnicodeCharacter 


! LaTeX Error: Unicode character Î´ (U+03B4)
               not set up for use with LaTeX.

See the LaTeX manual or LaTeX Companion for explanation.
Type  H <return>  for immediate help.
 ...                                              
                                                  
l.2 ÎˆÏ‡Î¿Ï…Î¼Îµ ÎµÎ¯Î´Î· Î´
                            ÎµÎ¹ Ï„Î·Î½ Î¹Î´Î¹Î¿Ï€Î±ÏÎ±Î³Î¿Î½Ï„Î¿Ï€Î¿Î¯Î·Ïƒ...

You may provide a definition with
\DeclareUnicodeCharacter 


! LaTeX Error: Unicode character Îµ (U+03B5)
               not set up for use with LaTeX.

See the LaTeX manual or LaTeX Companion for explanation.
Type  H <return>  for immediate help.
 ...                                              
                                                  
l.2 ÎˆÏ‡Î¿Ï…Î¼Îµ ÎµÎ¯Î´Î· Î´Îµ
                              Î¹ Ï„Î·Î½ Î¹Î´Î¹Î¿Ï€Î±ÏÎ±Î³Î¿Î½Ï„Î¿Ï€Î¿Î¯Î·Ïƒ...

You may provide a definition with
\DeclareUnicodeCharacter 


! LaTeX Error: Unicode character Î¹ (U+03B9)
               not set up for use with LaTeX.

See the LaTeX manual or LaTeX Companion for explanation.
Type  H <return>  for immediate help.
 ...                                              
                                                  
l.2 ÎˆÏ‡Î¿Ï…Î¼Îµ ÎµÎ¯Î´Î· Î´ÎµÎ¹
                                 Ï„Î·Î½ Î¹Î´Î¹Î¿Ï€Î±ÏÎ±Î³Î¿Î½Ï„Î¿Ï€Î¿Î¯Î·Ïƒ...

You may provide a definition with
\DeclareUnicodeCharacter 


! LaTeX Error: Unicode character Ï„ (U+03C4)
               not set up for use with LaTeX.

See the LaTeX manual or LaTeX Companion for explanation.
Type  H <return>  for immediate help.
 ...                                              
                                                  
l.2 ÎˆÏ‡Î¿Ï…Î¼Îµ ÎµÎ¯Î´Î· Î´ÎµÎ¹ Ï„
                                   Î·Î½ Î¹Î´Î¹Î¿Ï€Î±ÏÎ±Î³Î¿Î½Ï„Î¿Ï€Î¿Î¯Î·Ïƒ...

You may provide a definition with
\DeclareUnicodeCharacter 


! LaTeX Error: Unicode character Î· (U+03B7)
               not set up for use with LaTeX.

See the LaTeX manual or LaTeX Companion for explanation.
Type  H <return>  for immediate help.
 ...                                              
                                                  
l.2 ÎˆÏ‡Î¿Ï…Î¼Îµ ÎµÎ¯Î´Î· Î´ÎµÎ¹ Ï„Î·
                                     Î½ Î¹Î´Î¹Î¿Ï€Î±ÏÎ±Î³Î¿Î½Ï„Î¿Ï€Î¿Î¯Î·Ïƒ...

You may provide a definition with
\DeclareUnicodeCharacter 


! LaTeX Error: Unicode character Î½ (U+03BD)
               not set up for use with LaTeX.

See the LaTeX manual or LaTeX Companion for explanation.
Type  H <return>  for immediate help.
 ...                                              
                                                  
l.2 ÎˆÏ‡Î¿Ï…Î¼Îµ ÎµÎ¯Î´Î· Î´ÎµÎ¹ Ï„Î·Î½
                                        Î¹Î´Î¹Î¿Ï€Î±ÏÎ±Î³Î¿Î½Ï„Î¿Ï€Î¿Î¯Î·Ïƒ...

You may provide a definition with
\DeclareUnicodeCharacter 


! LaTeX Error: Unicode character Î¹ (U+03B9)
               not set up for use with LaTeX.

See the LaTeX manual or LaTeX Companion for explanation.
Type  H <return>  for immediate help.
 ...                                              
                                                  
l.2 ÎˆÏ‡Î¿Ï…Î¼Îµ ÎµÎ¯Î´Î· Î´ÎµÎ¹ Ï„Î·Î½ Î¹
                                          Î´Î¹Î¿Ï€Î±ÏÎ±Î³Î¿Î½Ï„Î¿Ï€Î¿Î¯Î·Ïƒ...

You may provide a definition with
\DeclareUnicodeCharacter 


! LaTeX Error: Unicode character Î´ (U+03B4)
               not set up for use with LaTeX.

See the LaTeX manual or LaTeX Companion for explanation.
Type  H <return>  for immediate help.
 ...                                              
                                                  
l.2 ÎˆÏ‡Î¿Ï…Î¼Îµ ÎµÎ¯Î´Î· Î´ÎµÎ¹ Ï„Î·Î½ Î¹Î´
                                            Î¹Î¿Ï€Î±ÏÎ±Î³Î¿Î½Ï„Î¿Ï€Î¿Î¯Î·Ïƒ...

You may provide a definition with
\DeclareUnicodeCharacter 


! LaTeX Error: Unicode character Î¹ (U+03B9)
               not set up for use with LaTeX.

See the LaTeX manual or LaTeX Companion for explanation.
Type  H <return>  for immediate help.
 ...                                              
                                                  
l.2 ÎˆÏ‡Î¿Ï…Î¼Îµ ÎµÎ¯Î´Î· Î´ÎµÎ¹ Ï„Î·Î½ Î¹Î´Î¹
                                              Î¿Ï€Î±ÏÎ±Î³Î¿Î½Ï„Î¿Ï€Î¿Î¯Î·Ïƒ...

You may provide a definition with
\DeclareUnicodeCharacter 


! LaTeX Error: Unicode character Î¿ (U+03BF)
               not set up for use with LaTeX.

See the LaTeX manual or LaTeX Companion for explanation.
Type  H <return>  for immediate help.
 ...                                              
                                                  
l.2 ÎˆÏ‡Î¿Ï…Î¼Îµ ÎµÎ¯Î´Î· Î´ÎµÎ¹ Ï„Î·Î½ Î¹Î´Î¹Î¿
                                                Ï€Î±ÏÎ±Î³Î¿Î½Ï„Î¿Ï€Î¿Î¯Î·Ïƒ...

You may provide a definition with
\DeclareUnicodeCharacter 


! LaTeX Error: Unicode character Ï€ (U+03C0)
               not set up for use with LaTeX.

See the LaTeX manual or LaTeX Companion for explanation.
Type  H <return>  for immediate help.
 ...                                              
                                                  
l.2 ÎˆÏ‡Î¿Ï…Î¼Îµ ÎµÎ¯Î´Î· Î´ÎµÎ¹ Ï„Î·Î½ Î¹Î´Î¹Î¿Ï€
                                                  Î±ÏÎ±Î³Î¿Î½Ï„Î¿Ï€Î¿Î¯Î·Ïƒ...

You may provide a definition with
\DeclareUnicodeCharacter 


! LaTeX Error: Unicode character Î± (U+03B1)
               not set up for use with LaTeX.

See the LaTeX manual or LaTeX Companion for explanation.
Type  H <return>  for immediate help.
 ...                                              
                                                  
l.2 ...¿Ï…Î¼Îµ ÎµÎ¯Î´Î· Î´ÎµÎ¹ Ï„Î·Î½ Î¹Î´Î¹Î¿Ï€Î±
                                                  ÏÎ±Î³Î¿Î½Ï„Î¿Ï€Î¿Î¯Î·ÏƒÎ·...

You may provide a definition with
\DeclareUnicodeCharacter 


! LaTeX Error: Unicode character Ï (U+03C1)
               not set up for use with LaTeX.

See the LaTeX manual or LaTeX Companion for explanation.
Type  H <return>  for immediate help.
 ...                                              
                                                  
l.2 ...…Î¼Îµ ÎµÎ¯Î´Î· Î´ÎµÎ¹ Ï„Î·Î½ Î¹Î´Î¹Î¿Ï€Î±Ï
                                                  Î±Î³Î¿Î½Ï„Î¿Ï€Î¿Î¯Î·ÏƒÎ· Ï...

You may provide a definition with
\DeclareUnicodeCharacter 


! LaTeX Error: Unicode character Î± (U+03B1)
               not set up for use with LaTeX.

See the LaTeX manual or LaTeX Companion for explanation.
Type  H <return>  for immediate help.
 ...                                              
                                                  
l.2 ...¼Îµ ÎµÎ¯Î´Î· Î´ÎµÎ¹ Ï„Î·Î½ Î¹Î´Î¹Î¿Ï€Î±ÏÎ±
                                                  Î³Î¿Î½Ï„Î¿Ï€Î¿Î¯Î·ÏƒÎ· Ï€Î...

You may provide a definition with
\DeclareUnicodeCharacter 


! LaTeX Error: Unicode character Î³ (U+03B3)
               not set up for use with LaTeX.

See the LaTeX manual or LaTeX Companion for explanation.
Type  H <return>  for immediate help.
 ...                                              
                                                  
l.2 ...µ ÎµÎ¯Î´Î· Î´ÎµÎ¹ Ï„Î·Î½ Î¹Î´Î¹Î¿Ï€Î±ÏÎ±Î³
                                                  Î¿Î½Ï„Î¿Ï€Î¿Î¯Î·ÏƒÎ· Ï€Î¯Î...

You may provide a definition with
\DeclareUnicodeCharacter 


! LaTeX Error: Unicode character Î¿ (U+03BF)
               not set up for use with LaTeX.

See the LaTeX manual or LaTeX Companion for explanation.
Type  H <return>  for immediate help.
 ...                                              
                                                  
l.2 ...ÎµÎ¯Î´Î· Î´ÎµÎ¹ Ï„Î·Î½ Î¹Î´Î¹Î¿Ï€Î±ÏÎ±Î³Î¿
                                                  Î½Ï„Î¿Ï€Î¿Î¯Î·ÏƒÎ· Ï€Î¯Î½Î...

You may provide a definition with
\DeclareUnicodeCharacter 


! LaTeX Error: Unicode character Î½ (U+03BD)
               not set up for use with LaTeX.

See the LaTeX manual or LaTeX Companion for explanation.
Type  H <return>  for immediate help.
 ...                                              
                                                  
l.2 ...Î¯Î´Î· Î´ÎµÎ¹ Ï„Î·Î½ Î¹Î´Î¹Î¿Ï€Î±ÏÎ±Î³Î¿Î½
                                                  Ï„Î¿Ï€Î¿Î¯Î·ÏƒÎ· Ï€Î¯Î½Î±Î...

You may provide a definition with
\DeclareUnicodeCharacter 


! LaTeX Error: Unicode character Ï„ (U+03C4)
               not set up for use with LaTeX.

See the LaTeX manual or LaTeX Companion for explanation.
Type  H <return>  for immediate help.
 ...                                              
                                                  
l.2 ...Î´Î· Î´ÎµÎ¹ Ï„Î·Î½ Î¹Î´Î¹Î¿Ï€Î±ÏÎ±Î³Î¿Î½Ï„
                                                  Î¿Ï€Î¿Î¯Î·ÏƒÎ· Ï€Î¯Î½Î±ÎºÎ...

You may provide a definition with
\DeclareUnicodeCharacter 


! LaTeX Error: Unicode character Î¿ (U+03BF)
               not set up for use with LaTeX.

See the LaTeX manual or LaTeX Companion for explanation.
Type  H <return>  for immediate help.
 ...                                              
                                                  
l.2 ...Î· Î´ÎµÎ¹ Ï„Î·Î½ Î¹Î´Î¹Î¿Ï€Î±ÏÎ±Î³Î¿Î½Ï„Î¿
                                                  Ï€Î¿Î¯Î·ÏƒÎ· Ï€Î¯Î½Î±ÎºÎ±....

You may provide a definition with
\DeclareUnicodeCharacter 


! LaTeX Error: Unicode character Ï€ (U+03C0)
               not set up for use with LaTeX.

See the LaTeX manual or LaTeX Companion for explanation.
Type  H <return>  for immediate help.
 ...                                              
                                                  
l.2 ... Î´ÎµÎ¹ Ï„Î·Î½ Î¹Î´Î¹Î¿Ï€Î±ÏÎ±Î³Î¿Î½Ï„Î¿Ï€
                                                  Î¿Î¯Î·ÏƒÎ· Ï€Î¯Î½Î±ÎºÎ±. Î...

You may provide a definition with
\DeclareUnicodeCharacter 


! LaTeX Error: Unicode character Î¿ (U+03BF)
               not set up for use with LaTeX.

See the LaTeX manual or LaTeX Companion for explanation.
Type  H <return>  for immediate help.
 ...                                              
                                                  
l.2 ...´ÎµÎ¹ Ï„Î·Î½ Î¹Î´Î¹Î¿Ï€Î±ÏÎ±Î³Î¿Î½Ï„Î¿Ï€Î¿
                                                  Î¯Î·ÏƒÎ· Ï€Î¯Î½Î±ÎºÎ±. Î˜Î...

You may provide a definition with
\DeclareUnicodeCharacter 


! LaTeX Error: Unicode character Î¯ (U+03AF)
               not set up for use with LaTeX.

See the LaTeX manual or LaTeX Companion for explanation.
Type  H <return>  for immediate help.
 ...                                              
                                                  
l.2 ...µÎ¹ Ï„Î·Î½ Î¹Î´Î¹Î¿Ï€Î±ÏÎ±Î³Î¿Î½Ï„Î¿Ï€Î¿Î¯
                                                  Î·ÏƒÎ· Ï€Î¯Î½Î±ÎºÎ±. Î˜Î± ...

You may provide a definition with
\DeclareUnicodeCharacter 


! LaTeX Error: Unicode character Î· (U+03B7)
               not set up for use with LaTeX.

See the LaTeX manual or LaTeX Companion for explanation.
Type  H <return>  for immediate help.
 ...                                              
                                                  
l.2 ...¹ Ï„Î·Î½ Î¹Î´Î¹Î¿Ï€Î±ÏÎ±Î³Î¿Î½Ï„Î¿Ï€Î¿Î¯Î·
                                                  ÏƒÎ· Ï€Î¯Î½Î±ÎºÎ±. Î˜Î± Î´...

You may provide a definition with
\DeclareUnicodeCharacter 


! LaTeX Error: Unicode character Ïƒ (U+03C3)
               not set up for use with LaTeX.

See the LaTeX manual or LaTeX Companion for explanation.
Type  H <return>  for immediate help.
 ...                                              
                                                  
l.2 ...Ï„Î·Î½ Î¹Î´Î¹Î¿Ï€Î±ÏÎ±Î³Î¿Î½Ï„Î¿Ï€Î¿Î¯Î·Ïƒ
                                                  Î· Ï€Î¯Î½Î±ÎºÎ±. Î˜Î± Î´Î¿...

You may provide a definition with
\DeclareUnicodeCharacter 


! LaTeX Error: Unicode character Î· (U+03B7)
               not set up for use with LaTeX.

See the LaTeX manual or LaTeX Companion for explanation.
Type  H <return>  for immediate help.
 ...                                              
                                                  
l.2 ...Î·Î½ Î¹Î´Î¹Î¿Ï€Î±ÏÎ±Î³Î¿Î½Ï„Î¿Ï€Î¿Î¯Î·ÏƒÎ·
                                                   Ï€Î¯Î½Î±ÎºÎ±. Î˜Î± Î´Î¿Ï...

You may provide a definition with
\DeclareUnicodeCharacter 


! LaTeX Error: Unicode character Ï€ (U+03C0)
               not set up for use with LaTeX.

See the LaTeX manual or LaTeX Companion for explanation.
Type  H <return>  for immediate help.
 ...                                              
                                                  
l.2 ...½ Î¹Î´Î¹Î¿Ï€Î±ÏÎ±Î³Î¿Î½Ï„Î¿Ï€Î¿Î¯Î·ÏƒÎ· Ï€
                                                  Î¯Î½Î±ÎºÎ±. Î˜Î± Î´Î¿ÏÎ¼Î...

You may provide a definition with
\DeclareUnicodeCharacter 


! LaTeX Error: Unicode character Î¯ (U+03AF)
               not set up for use with LaTeX.

See the LaTeX manual or LaTeX Companion for explanation.
Type  H <return>  for immediate help.
 ...                                              
                                                  
l.2 ...Î¹Î´Î¹Î¿Ï€Î±ÏÎ±Î³Î¿Î½Ï„Î¿Ï€Î¿Î¯Î·ÏƒÎ· Ï€Î¯
                                                  Î½Î±ÎºÎ±. Î˜Î± Î´Î¿ÏÎ¼Îµ ...

You may provide a definition with
\DeclareUnicodeCharacter 


! LaTeX Error: Unicode character Î½ (U+03BD)
               not set up for use with LaTeX.

See the LaTeX manual or LaTeX Companion for explanation.
Type  H <return>  for immediate help.
 ...                                              
                                                  
l.2 ...Î´Î¹Î¿Ï€Î±ÏÎ±Î³Î¿Î½Ï„Î¿Ï€Î¿Î¯Î·ÏƒÎ· Ï€Î¯Î½
                                                  Î±ÎºÎ±. Î˜Î± Î´Î¿ÏÎ¼Îµ Ïƒ...

You may provide a definition with
\DeclareUnicodeCharacter 


! LaTeX Error: Unicode character Î± (U+03B1)
               not set up for use with LaTeX.

See the LaTeX manual or LaTeX Companion for explanation.
Type  H <return>  for immediate help.
 ...                                              
                                                  
l.2 ...Î¹Î¿Ï€Î±ÏÎ±Î³Î¿Î½Ï„Î¿Ï€Î¿Î¯Î·ÏƒÎ· Ï€Î¯Î½Î±
                                                  ÎºÎ±. Î˜Î± Î´Î¿ÏÎ¼Îµ ÏƒÎµ...

You may provide a definition with
\DeclareUnicodeCharacter 


! LaTeX Error: Unicode character Îº (U+03BA)
               not set up for use with LaTeX.

See the LaTeX manual or LaTeX Companion for explanation.
Type  H <return>  for immediate help.
 ...                                              
                                                  
l.2 ...Î¿Ï€Î±ÏÎ±Î³Î¿Î½Ï„Î¿Ï€Î¿Î¯Î·ÏƒÎ· Ï€Î¯Î½Î±Îº
                                                  Î±. Î˜Î± Î´Î¿ÏÎ¼Îµ ÏƒÎµ Î...

You may provide a definition with
\DeclareUnicodeCharacter 


! LaTeX Error: Unicode character Î± (U+03B1)
               not set up for use with LaTeX.

See the LaTeX manual or LaTeX Companion for explanation.
Type  H <return>  for immediate help.
 ...                                              
                                                  
l.2 ...Ï€Î±ÏÎ±Î³Î¿Î½Ï„Î¿Ï€Î¿Î¯Î·ÏƒÎ· Ï€Î¯Î½Î±ÎºÎ±
                                                  . Î˜Î± Î´Î¿ÏÎ¼Îµ ÏƒÎµ Î±Ï...

You may provide a definition with
\DeclareUnicodeCharacter 


! LaTeX Error: Missing \begin{document}.

See the LaTeX manual or LaTeX Companion for explanation.
Type  H <return>  for immediate help.
 ...                                              
                                                  
l.2 ...€Î±ÏÎ±Î³Î¿Î½Ï„Î¿Ï€Î¿Î¯Î·ÏƒÎ· Ï€Î¯Î½Î±ÎºÎ±.
                                                   Î˜Î± Î´Î¿ÏÎ¼Îµ ÏƒÎµ Î±Ï…...

You're in trouble here.  Try typing  <return>  to proceed.
If that doesn't work, type  X <return>  to quit.

Missing character: There is no . in font nullfont!

! LaTeX Error: Unicode character Î˜ (U+0398)
               not set up for use with LaTeX.

See the LaTeX manual or LaTeX Companion for explanation.
Type  H <return>  for immediate help.
 ...                                              
                                                  
l.2 ...ÏÎ±Î³Î¿Î½Ï„Î¿Ï€Î¿Î¯Î·ÏƒÎ· Ï€Î¯Î½Î±ÎºÎ±. Î˜
                                                  Î± Î´Î¿ÏÎ¼Îµ ÏƒÎµ Î±Ï…Ï„Ï...

You may provide a definition with
\DeclareUnicodeCharacter 


! LaTeX Error: Unicode character Î± (U+03B1)
               not set up for use with LaTeX.

See the LaTeX manual or LaTeX Companion for explanation.
Type  H <return>  for immediate help.
 ...                                              
                                                  
l.2 ...Î±Î³Î¿Î½Ï„Î¿Ï€Î¿Î¯Î·ÏƒÎ· Ï€Î¯Î½Î±ÎºÎ±. Î˜Î±
                                                   Î´Î¿ÏÎ¼Îµ ÏƒÎµ Î±Ï…Ï„ÏŒ ...

You may provide a definition with
\DeclareUnicodeCharacter 


! LaTeX Error: Unicode character Î´ (U+03B4)
               not set up for use with LaTeX.

See the LaTeX manual or LaTeX Companion for explanation.
Type  H <return>  for immediate help.
 ...                                              
                                                  
l.2 ...³Î¿Î½Ï„Î¿Ï€Î¿Î¯Î·ÏƒÎ· Ï€Î¯Î½Î±ÎºÎ±. Î˜Î± Î´
                                                  Î¿ÏÎ¼Îµ ÏƒÎµ Î±Ï…Ï„ÏŒ Ï„Î...

You may provide a definition with
\DeclareUnicodeCharacter 


! LaTeX Error: Unicode character Î¿ (U+03BF)
               not set up for use with LaTeX.

See the LaTeX manual or LaTeX Companion for explanation.
Type  H <return>  for immediate help.
 ...                                              
                                                  
l.2 ...¿Î½Ï„Î¿Ï€Î¿Î¯Î·ÏƒÎ· Ï€Î¯Î½Î±ÎºÎ±. Î˜Î± Î´Î¿
                                                  ÏÎ¼Îµ ÏƒÎµ Î±Ï…Ï„ÏŒ Ï„Î¿ ...

You may provide a definition with
\DeclareUnicodeCharacter 


! LaTeX Error: Unicode character Ï (U+03CD)
               not set up for use with LaTeX.

See the LaTeX manual or LaTeX Companion for explanation.
Type  H <return>  for immediate help.
 ...                                              
                                                  
l.2 ...½Ï„Î¿Ï€Î¿Î¯Î·ÏƒÎ· Ï€Î¯Î½Î±ÎºÎ±. Î˜Î± Î´Î¿Ï
                                                  Î¼Îµ ÏƒÎµ Î±Ï…Ï„ÏŒ Ï„Î¿ Îº...

You may provide a definition with
\DeclareUnicodeCharacter 


! LaTeX Error: Unicode character Î¼ (U+03BC)
               not set up for use with LaTeX.

See the LaTeX manual or LaTeX Companion for explanation.
Type  H <return>  for immediate help.
 ...                                              
                                                  
l.2 ...„Î¿Ï€Î¿Î¯Î·ÏƒÎ· Ï€Î¯Î½Î±ÎºÎ±. Î˜Î± Î´Î¿ÏÎ¼
                                                  Îµ ÏƒÎµ Î±Ï…Ï„ÏŒ Ï„Î¿ ÎºÎµ...

You may provide a definition with
\DeclareUnicodeCharacter 


! LaTeX Error: Unicode character Îµ (U+03B5)
               not set up for use with LaTeX.

See the LaTeX manual or LaTeX Companion for explanation.
Type  H <return>  for immediate help.
 ...                                              
                                                  
l.2 ...¿Ï€Î¿Î¯Î·ÏƒÎ· Ï€Î¯Î½Î±ÎºÎ±. Î˜Î± Î´Î¿ÏÎ¼Îµ
                                                   ÏƒÎµ Î±Ï…Ï„ÏŒ Ï„Î¿ ÎºÎµÏ†...

You may provide a definition with
\DeclareUnicodeCharacter 


! LaTeX Error: Unicode character Ïƒ (U+03C3)
               not set up for use with LaTeX.

See the LaTeX manual or LaTeX Companion for explanation.
Type  H <return>  for immediate help.
 ...                                              
                                                  
l.2 ...Î¿Î¯Î·ÏƒÎ· Ï€Î¯Î½Î±ÎºÎ±. Î˜Î± Î´Î¿ÏÎ¼Îµ Ïƒ
                                                  Îµ Î±Ï…Ï„ÏŒ Ï„Î¿ ÎºÎµÏ†Î¬Î...

You may provide a definition with
\DeclareUnicodeCharacter 


! LaTeX Error: Unicode character Îµ (U+03B5)
               not set up for use with LaTeX.

See the LaTeX manual or LaTeX Companion for explanation.
Type  H <return>  for immediate help.
 ...                                              
                                                  
l.2 ...Î¯Î·ÏƒÎ· Ï€Î¯Î½Î±ÎºÎ±. Î˜Î± Î´Î¿ÏÎ¼Îµ ÏƒÎµ
                                                   Î±Ï…Ï„ÏŒ Ï„Î¿ ÎºÎµÏ†Î¬Î»Î...

You may provide a definition with
\DeclareUnicodeCharacter 


! LaTeX Error: Unicode character Î± (U+03B1)
               not set up for use with LaTeX.

See the LaTeX manual or LaTeX Companion for explanation.
Type  H <return>  for immediate help.
 ...                                              
                                                  
l.2 ...·ÏƒÎ· Ï€Î¯Î½Î±ÎºÎ±. Î˜Î± Î´Î¿ÏÎ¼Îµ ÏƒÎµ Î±
                                                  Ï…Ï„ÏŒ Ï„Î¿ ÎºÎµÏ†Î¬Î»Î±Î¹...

You may provide a definition with
\DeclareUnicodeCharacter 


! LaTeX Error: Unicode character Ï… (U+03C5)
               not set up for use with LaTeX.

See the LaTeX manual or LaTeX Companion for explanation.
Type  H <return>  for immediate help.
 ...                                              
                                                  
l.2 ...ƒÎ· Ï€Î¯Î½Î±ÎºÎ±. Î˜Î± Î´Î¿ÏÎ¼Îµ ÏƒÎµ Î±Ï…
                                                  Ï„ÏŒ Ï„Î¿ ÎºÎµÏ†Î¬Î»Î±Î¹Î¿...

You may provide a definition with
\DeclareUnicodeCharacter 


! LaTeX Error: Unicode character Ï„ (U+03C4)
               not set up for use with LaTeX.

See the LaTeX manual or LaTeX Companion for explanation.
Type  H <return>  for immediate help.
 ...                                              
                                                  
l.2 ...· Ï€Î¯Î½Î±ÎºÎ±. Î˜Î± Î´Î¿ÏÎ¼Îµ ÏƒÎµ Î±Ï…Ï„
                                                  ÏŒ Ï„Î¿ ÎºÎµÏ†Î¬Î»Î±Î¹Î¿ Î...

You may provide a definition with
\DeclareUnicodeCharacter 


! LaTeX Error: Unicode character ÏŒ (U+03CC)
               not set up for use with LaTeX.

See the LaTeX manual or LaTeX Companion for explanation.
Type  H <return>  for immediate help.
 ...                                              
                                                  
l.2 ...Ï€Î¯Î½Î±ÎºÎ±. Î˜Î± Î´Î¿ÏÎ¼Îµ ÏƒÎµ Î±Ï…Ï„ÏŒ
                                                   Ï„Î¿ ÎºÎµÏ†Î¬Î»Î±Î¹Î¿ Î¬Î...

You may provide a definition with
\DeclareUnicodeCharacter 


! LaTeX Error: Unicode character Ï„ (U+03C4)
               not set up for use with LaTeX.

See the LaTeX manual or LaTeX Companion for explanation.
Type  H <return>  for immediate help.
 ...                                              
                                                  
l.2 ...¯Î½Î±ÎºÎ±. Î˜Î± Î´Î¿ÏÎ¼Îµ ÏƒÎµ Î±Ï…Ï„ÏŒ Ï„
                                                  Î¿ ÎºÎµÏ†Î¬Î»Î±Î¹Î¿ Î¬Î»Î»...

You may provide a definition with
\DeclareUnicodeCharacter 


! LaTeX Error: Unicode character Î¿ (U+03BF)
               not set up for use with LaTeX.

See the LaTeX manual or LaTeX Companion for explanation.
Type  H <return>  for immediate help.
 ...                                              
                                                  
l.2 ...½Î±ÎºÎ±. Î˜Î± Î´Î¿ÏÎ¼Îµ ÏƒÎµ Î±Ï…Ï„ÏŒ Ï„Î¿
                                                   ÎºÎµÏ†Î¬Î»Î±Î¹Î¿ Î¬Î»Î»Îµ...

You may provide a definition with
\DeclareUnicodeCharacter 


! LaTeX Error: Unicode character Îº (U+03BA)
               not set up for use with LaTeX.

See the LaTeX manual or LaTeX Companion for explanation.
Type  H <return>  for immediate help.
 ...                                              
                                                  
l.2 ...ÎºÎ±. Î˜Î± Î´Î¿ÏÎ¼Îµ ÏƒÎµ Î±Ï…Ï„ÏŒ Ï„Î¿ Îº
                                                  ÎµÏ†Î¬Î»Î±Î¹Î¿ Î¬Î»Î»ÎµÏ‚ ...

You may provide a definition with
\DeclareUnicodeCharacter 


! LaTeX Error: Unicode character Îµ (U+03B5)
               not set up for use with LaTeX.

See the LaTeX manual or LaTeX Companion for explanation.
Type  H <return>  for immediate help.
 ...                                              
                                                  
l.2 ...Î±. Î˜Î± Î´Î¿ÏÎ¼Îµ ÏƒÎµ Î±Ï…Ï„ÏŒ Ï„Î¿ ÎºÎµ
                                                  Ï†Î¬Î»Î±Î¹Î¿ Î¬Î»Î»ÎµÏ‚ Ï„...

You may provide a definition with
\DeclareUnicodeCharacter 


! LaTeX Error: Unicode character Ï† (U+03C6)
               not set up for use with LaTeX.

See the LaTeX manual or LaTeX Companion for explanation.
Type  H <return>  for immediate help.
 ...                                              
                                                  
l.2 .... Î˜Î± Î´Î¿ÏÎ¼Îµ ÏƒÎµ Î±Ï…Ï„ÏŒ Ï„Î¿ ÎºÎµÏ†
                                                  Î¬Î»Î±Î¹Î¿ Î¬Î»Î»ÎµÏ‚ Ï„Ï...

You may provide a definition with
\DeclareUnicodeCharacter 


! LaTeX Error: Unicode character Î¬ (U+03AC)
               not set up for use with LaTeX.

See the LaTeX manual or LaTeX Companion for explanation.
Type  H <return>  for immediate help.
 ...                                              
                                                  
l.2 ...Î˜Î± Î´Î¿ÏÎ¼Îµ ÏƒÎµ Î±Ï…Ï„ÏŒ Ï„Î¿ ÎºÎµÏ†Î¬
                                                  Î»Î±Î¹Î¿ Î¬Î»Î»ÎµÏ‚ Ï„ÏÎµ...

You may provide a definition with
\DeclareUnicodeCharacter 


! LaTeX Error: Unicode character Î» (U+03BB)
               not set up for use with LaTeX.

See the LaTeX manual or LaTeX Companion for explanation.
Type  H <return>  for immediate help.
 ...                                              
                                                  
l.2 ...Î± Î´Î¿ÏÎ¼Îµ ÏƒÎµ Î±Ï…Ï„ÏŒ Ï„Î¿ ÎºÎµÏ†Î¬Î»
                                                  Î±Î¹Î¿ Î¬Î»Î»ÎµÏ‚ Ï„ÏÎµÎ¹...

You may provide a definition with
\DeclareUnicodeCharacter 


! LaTeX Error: Unicode character Î± (U+03B1)
               not set up for use with LaTeX.

See the LaTeX manual or LaTeX Companion for explanation.
Type  H <return>  for immediate help.
 ...                                              
                                                  
l.2 ... Î´Î¿ÏÎ¼Îµ ÏƒÎµ Î±Ï…Ï„ÏŒ Ï„Î¿ ÎºÎµÏ†Î¬Î»Î±
                                                  Î¹Î¿ Î¬Î»Î»ÎµÏ‚ Ï„ÏÎµÎ¹Ï‚...

You may provide a definition with
\DeclareUnicodeCharacter 


! LaTeX Error: Unicode character Î¹ (U+03B9)
               not set up for use with LaTeX.

See the LaTeX manual or LaTeX Companion for explanation.
Type  H <return>  for immediate help.
 ...                                              
                                                  
l.2 ...´Î¿ÏÎ¼Îµ ÏƒÎµ Î±Ï…Ï„ÏŒ Ï„Î¿ ÎºÎµÏ†Î¬Î»Î±Î¹
                                                  Î¿ Î¬Î»Î»ÎµÏ‚ Ï„ÏÎµÎ¹Ï‚ Ï...

You may provide a definition with
\DeclareUnicodeCharacter 


! LaTeX Error: Unicode character Î¿ (U+03BF)
               not set up for use with LaTeX.

See the LaTeX manual or LaTeX Companion for explanation.
Type  H <return>  for immediate help.
 ...                                              
                                                  
l.2 ...¿ÏÎ¼Îµ ÏƒÎµ Î±Ï…Ï„ÏŒ Ï„Î¿ ÎºÎµÏ†Î¬Î»Î±Î¹Î¿
                                                   Î¬Î»Î»ÎµÏ‚ Ï„ÏÎµÎ¹Ï‚ Ï€Î...

You may provide a definition with
\DeclareUnicodeCharacter 


! LaTeX Error: Unicode character Î¬ (U+03AC)
               not set up for use with LaTeX.

See the LaTeX manual or LaTeX Companion for explanation.
Type  H <return>  for immediate help.
 ...                                              
                                                  
l.2 ...Î¼Îµ ÏƒÎµ Î±Ï…Ï„ÏŒ Ï„Î¿ ÎºÎµÏ†Î¬Î»Î±Î¹Î¿ Î¬
                                                  Î»Î»ÎµÏ‚ Ï„ÏÎµÎ¹Ï‚ Ï€Î±Ï...

You may provide a definition with
\DeclareUnicodeCharacter 


! LaTeX Error: Unicode character Î» (U+03BB)
               not set up for use with LaTeX.

See the LaTeX manual or LaTeX Companion for explanation.
Type  H <return>  for immediate help.
 ...                                              
                                                  
l.2 ...Îµ ÏƒÎµ Î±Ï…Ï„ÏŒ Ï„Î¿ ÎºÎµÏ†Î¬Î»Î±Î¹Î¿ Î¬Î»
                                                  Î»ÎµÏ‚ Ï„ÏÎµÎ¹Ï‚ Ï€Î±ÏÎ±...

You may provide a definition with
\DeclareUnicodeCharacter 


! LaTeX Error: Unicode character Î» (U+03BB)
               not set up for use with LaTeX.

See the LaTeX manual or LaTeX Companion for explanation.
Type  H <return>  for immediate help.
 ...                                              
                                                  
l.2 ... ÏƒÎµ Î±Ï…Ï„ÏŒ Ï„Î¿ ÎºÎµÏ†Î¬Î»Î±Î¹Î¿ Î¬Î»Î»
                                                  ÎµÏ‚ Ï„ÏÎµÎ¹Ï‚ Ï€Î±ÏÎ±Î³...

You may provide a definition with
\DeclareUnicodeCharacter 


! LaTeX Error: Unicode character Îµ (U+03B5)
               not set up for use with LaTeX.

See the LaTeX manual or LaTeX Companion for explanation.
Type  H <return>  for immediate help.
 ...                                              
                                                  
l.2 ...ƒÎµ Î±Ï…Ï„ÏŒ Ï„Î¿ ÎºÎµÏ†Î¬Î»Î±Î¹Î¿ Î¬Î»Î»Îµ
                                                  Ï‚ Ï„ÏÎµÎ¹Ï‚ Ï€Î±ÏÎ±Î³Î¿...

You may provide a definition with
\DeclareUnicodeCharacter 


! LaTeX Error: Unicode character Ï‚ (U+03C2)
               not set up for use with LaTeX.

See the LaTeX manual or LaTeX Companion for explanation.
Type  H <return>  for immediate help.
 ...                                              
                                                  
l.2 ...µ Î±Ï…Ï„ÏŒ Ï„Î¿ ÎºÎµÏ†Î¬Î»Î±Î¹Î¿ Î¬Î»Î»ÎµÏ‚
                                                   Ï„ÏÎµÎ¹Ï‚ Ï€Î±ÏÎ±Î³Î¿Î½...

You may provide a definition with
\DeclareUnicodeCharacter 


! LaTeX Error: Unicode character Ï„ (U+03C4)
               not set up for use with LaTeX.

See the LaTeX manual or LaTeX Companion for explanation.
Type  H <return>  for immediate help.
 ...                                              
                                                  
l.2 ...±Ï…Ï„ÏŒ Ï„Î¿ ÎºÎµÏ†Î¬Î»Î±Î¹Î¿ Î¬Î»Î»ÎµÏ‚ Ï„
                                                  ÏÎµÎ¹Ï‚ Ï€Î±ÏÎ±Î³Î¿Î½Ï„Î...

You may provide a definition with
\DeclareUnicodeCharacter 


! LaTeX Error: Unicode character Ï (U+03C1)
               not set up for use with LaTeX.

See the LaTeX manual or LaTeX Companion for explanation.
Type  H <return>  for immediate help.
 ...                                              
                                                  
l.2 ...…Ï„ÏŒ Ï„Î¿ ÎºÎµÏ†Î¬Î»Î±Î¹Î¿ Î¬Î»Î»ÎµÏ‚ Ï„Ï
                                                  ÎµÎ¹Ï‚ Ï€Î±ÏÎ±Î³Î¿Î½Ï„Î¿Ï...

You may provide a definition with
\DeclareUnicodeCharacter 


! LaTeX Error: Unicode character Îµ (U+03B5)
               not set up for use with LaTeX.

See the LaTeX manual or LaTeX Companion for explanation.
Type  H <return>  for immediate help.
 ...                                              
                                                  
l.2 ...„ÏŒ Ï„Î¿ ÎºÎµÏ†Î¬Î»Î±Î¹Î¿ Î¬Î»Î»ÎµÏ‚ Ï„ÏÎµ
                                                  Î¹Ï‚ Ï€Î±ÏÎ±Î³Î¿Î½Ï„Î¿Ï€Î...

You may provide a definition with
\DeclareUnicodeCharacter 


! LaTeX Error: Unicode character Î¹ (U+03B9)
               not set up for use with LaTeX.

See the LaTeX manual or LaTeX Companion for explanation.
Type  H <return>  for immediate help.
 ...                                              
                                                  
l.2 ...Œ Ï„Î¿ ÎºÎµÏ†Î¬Î»Î±Î¹Î¿ Î¬Î»Î»ÎµÏ‚ Ï„ÏÎµÎ¹
                                                  Ï‚ Ï€Î±ÏÎ±Î³Î¿Î½Ï„Î¿Ï€Î¿Î...

You may provide a definition with
\DeclareUnicodeCharacter 


! LaTeX Error: Unicode character Ï‚ (U+03C2)
               not set up for use with LaTeX.

See the LaTeX manual or LaTeX Companion for explanation.
Type  H <return>  for immediate help.
 ...                                              
                                                  
l.2 ...Ï„Î¿ ÎºÎµÏ†Î¬Î»Î±Î¹Î¿ Î¬Î»Î»ÎµÏ‚ Ï„ÏÎµÎ¹Ï‚
                                                   Ï€Î±ÏÎ±Î³Î¿Î½Ï„Î¿Ï€Î¿Î¹Î...

You may provide a definition with
\DeclareUnicodeCharacter 


! LaTeX Error: Unicode character Ï€ (U+03C0)
               not set up for use with LaTeX.

See the LaTeX manual or LaTeX Companion for explanation.
Type  H <return>  for immediate help.
 ...                                              
                                                  
l.2 ...¿ ÎºÎµÏ†Î¬Î»Î±Î¹Î¿ Î¬Î»Î»ÎµÏ‚ Ï„ÏÎµÎ¹Ï‚ Ï€
                                                  Î±ÏÎ±Î³Î¿Î½Ï„Î¿Ï€Î¿Î¹Î®Ïƒ...

You may provide a definition with
\DeclareUnicodeCharacter 


! LaTeX Error: Unicode character Î± (U+03B1)
               not set up for use with LaTeX.

See the LaTeX manual or LaTeX Companion for explanation.
Type  H <return>  for immediate help.
 ...                                              
                                                  
l.2 ...ÎºÎµÏ†Î¬Î»Î±Î¹Î¿ Î¬Î»Î»ÎµÏ‚ Ï„ÏÎµÎ¹Ï‚ Ï€Î±
                                                  ÏÎ±Î³Î¿Î½Ï„Î¿Ï€Î¿Î¹Î®ÏƒÎµ...

You may provide a definition with
\DeclareUnicodeCharacter 


! LaTeX Error: Unicode character Ï (U+03C1)
               not set up for use with LaTeX.

See the LaTeX manual or LaTeX Companion for explanation.
Type  H <return>  for immediate help.
 ...                                              
                                                  
l.2 ...ÎµÏ†Î¬Î»Î±Î¹Î¿ Î¬Î»Î»ÎµÏ‚ Ï„ÏÎµÎ¹Ï‚ Ï€Î±Ï
                                                  Î±Î³Î¿Î½Ï„Î¿Ï€Î¿Î¹Î®ÏƒÎµÎ¹Ï‚.

You may provide a definition with
\DeclareUnicodeCharacter 


! LaTeX Error: Unicode character Î± (U+03B1)
               not set up for use with LaTeX.

See the LaTeX manual or LaTeX Companion for explanation.
Type  H <return>  for immediate help.
 ...                                              
                                                  
l.2 ...Ï†Î¬Î»Î±Î¹Î¿ Î¬Î»Î»ÎµÏ‚ Ï„ÏÎµÎ¹Ï‚ Ï€Î±ÏÎ±
                                                  Î³Î¿Î½Ï„Î¿Ï€Î¿Î¹Î®ÏƒÎµÎ¹Ï‚.
You may provide a definition with
\DeclareUnicodeCharacter 


! LaTeX Error: Unicode character Î³ (U+03B3)
               not set up for use with LaTeX.

See the LaTeX manual or LaTeX Companion for explanation.
Type  H <return>  for immediate help.
 ...                                              
                                                  
l.2 ...Î¬Î»Î±Î¹Î¿ Î¬Î»Î»ÎµÏ‚ Ï„ÏÎµÎ¹Ï‚ Ï€Î±ÏÎ±Î³
                                                  Î¿Î½Ï„Î¿Ï€Î¿Î¹Î®ÏƒÎµÎ¹Ï‚.
You may provide a definition with
\DeclareUnicodeCharacter 


! LaTeX Error: Unicode character Î¿ (U+03BF)
               not set up for use with LaTeX.

See the LaTeX manual or LaTeX Companion for explanation.
Type  H <return>  for immediate help.
 ...                                              
                                                  
l.2 ...Î»Î±Î¹Î¿ Î¬Î»Î»ÎµÏ‚ Ï„ÏÎµÎ¹Ï‚ Ï€Î±ÏÎ±Î³Î¿
                                                  Î½Ï„Î¿Ï€Î¿Î¹Î®ÏƒÎµÎ¹Ï‚.
You may provide a definition with
\DeclareUnicodeCharacter 


! LaTeX Error: Unicode character Î½ (U+03BD)
               not set up for use with LaTeX.

See the LaTeX manual or LaTeX Companion for explanation.
Type  H <return>  for immediate help.
 ...                                              
                                                  
l.2 ...Î±Î¹Î¿ Î¬Î»Î»ÎµÏ‚ Ï„ÏÎµÎ¹Ï‚ Ï€Î±ÏÎ±Î³Î¿Î½
                                                  Ï„Î¿Ï€Î¿Î¹Î®ÏƒÎµÎ¹Ï‚.
You may provide a definition with
\DeclareUnicodeCharacter 


! LaTeX Error: Unicode character Ï„ (U+03C4)
               not set up for use with LaTeX.

See the LaTeX manual or LaTeX Companion for explanation.
Type  H <return>  for immediate help.
 ...                                              
                                                  
l.2 ...Î¹Î¿ Î¬Î»Î»ÎµÏ‚ Ï„ÏÎµÎ¹Ï‚ Ï€Î±ÏÎ±Î³Î¿Î½Ï„
                                                  Î¿Ï€Î¿Î¹Î®ÏƒÎµÎ¹Ï‚.
You may provide a definition with
\DeclareUnicodeCharacter 


! LaTeX Error: Unicode character Î¿ (U+03BF)
               not set up for use with LaTeX.

See the LaTeX manual or LaTeX Companion for explanation.
Type  H <return>  for immediate help.
 ...                                              
                                                  
l.2 ...Î¿ Î¬Î»Î»ÎµÏ‚ Ï„ÏÎµÎ¹Ï‚ Ï€Î±ÏÎ±Î³Î¿Î½Ï„Î¿
                                                  Ï€Î¿Î¹Î®ÏƒÎµÎ¹Ï‚.
You may provide a definition with
\DeclareUnicodeCharacter 


! LaTeX Error: Unicode character Ï€ (U+03C0)
               not set up for use with LaTeX.

See the LaTeX manual or LaTeX Companion for explanation.
Type  H <return>  for immediate help.
 ...                                              
                                                  
l.2 ... Î¬Î»Î»ÎµÏ‚ Ï„ÏÎµÎ¹Ï‚ Ï€Î±ÏÎ±Î³Î¿Î½Ï„Î¿Ï€
                                                  Î¿Î¹Î®ÏƒÎµÎ¹Ï‚.
You may provide a definition with
\DeclareUnicodeCharacter 


! LaTeX Error: Unicode character Î¿ (U+03BF)
               not set up for use with LaTeX.

See the LaTeX manual or LaTeX Companion for explanation.
Type  H <return>  for immediate help.
 ...                                              
                                                  
l.2 ...¬Î»Î»ÎµÏ‚ Ï„ÏÎµÎ¹Ï‚ Ï€Î±ÏÎ±Î³Î¿Î½Ï„Î¿Ï€Î¿
                                                  Î¹Î®ÏƒÎµÎ¹Ï‚.
You may provide a definition with
\DeclareUnicodeCharacter 


! LaTeX Error: Unicode character Î¹ (U+03B9)
               not set up for use with LaTeX.

See the LaTeX manual or LaTeX Companion for explanation.
Type  H <return>  for immediate help.
 ...                                              
                                                  
l.2 ...»Î»ÎµÏ‚ Ï„ÏÎµÎ¹Ï‚ Ï€Î±ÏÎ±Î³Î¿Î½Ï„Î¿Ï€Î¿Î¹
                                                  Î®ÏƒÎµÎ¹Ï‚.
You may provide a definition with
\DeclareUnicodeCharacter 


! LaTeX Error: Unicode character Î® (U+03AE)
               not set up for use with LaTeX.

See the LaTeX manual or LaTeX Companion for explanation.
Type  H <return>  for immediate help.
 ...                                              
                                                  
l.2 ...»ÎµÏ‚ Ï„ÏÎµÎ¹Ï‚ Ï€Î±ÏÎ±Î³Î¿Î½Ï„Î¿Ï€Î¿Î¹Î®
                                                  ÏƒÎµÎ¹Ï‚.
You may provide a definition with
\DeclareUnicodeCharacter 


! LaTeX Error: Unicode character Ïƒ (U+03C3)
               not set up for use with LaTeX.

See the LaTeX manual or LaTeX Companion for explanation.
Type  H <return>  for immediate help.
 ...                                              
                                                  
l.2 ...µÏ‚ Ï„ÏÎµÎ¹Ï‚ Ï€Î±ÏÎ±Î³Î¿Î½Ï„Î¿Ï€Î¿Î¹Î®Ïƒ
                                                  ÎµÎ¹Ï‚.
You may provide a definition with
\DeclareUnicodeCharacter 


! LaTeX Error: Unicode character Îµ (U+03B5)
               not set up for use with LaTeX.

See the LaTeX manual or LaTeX Companion for explanation.
Type  H <return>  for immediate help.
 ...                                              
                                                  
l.2 ...‚ Ï„ÏÎµÎ¹Ï‚ Ï€Î±ÏÎ±Î³Î¿Î½Ï„Î¿Ï€Î¿Î¹Î®ÏƒÎµ
                                                  Î¹Ï‚.
You may provide a definition with
\DeclareUnicodeCharacter 


! LaTeX Error: Unicode character Î¹ (U+03B9)
               not set up for use with LaTeX.

See the LaTeX manual or LaTeX Companion for explanation.
Type  H <return>  for immediate help.
 ...                                              
                                                  
l.2 ...Ï„ÏÎµÎ¹Ï‚ Ï€Î±ÏÎ±Î³Î¿Î½Ï„Î¿Ï€Î¿Î¹Î®ÏƒÎµÎ¹
                                                  Ï‚.
You may provide a definition with
\DeclareUnicodeCharacter 


! LaTeX Error: Unicode character Ï‚ (U+03C2)
               not set up for use with LaTeX.

See the LaTeX manual or LaTeX Companion for explanation.
Type  H <return>  for immediate help.
 ...                                              
                                                  
l.2 ...ÏÎµÎ¹Ï‚ Ï€Î±ÏÎ±Î³Î¿Î½Ï„Î¿Ï€Î¿Î¹Î®ÏƒÎµÎ¹Ï‚
                                                  .
You may provide a definition with
\DeclareUnicodeCharacter 

Missing character: There is no . in font nullfont!
! Undefined control sequence.
l.3 \section
            {{\en LU}}
The control sequence at the end of the top line
of your error message was never \def'ed. If you have
misspelled it (e.g., `\hobx'), type `I' and the correct
spelling (e.g., `I\hbox'). Otherwise just continue,
and I'll forget about whatever was undefined.

! Undefined control sequence.
l.3 \section{{\en
                  LU}}
The control sequence at the end of the top line
of your error message was never \def'ed. If you have
misspelled it (e.g., `\hobx'), type `I' and the correct
spelling (e.g., `I\hbox'). Otherwise just continue,
and I'll forget about whatever was undefined.

Missing character: There is no L in font nullfont!
Missing character: There is no U in font nullfont!

! LaTeX Error: Unicode character Î— (U+0397)
               not set up for use with LaTeX.

See the LaTeX manual or LaTeX Companion for explanation.
Type  H <return>  for immediate help.
 ...                                              
                                                  
l.4 Î—
       Ï€Î±ÏÎ±Î³Î¿Î½Ï„Î¿Ï€Î¿Î¯Î·ÏƒÎ· $LU$ Î±Ï†Î¿ÏÎ¬ Ï„Î·Î½ Ï€Î±ÏÎ±Î³Î¿Î½Ï...

You may provide a definition with
\DeclareUnicodeCharacter 


! LaTeX Error: Unicode character Ï€ (U+03C0)
               not set up for use with LaTeX.

See the LaTeX manual or LaTeX Companion for explanation.
Type  H <return>  for immediate help.
 ...                                              
                                                  
l.4 Î— Ï€
         Î±ÏÎ±Î³Î¿Î½Ï„Î¿Ï€Î¿Î¯Î·ÏƒÎ· $LU$ Î±Ï†Î¿ÏÎ¬ Ï„Î·Î½ Ï€Î±ÏÎ±Î³Î¿Î½Ï...

You may provide a definition with
\DeclareUnicodeCharacter 


! LaTeX Error: Unicode character Î± (U+03B1)
               not set up for use with LaTeX.

See the LaTeX manual or LaTeX Companion for explanation.
Type  H <return>  for immediate help.
 ...                                              
                                                  
l.4 Î— Ï€Î±
           ÏÎ±Î³Î¿Î½Ï„Î¿Ï€Î¿Î¯Î·ÏƒÎ· $LU$ Î±Ï†Î¿ÏÎ¬ Ï„Î·Î½ Ï€Î±ÏÎ±Î³Î¿Î½Ï...

You may provide a definition with
\DeclareUnicodeCharacter 


! LaTeX Error: Unicode character Ï (U+03C1)
               not set up for use with LaTeX.

See the LaTeX manual or LaTeX Companion for explanation.
Type  H <return>  for immediate help.
 ...                                              
                                                  
l.4 Î— Ï€Î±Ï
             Î±Î³Î¿Î½Ï„Î¿Ï€Î¿Î¯Î·ÏƒÎ· $LU$ Î±Ï†Î¿ÏÎ¬ Ï„Î·Î½ Ï€Î±ÏÎ±Î³Î¿Î½Ï...

You may provide a definition with
\DeclareUnicodeCharacter 


! LaTeX Error: Unicode character Î± (U+03B1)
               not set up for use with LaTeX.

See the LaTeX manual or LaTeX Companion for explanation.
Type  H <return>  for immediate help.
 ...                                              
                                                  
l.4 Î— Ï€Î±ÏÎ±
               Î³Î¿Î½Ï„Î¿Ï€Î¿Î¯Î·ÏƒÎ· $LU$ Î±Ï†Î¿ÏÎ¬ Ï„Î·Î½ Ï€Î±ÏÎ±Î³Î¿Î½Ï...

You may provide a definition with
\DeclareUnicodeCharacter 


! LaTeX Error: Unicode character Î³ (U+03B3)
               not set up for use with LaTeX.

See the LaTeX manual or LaTeX Companion for explanation.
Type  H <return>  for immediate help.
 ...                                              
                                                  
l.4 Î— Ï€Î±ÏÎ±Î³
                 Î¿Î½Ï„Î¿Ï€Î¿Î¯Î·ÏƒÎ· $LU$ Î±Ï†Î¿ÏÎ¬ Ï„Î·Î½ Ï€Î±ÏÎ±Î³Î¿Î½Ï...

You may provide a definition with
\DeclareUnicodeCharacter 


! LaTeX Error: Unicode character Î¿ (U+03BF)
               not set up for use with LaTeX.

See the LaTeX manual or LaTeX Companion for explanation.
Type  H <return>  for immediate help.
 ...                                              
                                                  
l.4 Î— Ï€Î±ÏÎ±Î³Î¿
                   Î½Ï„Î¿Ï€Î¿Î¯Î·ÏƒÎ· $LU$ Î±Ï†Î¿ÏÎ¬ Ï„Î·Î½ Ï€Î±ÏÎ±Î³Î¿Î½Ï...

You may provide a definition with
\DeclareUnicodeCharacter 


! LaTeX Error: Unicode character Î½ (U+03BD)
               not set up for use with LaTeX.

See the LaTeX manual or LaTeX Companion for explanation.
Type  H <return>  for immediate help.
 ...                                              
                                                  
l.4 Î— Ï€Î±ÏÎ±Î³Î¿Î½
                     Ï„Î¿Ï€Î¿Î¯Î·ÏƒÎ· $LU$ Î±Ï†Î¿ÏÎ¬ Ï„Î·Î½ Ï€Î±ÏÎ±Î³Î¿Î½Ï...

You may provide a definition with
\DeclareUnicodeCharacter 


! LaTeX Error: Unicode character Ï„ (U+03C4)
               not set up for use with LaTeX.

See the LaTeX manual or LaTeX Companion for explanation.
Type  H <return>  for immediate help.
 ...                                              
                                                  
l.4 Î— Ï€Î±ÏÎ±Î³Î¿Î½Ï„
                       Î¿Ï€Î¿Î¯Î·ÏƒÎ· $LU$ Î±Ï†Î¿ÏÎ¬ Ï„Î·Î½ Ï€Î±ÏÎ±Î³Î¿Î½Ï...

You may provide a definition with
\DeclareUnicodeCharacter 


! LaTeX Error: Unicode character Î¿ (U+03BF)
               not set up for use with LaTeX.

See the LaTeX manual or LaTeX Companion for explanation.
Type  H <return>  for immediate help.
 ...                                              
                                                  
l.4 Î— Ï€Î±ÏÎ±Î³Î¿Î½Ï„Î¿
                         Ï€Î¿Î¯Î·ÏƒÎ· $LU$ Î±Ï†Î¿ÏÎ¬ Ï„Î·Î½ Ï€Î±ÏÎ±Î³Î¿Î½Ï...

You may provide a definition with
\DeclareUnicodeCharacter 


! LaTeX Error: Unicode character Ï€ (U+03C0)
               not set up for use with LaTeX.

See the LaTeX manual or LaTeX Companion for explanation.
Type  H <return>  for immediate help.
 ...                                              
                                                  
l.4 Î— Ï€Î±ÏÎ±Î³Î¿Î½Ï„Î¿Ï€
                           Î¿Î¯Î·ÏƒÎ· $LU$ Î±Ï†Î¿ÏÎ¬ Ï„Î·Î½ Ï€Î±ÏÎ±Î³Î¿Î½Ï...

You may provide a definition with
\DeclareUnicodeCharacter 


! LaTeX Error: Unicode character Î¿ (U+03BF)
               not set up for use with LaTeX.

See the LaTeX manual or LaTeX Companion for explanation.
Type  H <return>  for immediate help.
 ...                                              
                                                  
l.4 Î— Ï€Î±ÏÎ±Î³Î¿Î½Ï„Î¿Ï€Î¿
                             Î¯Î·ÏƒÎ· $LU$ Î±Ï†Î¿ÏÎ¬ Ï„Î·Î½ Ï€Î±ÏÎ±Î³Î¿Î½Ï...

You may provide a definition with
\DeclareUnicodeCharacter 


! LaTeX Error: Unicode character Î¯ (U+03AF)
               not set up for use with LaTeX.

See the LaTeX manual or LaTeX Companion for explanation.
Type  H <return>  for immediate help.
 ...                                              
                                                  
l.4 Î— Ï€Î±ÏÎ±Î³Î¿Î½Ï„Î¿Ï€Î¿Î¯
                               Î·ÏƒÎ· $LU$ Î±Ï†Î¿ÏÎ¬ Ï„Î·Î½ Ï€Î±ÏÎ±Î³Î¿Î½Ï...

You may provide a definition with
\DeclareUnicodeCharacter 


! LaTeX Error: Unicode character Î· (U+03B7)
               not set up for use with LaTeX.

See the LaTeX manual or LaTeX Companion for explanation.
Type  H <return>  for immediate help.
 ...                                              
                                                  
l.4 Î— Ï€Î±ÏÎ±Î³Î¿Î½Ï„Î¿Ï€Î¿Î¯Î·
                                 ÏƒÎ· $LU$ Î±Ï†Î¿ÏÎ¬ Ï„Î·Î½ Ï€Î±ÏÎ±Î³Î¿Î½Ï...

You may provide a definition with
\DeclareUnicodeCharacter 


! LaTeX Error: Unicode character Ïƒ (U+03C3)
               not set up for use with LaTeX.

See the LaTeX manual or LaTeX Companion for explanation.
Type  H <return>  for immediate help.
 ...                                              
                                                  
l.4 Î— Ï€Î±ÏÎ±Î³Î¿Î½Ï„Î¿Ï€Î¿Î¯Î·Ïƒ
                                   Î· $LU$ Î±Ï†Î¿ÏÎ¬ Ï„Î·Î½ Ï€Î±ÏÎ±Î³Î¿Î½Ï...

You may provide a definition with
\DeclareUnicodeCharacter 


! LaTeX Error: Unicode character Î· (U+03B7)
               not set up for use with LaTeX.

See the LaTeX manual or LaTeX Companion for explanation.
Type  H <return>  for immediate help.
 ...                                              
                                                  
l.4 Î— Ï€Î±ÏÎ±Î³Î¿Î½Ï„Î¿Ï€Î¿Î¯Î·ÏƒÎ·
                                      $LU$ Î±Ï†Î¿ÏÎ¬ Ï„Î·Î½ Ï€Î±ÏÎ±Î³Î¿Î½Ï...

You may provide a definition with
\DeclareUnicodeCharacter 

LaTeX Font Info:    External font `cmex10' loaded for size
(Font)              <7> on input line 4.
LaTeX Font Info:    External font `cmex10' loaded for size
(Font)              <5> on input line 4.

! LaTeX Error: Unicode character Î± (U+03B1)
               not set up for use with LaTeX.

See the LaTeX manual or LaTeX Companion for explanation.
Type  H <return>  for immediate help.
 ...                                              
                                                  
l.4 Î— Ï€Î±ÏÎ±Î³Î¿Î½Ï„Î¿Ï€Î¿Î¯Î·ÏƒÎ· $LU$ Î±
                                             Ï†Î¿ÏÎ¬ Ï„Î·Î½ Ï€Î±ÏÎ±Î³Î¿Î½Ï...

You may provide a definition with
\DeclareUnicodeCharacter 


! LaTeX Error: Unicode character Ï† (U+03C6)
               not set up for use with LaTeX.

See the LaTeX manual or LaTeX Companion for explanation.
Type  H <return>  for immediate help.
 ...                                              
                                                  
l.4 Î— Ï€Î±ÏÎ±Î³Î¿Î½Ï„Î¿Ï€Î¿Î¯Î·ÏƒÎ· $LU$ Î±Ï†
                                               Î¿ÏÎ¬ Ï„Î·Î½ Ï€Î±ÏÎ±Î³Î¿Î½Ï...

You may provide a definition with
\DeclareUnicodeCharacter 


! LaTeX Error: Unicode character Î¿ (U+03BF)
               not set up for use with LaTeX.

See the LaTeX manual or LaTeX Companion for explanation.
Type  H <return>  for immediate help.
 ...                                              
                                                  
l.4 Î— Ï€Î±ÏÎ±Î³Î¿Î½Ï„Î¿Ï€Î¿Î¯Î·ÏƒÎ· $LU$ Î±Ï†Î¿
                                                 ÏÎ¬ Ï„Î·Î½ Ï€Î±ÏÎ±Î³Î¿Î½Ï...

You may provide a definition with
\DeclareUnicodeCharacter 


! LaTeX Error: Unicode character Ï (U+03C1)
               not set up for use with LaTeX.

See the LaTeX manual or LaTeX Companion for explanation.
Type  H <return>  for immediate help.
 ...                                              
                                                  
l.4 ...€Î±ÏÎ±Î³Î¿Î½Ï„Î¿Ï€Î¿Î¯Î·ÏƒÎ· $LU$ Î±Ï†Î¿Ï
                                                  Î¬ Ï„Î·Î½ Ï€Î±ÏÎ±Î³Î¿Î½Ï„...

You may provide a definition with
\DeclareUnicodeCharacter 


! LaTeX Error: Unicode character Î¬ (U+03AC)
               not set up for use with LaTeX.

See the LaTeX manual or LaTeX Companion for explanation.
Type  H <return>  for immediate help.
 ...                                              
                                                  
l.4 ...±ÏÎ±Î³Î¿Î½Ï„Î¿Ï€Î¿Î¯Î·ÏƒÎ· $LU$ Î±Ï†Î¿ÏÎ¬
                                                   Ï„Î·Î½ Ï€Î±ÏÎ±Î³Î¿Î½Ï„Î¿...

You may provide a definition with
\DeclareUnicodeCharacter 


! LaTeX Error: Unicode character Ï„ (U+03C4)
               not set up for use with LaTeX.

See the LaTeX manual or LaTeX Companion for explanation.
Type  H <return>  for immediate help.
 ...                                              
                                                  
l.4 ...Î±Î³Î¿Î½Ï„Î¿Ï€Î¿Î¯Î·ÏƒÎ· $LU$ Î±Ï†Î¿ÏÎ¬ Ï„
                                                  Î·Î½ Ï€Î±ÏÎ±Î³Î¿Î½Ï„Î¿Ï€Î...

You may provide a definition with
\DeclareUnicodeCharacter 


! LaTeX Error: Unicode character Î· (U+03B7)
               not set up for use with LaTeX.

See the LaTeX manual or LaTeX Companion for explanation.
Type  H <return>  for immediate help.
 ...                                              
                                                  
l.4 ...Î³Î¿Î½Ï„Î¿Ï€Î¿Î¯Î·ÏƒÎ· $LU$ Î±Ï†Î¿ÏÎ¬ Ï„Î·
                                                  Î½ Ï€Î±ÏÎ±Î³Î¿Î½Ï„Î¿Ï€Î¿Î...

You may provide a definition with
\DeclareUnicodeCharacter 


! LaTeX Error: Unicode character Î½ (U+03BD)
               not set up for use with LaTeX.

See the LaTeX manual or LaTeX Companion for explanation.
Type  H <return>  for immediate help.
 ...                                              
                                                  
l.4 ...Î¿Î½Ï„Î¿Ï€Î¿Î¯Î·ÏƒÎ· $LU$ Î±Ï†Î¿ÏÎ¬ Ï„Î·Î½
                                                   Ï€Î±ÏÎ±Î³Î¿Î½Ï„Î¿Ï€Î¿Î¯Î...

You may provide a definition with
\DeclareUnicodeCharacter 


! LaTeX Error: Unicode character Ï€ (U+03C0)
               not set up for use with LaTeX.

See the LaTeX manual or LaTeX Companion for explanation.
Type  H <return>  for immediate help.
 ...                                              
                                                  
l.4 ...½Ï„Î¿Ï€Î¿Î¯Î·ÏƒÎ· $LU$ Î±Ï†Î¿ÏÎ¬ Ï„Î·Î½ Ï€
                                                  Î±ÏÎ±Î³Î¿Î½Ï„Î¿Ï€Î¿Î¯Î·Ïƒ...

You may provide a definition with
\DeclareUnicodeCharacter 


! LaTeX Error: Unicode character Î± (U+03B1)
               not set up for use with LaTeX.

See the LaTeX manual or LaTeX Companion for explanation.
Type  H <return>  for immediate help.
 ...                                              
                                                  
l.4 ...„Î¿Ï€Î¿Î¯Î·ÏƒÎ· $LU$ Î±Ï†Î¿ÏÎ¬ Ï„Î·Î½ Ï€Î±
                                                  ÏÎ±Î³Î¿Î½Ï„Î¿Ï€Î¿Î¯Î·ÏƒÎ·...

You may provide a definition with
\DeclareUnicodeCharacter 


! LaTeX Error: Unicode character Ï (U+03C1)
               not set up for use with LaTeX.

See the LaTeX manual or LaTeX Companion for explanation.
Type  H <return>  for immediate help.
 ...                                              
                                                  
l.4 ...¿Ï€Î¿Î¯Î·ÏƒÎ· $LU$ Î±Ï†Î¿ÏÎ¬ Ï„Î·Î½ Ï€Î±Ï
                                                  Î±Î³Î¿Î½Ï„Î¿Ï€Î¿Î¯Î·ÏƒÎ· Ï...

You may provide a definition with
\DeclareUnicodeCharacter 


! LaTeX Error: Unicode character Î± (U+03B1)
               not set up for use with LaTeX.

See the LaTeX manual or LaTeX Companion for explanation.
Type  H <return>  for immediate help.
 ...                                              
                                                  
l.4 ...€Î¿Î¯Î·ÏƒÎ· $LU$ Î±Ï†Î¿ÏÎ¬ Ï„Î·Î½ Ï€Î±ÏÎ±
                                                  Î³Î¿Î½Ï„Î¿Ï€Î¿Î¯Î·ÏƒÎ· Ï€Î...

You may provide a definition with
\DeclareUnicodeCharacter 


! LaTeX Error: Unicode character Î³ (U+03B3)
               not set up for use with LaTeX.

See the LaTeX manual or LaTeX Companion for explanation.
Type  H <return>  for immediate help.
 ...                                              
                                                  
l.4 ...¿Î¯Î·ÏƒÎ· $LU$ Î±Ï†Î¿ÏÎ¬ Ï„Î·Î½ Ï€Î±ÏÎ±Î³
                                                  Î¿Î½Ï„Î¿Ï€Î¿Î¯Î·ÏƒÎ· Ï€Î¯Î...

You may provide a definition with
\DeclareUnicodeCharacter 


! LaTeX Error: Unicode character Î¿ (U+03BF)
               not set up for use with LaTeX.

See the LaTeX manual or LaTeX Companion for explanation.
Type  H <return>  for immediate help.
 ...                                              
                                                  
l.4 ...¯Î·ÏƒÎ· $LU$ Î±Ï†Î¿ÏÎ¬ Ï„Î·Î½ Ï€Î±ÏÎ±Î³Î¿
                                                  Î½Ï„Î¿Ï€Î¿Î¯Î·ÏƒÎ· Ï€Î¯Î½Î...

You may provide a definition with
\DeclareUnicodeCharacter 


! LaTeX Error: Unicode character Î½ (U+03BD)
               not set up for use with LaTeX.

See the LaTeX manual or LaTeX Companion for explanation.
Type  H <return>  for immediate help.
 ...                                              
                                                  
l.4 ...·ÏƒÎ· $LU$ Î±Ï†Î¿ÏÎ¬ Ï„Î·Î½ Ï€Î±ÏÎ±Î³Î¿Î½
                                                  Ï„Î¿Ï€Î¿Î¯Î·ÏƒÎ· Ï€Î¯Î½Î±Î...

You may provide a definition with
\DeclareUnicodeCharacter 


! LaTeX Error: Unicode character Ï„ (U+03C4)
               not set up for use with LaTeX.

See the LaTeX manual or LaTeX Companion for explanation.
Type  H <return>  for immediate help.
 ...                                              
                                                  
l.4 ...ƒÎ· $LU$ Î±Ï†Î¿ÏÎ¬ Ï„Î·Î½ Ï€Î±ÏÎ±Î³Î¿Î½Ï„
                                                  Î¿Ï€Î¿Î¯Î·ÏƒÎ· Ï€Î¯Î½Î±ÎºÎ...

You may provide a definition with
\DeclareUnicodeCharacter 


! LaTeX Error: Unicode character Î¿ (U+03BF)
               not set up for use with LaTeX.

See the LaTeX manual or LaTeX Companion for explanation.
Type  H <return>  for immediate help.
 ...                                              
                                                  
l.4 ...· $LU$ Î±Ï†Î¿ÏÎ¬ Ï„Î·Î½ Ï€Î±ÏÎ±Î³Î¿Î½Ï„Î¿
                                                  Ï€Î¿Î¯Î·ÏƒÎ· Ï€Î¯Î½Î±ÎºÎ± ...

You may provide a definition with
\DeclareUnicodeCharacter 


! LaTeX Error: Unicode character Ï€ (U+03C0)
               not set up for use with LaTeX.

See the LaTeX manual or LaTeX Companion for explanation.
Type  H <return>  for immediate help.
 ...                                              
                                                  
l.4 ...$LU$ Î±Ï†Î¿ÏÎ¬ Ï„Î·Î½ Ï€Î±ÏÎ±Î³Î¿Î½Ï„Î¿Ï€
                                                  Î¿Î¯Î·ÏƒÎ· Ï€Î¯Î½Î±ÎºÎ± Ïƒ...

You may provide a definition with
\DeclareUnicodeCharacter 


! LaTeX Error: Unicode character Î¿ (U+03BF)
               not set up for use with LaTeX.

See the LaTeX manual or LaTeX Companion for explanation.
Type  H <return>  for immediate help.
 ...                                              
                                                  
l.4 ...U$ Î±Ï†Î¿ÏÎ¬ Ï„Î·Î½ Ï€Î±ÏÎ±Î³Î¿Î½Ï„Î¿Ï€Î¿
                                                  Î¯Î·ÏƒÎ· Ï€Î¯Î½Î±ÎºÎ± ÏƒÎµ...

You may provide a definition with
\DeclareUnicodeCharacter 


! LaTeX Error: Unicode character Î¯ (U+03AF)
               not set up for use with LaTeX.

See the LaTeX manual or LaTeX Companion for explanation.
Type  H <return>  for immediate help.
 ...                                              
                                                  
l.4 ... Î±Ï†Î¿ÏÎ¬ Ï„Î·Î½ Ï€Î±ÏÎ±Î³Î¿Î½Ï„Î¿Ï€Î¿Î¯
                                                  Î·ÏƒÎ· Ï€Î¯Î½Î±ÎºÎ± ÏƒÎµ Î...

You may provide a definition with
\DeclareUnicodeCharacter 


! LaTeX Error: Unicode character Î· (U+03B7)
               not set up for use with LaTeX.

See the LaTeX manual or LaTeX Companion for explanation.
Type  H <return>  for immediate help.
 ...                                              
                                                  
l.4 ...±Ï†Î¿ÏÎ¬ Ï„Î·Î½ Ï€Î±ÏÎ±Î³Î¿Î½Ï„Î¿Ï€Î¿Î¯Î·
                                                  ÏƒÎ· Ï€Î¯Î½Î±ÎºÎ± ÏƒÎµ Î­Î...

You may provide a definition with
\DeclareUnicodeCharacter 


! LaTeX Error: Unicode character Ïƒ (U+03C3)
               not set up for use with LaTeX.

See the LaTeX manual or LaTeX Companion for explanation.
Type  H <return>  for immediate help.
 ...                                              
                                                  
l.4 ...†Î¿ÏÎ¬ Ï„Î·Î½ Ï€Î±ÏÎ±Î³Î¿Î½Ï„Î¿Ï€Î¿Î¯Î·Ïƒ
                                                  Î· Ï€Î¯Î½Î±ÎºÎ± ÏƒÎµ Î­Î½Î...

You may provide a definition with
\DeclareUnicodeCharacter 


! LaTeX Error: Unicode character Î· (U+03B7)
               not set up for use with LaTeX.

See the LaTeX manual or LaTeX Companion for explanation.
Type  H <return>  for immediate help.
 ...                                              
                                                  
l.4 ...¿ÏÎ¬ Ï„Î·Î½ Ï€Î±ÏÎ±Î³Î¿Î½Ï„Î¿Ï€Î¿Î¯Î·ÏƒÎ·
                                                   Ï€Î¯Î½Î±ÎºÎ± ÏƒÎµ Î­Î½Î± ...

You may provide a definition with
\DeclareUnicodeCharacter 


! LaTeX Error: Unicode character Ï€ (U+03C0)
               not set up for use with LaTeX.

See the LaTeX manual or LaTeX Companion for explanation.
Type  H <return>  for immediate help.
 ...                                              
                                                  
l.4 ...Î¬ Ï„Î·Î½ Ï€Î±ÏÎ±Î³Î¿Î½Ï„Î¿Ï€Î¿Î¯Î·ÏƒÎ· Ï€
                                                  Î¯Î½Î±ÎºÎ± ÏƒÎµ Î­Î½Î± Î³Î...

You may provide a definition with
\DeclareUnicodeCharacter 


! LaTeX Error: Unicode character Î¯ (U+03AF)
               not set up for use with LaTeX.

See the LaTeX manual or LaTeX Companion for explanation.
Type  H <return>  for immediate help.
 ...                                              
                                                  
l.4 ... Ï„Î·Î½ Ï€Î±ÏÎ±Î³Î¿Î½Ï„Î¿Ï€Î¿Î¯Î·ÏƒÎ· Ï€Î¯
                                                  Î½Î±ÎºÎ± ÏƒÎµ Î­Î½Î± Î³Î¹Î...

You may provide a definition with
\DeclareUnicodeCharacter 


! LaTeX Error: Unicode character Î½ (U+03BD)
               not set up for use with LaTeX.

See the LaTeX manual or LaTeX Companion for explanation.
Type  H <return>  for immediate help.
 ...                                              
                                                  
l.4 ...„Î·Î½ Ï€Î±ÏÎ±Î³Î¿Î½Ï„Î¿Ï€Î¿Î¯Î·ÏƒÎ· Ï€Î¯Î½
                                                  Î±ÎºÎ± ÏƒÎµ Î­Î½Î± Î³Î¹Î½Ï...

You may provide a definition with
\DeclareUnicodeCharacter 


! LaTeX Error: Unicode character Î± (U+03B1)
               not set up for use with LaTeX.

See the LaTeX manual or LaTeX Companion for explanation.
Type  H <return>  for immediate help.
 ...                                              
                                                  
l.4 ...·Î½ Ï€Î±ÏÎ±Î³Î¿Î½Ï„Î¿Ï€Î¿Î¯Î·ÏƒÎ· Ï€Î¯Î½Î±
                                                  ÎºÎ± ÏƒÎµ Î­Î½Î± Î³Î¹Î½ÏŒÎ...

You may provide a definition with
\DeclareUnicodeCharacter 


! LaTeX Error: Unicode character Îº (U+03BA)
               not set up for use with LaTeX.

See the LaTeX manual or LaTeX Companion for explanation.
Type  H <return>  for immediate help.
 ...                                              
                                                  
l.4 ...½ Ï€Î±ÏÎ±Î³Î¿Î½Ï„Î¿Ï€Î¿Î¯Î·ÏƒÎ· Ï€Î¯Î½Î±Îº
                                                  Î± ÏƒÎµ Î­Î½Î± Î³Î¹Î½ÏŒÎ¼Î...

You may provide a definition with
\DeclareUnicodeCharacter 


! LaTeX Error: Unicode character Î± (U+03B1)
               not set up for use with LaTeX.

See the LaTeX manual or LaTeX Companion for explanation.
Type  H <return>  for immediate help.
 ...                                              
                                                  
l.4 ...Ï€Î±ÏÎ±Î³Î¿Î½Ï„Î¿Ï€Î¿Î¯Î·ÏƒÎ· Ï€Î¯Î½Î±ÎºÎ±
                                                   ÏƒÎµ Î­Î½Î± Î³Î¹Î½ÏŒÎ¼ÎµÎ...

You may provide a definition with
\DeclareUnicodeCharacter 


! LaTeX Error: Unicode character Ïƒ (U+03C3)
               not set up for use with LaTeX.

See the LaTeX manual or LaTeX Companion for explanation.
Type  H <return>  for immediate help.
 ...                                              
                                                  
l.4 ...±ÏÎ±Î³Î¿Î½Ï„Î¿Ï€Î¿Î¯Î·ÏƒÎ· Ï€Î¯Î½Î±ÎºÎ± Ïƒ
                                                  Îµ Î­Î½Î± Î³Î¹Î½ÏŒÎ¼ÎµÎ½Î¿...

You may provide a definition with
\DeclareUnicodeCharacter 


! LaTeX Error: Unicode character Îµ (U+03B5)
               not set up for use with LaTeX.

See the LaTeX manual or LaTeX Companion for explanation.
Type  H <return>  for immediate help.
 ...                                              
                                                  
l.4 ...Î±Î³Î¿Î½Ï„Î¿Ï€Î¿Î¯Î·ÏƒÎ· Ï€Î¯Î½Î±ÎºÎ± ÏƒÎµ
                                                   Î­Î½Î± Î³Î¹Î½ÏŒÎ¼ÎµÎ½Î¿ Î...
(That makes 100 errors; please try again.) 
Here is how much of TeX's memory you used:
 49 strings out of 477992
 821 string characters out of 2827466
 299418 words of memory out of 3000000
 18925 multiletter control sequences out of 15000+600000
 469259 words of font info for 28 fonts, out of 8000000 for 9000
 1141 hyphenation exceptions out of 8191
 18i,1n,12p,255b,57s stack positions out of 10000i,1000n,20000p,200000b,80000s

!  ==> Fatal error occurred, no output PDF file produced!
