This is pdfTeX, Version 3.141592653-2.6-1.40.24 (MiKTeX 22.8) (preloaded format=pdflatex 2022.8.17)  6 SEP 2022 14:17
entering extended mode
 restricted \write18 enabled.
 %&-line parsing enabled.
**./Gauss.tex
(Gauss.tex
LaTeX2e <2022-06-01> patch level 5
L3 programming layer <2022-08-05>
! Undefined control sequence.
l.1 \chapter
            {Î‘Ï€Î±Î»Î¿Î¹Ï†Î® {\en Gauss}}
The control sequence at the end of the top line
of your error message was never \def'ed. If you have
misspelled it (e.g., `\hobx'), type `I' and the correct
spelling (e.g., `I\hbox'). Otherwise just continue,
and I'll forget about whatever was undefined.


! LaTeX Error: Unicode character Î‘ (U+0391)
               not set up for use with LaTeX.

See the LaTeX manual or LaTeX Companion for explanation.
Type  H <return>  for immediate help.
 ...                                              
                                                  
l.1 \chapter{Î‘
               Ï€Î±Î»Î¿Î¹Ï†Î® {\en Gauss}}
You may provide a definition with
\DeclareUnicodeCharacter 


! LaTeX Error: Unicode character Ï€ (U+03C0)
               not set up for use with LaTeX.

See the LaTeX manual or LaTeX Companion for explanation.
Type  H <return>  for immediate help.
 ...                                              
                                                  
l.1 \chapter{Î‘Ï€
                 Î±Î»Î¿Î¹Ï†Î® {\en Gauss}}
You may provide a definition with
\DeclareUnicodeCharacter 


! LaTeX Error: Unicode character Î± (U+03B1)
               not set up for use with LaTeX.

See the LaTeX manual or LaTeX Companion for explanation.
Type  H <return>  for immediate help.
 ...                                              
                                                  
l.1 \chapter{Î‘Ï€Î±
                   Î»Î¿Î¹Ï†Î® {\en Gauss}}
You may provide a definition with
\DeclareUnicodeCharacter 


! LaTeX Error: Unicode character Î» (U+03BB)
               not set up for use with LaTeX.

See the LaTeX manual or LaTeX Companion for explanation.
Type  H <return>  for immediate help.
 ...                                              
                                                  
l.1 \chapter{Î‘Ï€Î±Î»
                     Î¿Î¹Ï†Î® {\en Gauss}}
You may provide a definition with
\DeclareUnicodeCharacter 


! LaTeX Error: Unicode character Î¿ (U+03BF)
               not set up for use with LaTeX.

See the LaTeX manual or LaTeX Companion for explanation.
Type  H <return>  for immediate help.
 ...                                              
                                                  
l.1 \chapter{Î‘Ï€Î±Î»Î¿
                       Î¹Ï†Î® {\en Gauss}}
You may provide a definition with
\DeclareUnicodeCharacter 


! LaTeX Error: Unicode character Î¹ (U+03B9)
               not set up for use with LaTeX.

See the LaTeX manual or LaTeX Companion for explanation.
Type  H <return>  for immediate help.
 ...                                              
                                                  
l.1 \chapter{Î‘Ï€Î±Î»Î¿Î¹
                         Ï†Î® {\en Gauss}}
You may provide a definition with
\DeclareUnicodeCharacter 


! LaTeX Error: Unicode character Ï† (U+03C6)
               not set up for use with LaTeX.

See the LaTeX manual or LaTeX Companion for explanation.
Type  H <return>  for immediate help.
 ...                                              
                                                  
l.1 \chapter{Î‘Ï€Î±Î»Î¿Î¹Ï†
                           Î® {\en Gauss}}
You may provide a definition with
\DeclareUnicodeCharacter 


! LaTeX Error: Unicode character Î® (U+03AE)
               not set up for use with LaTeX.

See the LaTeX manual or LaTeX Companion for explanation.
Type  H <return>  for immediate help.
 ...                                              
                                                  
l.1 \chapter{Î‘Ï€Î±Î»Î¿Î¹Ï†Î®
                              {\en Gauss}}
You may provide a definition with
\DeclareUnicodeCharacter 

! Undefined control sequence.
l.1 \chapter{Î‘Ï€Î±Î»Î¿Î¹Ï†Î® {\en
                                   Gauss}}
The control sequence at the end of the top line
of your error message was never \def'ed. If you have
misspelled it (e.g., `\hobx'), type `I' and the correct
spelling (e.g., `I\hbox'). Otherwise just continue,
and I'll forget about whatever was undefined.


! LaTeX Error: Missing \begin{document}.

See the LaTeX manual or LaTeX Companion for explanation.
Type  H <return>  for immediate help.
 ...                                              
                                                  
l.1 \chapter{Î‘Ï€Î±Î»Î¿Î¹Ï†Î® {\en G
                                    auss}}
You're in trouble here.  Try typing  <return>  to proceed.
If that doesn't work, type  X <return>  to quit.

Missing character: There is no G in font nullfont!
Missing character: There is no a in font nullfont!
Missing character: There is no u in font nullfont!
Missing character: There is no s in font nullfont!
Missing character: There is no s in font nullfont!

! LaTeX Error: Unicode character Îœ (U+039C)
               not set up for use with LaTeX.

See the LaTeX manual or LaTeX Companion for explanation.
Type  H <return>  for immediate help.
 ...                                              
                                                  
l.2 Îœ
      Î¯Î± Î±Ï€ÏŒ Ï„Î¹Ï‚ Î±ÎºÏÎ¹Î²ÎµÎ¯Ï‚ Î±ÏÎ¹Î¸Î¼Î·Ï„Î¹ÎºÎ­Ï‚ Î¼ÎµÎ¸ÏŒÎ´Î...

You may provide a definition with
\DeclareUnicodeCharacter 


! LaTeX Error: Unicode character Î¯ (U+03AF)
               not set up for use with LaTeX.

See the LaTeX manual or LaTeX Companion for explanation.
Type  H <return>  for immediate help.
 ...                                              
                                                  
l.2 ÎœÎ¯
        Î± Î±Ï€ÏŒ Ï„Î¹Ï‚ Î±ÎºÏÎ¹Î²ÎµÎ¯Ï‚ Î±ÏÎ¹Î¸Î¼Î·Ï„Î¹ÎºÎ­Ï‚ Î¼ÎµÎ¸ÏŒÎ´Î...

You may provide a definition with
\DeclareUnicodeCharacter 


! LaTeX Error: Unicode character Î± (U+03B1)
               not set up for use with LaTeX.

See the LaTeX manual or LaTeX Companion for explanation.
Type  H <return>  for immediate help.
 ...                                              
                                                  
l.2 ÎœÎ¯Î±
           Î±Ï€ÏŒ Ï„Î¹Ï‚ Î±ÎºÏÎ¹Î²ÎµÎ¯Ï‚ Î±ÏÎ¹Î¸Î¼Î·Ï„Î¹ÎºÎ­Ï‚ Î¼ÎµÎ¸ÏŒÎ´Î...

You may provide a definition with
\DeclareUnicodeCharacter 


! LaTeX Error: Unicode character Î± (U+03B1)
               not set up for use with LaTeX.

See the LaTeX manual or LaTeX Companion for explanation.
Type  H <return>  for immediate help.
 ...                                              
                                                  
l.2 ÎœÎ¯Î± Î±
             Ï€ÏŒ Ï„Î¹Ï‚ Î±ÎºÏÎ¹Î²ÎµÎ¯Ï‚ Î±ÏÎ¹Î¸Î¼Î·Ï„Î¹ÎºÎ­Ï‚ Î¼ÎµÎ¸ÏŒÎ´Î...

You may provide a definition with
\DeclareUnicodeCharacter 


! LaTeX Error: Unicode character Ï€ (U+03C0)
               not set up for use with LaTeX.

See the LaTeX manual or LaTeX Companion for explanation.
Type  H <return>  for immediate help.
 ...                                              
                                                  
l.2 ÎœÎ¯Î± Î±Ï€
               ÏŒ Ï„Î¹Ï‚ Î±ÎºÏÎ¹Î²ÎµÎ¯Ï‚ Î±ÏÎ¹Î¸Î¼Î·Ï„Î¹ÎºÎ­Ï‚ Î¼ÎµÎ¸ÏŒÎ´Î...

You may provide a definition with
\DeclareUnicodeCharacter 


! LaTeX Error: Unicode character ÏŒ (U+03CC)
               not set up for use with LaTeX.

See the LaTeX manual or LaTeX Companion for explanation.
Type  H <return>  for immediate help.
 ...                                              
                                                  
l.2 ÎœÎ¯Î± Î±Ï€ÏŒ
                  Ï„Î¹Ï‚ Î±ÎºÏÎ¹Î²ÎµÎ¯Ï‚ Î±ÏÎ¹Î¸Î¼Î·Ï„Î¹ÎºÎ­Ï‚ Î¼ÎµÎ¸ÏŒÎ´Î...

You may provide a definition with
\DeclareUnicodeCharacter 


! LaTeX Error: Unicode character Ï„ (U+03C4)
               not set up for use with LaTeX.

See the LaTeX manual or LaTeX Companion for explanation.
Type  H <return>  for immediate help.
 ...                                              
                                                  
l.2 ÎœÎ¯Î± Î±Ï€ÏŒ Ï„
                    Î¹Ï‚ Î±ÎºÏÎ¹Î²ÎµÎ¯Ï‚ Î±ÏÎ¹Î¸Î¼Î·Ï„Î¹ÎºÎ­Ï‚ Î¼ÎµÎ¸ÏŒÎ´Î...

You may provide a definition with
\DeclareUnicodeCharacter 


! LaTeX Error: Unicode character Î¹ (U+03B9)
               not set up for use with LaTeX.

See the LaTeX manual or LaTeX Companion for explanation.
Type  H <return>  for immediate help.
 ...                                              
                                                  
l.2 ÎœÎ¯Î± Î±Ï€ÏŒ Ï„Î¹
                      Ï‚ Î±ÎºÏÎ¹Î²ÎµÎ¯Ï‚ Î±ÏÎ¹Î¸Î¼Î·Ï„Î¹ÎºÎ­Ï‚ Î¼ÎµÎ¸ÏŒÎ´Î...

You may provide a definition with
\DeclareUnicodeCharacter 


! LaTeX Error: Unicode character Ï‚ (U+03C2)
               not set up for use with LaTeX.

See the LaTeX manual or LaTeX Companion for explanation.
Type  H <return>  for immediate help.
 ...                                              
                                                  
l.2 ÎœÎ¯Î± Î±Ï€ÏŒ Ï„Î¹Ï‚
                         Î±ÎºÏÎ¹Î²ÎµÎ¯Ï‚ Î±ÏÎ¹Î¸Î¼Î·Ï„Î¹ÎºÎ­Ï‚ Î¼ÎµÎ¸ÏŒÎ´Î...

You may provide a definition with
\DeclareUnicodeCharacter 


! LaTeX Error: Unicode character Î± (U+03B1)
               not set up for use with LaTeX.

See the LaTeX manual or LaTeX Companion for explanation.
Type  H <return>  for immediate help.
 ...                                              
                                                  
l.2 ÎœÎ¯Î± Î±Ï€ÏŒ Ï„Î¹Ï‚ Î±
                           ÎºÏÎ¹Î²ÎµÎ¯Ï‚ Î±ÏÎ¹Î¸Î¼Î·Ï„Î¹ÎºÎ­Ï‚ Î¼ÎµÎ¸ÏŒÎ´Î...

You may provide a definition with
\DeclareUnicodeCharacter 


! LaTeX Error: Unicode character Îº (U+03BA)
               not set up for use with LaTeX.

See the LaTeX manual or LaTeX Companion for explanation.
Type  H <return>  for immediate help.
 ...                                              
                                                  
l.2 ÎœÎ¯Î± Î±Ï€ÏŒ Ï„Î¹Ï‚ Î±Îº
                             ÏÎ¹Î²ÎµÎ¯Ï‚ Î±ÏÎ¹Î¸Î¼Î·Ï„Î¹ÎºÎ­Ï‚ Î¼ÎµÎ¸ÏŒÎ´Î...

You may provide a definition with
\DeclareUnicodeCharacter 


! LaTeX Error: Unicode character Ï (U+03C1)
               not set up for use with LaTeX.

See the LaTeX manual or LaTeX Companion for explanation.
Type  H <return>  for immediate help.
 ...                                              
                                                  
l.2 ÎœÎ¯Î± Î±Ï€ÏŒ Ï„Î¹Ï‚ Î±ÎºÏ
                               Î¹Î²ÎµÎ¯Ï‚ Î±ÏÎ¹Î¸Î¼Î·Ï„Î¹ÎºÎ­Ï‚ Î¼ÎµÎ¸ÏŒÎ´Î...

You may provide a definition with
\DeclareUnicodeCharacter 


! LaTeX Error: Unicode character Î¹ (U+03B9)
               not set up for use with LaTeX.

See the LaTeX manual or LaTeX Companion for explanation.
Type  H <return>  for immediate help.
 ...                                              
                                                  
l.2 ÎœÎ¯Î± Î±Ï€ÏŒ Ï„Î¹Ï‚ Î±ÎºÏÎ¹
                                 Î²ÎµÎ¯Ï‚ Î±ÏÎ¹Î¸Î¼Î·Ï„Î¹ÎºÎ­Ï‚ Î¼ÎµÎ¸ÏŒÎ´Î...

You may provide a definition with
\DeclareUnicodeCharacter 


! LaTeX Error: Unicode character Î² (U+03B2)
               not set up for use with LaTeX.

See the LaTeX manual or LaTeX Companion for explanation.
Type  H <return>  for immediate help.
 ...                                              
                                                  
l.2 ÎœÎ¯Î± Î±Ï€ÏŒ Ï„Î¹Ï‚ Î±ÎºÏÎ¹Î²
                                   ÎµÎ¯Ï‚ Î±ÏÎ¹Î¸Î¼Î·Ï„Î¹ÎºÎ­Ï‚ Î¼ÎµÎ¸ÏŒÎ´Î...

You may provide a definition with
\DeclareUnicodeCharacter 


! LaTeX Error: Unicode character Îµ (U+03B5)
               not set up for use with LaTeX.

See the LaTeX manual or LaTeX Companion for explanation.
Type  H <return>  for immediate help.
 ...                                              
                                                  
l.2 ÎœÎ¯Î± Î±Ï€ÏŒ Ï„Î¹Ï‚ Î±ÎºÏÎ¹Î²Îµ
                                     Î¯Ï‚ Î±ÏÎ¹Î¸Î¼Î·Ï„Î¹ÎºÎ­Ï‚ Î¼ÎµÎ¸ÏŒÎ´Î...

You may provide a definition with
\DeclareUnicodeCharacter 


! LaTeX Error: Unicode character Î¯ (U+03AF)
               not set up for use with LaTeX.

See the LaTeX manual or LaTeX Companion for explanation.
Type  H <return>  for immediate help.
 ...                                              
                                                  
l.2 ÎœÎ¯Î± Î±Ï€ÏŒ Ï„Î¹Ï‚ Î±ÎºÏÎ¹Î²ÎµÎ¯
                                       Ï‚ Î±ÏÎ¹Î¸Î¼Î·Ï„Î¹ÎºÎ­Ï‚ Î¼ÎµÎ¸ÏŒÎ´Î...

You may provide a definition with
\DeclareUnicodeCharacter 


! LaTeX Error: Unicode character Ï‚ (U+03C2)
               not set up for use with LaTeX.

See the LaTeX manual or LaTeX Companion for explanation.
Type  H <return>  for immediate help.
 ...                                              
                                                  
l.2 ÎœÎ¯Î± Î±Ï€ÏŒ Ï„Î¹Ï‚ Î±ÎºÏÎ¹Î²ÎµÎ¯Ï‚
                                          Î±ÏÎ¹Î¸Î¼Î·Ï„Î¹ÎºÎ­Ï‚ Î¼ÎµÎ¸ÏŒÎ´Î...

You may provide a definition with
\DeclareUnicodeCharacter 


! LaTeX Error: Unicode character Î± (U+03B1)
               not set up for use with LaTeX.

See the LaTeX manual or LaTeX Companion for explanation.
Type  H <return>  for immediate help.
 ...                                              
                                                  
l.2 ÎœÎ¯Î± Î±Ï€ÏŒ Ï„Î¹Ï‚ Î±ÎºÏÎ¹Î²ÎµÎ¯Ï‚ Î±
                                            ÏÎ¹Î¸Î¼Î·Ï„Î¹ÎºÎ­Ï‚ Î¼ÎµÎ¸ÏŒÎ´Î...

You may provide a definition with
\DeclareUnicodeCharacter 


! LaTeX Error: Unicode character Ï (U+03C1)
               not set up for use with LaTeX.

See the LaTeX manual or LaTeX Companion for explanation.
Type  H <return>  for immediate help.
 ...                                              
                                                  
l.2 ÎœÎ¯Î± Î±Ï€ÏŒ Ï„Î¹Ï‚ Î±ÎºÏÎ¹Î²ÎµÎ¯Ï‚ Î±Ï
                                              Î¹Î¸Î¼Î·Ï„Î¹ÎºÎ­Ï‚ Î¼ÎµÎ¸ÏŒÎ´Î...

You may provide a definition with
\DeclareUnicodeCharacter 


! LaTeX Error: Unicode character Î¹ (U+03B9)
               not set up for use with LaTeX.

See the LaTeX manual or LaTeX Companion for explanation.
Type  H <return>  for immediate help.
 ...                                              
                                                  
l.2 ÎœÎ¯Î± Î±Ï€ÏŒ Ï„Î¹Ï‚ Î±ÎºÏÎ¹Î²ÎµÎ¯Ï‚ Î±ÏÎ¹
                                                Î¸Î¼Î·Ï„Î¹ÎºÎ­Ï‚ Î¼ÎµÎ¸ÏŒÎ´Î...

You may provide a definition with
\DeclareUnicodeCharacter 


! LaTeX Error: Unicode character Î¸ (U+03B8)
               not set up for use with LaTeX.

See the LaTeX manual or LaTeX Companion for explanation.
Type  H <return>  for immediate help.
 ...                                              
                                                  
l.2 ÎœÎ¯Î± Î±Ï€ÏŒ Ï„Î¹Ï‚ Î±ÎºÏÎ¹Î²ÎµÎ¯Ï‚ Î±ÏÎ¹Î¸
                                                  Î¼Î·Ï„Î¹ÎºÎ­Ï‚ Î¼ÎµÎ¸ÏŒÎ´Î...

You may provide a definition with
\DeclareUnicodeCharacter 


! LaTeX Error: Unicode character Î¼ (U+03BC)
               not set up for use with LaTeX.

See the LaTeX manual or LaTeX Companion for explanation.
Type  H <return>  for immediate help.
 ...                                              
                                                  
l.2 ...± Î±Ï€ÏŒ Ï„Î¹Ï‚ Î±ÎºÏÎ¹Î²ÎµÎ¯Ï‚ Î±ÏÎ¹Î¸Î¼
                                                  Î·Ï„Î¹ÎºÎ­Ï‚ Î¼ÎµÎ¸ÏŒÎ´Î¿Ï...

You may provide a definition with
\DeclareUnicodeCharacter 


! LaTeX Error: Unicode character Î· (U+03B7)
               not set up for use with LaTeX.

See the LaTeX manual or LaTeX Companion for explanation.
Type  H <return>  for immediate help.
 ...                                              
                                                  
l.2 ...Î±Ï€ÏŒ Ï„Î¹Ï‚ Î±ÎºÏÎ¹Î²ÎµÎ¯Ï‚ Î±ÏÎ¹Î¸Î¼Î·
                                                  Ï„Î¹ÎºÎ­Ï‚ Î¼ÎµÎ¸ÏŒÎ´Î¿Ï…Ï...

You may provide a definition with
\DeclareUnicodeCharacter 


! LaTeX Error: Unicode character Ï„ (U+03C4)
               not set up for use with LaTeX.

See the LaTeX manual or LaTeX Companion for explanation.
Type  H <return>  for immediate help.
 ...                                              
                                                  
l.2 ...Ï€ÏŒ Ï„Î¹Ï‚ Î±ÎºÏÎ¹Î²ÎµÎ¯Ï‚ Î±ÏÎ¹Î¸Î¼Î·Ï„
                                                  Î¹ÎºÎ­Ï‚ Î¼ÎµÎ¸ÏŒÎ´Î¿Ï…Ï‚ ...

You may provide a definition with
\DeclareUnicodeCharacter 


! LaTeX Error: Unicode character Î¹ (U+03B9)
               not set up for use with LaTeX.

See the LaTeX manual or LaTeX Companion for explanation.
Type  H <return>  for immediate help.
 ...                                              
                                                  
l.2 ...ÏŒ Ï„Î¹Ï‚ Î±ÎºÏÎ¹Î²ÎµÎ¯Ï‚ Î±ÏÎ¹Î¸Î¼Î·Ï„Î¹
                                                  ÎºÎ­Ï‚ Î¼ÎµÎ¸ÏŒÎ´Î¿Ï…Ï‚ Îµ...

You may provide a definition with
\DeclareUnicodeCharacter 


! LaTeX Error: Unicode character Îº (U+03BA)
               not set up for use with LaTeX.

See the LaTeX manual or LaTeX Companion for explanation.
Type  H <return>  for immediate help.
 ...                                              
                                                  
l.2 ... Ï„Î¹Ï‚ Î±ÎºÏÎ¹Î²ÎµÎ¯Ï‚ Î±ÏÎ¹Î¸Î¼Î·Ï„Î¹Îº
                                                  Î­Ï‚ Î¼ÎµÎ¸ÏŒÎ´Î¿Ï…Ï‚ ÎµÏ€...

You may provide a definition with
\DeclareUnicodeCharacter 


! LaTeX Error: Unicode character Î­ (U+03AD)
               not set up for use with LaTeX.

See the LaTeX manual or LaTeX Companion for explanation.
Type  H <return>  for immediate help.
 ...                                              
                                                  
l.2 ...„Î¹Ï‚ Î±ÎºÏÎ¹Î²ÎµÎ¯Ï‚ Î±ÏÎ¹Î¸Î¼Î·Ï„Î¹ÎºÎ­
                                                  Ï‚ Î¼ÎµÎ¸ÏŒÎ´Î¿Ï…Ï‚ ÎµÏ€Î¯...

You may provide a definition with
\DeclareUnicodeCharacter 


! LaTeX Error: Unicode character Ï‚ (U+03C2)
               not set up for use with LaTeX.

See the LaTeX manual or LaTeX Companion for explanation.
Type  H <return>  for immediate help.
 ...                                              
                                                  
l.2 ...¹Ï‚ Î±ÎºÏÎ¹Î²ÎµÎ¯Ï‚ Î±ÏÎ¹Î¸Î¼Î·Ï„Î¹ÎºÎ­Ï‚
                                                   Î¼ÎµÎ¸ÏŒÎ´Î¿Ï…Ï‚ ÎµÏ€Î¯Î»...

You may provide a definition with
\DeclareUnicodeCharacter 


! LaTeX Error: Unicode character Î¼ (U+03BC)
               not set up for use with LaTeX.

See the LaTeX manual or LaTeX Companion for explanation.
Type  H <return>  for immediate help.
 ...                                              
                                                  
l.2 ... Î±ÎºÏÎ¹Î²ÎµÎ¯Ï‚ Î±ÏÎ¹Î¸Î¼Î·Ï„Î¹ÎºÎ­Ï‚ Î¼
                                                  ÎµÎ¸ÏŒÎ´Î¿Ï…Ï‚ ÎµÏ€Î¯Î»Ï…Ï...

You may provide a definition with
\DeclareUnicodeCharacter 


! LaTeX Error: Unicode character Îµ (U+03B5)
               not set up for use with LaTeX.

See the LaTeX manual or LaTeX Companion for explanation.
Type  H <return>  for immediate help.
 ...                                              
                                                  
l.2 ...±ÎºÏÎ¹Î²ÎµÎ¯Ï‚ Î±ÏÎ¹Î¸Î¼Î·Ï„Î¹ÎºÎ­Ï‚ Î¼Îµ
                                                  Î¸ÏŒÎ´Î¿Ï…Ï‚ ÎµÏ€Î¯Î»Ï…ÏƒÎ...

You may provide a definition with
\DeclareUnicodeCharacter 


! LaTeX Error: Unicode character Î¸ (U+03B8)
               not set up for use with LaTeX.

See the LaTeX manual or LaTeX Companion for explanation.
Type  H <return>  for immediate help.
 ...                                              
                                                  
l.2 ...ºÏÎ¹Î²ÎµÎ¯Ï‚ Î±ÏÎ¹Î¸Î¼Î·Ï„Î¹ÎºÎ­Ï‚ Î¼ÎµÎ¸
                                                  ÏŒÎ´Î¿Ï…Ï‚ ÎµÏ€Î¯Î»Ï…ÏƒÎ·Ï...

You may provide a definition with
\DeclareUnicodeCharacter 


! LaTeX Error: Unicode character ÏŒ (U+03CC)
               not set up for use with LaTeX.

See the LaTeX manual or LaTeX Companion for explanation.
Type  H <return>  for immediate help.
 ...                                              
                                                  
l.2 ...Î¹Î²ÎµÎ¯Ï‚ Î±ÏÎ¹Î¸Î¼Î·Ï„Î¹ÎºÎ­Ï‚ Î¼ÎµÎ¸ÏŒ
                                                  Î´Î¿Ï…Ï‚ ÎµÏ€Î¯Î»Ï…ÏƒÎ·Ï‚ ...

You may provide a definition with
\DeclareUnicodeCharacter 


! LaTeX Error: Unicode character Î´ (U+03B4)
               not set up for use with LaTeX.

See the LaTeX manual or LaTeX Companion for explanation.
Type  H <return>  for immediate help.
 ...                                              
                                                  
l.2 ...¹Î²ÎµÎ¯Ï‚ Î±ÏÎ¹Î¸Î¼Î·Ï„Î¹ÎºÎ­Ï‚ Î¼ÎµÎ¸ÏŒÎ´
                                                  Î¿Ï…Ï‚ ÎµÏ€Î¯Î»Ï…ÏƒÎ·Ï‚ Î³...

You may provide a definition with
\DeclareUnicodeCharacter 


! LaTeX Error: Unicode character Î¿ (U+03BF)
               not set up for use with LaTeX.

See the LaTeX manual or LaTeX Companion for explanation.
Type  H <return>  for immediate help.
 ...                                              
                                                  
l.2 ...²ÎµÎ¯Ï‚ Î±ÏÎ¹Î¸Î¼Î·Ï„Î¹ÎºÎ­Ï‚ Î¼ÎµÎ¸ÏŒÎ´Î¿
                                                  Ï…Ï‚ ÎµÏ€Î¯Î»Ï…ÏƒÎ·Ï‚ Î³Ï...

You may provide a definition with
\DeclareUnicodeCharacter 


! LaTeX Error: Unicode character Ï… (U+03C5)
               not set up for use with LaTeX.

See the LaTeX manual or LaTeX Companion for explanation.
Type  H <return>  for immediate help.
 ...                                              
                                                  
l.2 ...µÎ¯Ï‚ Î±ÏÎ¹Î¸Î¼Î·Ï„Î¹ÎºÎ­Ï‚ Î¼ÎµÎ¸ÏŒÎ´Î¿Ï…
                                                  Ï‚ ÎµÏ€Î¯Î»Ï…ÏƒÎ·Ï‚ Î³ÏÎ±...

You may provide a definition with
\DeclareUnicodeCharacter 


! LaTeX Error: Unicode character Ï‚ (U+03C2)
               not set up for use with LaTeX.

See the LaTeX manual or LaTeX Companion for explanation.
Type  H <return>  for immediate help.
 ...                                              
                                                  
l.2 ...¯Ï‚ Î±ÏÎ¹Î¸Î¼Î·Ï„Î¹ÎºÎ­Ï‚ Î¼ÎµÎ¸ÏŒÎ´Î¿Ï…Ï‚
                                                   ÎµÏ€Î¯Î»Ï…ÏƒÎ·Ï‚ Î³ÏÎ±Î¼...

You may provide a definition with
\DeclareUnicodeCharacter 


! LaTeX Error: Unicode character Îµ (U+03B5)
               not set up for use with LaTeX.

See the LaTeX manual or LaTeX Companion for explanation.
Type  H <return>  for immediate help.
 ...                                              
                                                  
l.2 ... Î±ÏÎ¹Î¸Î¼Î·Ï„Î¹ÎºÎ­Ï‚ Î¼ÎµÎ¸ÏŒÎ´Î¿Ï…Ï‚ Îµ
                                                  Ï€Î¯Î»Ï…ÏƒÎ·Ï‚ Î³ÏÎ±Î¼Î¼Î...

You may provide a definition with
\DeclareUnicodeCharacter 


! LaTeX Error: Unicode character Ï€ (U+03C0)
               not set up for use with LaTeX.

See the LaTeX manual or LaTeX Companion for explanation.
Type  H <return>  for immediate help.
 ...                                              
                                                  
l.2 ...±ÏÎ¹Î¸Î¼Î·Ï„Î¹ÎºÎ­Ï‚ Î¼ÎµÎ¸ÏŒÎ´Î¿Ï…Ï‚ ÎµÏ€
                                                  Î¯Î»Ï…ÏƒÎ·Ï‚ Î³ÏÎ±Î¼Î¼Î¹Î...

You may provide a definition with
\DeclareUnicodeCharacter 


! LaTeX Error: Unicode character Î¯ (U+03AF)
               not set up for use with LaTeX.

See the LaTeX manual or LaTeX Companion for explanation.
Type  H <return>  for immediate help.
 ...                                              
                                                  
l.2 ...Î¹Î¸Î¼Î·Ï„Î¹ÎºÎ­Ï‚ Î¼ÎµÎ¸ÏŒÎ´Î¿Ï…Ï‚ ÎµÏ€Î¯
                                                  Î»Ï…ÏƒÎ·Ï‚ Î³ÏÎ±Î¼Î¼Î¹ÎºÏ...

You may provide a definition with
\DeclareUnicodeCharacter 


! LaTeX Error: Unicode character Î» (U+03BB)
               not set up for use with LaTeX.

See the LaTeX manual or LaTeX Companion for explanation.
Type  H <return>  for immediate help.
 ...                                              
                                                  
l.2 ...¹Î¸Î¼Î·Ï„Î¹ÎºÎ­Ï‚ Î¼ÎµÎ¸ÏŒÎ´Î¿Ï…Ï‚ ÎµÏ€Î¯Î»
                                                  Ï…ÏƒÎ·Ï‚ Î³ÏÎ±Î¼Î¼Î¹ÎºÏÎ...

You may provide a definition with
\DeclareUnicodeCharacter 


! LaTeX Error: Unicode character Ï… (U+03C5)
               not set up for use with LaTeX.

See the LaTeX manual or LaTeX Companion for explanation.
Type  H <return>  for immediate help.
 ...                                              
                                                  
l.2 ...¸Î¼Î·Ï„Î¹ÎºÎ­Ï‚ Î¼ÎµÎ¸ÏŒÎ´Î¿Ï…Ï‚ ÎµÏ€Î¯Î»Ï…
                                                  ÏƒÎ·Ï‚ Î³ÏÎ±Î¼Î¼Î¹ÎºÏÎ½ ...

You may provide a definition with
\DeclareUnicodeCharacter 


! LaTeX Error: Unicode character Ïƒ (U+03C3)
               not set up for use with LaTeX.

See the LaTeX manual or LaTeX Companion for explanation.
Type  H <return>  for immediate help.
 ...                                              
                                                  
l.2 ...¼Î·Ï„Î¹ÎºÎ­Ï‚ Î¼ÎµÎ¸ÏŒÎ´Î¿Ï…Ï‚ ÎµÏ€Î¯Î»Ï…Ïƒ
                                                  Î·Ï‚ Î³ÏÎ±Î¼Î¼Î¹ÎºÏÎ½ Ïƒ...

You may provide a definition with
\DeclareUnicodeCharacter 


! LaTeX Error: Unicode character Î· (U+03B7)
               not set up for use with LaTeX.

See the LaTeX manual or LaTeX Companion for explanation.
Type  H <return>  for immediate help.
 ...                                              
                                                  
l.2 ...·Ï„Î¹ÎºÎ­Ï‚ Î¼ÎµÎ¸ÏŒÎ´Î¿Ï…Ï‚ ÎµÏ€Î¯Î»Ï…ÏƒÎ·
                                                  Ï‚ Î³ÏÎ±Î¼Î¼Î¹ÎºÏÎ½ ÏƒÏ…...

You may provide a definition with
\DeclareUnicodeCharacter 


! LaTeX Error: Unicode character Ï‚ (U+03C2)
               not set up for use with LaTeX.

See the LaTeX manual or LaTeX Companion for explanation.
Type  H <return>  for immediate help.
 ...                                              
                                                  
l.2 ...„Î¹ÎºÎ­Ï‚ Î¼ÎµÎ¸ÏŒÎ´Î¿Ï…Ï‚ ÎµÏ€Î¯Î»Ï…ÏƒÎ·Ï‚
                                                   Î³ÏÎ±Î¼Î¼Î¹ÎºÏÎ½ ÏƒÏ…Ïƒ...

You may provide a definition with
\DeclareUnicodeCharacter 


! LaTeX Error: Unicode character Î³ (U+03B3)
               not set up for use with LaTeX.

See the LaTeX manual or LaTeX Companion for explanation.
Type  H <return>  for immediate help.
 ...                                              
                                                  
l.2 ...ÎºÎ­Ï‚ Î¼ÎµÎ¸ÏŒÎ´Î¿Ï…Ï‚ ÎµÏ€Î¯Î»Ï…ÏƒÎ·Ï‚ Î³
                                                  ÏÎ±Î¼Î¼Î¹ÎºÏÎ½ ÏƒÏ…ÏƒÏ„Î...

You may provide a definition with
\DeclareUnicodeCharacter 


! LaTeX Error: Unicode character Ï (U+03C1)
               not set up for use with LaTeX.

See the LaTeX manual or LaTeX Companion for explanation.
Type  H <return>  for immediate help.
 ...                                              
                                                  
l.2 ...Î­Ï‚ Î¼ÎµÎ¸ÏŒÎ´Î¿Ï…Ï‚ ÎµÏ€Î¯Î»Ï…ÏƒÎ·Ï‚ Î³Ï
                                                  Î±Î¼Î¼Î¹ÎºÏÎ½ ÏƒÏ…ÏƒÏ„Î·Î...

You may provide a definition with
\DeclareUnicodeCharacter 


! LaTeX Error: Unicode character Î± (U+03B1)
               not set up for use with LaTeX.

See the LaTeX manual or LaTeX Companion for explanation.
Type  H <return>  for immediate help.
 ...                                              
                                                  
l.2 ...Ï‚ Î¼ÎµÎ¸ÏŒÎ´Î¿Ï…Ï‚ ÎµÏ€Î¯Î»Ï…ÏƒÎ·Ï‚ Î³ÏÎ±
                                                  Î¼Î¼Î¹ÎºÏÎ½ ÏƒÏ…ÏƒÏ„Î·Î¼Î...

You may provide a definition with
\DeclareUnicodeCharacter 


! LaTeX Error: Unicode character Î¼ (U+03BC)
               not set up for use with LaTeX.

See the LaTeX manual or LaTeX Companion for explanation.
Type  H <return>  for immediate help.
 ...                                              
                                                  
l.2 ... Î¼ÎµÎ¸ÏŒÎ´Î¿Ï…Ï‚ ÎµÏ€Î¯Î»Ï…ÏƒÎ·Ï‚ Î³ÏÎ±Î¼
                                                  Î¼Î¹ÎºÏÎ½ ÏƒÏ…ÏƒÏ„Î·Î¼Î¬Ï...

You may provide a definition with
\DeclareUnicodeCharacter 


! LaTeX Error: Unicode character Î¼ (U+03BC)
               not set up for use with LaTeX.

See the LaTeX manual or LaTeX Companion for explanation.
Type  H <return>  for immediate help.
 ...                                              
                                                  
l.2 ...¼ÎµÎ¸ÏŒÎ´Î¿Ï…Ï‚ ÎµÏ€Î¯Î»Ï…ÏƒÎ·Ï‚ Î³ÏÎ±Î¼Î¼
                                                  Î¹ÎºÏÎ½ ÏƒÏ…ÏƒÏ„Î·Î¼Î¬Ï„Ï...

You may provide a definition with
\DeclareUnicodeCharacter 


! LaTeX Error: Unicode character Î¹ (U+03B9)
               not set up for use with LaTeX.

See the LaTeX manual or LaTeX Companion for explanation.
Type  H <return>  for immediate help.
 ...                                              
                                                  
l.2 ...µÎ¸ÏŒÎ´Î¿Ï…Ï‚ ÎµÏ€Î¯Î»Ï…ÏƒÎ·Ï‚ Î³ÏÎ±Î¼Î¼Î¹
                                                  ÎºÏÎ½ ÏƒÏ…ÏƒÏ„Î·Î¼Î¬Ï„Ï‰Î...

You may provide a definition with
\DeclareUnicodeCharacter 


! LaTeX Error: Unicode character Îº (U+03BA)
               not set up for use with LaTeX.

See the LaTeX manual or LaTeX Companion for explanation.
Type  H <return>  for immediate help.
 ...                                              
                                                  
l.2 ...¸ÏŒÎ´Î¿Ï…Ï‚ ÎµÏ€Î¯Î»Ï…ÏƒÎ·Ï‚ Î³ÏÎ±Î¼Î¼Î¹Îº
                                                  ÏÎ½ ÏƒÏ…ÏƒÏ„Î·Î¼Î¬Ï„Ï‰Î½ ...

You may provide a definition with
\DeclareUnicodeCharacter 


! LaTeX Error: Unicode character Ï (U+03CE)
               not set up for use with LaTeX.

See the LaTeX manual or LaTeX Companion for explanation.
Type  H <return>  for immediate help.
 ...                                              
                                                  
l.2 ...ŒÎ´Î¿Ï…Ï‚ ÎµÏ€Î¯Î»Ï…ÏƒÎ·Ï‚ Î³ÏÎ±Î¼Î¼Î¹ÎºÏ
                                                  Î½ ÏƒÏ…ÏƒÏ„Î·Î¼Î¬Ï„Ï‰Î½ Îµ...

You may provide a definition with
\DeclareUnicodeCharacter 


! LaTeX Error: Unicode character Î½ (U+03BD)
               not set up for use with LaTeX.

See the LaTeX manual or LaTeX Companion for explanation.
Type  H <return>  for immediate help.
 ...                                              
                                                  
l.2 ...´Î¿Ï…Ï‚ ÎµÏ€Î¯Î»Ï…ÏƒÎ·Ï‚ Î³ÏÎ±Î¼Î¼Î¹ÎºÏÎ½
                                                   ÏƒÏ…ÏƒÏ„Î·Î¼Î¬Ï„Ï‰Î½ ÎµÎ¯...

You may provide a definition with
\DeclareUnicodeCharacter 


! LaTeX Error: Unicode character Ïƒ (U+03C3)
               not set up for use with LaTeX.

See the LaTeX manual or LaTeX Companion for explanation.
Type  H <return>  for immediate help.
 ...                                              
                                                  
l.2 ...Ï…Ï‚ ÎµÏ€Î¯Î»Ï…ÏƒÎ·Ï‚ Î³ÏÎ±Î¼Î¼Î¹ÎºÏÎ½ Ïƒ
                                                  Ï…ÏƒÏ„Î·Î¼Î¬Ï„Ï‰Î½ ÎµÎ¯Î½Î...

You may provide a definition with
\DeclareUnicodeCharacter 


! LaTeX Error: Unicode character Ï… (U+03C5)
               not set up for use with LaTeX.

See the LaTeX manual or LaTeX Companion for explanation.
Type  H <return>  for immediate help.
 ...                                              
                                                  
l.2 ...Ï‚ ÎµÏ€Î¯Î»Ï…ÏƒÎ·Ï‚ Î³ÏÎ±Î¼Î¼Î¹ÎºÏÎ½ ÏƒÏ…
                                                  ÏƒÏ„Î·Î¼Î¬Ï„Ï‰Î½ ÎµÎ¯Î½Î±Î...

You may provide a definition with
\DeclareUnicodeCharacter 


! LaTeX Error: Unicode character Ïƒ (U+03C3)
               not set up for use with LaTeX.

See the LaTeX manual or LaTeX Companion for explanation.
Type  H <return>  for immediate help.
 ...                                              
                                                  
l.2 ... ÎµÏ€Î¯Î»Ï…ÏƒÎ·Ï‚ Î³ÏÎ±Î¼Î¼Î¹ÎºÏÎ½ ÏƒÏ…Ïƒ
                                                  Ï„Î·Î¼Î¬Ï„Ï‰Î½ ÎµÎ¯Î½Î±Î¹ ...

You may provide a definition with
\DeclareUnicodeCharacter 


! LaTeX Error: Unicode character Ï„ (U+03C4)
               not set up for use with LaTeX.

See the LaTeX manual or LaTeX Companion for explanation.
Type  H <return>  for immediate help.
 ...                                              
                                                  
l.2 ...µÏ€Î¯Î»Ï…ÏƒÎ·Ï‚ Î³ÏÎ±Î¼Î¼Î¹ÎºÏÎ½ ÏƒÏ…ÏƒÏ„
                                                  Î·Î¼Î¬Ï„Ï‰Î½ ÎµÎ¯Î½Î±Î¹ Î·...

You may provide a definition with
\DeclareUnicodeCharacter 


! LaTeX Error: Unicode character Î· (U+03B7)
               not set up for use with LaTeX.

See the LaTeX manual or LaTeX Companion for explanation.
Type  H <return>  for immediate help.
 ...                                              
                                                  
l.2 ...€Î¯Î»Ï…ÏƒÎ·Ï‚ Î³ÏÎ±Î¼Î¼Î¹ÎºÏÎ½ ÏƒÏ…ÏƒÏ„Î·
                                                  Î¼Î¬Ï„Ï‰Î½ ÎµÎ¯Î½Î±Î¹ Î· Î...

You may provide a definition with
\DeclareUnicodeCharacter 


! LaTeX Error: Unicode character Î¼ (U+03BC)
               not set up for use with LaTeX.

See the LaTeX manual or LaTeX Companion for explanation.
Type  H <return>  for immediate help.
 ...                                              
                                                  
l.2 ...¯Î»Ï…ÏƒÎ·Ï‚ Î³ÏÎ±Î¼Î¼Î¹ÎºÏÎ½ ÏƒÏ…ÏƒÏ„Î·Î¼
                                                  Î¬Ï„Ï‰Î½ ÎµÎ¯Î½Î±Î¹ Î· Î‘Ï...

You may provide a definition with
\DeclareUnicodeCharacter 


! LaTeX Error: Unicode character Î¬ (U+03AC)
               not set up for use with LaTeX.

See the LaTeX manual or LaTeX Companion for explanation.
Type  H <return>  for immediate help.
 ...                                              
                                                  
l.2 ...»Ï…ÏƒÎ·Ï‚ Î³ÏÎ±Î¼Î¼Î¹ÎºÏÎ½ ÏƒÏ…ÏƒÏ„Î·Î¼Î¬
                                                  Ï„Ï‰Î½ ÎµÎ¯Î½Î±Î¹ Î· Î‘Ï€Î...

You may provide a definition with
\DeclareUnicodeCharacter 


! LaTeX Error: Unicode character Ï„ (U+03C4)
               not set up for use with LaTeX.

See the LaTeX manual or LaTeX Companion for explanation.
Type  H <return>  for immediate help.
 ...                                              
                                                  
l.2 ...…ÏƒÎ·Ï‚ Î³ÏÎ±Î¼Î¼Î¹ÎºÏÎ½ ÏƒÏ…ÏƒÏ„Î·Î¼Î¬Ï„
                                                  Ï‰Î½ ÎµÎ¯Î½Î±Î¹ Î· Î‘Ï€Î±Î...

You may provide a definition with
\DeclareUnicodeCharacter 


! LaTeX Error: Unicode character Ï‰ (U+03C9)
               not set up for use with LaTeX.

See the LaTeX manual or LaTeX Companion for explanation.
Type  H <return>  for immediate help.
 ...                                              
                                                  
l.2 ...ƒÎ·Ï‚ Î³ÏÎ±Î¼Î¼Î¹ÎºÏÎ½ ÏƒÏ…ÏƒÏ„Î·Î¼Î¬Ï„Ï‰
                                                  Î½ ÎµÎ¯Î½Î±Î¹ Î· Î‘Ï€Î±Î»Î...

You may provide a definition with
\DeclareUnicodeCharacter 


! LaTeX Error: Unicode character Î½ (U+03BD)
               not set up for use with LaTeX.

See the LaTeX manual or LaTeX Companion for explanation.
Type  H <return>  for immediate help.
 ...                                              
                                                  
l.2 ...·Ï‚ Î³ÏÎ±Î¼Î¼Î¹ÎºÏÎ½ ÏƒÏ…ÏƒÏ„Î·Î¼Î¬Ï„Ï‰Î½
                                                   ÎµÎ¯Î½Î±Î¹ Î· Î‘Ï€Î±Î»Î¿Î...

You may provide a definition with
\DeclareUnicodeCharacter 


! LaTeX Error: Unicode character Îµ (U+03B5)
               not set up for use with LaTeX.

See the LaTeX manual or LaTeX Companion for explanation.
Type  H <return>  for immediate help.
 ...                                              
                                                  
l.2 ... Î³ÏÎ±Î¼Î¼Î¹ÎºÏÎ½ ÏƒÏ…ÏƒÏ„Î·Î¼Î¬Ï„Ï‰Î½ Îµ
                                                  Î¯Î½Î±Î¹ Î· Î‘Ï€Î±Î»Î¿Î¹Ï†...

You may provide a definition with
\DeclareUnicodeCharacter 


! LaTeX Error: Unicode character Î¯ (U+03AF)
               not set up for use with LaTeX.

See the LaTeX manual or LaTeX Companion for explanation.
Type  H <return>  for immediate help.
 ...                                              
                                                  
l.2 ...³ÏÎ±Î¼Î¼Î¹ÎºÏÎ½ ÏƒÏ…ÏƒÏ„Î·Î¼Î¬Ï„Ï‰Î½ ÎµÎ¯
                                                  Î½Î±Î¹ Î· Î‘Ï€Î±Î»Î¿Î¹Ï†Î®...

You may provide a definition with
\DeclareUnicodeCharacter 


! LaTeX Error: Unicode character Î½ (U+03BD)
               not set up for use with LaTeX.

See the LaTeX manual or LaTeX Companion for explanation.
Type  H <return>  for immediate help.
 ...                                              
                                                  
l.2 ...Î±Î¼Î¼Î¹ÎºÏÎ½ ÏƒÏ…ÏƒÏ„Î·Î¼Î¬Ï„Ï‰Î½ ÎµÎ¯Î½
                                                  Î±Î¹ Î· Î‘Ï€Î±Î»Î¿Î¹Ï†Î® {...

You may provide a definition with
\DeclareUnicodeCharacter 


! LaTeX Error: Unicode character Î± (U+03B1)
               not set up for use with LaTeX.

See the LaTeX manual or LaTeX Companion for explanation.
Type  H <return>  for immediate help.
 ...                                              
                                                  
l.2 ...±Î¼Î¼Î¹ÎºÏÎ½ ÏƒÏ…ÏƒÏ„Î·Î¼Î¬Ï„Ï‰Î½ ÎµÎ¯Î½Î±
                                                  Î¹ Î· Î‘Ï€Î±Î»Î¿Î¹Ï†Î® {\e...

You may provide a definition with
\DeclareUnicodeCharacter 


! LaTeX Error: Unicode character Î¹ (U+03B9)
               not set up for use with LaTeX.

See the LaTeX manual or LaTeX Companion for explanation.
Type  H <return>  for immediate help.
 ...                                              
                                                  
l.2 ...¼Î¼Î¹ÎºÏÎ½ ÏƒÏ…ÏƒÏ„Î·Î¼Î¬Ï„Ï‰Î½ ÎµÎ¯Î½Î±Î¹
                                                   Î· Î‘Ï€Î±Î»Î¿Î¹Ï†Î® {\en ...

You may provide a definition with
\DeclareUnicodeCharacter 


! LaTeX Error: Unicode character Î· (U+03B7)
               not set up for use with LaTeX.

See the LaTeX manual or LaTeX Companion for explanation.
Type  H <return>  for immediate help.
 ...                                              
                                                  
l.2 ...Î¹ÎºÏÎ½ ÏƒÏ…ÏƒÏ„Î·Î¼Î¬Ï„Ï‰Î½ ÎµÎ¯Î½Î±Î¹ Î·
                                                   Î‘Ï€Î±Î»Î¿Î¹Ï†Î® {\en Gau...

You may provide a definition with
\DeclareUnicodeCharacter 


! LaTeX Error: Unicode character Î‘ (U+0391)
               not set up for use with LaTeX.

See the LaTeX manual or LaTeX Companion for explanation.
Type  H <return>  for immediate help.
 ...                                              
                                                  
l.2 ...ºÏÎ½ ÏƒÏ…ÏƒÏ„Î·Î¼Î¬Ï„Ï‰Î½ ÎµÎ¯Î½Î±Î¹ Î· Î‘
                                                  Ï€Î±Î»Î¿Î¹Ï†Î® {\en Gauss}...

You may provide a definition with
\DeclareUnicodeCharacter 


! LaTeX Error: Unicode character Ï€ (U+03C0)
               not set up for use with LaTeX.

See the LaTeX manual or LaTeX Companion for explanation.
Type  H <return>  for immediate help.
 ...                                              
                                                  
l.2 ...Î½ ÏƒÏ…ÏƒÏ„Î·Î¼Î¬Ï„Ï‰Î½ ÎµÎ¯Î½Î±Î¹ Î· Î‘Ï€
                                                  Î±Î»Î¿Î¹Ï†Î® {\en Gauss}. ...

You may provide a definition with
\DeclareUnicodeCharacter 


! LaTeX Error: Unicode character Î± (U+03B1)
               not set up for use with LaTeX.

See the LaTeX manual or LaTeX Companion for explanation.
Type  H <return>  for immediate help.
 ...                                              
                                                  
l.2 ...½ ÏƒÏ…ÏƒÏ„Î·Î¼Î¬Ï„Ï‰Î½ ÎµÎ¯Î½Î±Î¹ Î· Î‘Ï€Î±
                                                  Î»Î¿Î¹Ï†Î® {\en Gauss}. Î—...

You may provide a definition with
\DeclareUnicodeCharacter 


! LaTeX Error: Unicode character Î» (U+03BB)
               not set up for use with LaTeX.

See the LaTeX manual or LaTeX Companion for explanation.
Type  H <return>  for immediate help.
 ...                                              
                                                  
l.2 ...ÏƒÏ…ÏƒÏ„Î·Î¼Î¬Ï„Ï‰Î½ ÎµÎ¯Î½Î±Î¹ Î· Î‘Ï€Î±Î»
                                                  Î¿Î¹Ï†Î® {\en Gauss}. Î— Î...

You may provide a definition with
\DeclareUnicodeCharacter 


! LaTeX Error: Unicode character Î¿ (U+03BF)
               not set up for use with LaTeX.

See the LaTeX manual or LaTeX Companion for explanation.
Type  H <return>  for immediate help.
 ...                                              
                                                  
l.2 ...Ï…ÏƒÏ„Î·Î¼Î¬Ï„Ï‰Î½ ÎµÎ¯Î½Î±Î¹ Î· Î‘Ï€Î±Î»Î¿
                                                  Î¹Ï†Î® {\en Gauss}. Î— Î±Ï...

You may provide a definition with
\DeclareUnicodeCharacter 


! LaTeX Error: Unicode character Î¹ (U+03B9)
               not set up for use with LaTeX.

See the LaTeX manual or LaTeX Companion for explanation.
Type  H <return>  for immediate help.
 ...                                              
                                                  
l.2 ...ÏƒÏ„Î·Î¼Î¬Ï„Ï‰Î½ ÎµÎ¯Î½Î±Î¹ Î· Î‘Ï€Î±Î»Î¿Î¹
                                                  Ï†Î® {\en Gauss}. Î— Î±Ï€Î...

You may provide a definition with
\DeclareUnicodeCharacter 


! LaTeX Error: Unicode character Ï† (U+03C6)
               not set up for use with LaTeX.

See the LaTeX manual or LaTeX Companion for explanation.
Type  H <return>  for immediate help.
 ...                                              
                                                  
l.2 ...Ï„Î·Î¼Î¬Ï„Ï‰Î½ ÎµÎ¯Î½Î±Î¹ Î· Î‘Ï€Î±Î»Î¿Î¹Ï†
                                                  Î® {\en Gauss}. Î— Î±Ï€Î±Î...

You may provide a definition with
\DeclareUnicodeCharacter 


! LaTeX Error: Unicode character Î® (U+03AE)
               not set up for use with LaTeX.

See the LaTeX manual or LaTeX Companion for explanation.
Type  H <return>  for immediate help.
 ...                                              
                                                  
l.2 ...Î·Î¼Î¬Ï„Ï‰Î½ ÎµÎ¯Î½Î±Î¹ Î· Î‘Ï€Î±Î»Î¿Î¹Ï†Î®
                                                   {\en Gauss}. Î— Î±Ï€Î±Î»Î...

You may provide a definition with
\DeclareUnicodeCharacter 

! Undefined control sequence.
l.2 ...¬Ï„Ï‰Î½ ÎµÎ¯Î½Î±Î¹ Î· Î‘Ï€Î±Î»Î¿Î¹Ï†Î® {\en
                                                   Gauss}. Î— Î±Ï€Î±Î»Î¿Î¹Ï†...
The control sequence at the end of the top line
of your error message was never \def'ed. If you have
misspelled it (e.g., `\hobx'), type `I' and the correct
spelling (e.g., `I\hbox'). Otherwise just continue,
and I'll forget about whatever was undefined.

Missing character: There is no G in font nullfont!
Missing character: There is no a in font nullfont!
Missing character: There is no u in font nullfont!
Missing character: There is no s in font nullfont!
Missing character: There is no s in font nullfont!
Missing character: There is no . in font nullfont!

! LaTeX Error: Unicode character Î— (U+0397)
               not set up for use with LaTeX.

See the LaTeX manual or LaTeX Companion for explanation.
Type  H <return>  for immediate help.
 ...                                              
                                                  
l.2 ...¯Î½Î±Î¹ Î· Î‘Ï€Î±Î»Î¿Î¹Ï†Î® {\en Gauss}. Î—
                                                   Î±Ï€Î±Î»Î¿Î¹Ï†Î® Gauss Î²...

You may provide a definition with
\DeclareUnicodeCharacter 


! LaTeX Error: Unicode character Î± (U+03B1)
               not set up for use with LaTeX.

See the LaTeX manual or LaTeX Companion for explanation.
Type  H <return>  for immediate help.
 ...                                              
                                                  
l.2 ...Î±Î¹ Î· Î‘Ï€Î±Î»Î¿Î¹Ï†Î® {\en Gauss}. Î— Î±
                                                  Ï€Î±Î»Î¿Î¹Ï†Î® Gauss Î²Î±Ï...

You may provide a definition with
\DeclareUnicodeCharacter 


! LaTeX Error: Unicode character Ï€ (U+03C0)
               not set up for use with LaTeX.

See the LaTeX manual or LaTeX Companion for explanation.
Type  H <return>  for immediate help.
 ...                                              
                                                  
l.2 ...Î¹ Î· Î‘Ï€Î±Î»Î¿Î¹Ï†Î® {\en Gauss}. Î— Î±Ï€
                                                  Î±Î»Î¿Î¹Ï†Î® Gauss Î²Î±ÏƒÎ...

You may provide a definition with
\DeclareUnicodeCharacter 


! LaTeX Error: Unicode character Î± (U+03B1)
               not set up for use with LaTeX.

See the LaTeX manual or LaTeX Companion for explanation.
Type  H <return>  for immediate help.
 ...                                              
                                                  
l.2 ... Î· Î‘Ï€Î±Î»Î¿Î¹Ï†Î® {\en Gauss}. Î— Î±Ï€Î±
                                                  Î»Î¿Î¹Ï†Î® Gauss Î²Î±ÏƒÎ¯Î...

You may provide a definition with
\DeclareUnicodeCharacter 


! LaTeX Error: Unicode character Î» (U+03BB)
               not set up for use with LaTeX.

See the LaTeX manual or LaTeX Companion for explanation.
Type  H <return>  for immediate help.
 ...                                              
                                                  
l.2 ...· Î‘Ï€Î±Î»Î¿Î¹Ï†Î® {\en Gauss}. Î— Î±Ï€Î±Î»
                                                  Î¿Î¹Ï†Î® Gauss Î²Î±ÏƒÎ¯Î¶Î...

You may provide a definition with
\DeclareUnicodeCharacter 


! LaTeX Error: Unicode character Î¿ (U+03BF)
               not set up for use with LaTeX.

See the LaTeX manual or LaTeX Companion for explanation.
Type  H <return>  for immediate help.
 ...                                              
                                                  
l.2 ...Î‘Ï€Î±Î»Î¿Î¹Ï†Î® {\en Gauss}. Î— Î±Ï€Î±Î»Î¿
                                                  Î¹Ï†Î® Gauss Î²Î±ÏƒÎ¯Î¶ÎµÏ...

You may provide a definition with
\DeclareUnicodeCharacter 


! LaTeX Error: Unicode character Î¹ (U+03B9)
               not set up for use with LaTeX.

See the LaTeX manual or LaTeX Companion for explanation.
Type  H <return>  for immediate help.
 ...                                              
                                                  
l.2 ...Ï€Î±Î»Î¿Î¹Ï†Î® {\en Gauss}. Î— Î±Ï€Î±Î»Î¿Î¹
                                                  Ï†Î® Gauss Î²Î±ÏƒÎ¯Î¶ÎµÏ„Î...

You may provide a definition with
\DeclareUnicodeCharacter 


! LaTeX Error: Unicode character Ï† (U+03C6)
               not set up for use with LaTeX.

See the LaTeX manual or LaTeX Companion for explanation.
Type  H <return>  for immediate help.
 ...                                              
                                                  
l.2 ...Î±Î»Î¿Î¹Ï†Î® {\en Gauss}. Î— Î±Ï€Î±Î»Î¿Î¹Ï†
                                                  Î® Gauss Î²Î±ÏƒÎ¯Î¶ÎµÏ„Î±Î...

You may provide a definition with
\DeclareUnicodeCharacter 


! LaTeX Error: Unicode character Î® (U+03AE)
               not set up for use with LaTeX.

See the LaTeX manual or LaTeX Companion for explanation.
Type  H <return>  for immediate help.
 ...                                              
                                                  
l.2 ...Î»Î¿Î¹Ï†Î® {\en Gauss}. Î— Î±Ï€Î±Î»Î¿Î¹Ï†Î®
                                                   Gauss Î²Î±ÏƒÎ¯Î¶ÎµÏ„Î±Î¹ ...

You may provide a definition with
\DeclareUnicodeCharacter 

Missing character: There is no G in font nullfont!
Missing character: There is no a in font nullfont!
Missing character: There is no u in font nullfont!
Missing character: There is no s in font nullfont!
Missing character: There is no s in font nullfont!

! LaTeX Error: Unicode character Î² (U+03B2)
               not set up for use with LaTeX.

See the LaTeX manual or LaTeX Companion for explanation.
Type  H <return>  for immediate help.
 ...                                              
                                                  
l.2 ...® {\en Gauss}. Î— Î±Ï€Î±Î»Î¿Î¹Ï†Î® Gauss Î²
                                                  Î±ÏƒÎ¯Î¶ÎµÏ„Î±Î¹ ÏƒÏ„Î·Î½ ...

You may provide a definition with
\DeclareUnicodeCharacter 


! LaTeX Error: Unicode character Î± (U+03B1)
               not set up for use with LaTeX.

See the LaTeX manual or LaTeX Companion for explanation.
Type  H <return>  for immediate help.
 ...                                              
                                                  
l.2 ...{\en Gauss}. Î— Î±Ï€Î±Î»Î¿Î¹Ï†Î® Gauss Î²Î±
                                                  ÏƒÎ¯Î¶ÎµÏ„Î±Î¹ ÏƒÏ„Î·Î½ Î¼...

You may provide a definition with
\DeclareUnicodeCharacter 


! LaTeX Error: Unicode character Ïƒ (U+03C3)
               not set up for use with LaTeX.

See the LaTeX manual or LaTeX Companion for explanation.
Type  H <return>  for immediate help.
 ...                                              
                                                  
l.2 ...en Gauss}. Î— Î±Ï€Î±Î»Î¿Î¹Ï†Î® Gauss Î²Î±Ïƒ
                                                  Î¯Î¶ÎµÏ„Î±Î¹ ÏƒÏ„Î·Î½ Î¼Îµ...

You may provide a definition with
\DeclareUnicodeCharacter 


! LaTeX Error: Unicode character Î¯ (U+03AF)
               not set up for use with LaTeX.

See the LaTeX manual or LaTeX Companion for explanation.
Type  H <return>  for immediate help.
 ...                                              
                                                  
l.2 ... Gauss}. Î— Î±Ï€Î±Î»Î¿Î¹Ï†Î® Gauss Î²Î±ÏƒÎ¯
                                                  Î¶ÎµÏ„Î±Î¹ ÏƒÏ„Î·Î½ Î¼ÎµÏ„...

You may provide a definition with
\DeclareUnicodeCharacter 


! LaTeX Error: Unicode character Î¶ (U+03B6)
               not set up for use with LaTeX.

See the LaTeX manual or LaTeX Companion for explanation.
Type  H <return>  for immediate help.
 ...                                              
                                                  
l.2 ...auss}. Î— Î±Ï€Î±Î»Î¿Î¹Ï†Î® Gauss Î²Î±ÏƒÎ¯Î¶
                                                  ÎµÏ„Î±Î¹ ÏƒÏ„Î·Î½ Î¼ÎµÏ„Î±...

You may provide a definition with
\DeclareUnicodeCharacter 


! LaTeX Error: Unicode character Îµ (U+03B5)
               not set up for use with LaTeX.

See the LaTeX manual or LaTeX Companion for explanation.
Type  H <return>  for immediate help.
 ...                                              
                                                  
l.2 ...ss}. Î— Î±Ï€Î±Î»Î¿Î¹Ï†Î® Gauss Î²Î±ÏƒÎ¯Î¶Îµ
                                                  Ï„Î±Î¹ ÏƒÏ„Î·Î½ Î¼ÎµÏ„Î±Ï„...

You may provide a definition with
\DeclareUnicodeCharacter 


! LaTeX Error: Unicode character Ï„ (U+03C4)
               not set up for use with LaTeX.

See the LaTeX manual or LaTeX Companion for explanation.
Type  H <return>  for immediate help.
 ...                                              
                                                  
l.2 ...}. Î— Î±Ï€Î±Î»Î¿Î¹Ï†Î® Gauss Î²Î±ÏƒÎ¯Î¶ÎµÏ„
                                                  Î±Î¹ ÏƒÏ„Î·Î½ Î¼ÎµÏ„Î±Ï„Ï...

You may provide a definition with
\DeclareUnicodeCharacter 


! LaTeX Error: Unicode character Î± (U+03B1)
               not set up for use with LaTeX.

See the LaTeX manual or LaTeX Companion for explanation.
Type  H <return>  for immediate help.
 ...                                              
                                                  
l.2 ... Î— Î±Ï€Î±Î»Î¿Î¹Ï†Î® Gauss Î²Î±ÏƒÎ¯Î¶ÎµÏ„Î±
                                                  Î¹ ÏƒÏ„Î·Î½ Î¼ÎµÏ„Î±Ï„ÏÎ¿...

You may provide a definition with
\DeclareUnicodeCharacter 


! LaTeX Error: Unicode character Î¹ (U+03B9)
               not set up for use with LaTeX.

See the LaTeX manual or LaTeX Companion for explanation.
Type  H <return>  for immediate help.
 ...                                              
                                                  
l.2 ...— Î±Ï€Î±Î»Î¿Î¹Ï†Î® Gauss Î²Î±ÏƒÎ¯Î¶ÎµÏ„Î±Î¹
                                                   ÏƒÏ„Î·Î½ Î¼ÎµÏ„Î±Ï„ÏÎ¿Ï€...

You may provide a definition with
\DeclareUnicodeCharacter 


! LaTeX Error: Unicode character Ïƒ (U+03C3)
               not set up for use with LaTeX.

See the LaTeX manual or LaTeX Companion for explanation.
Type  H <return>  for immediate help.
 ...                                              
                                                  
l.2 ...±Ï€Î±Î»Î¿Î¹Ï†Î® Gauss Î²Î±ÏƒÎ¯Î¶ÎµÏ„Î±Î¹ Ïƒ
                                                  Ï„Î·Î½ Î¼ÎµÏ„Î±Ï„ÏÎ¿Ï€Î® ...

You may provide a definition with
\DeclareUnicodeCharacter 


! LaTeX Error: Unicode character Ï„ (U+03C4)
               not set up for use with LaTeX.

See the LaTeX manual or LaTeX Companion for explanation.
Type  H <return>  for immediate help.
 ...                                              
                                                  
l.2 ...€Î±Î»Î¿Î¹Ï†Î® Gauss Î²Î±ÏƒÎ¯Î¶ÎµÏ„Î±Î¹ ÏƒÏ„
                                                  Î·Î½ Î¼ÎµÏ„Î±Ï„ÏÎ¿Ï€Î® Ï„...

You may provide a definition with
\DeclareUnicodeCharacter 


! LaTeX Error: Unicode character Î· (U+03B7)
               not set up for use with LaTeX.

See the LaTeX manual or LaTeX Companion for explanation.
Type  H <return>  for immediate help.
 ...                                              
                                                  
l.2 ...±Î»Î¿Î¹Ï†Î® Gauss Î²Î±ÏƒÎ¯Î¶ÎµÏ„Î±Î¹ ÏƒÏ„Î·
                                                  Î½ Î¼ÎµÏ„Î±Ï„ÏÎ¿Ï€Î® Ï„Î¿...
(That makes 100 errors; please try again.) 
Here is how much of TeX's memory you used:
 50 strings out of 477992
 788 string characters out of 2827466
 299418 words of memory out of 3000000
 18926 multiletter control sequences out of 15000+600000
 469259 words of font info for 28 fonts, out of 8000000 for 9000
 1141 hyphenation exceptions out of 8191
 13i,0n,12p,668b,28s stack positions out of 10000i,1000n,20000p,200000b,80000s

!  ==> Fatal error occurred, no output PDF file produced!
