This is pdfTeX, Version 3.141592653-2.6-1.40.24 (MiKTeX 22.8) (preloaded format=pdflatex 2022.8.17)  7 SEP 2022 10:02
entering extended mode
 restricted \write18 enabled.
 %&-line parsing enabled.
**./Jordan.tex
(Jordan.tex
LaTeX2e <2022-06-01> patch level 5
L3 programming layer <2022-08-05>
! Undefined control sequence.
l.1 \chapter
            {ÎœÎ­Î¸Î¿Î´Î¿Ï‚ {\en Jacobi}}
The control sequence at the end of the top line
of your error message was never \def'ed. If you have
misspelled it (e.g., `\hobx'), type `I' and the correct
spelling (e.g., `I\hbox'). Otherwise just continue,
and I'll forget about whatever was undefined.


! LaTeX Error: Unicode character Îœ (U+039C)
               not set up for use with LaTeX.

See the LaTeX manual or LaTeX Companion for explanation.
Type  H <return>  for immediate help.
 ...                                              
                                                  
l.1 \chapter{Îœ
               Î­Î¸Î¿Î´Î¿Ï‚ {\en Jacobi}}
You may provide a definition with
\DeclareUnicodeCharacter 


! LaTeX Error: Unicode character Î­ (U+03AD)
               not set up for use with LaTeX.

See the LaTeX manual or LaTeX Companion for explanation.
Type  H <return>  for immediate help.
 ...                                              
                                                  
l.1 \chapter{ÎœÎ­
                 Î¸Î¿Î´Î¿Ï‚ {\en Jacobi}}
You may provide a definition with
\DeclareUnicodeCharacter 


! LaTeX Error: Unicode character Î¸ (U+03B8)
               not set up for use with LaTeX.

See the LaTeX manual or LaTeX Companion for explanation.
Type  H <return>  for immediate help.
 ...                                              
                                                  
l.1 \chapter{ÎœÎ­Î¸
                   Î¿Î´Î¿Ï‚ {\en Jacobi}}
You may provide a definition with
\DeclareUnicodeCharacter 


! LaTeX Error: Unicode character Î¿ (U+03BF)
               not set up for use with LaTeX.

See the LaTeX manual or LaTeX Companion for explanation.
Type  H <return>  for immediate help.
 ...                                              
                                                  
l.1 \chapter{ÎœÎ­Î¸Î¿
                     Î´Î¿Ï‚ {\en Jacobi}}
You may provide a definition with
\DeclareUnicodeCharacter 


! LaTeX Error: Unicode character Î´ (U+03B4)
               not set up for use with LaTeX.

See the LaTeX manual or LaTeX Companion for explanation.
Type  H <return>  for immediate help.
 ...                                              
                                                  
l.1 \chapter{ÎœÎ­Î¸Î¿Î´
                       Î¿Ï‚ {\en Jacobi}}
You may provide a definition with
\DeclareUnicodeCharacter 


! LaTeX Error: Unicode character Î¿ (U+03BF)
               not set up for use with LaTeX.

See the LaTeX manual or LaTeX Companion for explanation.
Type  H <return>  for immediate help.
 ...                                              
                                                  
l.1 \chapter{ÎœÎ­Î¸Î¿Î´Î¿
                         Ï‚ {\en Jacobi}}
You may provide a definition with
\DeclareUnicodeCharacter 


! LaTeX Error: Unicode character Ï‚ (U+03C2)
               not set up for use with LaTeX.

See the LaTeX manual or LaTeX Companion for explanation.
Type  H <return>  for immediate help.
 ...                                              
                                                  
l.1 \chapter{ÎœÎ­Î¸Î¿Î´Î¿Ï‚
                            {\en Jacobi}}
You may provide a definition with
\DeclareUnicodeCharacter 

! Undefined control sequence.
l.1 \chapter{ÎœÎ­Î¸Î¿Î´Î¿Ï‚ {\en
                                 Jacobi}}
The control sequence at the end of the top line
of your error message was never \def'ed. If you have
misspelled it (e.g., `\hobx'), type `I' and the correct
spelling (e.g., `I\hbox'). Otherwise just continue,
and I'll forget about whatever was undefined.


! LaTeX Error: Missing \begin{document}.

See the LaTeX manual or LaTeX Companion for explanation.
Type  H <return>  for immediate help.
 ...                                              
                                                  
l.1 \chapter{ÎœÎ­Î¸Î¿Î´Î¿Ï‚ {\en J
                                  acobi}}
You're in trouble here.  Try typing  <return>  to proceed.
If that doesn't work, type  X <return>  to quit.

Missing character: There is no J in font nullfont!
Missing character: There is no a in font nullfont!
Missing character: There is no c in font nullfont!
Missing character: There is no o in font nullfont!
Missing character: There is no b in font nullfont!
Missing character: There is no i in font nullfont!

! LaTeX Error: Unicode character Î— (U+0397)
               not set up for use with LaTeX.

See the LaTeX manual or LaTeX Companion for explanation.
Type  H <return>  for immediate help.
 ...                                              
                                                  
l.2 Î—
       Ï€Î¹Î¿ Î±Ï€Î»Î® ÎµÏ€Î±Î½Î±Î»Î·Ï€Ï„Î¹ÎºÎ® Î¼Î­Î¸Î¿Î´Î¿Ï‚ Î³Î¹Î± Ï„Î·Î½...

You may provide a definition with
\DeclareUnicodeCharacter 


! LaTeX Error: Unicode character Ï€ (U+03C0)
               not set up for use with LaTeX.

See the LaTeX manual or LaTeX Companion for explanation.
Type  H <return>  for immediate help.
 ...                                              
                                                  
l.2 Î— Ï€
         Î¹Î¿ Î±Ï€Î»Î® ÎµÏ€Î±Î½Î±Î»Î·Ï€Ï„Î¹ÎºÎ® Î¼Î­Î¸Î¿Î´Î¿Ï‚ Î³Î¹Î± Ï„Î·Î½...

You may provide a definition with
\DeclareUnicodeCharacter 


! LaTeX Error: Unicode character Î¹ (U+03B9)
               not set up for use with LaTeX.

See the LaTeX manual or LaTeX Companion for explanation.
Type  H <return>  for immediate help.
 ...                                              
                                                  
l.2 Î— Ï€Î¹
           Î¿ Î±Ï€Î»Î® ÎµÏ€Î±Î½Î±Î»Î·Ï€Ï„Î¹ÎºÎ® Î¼Î­Î¸Î¿Î´Î¿Ï‚ Î³Î¹Î± Ï„Î·Î½...

You may provide a definition with
\DeclareUnicodeCharacter 


! LaTeX Error: Unicode character Î¿ (U+03BF)
               not set up for use with LaTeX.

See the LaTeX manual or LaTeX Companion for explanation.
Type  H <return>  for immediate help.
 ...                                              
                                                  
l.2 Î— Ï€Î¹Î¿
              Î±Ï€Î»Î® ÎµÏ€Î±Î½Î±Î»Î·Ï€Ï„Î¹ÎºÎ® Î¼Î­Î¸Î¿Î´Î¿Ï‚ Î³Î¹Î± Ï„Î·Î½...

You may provide a definition with
\DeclareUnicodeCharacter 


! LaTeX Error: Unicode character Î± (U+03B1)
               not set up for use with LaTeX.

See the LaTeX manual or LaTeX Companion for explanation.
Type  H <return>  for immediate help.
 ...                                              
                                                  
l.2 Î— Ï€Î¹Î¿ Î±
                Ï€Î»Î® ÎµÏ€Î±Î½Î±Î»Î·Ï€Ï„Î¹ÎºÎ® Î¼Î­Î¸Î¿Î´Î¿Ï‚ Î³Î¹Î± Ï„Î·Î½...

You may provide a definition with
\DeclareUnicodeCharacter 


! LaTeX Error: Unicode character Ï€ (U+03C0)
               not set up for use with LaTeX.

See the LaTeX manual or LaTeX Companion for explanation.
Type  H <return>  for immediate help.
 ...                                              
                                                  
l.2 Î— Ï€Î¹Î¿ Î±Ï€
                  Î»Î® ÎµÏ€Î±Î½Î±Î»Î·Ï€Ï„Î¹ÎºÎ® Î¼Î­Î¸Î¿Î´Î¿Ï‚ Î³Î¹Î± Ï„Î·Î½...

You may provide a definition with
\DeclareUnicodeCharacter 


! LaTeX Error: Unicode character Î» (U+03BB)
               not set up for use with LaTeX.

See the LaTeX manual or LaTeX Companion for explanation.
Type  H <return>  for immediate help.
 ...                                              
                                                  
l.2 Î— Ï€Î¹Î¿ Î±Ï€Î»
                    Î® ÎµÏ€Î±Î½Î±Î»Î·Ï€Ï„Î¹ÎºÎ® Î¼Î­Î¸Î¿Î´Î¿Ï‚ Î³Î¹Î± Ï„Î·Î½...

You may provide a definition with
\DeclareUnicodeCharacter 


! LaTeX Error: Unicode character Î® (U+03AE)
               not set up for use with LaTeX.

See the LaTeX manual or LaTeX Companion for explanation.
Type  H <return>  for immediate help.
 ...                                              
                                                  
l.2 Î— Ï€Î¹Î¿ Î±Ï€Î»Î®
                       ÎµÏ€Î±Î½Î±Î»Î·Ï€Ï„Î¹ÎºÎ® Î¼Î­Î¸Î¿Î´Î¿Ï‚ Î³Î¹Î± Ï„Î·Î½...

You may provide a definition with
\DeclareUnicodeCharacter 


! LaTeX Error: Unicode character Îµ (U+03B5)
               not set up for use with LaTeX.

See the LaTeX manual or LaTeX Companion for explanation.
Type  H <return>  for immediate help.
 ...                                              
                                                  
l.2 Î— Ï€Î¹Î¿ Î±Ï€Î»Î® Îµ
                         Ï€Î±Î½Î±Î»Î·Ï€Ï„Î¹ÎºÎ® Î¼Î­Î¸Î¿Î´Î¿Ï‚ Î³Î¹Î± Ï„Î·Î½...

You may provide a definition with
\DeclareUnicodeCharacter 


! LaTeX Error: Unicode character Ï€ (U+03C0)
               not set up for use with LaTeX.

See the LaTeX manual or LaTeX Companion for explanation.
Type  H <return>  for immediate help.
 ...                                              
                                                  
l.2 Î— Ï€Î¹Î¿ Î±Ï€Î»Î® ÎµÏ€
                           Î±Î½Î±Î»Î·Ï€Ï„Î¹ÎºÎ® Î¼Î­Î¸Î¿Î´Î¿Ï‚ Î³Î¹Î± Ï„Î·Î½...

You may provide a definition with
\DeclareUnicodeCharacter 


! LaTeX Error: Unicode character Î± (U+03B1)
               not set up for use with LaTeX.

See the LaTeX manual or LaTeX Companion for explanation.
Type  H <return>  for immediate help.
 ...                                              
                                                  
l.2 Î— Ï€Î¹Î¿ Î±Ï€Î»Î® ÎµÏ€Î±
                             Î½Î±Î»Î·Ï€Ï„Î¹ÎºÎ® Î¼Î­Î¸Î¿Î´Î¿Ï‚ Î³Î¹Î± Ï„Î·Î½...

You may provide a definition with
\DeclareUnicodeCharacter 


! LaTeX Error: Unicode character Î½ (U+03BD)
               not set up for use with LaTeX.

See the LaTeX manual or LaTeX Companion for explanation.
Type  H <return>  for immediate help.
 ...                                              
                                                  
l.2 Î— Ï€Î¹Î¿ Î±Ï€Î»Î® ÎµÏ€Î±Î½
                               Î±Î»Î·Ï€Ï„Î¹ÎºÎ® Î¼Î­Î¸Î¿Î´Î¿Ï‚ Î³Î¹Î± Ï„Î·Î½...

You may provide a definition with
\DeclareUnicodeCharacter 


! LaTeX Error: Unicode character Î± (U+03B1)
               not set up for use with LaTeX.

See the LaTeX manual or LaTeX Companion for explanation.
Type  H <return>  for immediate help.
 ...                                              
                                                  
l.2 Î— Ï€Î¹Î¿ Î±Ï€Î»Î® ÎµÏ€Î±Î½Î±
                                 Î»Î·Ï€Ï„Î¹ÎºÎ® Î¼Î­Î¸Î¿Î´Î¿Ï‚ Î³Î¹Î± Ï„Î·Î½...

You may provide a definition with
\DeclareUnicodeCharacter 


! LaTeX Error: Unicode character Î» (U+03BB)
               not set up for use with LaTeX.

See the LaTeX manual or LaTeX Companion for explanation.
Type  H <return>  for immediate help.
 ...                                              
                                                  
l.2 Î— Ï€Î¹Î¿ Î±Ï€Î»Î® ÎµÏ€Î±Î½Î±Î»
                                   Î·Ï€Ï„Î¹ÎºÎ® Î¼Î­Î¸Î¿Î´Î¿Ï‚ Î³Î¹Î± Ï„Î·Î½...

You may provide a definition with
\DeclareUnicodeCharacter 


! LaTeX Error: Unicode character Î· (U+03B7)
               not set up for use with LaTeX.

See the LaTeX manual or LaTeX Companion for explanation.
Type  H <return>  for immediate help.
 ...                                              
                                                  
l.2 Î— Ï€Î¹Î¿ Î±Ï€Î»Î® ÎµÏ€Î±Î½Î±Î»Î·
                                     Ï€Ï„Î¹ÎºÎ® Î¼Î­Î¸Î¿Î´Î¿Ï‚ Î³Î¹Î± Ï„Î·Î½...

You may provide a definition with
\DeclareUnicodeCharacter 


! LaTeX Error: Unicode character Ï€ (U+03C0)
               not set up for use with LaTeX.

See the LaTeX manual or LaTeX Companion for explanation.
Type  H <return>  for immediate help.
 ...                                              
                                                  
l.2 Î— Ï€Î¹Î¿ Î±Ï€Î»Î® ÎµÏ€Î±Î½Î±Î»Î·Ï€
                                       Ï„Î¹ÎºÎ® Î¼Î­Î¸Î¿Î´Î¿Ï‚ Î³Î¹Î± Ï„Î·Î½...

You may provide a definition with
\DeclareUnicodeCharacter 


! LaTeX Error: Unicode character Ï„ (U+03C4)
               not set up for use with LaTeX.

See the LaTeX manual or LaTeX Companion for explanation.
Type  H <return>  for immediate help.
 ...                                              
                                                  
l.2 Î— Ï€Î¹Î¿ Î±Ï€Î»Î® ÎµÏ€Î±Î½Î±Î»Î·Ï€Ï„
                                         Î¹ÎºÎ® Î¼Î­Î¸Î¿Î´Î¿Ï‚ Î³Î¹Î± Ï„Î·Î½...

You may provide a definition with
\DeclareUnicodeCharacter 


! LaTeX Error: Unicode character Î¹ (U+03B9)
               not set up for use with LaTeX.

See the LaTeX manual or LaTeX Companion for explanation.
Type  H <return>  for immediate help.
 ...                                              
                                                  
l.2 Î— Ï€Î¹Î¿ Î±Ï€Î»Î® ÎµÏ€Î±Î½Î±Î»Î·Ï€Ï„Î¹
                                           ÎºÎ® Î¼Î­Î¸Î¿Î´Î¿Ï‚ Î³Î¹Î± Ï„Î·Î½...

You may provide a definition with
\DeclareUnicodeCharacter 


! LaTeX Error: Unicode character Îº (U+03BA)
               not set up for use with LaTeX.

See the LaTeX manual or LaTeX Companion for explanation.
Type  H <return>  for immediate help.
 ...                                              
                                                  
l.2 Î— Ï€Î¹Î¿ Î±Ï€Î»Î® ÎµÏ€Î±Î½Î±Î»Î·Ï€Ï„Î¹Îº
                                             Î® Î¼Î­Î¸Î¿Î´Î¿Ï‚ Î³Î¹Î± Ï„Î·Î½...

You may provide a definition with
\DeclareUnicodeCharacter 


! LaTeX Error: Unicode character Î® (U+03AE)
               not set up for use with LaTeX.

See the LaTeX manual or LaTeX Companion for explanation.
Type  H <return>  for immediate help.
 ...                                              
                                                  
l.2 Î— Ï€Î¹Î¿ Î±Ï€Î»Î® ÎµÏ€Î±Î½Î±Î»Î·Ï€Ï„Î¹ÎºÎ®
                                                Î¼Î­Î¸Î¿Î´Î¿Ï‚ Î³Î¹Î± Ï„Î·Î½...

You may provide a definition with
\DeclareUnicodeCharacter 


! LaTeX Error: Unicode character Î¼ (U+03BC)
               not set up for use with LaTeX.

See the LaTeX manual or LaTeX Companion for explanation.
Type  H <return>  for immediate help.
 ...                                              
                                                  
l.2 Î— Ï€Î¹Î¿ Î±Ï€Î»Î® ÎµÏ€Î±Î½Î±Î»Î·Ï€Ï„Î¹ÎºÎ® Î¼
                                                  Î­Î¸Î¿Î´Î¿Ï‚ Î³Î¹Î± Ï„Î·Î½...

You may provide a definition with
\DeclareUnicodeCharacter 


! LaTeX Error: Unicode character Î­ (U+03AD)
               not set up for use with LaTeX.

See the LaTeX manual or LaTeX Companion for explanation.
Type  H <return>  for immediate help.
 ...                                              
                                                  
l.2 ...Î¹Î¿ Î±Ï€Î»Î® ÎµÏ€Î±Î½Î±Î»Î·Ï€Ï„Î¹ÎºÎ® Î¼Î­
                                                  Î¸Î¿Î´Î¿Ï‚ Î³Î¹Î± Ï„Î·Î½ Î...

You may provide a definition with
\DeclareUnicodeCharacter 


! LaTeX Error: Unicode character Î¸ (U+03B8)
               not set up for use with LaTeX.

See the LaTeX manual or LaTeX Companion for explanation.
Type  H <return>  for immediate help.
 ...                                              
                                                  
l.2 ...Î¿ Î±Ï€Î»Î® ÎµÏ€Î±Î½Î±Î»Î·Ï€Ï„Î¹ÎºÎ® Î¼Î­Î¸
                                                  Î¿Î´Î¿Ï‚ Î³Î¹Î± Ï„Î·Î½ Î±Ï...

You may provide a definition with
\DeclareUnicodeCharacter 


! LaTeX Error: Unicode character Î¿ (U+03BF)
               not set up for use with LaTeX.

See the LaTeX manual or LaTeX Companion for explanation.
Type  H <return>  for immediate help.
 ...                                              
                                                  
l.2 ... Î±Ï€Î»Î® ÎµÏ€Î±Î½Î±Î»Î·Ï€Ï„Î¹ÎºÎ® Î¼Î­Î¸Î¿
                                                  Î´Î¿Ï‚ Î³Î¹Î± Ï„Î·Î½ Î±ÏÎ...

You may provide a definition with
\DeclareUnicodeCharacter 


! LaTeX Error: Unicode character Î´ (U+03B4)
               not set up for use with LaTeX.

See the LaTeX manual or LaTeX Companion for explanation.
Type  H <return>  for immediate help.
 ...                                              
                                                  
l.2 ...±Ï€Î»Î® ÎµÏ€Î±Î½Î±Î»Î·Ï€Ï„Î¹ÎºÎ® Î¼Î­Î¸Î¿Î´
                                                  Î¿Ï‚ Î³Î¹Î± Ï„Î·Î½ Î±ÏÎ¹Î...

You may provide a definition with
\DeclareUnicodeCharacter 


! LaTeX Error: Unicode character Î¿ (U+03BF)
               not set up for use with LaTeX.

See the LaTeX manual or LaTeX Companion for explanation.
Type  H <return>  for immediate help.
 ...                                              
                                                  
l.2 ...€Î»Î® ÎµÏ€Î±Î½Î±Î»Î·Ï€Ï„Î¹ÎºÎ® Î¼Î­Î¸Î¿Î´Î¿
                                                  Ï‚ Î³Î¹Î± Ï„Î·Î½ Î±ÏÎ¹Î¸Î...

You may provide a definition with
\DeclareUnicodeCharacter 


! LaTeX Error: Unicode character Ï‚ (U+03C2)
               not set up for use with LaTeX.

See the LaTeX manual or LaTeX Companion for explanation.
Type  H <return>  for immediate help.
 ...                                              
                                                  
l.2 ...»Î® ÎµÏ€Î±Î½Î±Î»Î·Ï€Ï„Î¹ÎºÎ® Î¼Î­Î¸Î¿Î´Î¿Ï‚
                                                   Î³Î¹Î± Ï„Î·Î½ Î±ÏÎ¹Î¸Î¼Î...

You may provide a definition with
\DeclareUnicodeCharacter 


! LaTeX Error: Unicode character Î³ (U+03B3)
               not set up for use with LaTeX.

See the LaTeX manual or LaTeX Companion for explanation.
Type  H <return>  for immediate help.
 ...                                              
                                                  
l.2 ... ÎµÏ€Î±Î½Î±Î»Î·Ï€Ï„Î¹ÎºÎ® Î¼Î­Î¸Î¿Î´Î¿Ï‚ Î³
                                                  Î¹Î± Ï„Î·Î½ Î±ÏÎ¹Î¸Î¼Î·Ï„...

You may provide a definition with
\DeclareUnicodeCharacter 


! LaTeX Error: Unicode character Î¹ (U+03B9)
               not set up for use with LaTeX.

See the LaTeX manual or LaTeX Companion for explanation.
Type  H <return>  for immediate help.
 ...                                              
                                                  
l.2 ...µÏ€Î±Î½Î±Î»Î·Ï€Ï„Î¹ÎºÎ® Î¼Î­Î¸Î¿Î´Î¿Ï‚ Î³Î¹
                                                  Î± Ï„Î·Î½ Î±ÏÎ¹Î¸Î¼Î·Ï„Î¹...

You may provide a definition with
\DeclareUnicodeCharacter 


! LaTeX Error: Unicode character Î± (U+03B1)
               not set up for use with LaTeX.

See the LaTeX manual or LaTeX Companion for explanation.
Type  H <return>  for immediate help.
 ...                                              
                                                  
l.2 ...€Î±Î½Î±Î»Î·Ï€Ï„Î¹ÎºÎ® Î¼Î­Î¸Î¿Î´Î¿Ï‚ Î³Î¹Î±
                                                   Ï„Î·Î½ Î±ÏÎ¹Î¸Î¼Î·Ï„Î¹Îº...

You may provide a definition with
\DeclareUnicodeCharacter 


! LaTeX Error: Unicode character Ï„ (U+03C4)
               not set up for use with LaTeX.

See the LaTeX manual or LaTeX Companion for explanation.
Type  H <return>  for immediate help.
 ...                                              
                                                  
l.2 ...Î½Î±Î»Î·Ï€Ï„Î¹ÎºÎ® Î¼Î­Î¸Î¿Î´Î¿Ï‚ Î³Î¹Î± Ï„
                                                  Î·Î½ Î±ÏÎ¹Î¸Î¼Î·Ï„Î¹ÎºÎ® ...

You may provide a definition with
\DeclareUnicodeCharacter 


! LaTeX Error: Unicode character Î· (U+03B7)
               not set up for use with LaTeX.

See the LaTeX manual or LaTeX Companion for explanation.
Type  H <return>  for immediate help.
 ...                                              
                                                  
l.2 ...Î±Î»Î·Ï€Ï„Î¹ÎºÎ® Î¼Î­Î¸Î¿Î´Î¿Ï‚ Î³Î¹Î± Ï„Î·
                                                  Î½ Î±ÏÎ¹Î¸Î¼Î·Ï„Î¹ÎºÎ® Îµ...

You may provide a definition with
\DeclareUnicodeCharacter 


! LaTeX Error: Unicode character Î½ (U+03BD)
               not set up for use with LaTeX.

See the LaTeX manual or LaTeX Companion for explanation.
Type  H <return>  for immediate help.
 ...                                              
                                                  
l.2 ...Î»Î·Ï€Ï„Î¹ÎºÎ® Î¼Î­Î¸Î¿Î´Î¿Ï‚ Î³Î¹Î± Ï„Î·Î½
                                                   Î±ÏÎ¹Î¸Î¼Î·Ï„Î¹ÎºÎ® ÎµÏ€...

You may provide a definition with
\DeclareUnicodeCharacter 


! LaTeX Error: Unicode character Î± (U+03B1)
               not set up for use with LaTeX.

See the LaTeX manual or LaTeX Companion for explanation.
Type  H <return>  for immediate help.
 ...                                              
                                                  
l.2 ...·Ï€Ï„Î¹ÎºÎ® Î¼Î­Î¸Î¿Î´Î¿Ï‚ Î³Î¹Î± Ï„Î·Î½ Î±
                                                  ÏÎ¹Î¸Î¼Î·Ï„Î¹ÎºÎ® ÎµÏ€Î¯Î...

You may provide a definition with
\DeclareUnicodeCharacter 


! LaTeX Error: Unicode character Ï (U+03C1)
               not set up for use with LaTeX.

See the LaTeX manual or LaTeX Companion for explanation.
Type  H <return>  for immediate help.
 ...                                              
                                                  
l.2 ...€Ï„Î¹ÎºÎ® Î¼Î­Î¸Î¿Î´Î¿Ï‚ Î³Î¹Î± Ï„Î·Î½ Î±Ï
                                                  Î¹Î¸Î¼Î·Ï„Î¹ÎºÎ® ÎµÏ€Î¯Î»Ï...

You may provide a definition with
\DeclareUnicodeCharacter 


! LaTeX Error: Unicode character Î¹ (U+03B9)
               not set up for use with LaTeX.

See the LaTeX manual or LaTeX Companion for explanation.
Type  H <return>  for immediate help.
 ...                                              
                                                  
l.2 ...„Î¹ÎºÎ® Î¼Î­Î¸Î¿Î´Î¿Ï‚ Î³Î¹Î± Ï„Î·Î½ Î±ÏÎ¹
                                                  Î¸Î¼Î·Ï„Î¹ÎºÎ® ÎµÏ€Î¯Î»Ï…Ï...

You may provide a definition with
\DeclareUnicodeCharacter 


! LaTeX Error: Unicode character Î¸ (U+03B8)
               not set up for use with LaTeX.

See the LaTeX manual or LaTeX Companion for explanation.
Type  H <return>  for immediate help.
 ...                                              
                                                  
l.2 ...¹ÎºÎ® Î¼Î­Î¸Î¿Î´Î¿Ï‚ Î³Î¹Î± Ï„Î·Î½ Î±ÏÎ¹Î¸
                                                  Î¼Î·Ï„Î¹ÎºÎ® ÎµÏ€Î¯Î»Ï…ÏƒÎ...

You may provide a definition with
\DeclareUnicodeCharacter 


! LaTeX Error: Unicode character Î¼ (U+03BC)
               not set up for use with LaTeX.

See the LaTeX manual or LaTeX Companion for explanation.
Type  H <return>  for immediate help.
 ...                                              
                                                  
l.2 ...ºÎ® Î¼Î­Î¸Î¿Î´Î¿Ï‚ Î³Î¹Î± Ï„Î·Î½ Î±ÏÎ¹Î¸Î¼
                                                  Î·Ï„Î¹ÎºÎ® ÎµÏ€Î¯Î»Ï…ÏƒÎ· ...

You may provide a definition with
\DeclareUnicodeCharacter 


! LaTeX Error: Unicode character Î· (U+03B7)
               not set up for use with LaTeX.

See the LaTeX manual or LaTeX Companion for explanation.
Type  H <return>  for immediate help.
 ...                                              
                                                  
l.2 ...® Î¼Î­Î¸Î¿Î´Î¿Ï‚ Î³Î¹Î± Ï„Î·Î½ Î±ÏÎ¹Î¸Î¼Î·
                                                  Ï„Î¹ÎºÎ® ÎµÏ€Î¯Î»Ï…ÏƒÎ· Î³...

You may provide a definition with
\DeclareUnicodeCharacter 


! LaTeX Error: Unicode character Ï„ (U+03C4)
               not set up for use with LaTeX.

See the LaTeX manual or LaTeX Companion for explanation.
Type  H <return>  for immediate help.
 ...                                              
                                                  
l.2 ...Î¼Î­Î¸Î¿Î´Î¿Ï‚ Î³Î¹Î± Ï„Î·Î½ Î±ÏÎ¹Î¸Î¼Î·Ï„
                                                  Î¹ÎºÎ® ÎµÏ€Î¯Î»Ï…ÏƒÎ· Î³Ï...

You may provide a definition with
\DeclareUnicodeCharacter 


! LaTeX Error: Unicode character Î¹ (U+03B9)
               not set up for use with LaTeX.

See the LaTeX manual or LaTeX Companion for explanation.
Type  H <return>  for immediate help.
 ...                                              
                                                  
l.2 ...Î­Î¸Î¿Î´Î¿Ï‚ Î³Î¹Î± Ï„Î·Î½ Î±ÏÎ¹Î¸Î¼Î·Ï„Î¹
                                                  ÎºÎ® ÎµÏ€Î¯Î»Ï…ÏƒÎ· Î³ÏÎ±...

You may provide a definition with
\DeclareUnicodeCharacter 


! LaTeX Error: Unicode character Îº (U+03BA)
               not set up for use with LaTeX.

See the LaTeX manual or LaTeX Companion for explanation.
Type  H <return>  for immediate help.
 ...                                              
                                                  
l.2 ...Î¸Î¿Î´Î¿Ï‚ Î³Î¹Î± Ï„Î·Î½ Î±ÏÎ¹Î¸Î¼Î·Ï„Î¹Îº
                                                  Î® ÎµÏ€Î¯Î»Ï…ÏƒÎ· Î³ÏÎ±Î¼...

You may provide a definition with
\DeclareUnicodeCharacter 


! LaTeX Error: Unicode character Î® (U+03AE)
               not set up for use with LaTeX.

See the LaTeX manual or LaTeX Companion for explanation.
Type  H <return>  for immediate help.
 ...                                              
                                                  
l.2 ...Î¿Î´Î¿Ï‚ Î³Î¹Î± Ï„Î·Î½ Î±ÏÎ¹Î¸Î¼Î·Ï„Î¹ÎºÎ®
                                                   ÎµÏ€Î¯Î»Ï…ÏƒÎ· Î³ÏÎ±Î¼Î¼...

You may provide a definition with
\DeclareUnicodeCharacter 


! LaTeX Error: Unicode character Îµ (U+03B5)
               not set up for use with LaTeX.

See the LaTeX manual or LaTeX Companion for explanation.
Type  H <return>  for immediate help.
 ...                                              
                                                  
l.2 ...´Î¿Ï‚ Î³Î¹Î± Ï„Î·Î½ Î±ÏÎ¹Î¸Î¼Î·Ï„Î¹ÎºÎ® Îµ
                                                  Ï€Î¯Î»Ï…ÏƒÎ· Î³ÏÎ±Î¼Î¼Î¹Î...

You may provide a definition with
\DeclareUnicodeCharacter 


! LaTeX Error: Unicode character Ï€ (U+03C0)
               not set up for use with LaTeX.

See the LaTeX manual or LaTeX Companion for explanation.
Type  H <return>  for immediate help.
 ...                                              
                                                  
l.2 ...¿Ï‚ Î³Î¹Î± Ï„Î·Î½ Î±ÏÎ¹Î¸Î¼Î·Ï„Î¹ÎºÎ® ÎµÏ€
                                                  Î¯Î»Ï…ÏƒÎ· Î³ÏÎ±Î¼Î¼Î¹ÎºÎ...

You may provide a definition with
\DeclareUnicodeCharacter 


! LaTeX Error: Unicode character Î¯ (U+03AF)
               not set up for use with LaTeX.

See the LaTeX manual or LaTeX Companion for explanation.
Type  H <return>  for immediate help.
 ...                                              
                                                  
l.2 ...‚ Î³Î¹Î± Ï„Î·Î½ Î±ÏÎ¹Î¸Î¼Î·Ï„Î¹ÎºÎ® ÎµÏ€Î¯
                                                  Î»Ï…ÏƒÎ· Î³ÏÎ±Î¼Î¼Î¹ÎºÎ¿Ï...

You may provide a definition with
\DeclareUnicodeCharacter 


! LaTeX Error: Unicode character Î» (U+03BB)
               not set up for use with LaTeX.

See the LaTeX manual or LaTeX Companion for explanation.
Type  H <return>  for immediate help.
 ...                                              
                                                  
l.2 ...Î³Î¹Î± Ï„Î·Î½ Î±ÏÎ¹Î¸Î¼Î·Ï„Î¹ÎºÎ® ÎµÏ€Î¯Î»
                                                  Ï…ÏƒÎ· Î³ÏÎ±Î¼Î¼Î¹ÎºÎ¿Ï ...

You may provide a definition with
\DeclareUnicodeCharacter 


! LaTeX Error: Unicode character Ï… (U+03C5)
               not set up for use with LaTeX.

See the LaTeX manual or LaTeX Companion for explanation.
Type  H <return>  for immediate help.
 ...                                              
                                                  
l.2 ...Î¹Î± Ï„Î·Î½ Î±ÏÎ¹Î¸Î¼Î·Ï„Î¹ÎºÎ® ÎµÏ€Î¯Î»Ï…
                                                  ÏƒÎ· Î³ÏÎ±Î¼Î¼Î¹ÎºÎ¿Ï Ïƒ...

You may provide a definition with
\DeclareUnicodeCharacter 


! LaTeX Error: Unicode character Ïƒ (U+03C3)
               not set up for use with LaTeX.

See the LaTeX manual or LaTeX Companion for explanation.
Type  H <return>  for immediate help.
 ...                                              
                                                  
l.2 ...Î± Ï„Î·Î½ Î±ÏÎ¹Î¸Î¼Î·Ï„Î¹ÎºÎ® ÎµÏ€Î¯Î»Ï…Ïƒ
                                                  Î· Î³ÏÎ±Î¼Î¼Î¹ÎºÎ¿Ï ÏƒÏ…...

You may provide a definition with
\DeclareUnicodeCharacter 


! LaTeX Error: Unicode character Î· (U+03B7)
               not set up for use with LaTeX.

See the LaTeX manual or LaTeX Companion for explanation.
Type  H <return>  for immediate help.
 ...                                              
                                                  
l.2 ... Ï„Î·Î½ Î±ÏÎ¹Î¸Î¼Î·Ï„Î¹ÎºÎ® ÎµÏ€Î¯Î»Ï…ÏƒÎ·
                                                   Î³ÏÎ±Î¼Î¼Î¹ÎºÎ¿Ï ÏƒÏ…Ïƒ...

You may provide a definition with
\DeclareUnicodeCharacter 


! LaTeX Error: Unicode character Î³ (U+03B3)
               not set up for use with LaTeX.

See the LaTeX manual or LaTeX Companion for explanation.
Type  H <return>  for immediate help.
 ...                                              
                                                  
l.2 ...Î·Î½ Î±ÏÎ¹Î¸Î¼Î·Ï„Î¹ÎºÎ® ÎµÏ€Î¯Î»Ï…ÏƒÎ· Î³
                                                  ÏÎ±Î¼Î¼Î¹ÎºÎ¿Ï ÏƒÏ…ÏƒÏ„Î...

You may provide a definition with
\DeclareUnicodeCharacter 


! LaTeX Error: Unicode character Ï (U+03C1)
               not set up for use with LaTeX.

See the LaTeX manual or LaTeX Companion for explanation.
Type  H <return>  for immediate help.
 ...                                              
                                                  
l.2 ...Î½ Î±ÏÎ¹Î¸Î¼Î·Ï„Î¹ÎºÎ® ÎµÏ€Î¯Î»Ï…ÏƒÎ· Î³Ï
                                                  Î±Î¼Î¼Î¹ÎºÎ¿Ï ÏƒÏ…ÏƒÏ„Î®Î...

You may provide a definition with
\DeclareUnicodeCharacter 


! LaTeX Error: Unicode character Î± (U+03B1)
               not set up for use with LaTeX.

See the LaTeX manual or LaTeX Companion for explanation.
Type  H <return>  for immediate help.
 ...                                              
                                                  
l.2 ... Î±ÏÎ¹Î¸Î¼Î·Ï„Î¹ÎºÎ® ÎµÏ€Î¯Î»Ï…ÏƒÎ· Î³ÏÎ±
                                                  Î¼Î¼Î¹ÎºÎ¿Ï ÏƒÏ…ÏƒÏ„Î®Î¼Î...

You may provide a definition with
\DeclareUnicodeCharacter 


! LaTeX Error: Unicode character Î¼ (U+03BC)
               not set up for use with LaTeX.

See the LaTeX manual or LaTeX Companion for explanation.
Type  H <return>  for immediate help.
 ...                                              
                                                  
l.2 ...±ÏÎ¹Î¸Î¼Î·Ï„Î¹ÎºÎ® ÎµÏ€Î¯Î»Ï…ÏƒÎ· Î³ÏÎ±Î¼
                                                  Î¼Î¹ÎºÎ¿Ï ÏƒÏ…ÏƒÏ„Î®Î¼Î±Ï...

You may provide a definition with
\DeclareUnicodeCharacter 


! LaTeX Error: Unicode character Î¼ (U+03BC)
               not set up for use with LaTeX.

See the LaTeX manual or LaTeX Companion for explanation.
Type  H <return>  for immediate help.
 ...                                              
                                                  
l.2 ...Î¹Î¸Î¼Î·Ï„Î¹ÎºÎ® ÎµÏ€Î¯Î»Ï…ÏƒÎ· Î³ÏÎ±Î¼Î¼
                                                  Î¹ÎºÎ¿Ï ÏƒÏ…ÏƒÏ„Î®Î¼Î±Ï„Î...

You may provide a definition with
\DeclareUnicodeCharacter 


! LaTeX Error: Unicode character Î¹ (U+03B9)
               not set up for use with LaTeX.

See the LaTeX manual or LaTeX Companion for explanation.
Type  H <return>  for immediate help.
 ...                                              
                                                  
l.2 ...¹Î¸Î¼Î·Ï„Î¹ÎºÎ® ÎµÏ€Î¯Î»Ï…ÏƒÎ· Î³ÏÎ±Î¼Î¼Î¹
                                                  ÎºÎ¿Ï ÏƒÏ…ÏƒÏ„Î®Î¼Î±Ï„Î¿Ï...

You may provide a definition with
\DeclareUnicodeCharacter 


! LaTeX Error: Unicode character Îº (U+03BA)
               not set up for use with LaTeX.

See the LaTeX manual or LaTeX Companion for explanation.
Type  H <return>  for immediate help.
 ...                                              
                                                  
l.2 ...¸Î¼Î·Ï„Î¹ÎºÎ® ÎµÏ€Î¯Î»Ï…ÏƒÎ· Î³ÏÎ±Î¼Î¼Î¹Îº
                                                  Î¿Ï ÏƒÏ…ÏƒÏ„Î®Î¼Î±Ï„Î¿Ï‚ ...

You may provide a definition with
\DeclareUnicodeCharacter 


! LaTeX Error: Unicode character Î¿ (U+03BF)
               not set up for use with LaTeX.

See the LaTeX manual or LaTeX Companion for explanation.
Type  H <return>  for immediate help.
 ...                                              
                                                  
l.2 ...¼Î·Ï„Î¹ÎºÎ® ÎµÏ€Î¯Î»Ï…ÏƒÎ· Î³ÏÎ±Î¼Î¼Î¹ÎºÎ¿
                                                  Ï ÏƒÏ…ÏƒÏ„Î®Î¼Î±Ï„Î¿Ï‚ Îµ...

You may provide a definition with
\DeclareUnicodeCharacter 


! LaTeX Error: Unicode character Ï (U+03CD)
               not set up for use with LaTeX.

See the LaTeX manual or LaTeX Companion for explanation.
Type  H <return>  for immediate help.
 ...                                              
                                                  
l.2 ...·Ï„Î¹ÎºÎ® ÎµÏ€Î¯Î»Ï…ÏƒÎ· Î³ÏÎ±Î¼Î¼Î¹ÎºÎ¿Ï
                                                   ÏƒÏ…ÏƒÏ„Î®Î¼Î±Ï„Î¿Ï‚ ÎµÎ¯...

You may provide a definition with
\DeclareUnicodeCharacter 


! LaTeX Error: Unicode character Ïƒ (U+03C3)
               not set up for use with LaTeX.

See the LaTeX manual or LaTeX Companion for explanation.
Type  H <return>  for immediate help.
 ...                                              
                                                  
l.2 ...Î¹ÎºÎ® ÎµÏ€Î¯Î»Ï…ÏƒÎ· Î³ÏÎ±Î¼Î¼Î¹ÎºÎ¿Ï Ïƒ
                                                  Ï…ÏƒÏ„Î®Î¼Î±Ï„Î¿Ï‚ ÎµÎ¯Î½Î...

You may provide a definition with
\DeclareUnicodeCharacter 


! LaTeX Error: Unicode character Ï… (U+03C5)
               not set up for use with LaTeX.

See the LaTeX manual or LaTeX Companion for explanation.
Type  H <return>  for immediate help.
 ...                                              
                                                  
l.2 ...ÎºÎ® ÎµÏ€Î¯Î»Ï…ÏƒÎ· Î³ÏÎ±Î¼Î¼Î¹ÎºÎ¿Ï ÏƒÏ…
                                                  ÏƒÏ„Î®Î¼Î±Ï„Î¿Ï‚ ÎµÎ¯Î½Î±Î...

You may provide a definition with
\DeclareUnicodeCharacter 


! LaTeX Error: Unicode character Ïƒ (U+03C3)
               not set up for use with LaTeX.

See the LaTeX manual or LaTeX Companion for explanation.
Type  H <return>  for immediate help.
 ...                                              
                                                  
l.2 ...Î® ÎµÏ€Î¯Î»Ï…ÏƒÎ· Î³ÏÎ±Î¼Î¼Î¹ÎºÎ¿Ï ÏƒÏ…Ïƒ
                                                  Ï„Î®Î¼Î±Ï„Î¿Ï‚ ÎµÎ¯Î½Î±Î¹ ...

You may provide a definition with
\DeclareUnicodeCharacter 


! LaTeX Error: Unicode character Ï„ (U+03C4)
               not set up for use with LaTeX.

See the LaTeX manual or LaTeX Companion for explanation.
Type  H <return>  for immediate help.
 ...                                              
                                                  
l.2 ... ÎµÏ€Î¯Î»Ï…ÏƒÎ· Î³ÏÎ±Î¼Î¼Î¹ÎºÎ¿Ï ÏƒÏ…ÏƒÏ„
                                                  Î®Î¼Î±Ï„Î¿Ï‚ ÎµÎ¯Î½Î±Î¹ Î·...

You may provide a definition with
\DeclareUnicodeCharacter 


! LaTeX Error: Unicode character Î® (U+03AE)
               not set up for use with LaTeX.

See the LaTeX manual or LaTeX Companion for explanation.
Type  H <return>  for immediate help.
 ...                                              
                                                  
l.2 ...µÏ€Î¯Î»Ï…ÏƒÎ· Î³ÏÎ±Î¼Î¼Î¹ÎºÎ¿Ï ÏƒÏ…ÏƒÏ„Î®
                                                  Î¼Î±Ï„Î¿Ï‚ ÎµÎ¯Î½Î±Î¹ Î· Î...

You may provide a definition with
\DeclareUnicodeCharacter 


! LaTeX Error: Unicode character Î¼ (U+03BC)
               not set up for use with LaTeX.

See the LaTeX manual or LaTeX Companion for explanation.
Type  H <return>  for immediate help.
 ...                                              
                                                  
l.2 ...€Î¯Î»Ï…ÏƒÎ· Î³ÏÎ±Î¼Î¼Î¹ÎºÎ¿Ï ÏƒÏ…ÏƒÏ„Î®Î¼
                                                  Î±Ï„Î¿Ï‚ ÎµÎ¯Î½Î±Î¹ Î· Î¼Î...

You may provide a definition with
\DeclareUnicodeCharacter 


! LaTeX Error: Unicode character Î± (U+03B1)
               not set up for use with LaTeX.

See the LaTeX manual or LaTeX Companion for explanation.
Type  H <return>  for immediate help.
 ...                                              
                                                  
l.2 ...¯Î»Ï…ÏƒÎ· Î³ÏÎ±Î¼Î¼Î¹ÎºÎ¿Ï ÏƒÏ…ÏƒÏ„Î®Î¼Î±
                                                  Ï„Î¿Ï‚ ÎµÎ¯Î½Î±Î¹ Î· Î¼Î­Î...

You may provide a definition with
\DeclareUnicodeCharacter 


! LaTeX Error: Unicode character Ï„ (U+03C4)
               not set up for use with LaTeX.

See the LaTeX manual or LaTeX Companion for explanation.
Type  H <return>  for immediate help.
 ...                                              
                                                  
l.2 ...»Ï…ÏƒÎ· Î³ÏÎ±Î¼Î¼Î¹ÎºÎ¿Ï ÏƒÏ…ÏƒÏ„Î®Î¼Î±Ï„
                                                  Î¿Ï‚ ÎµÎ¯Î½Î±Î¹ Î· Î¼Î­Î¸Î...

You may provide a definition with
\DeclareUnicodeCharacter 


! LaTeX Error: Unicode character Î¿ (U+03BF)
               not set up for use with LaTeX.

See the LaTeX manual or LaTeX Companion for explanation.
Type  H <return>  for immediate help.
 ...                                              
                                                  
l.2 ...…ÏƒÎ· Î³ÏÎ±Î¼Î¼Î¹ÎºÎ¿Ï ÏƒÏ…ÏƒÏ„Î®Î¼Î±Ï„Î¿
                                                  Ï‚ ÎµÎ¯Î½Î±Î¹ Î· Î¼Î­Î¸Î¿Î...

You may provide a definition with
\DeclareUnicodeCharacter 


! LaTeX Error: Unicode character Ï‚ (U+03C2)
               not set up for use with LaTeX.

See the LaTeX manual or LaTeX Companion for explanation.
Type  H <return>  for immediate help.
 ...                                              
                                                  
l.2 ...ƒÎ· Î³ÏÎ±Î¼Î¼Î¹ÎºÎ¿Ï ÏƒÏ…ÏƒÏ„Î®Î¼Î±Ï„Î¿Ï‚
                                                   ÎµÎ¯Î½Î±Î¹ Î· Î¼Î­Î¸Î¿Î´Î...

You may provide a definition with
\DeclareUnicodeCharacter 


! LaTeX Error: Unicode character Îµ (U+03B5)
               not set up for use with LaTeX.

See the LaTeX manual or LaTeX Companion for explanation.
Type  H <return>  for immediate help.
 ...                                              
                                                  
l.2 ... Î³ÏÎ±Î¼Î¼Î¹ÎºÎ¿Ï ÏƒÏ…ÏƒÏ„Î®Î¼Î±Ï„Î¿Ï‚ Îµ
                                                  Î¯Î½Î±Î¹ Î· Î¼Î­Î¸Î¿Î´Î¿Ï‚...

You may provide a definition with
\DeclareUnicodeCharacter 


! LaTeX Error: Unicode character Î¯ (U+03AF)
               not set up for use with LaTeX.

See the LaTeX manual or LaTeX Companion for explanation.
Type  H <return>  for immediate help.
 ...                                              
                                                  
l.2 ...³ÏÎ±Î¼Î¼Î¹ÎºÎ¿Ï ÏƒÏ…ÏƒÏ„Î®Î¼Î±Ï„Î¿Ï‚ ÎµÎ¯
                                                  Î½Î±Î¹ Î· Î¼Î­Î¸Î¿Î´Î¿Ï‚ Ï...

You may provide a definition with
\DeclareUnicodeCharacter 


! LaTeX Error: Unicode character Î½ (U+03BD)
               not set up for use with LaTeX.

See the LaTeX manual or LaTeX Companion for explanation.
Type  H <return>  for immediate help.
 ...                                              
                                                  
l.2 ...Î±Î¼Î¼Î¹ÎºÎ¿Ï ÏƒÏ…ÏƒÏ„Î®Î¼Î±Ï„Î¿Ï‚ ÎµÎ¯Î½
                                                  Î±Î¹ Î· Î¼Î­Î¸Î¿Î´Î¿Ï‚ Ï„Î...

You may provide a definition with
\DeclareUnicodeCharacter 


! LaTeX Error: Unicode character Î± (U+03B1)
               not set up for use with LaTeX.

See the LaTeX manual or LaTeX Companion for explanation.
Type  H <return>  for immediate help.
 ...                                              
                                                  
l.2 ...±Î¼Î¼Î¹ÎºÎ¿Ï ÏƒÏ…ÏƒÏ„Î®Î¼Î±Ï„Î¿Ï‚ ÎµÎ¯Î½Î±
                                                  Î¹ Î· Î¼Î­Î¸Î¿Î´Î¿Ï‚ Ï„Î¿Ï...

You may provide a definition with
\DeclareUnicodeCharacter 


! LaTeX Error: Unicode character Î¹ (U+03B9)
               not set up for use with LaTeX.

See the LaTeX manual or LaTeX Companion for explanation.
Type  H <return>  for immediate help.
 ...                                              
                                                  
l.2 ...¼Î¼Î¹ÎºÎ¿Ï ÏƒÏ…ÏƒÏ„Î®Î¼Î±Ï„Î¿Ï‚ ÎµÎ¯Î½Î±Î¹
                                                   Î· Î¼Î­Î¸Î¿Î´Î¿Ï‚ Ï„Î¿Ï… ...

You may provide a definition with
\DeclareUnicodeCharacter 


! LaTeX Error: Unicode character Î· (U+03B7)
               not set up for use with LaTeX.

See the LaTeX manual or LaTeX Companion for explanation.
Type  H <return>  for immediate help.
 ...                                              
                                                  
l.2 ...Î¹ÎºÎ¿Ï ÏƒÏ…ÏƒÏ„Î®Î¼Î±Ï„Î¿Ï‚ ÎµÎ¯Î½Î±Î¹ Î·
                                                   Î¼Î­Î¸Î¿Î´Î¿Ï‚ Ï„Î¿Ï… {\e...

You may provide a definition with
\DeclareUnicodeCharacter 


! LaTeX Error: Unicode character Î¼ (U+03BC)
               not set up for use with LaTeX.

See the LaTeX manual or LaTeX Companion for explanation.
Type  H <return>  for immediate help.
 ...                                              
                                                  
l.2 ...ºÎ¿Ï ÏƒÏ…ÏƒÏ„Î®Î¼Î±Ï„Î¿Ï‚ ÎµÎ¯Î½Î±Î¹ Î· Î¼
                                                  Î­Î¸Î¿Î´Î¿Ï‚ Ï„Î¿Ï… {\en J...

You may provide a definition with
\DeclareUnicodeCharacter 


! LaTeX Error: Unicode character Î­ (U+03AD)
               not set up for use with LaTeX.

See the LaTeX manual or LaTeX Companion for explanation.
Type  H <return>  for immediate help.
 ...                                              
                                                  
l.2 ...¿Ï ÏƒÏ…ÏƒÏ„Î®Î¼Î±Ï„Î¿Ï‚ ÎµÎ¯Î½Î±Î¹ Î· Î¼Î­
                                                  Î¸Î¿Î´Î¿Ï‚ Ï„Î¿Ï… {\en Jac...

You may provide a definition with
\DeclareUnicodeCharacter 


! LaTeX Error: Unicode character Î¸ (U+03B8)
               not set up for use with LaTeX.

See the LaTeX manual or LaTeX Companion for explanation.
Type  H <return>  for immediate help.
 ...                                              
                                                  
l.2 ... ÏƒÏ…ÏƒÏ„Î®Î¼Î±Ï„Î¿Ï‚ ÎµÎ¯Î½Î±Î¹ Î· Î¼Î­Î¸
                                                  Î¿Î´Î¿Ï‚ Ï„Î¿Ï… {\en Jacob...

You may provide a definition with
\DeclareUnicodeCharacter 


! LaTeX Error: Unicode character Î¿ (U+03BF)
               not set up for use with LaTeX.

See the LaTeX manual or LaTeX Companion for explanation.
Type  H <return>  for immediate help.
 ...                                              
                                                  
l.2 ...ÏƒÏ…ÏƒÏ„Î®Î¼Î±Ï„Î¿Ï‚ ÎµÎ¯Î½Î±Î¹ Î· Î¼Î­Î¸Î¿
                                                  Î´Î¿Ï‚ Ï„Î¿Ï… {\en Jacobi}...

You may provide a definition with
\DeclareUnicodeCharacter 


! LaTeX Error: Unicode character Î´ (U+03B4)
               not set up for use with LaTeX.

See the LaTeX manual or LaTeX Companion for explanation.
Type  H <return>  for immediate help.
 ...                                              
                                                  
l.2 ...Ï…ÏƒÏ„Î®Î¼Î±Ï„Î¿Ï‚ ÎµÎ¯Î½Î±Î¹ Î· Î¼Î­Î¸Î¿Î´
                                                  Î¿Ï‚ Ï„Î¿Ï… {\en Jacobi}. ...

You may provide a definition with
\DeclareUnicodeCharacter 


! LaTeX Error: Unicode character Î¿ (U+03BF)
               not set up for use with LaTeX.

See the LaTeX manual or LaTeX Companion for explanation.
Type  H <return>  for immediate help.
 ...                                              
                                                  
l.2 ...ÏƒÏ„Î®Î¼Î±Ï„Î¿Ï‚ ÎµÎ¯Î½Î±Î¹ Î· Î¼Î­Î¸Î¿Î´Î¿
                                                  Ï‚ Ï„Î¿Ï… {\en Jacobi}. ÎŒ...

You may provide a definition with
\DeclareUnicodeCharacter 


! LaTeX Error: Unicode character Ï‚ (U+03C2)
               not set up for use with LaTeX.

See the LaTeX manual or LaTeX Companion for explanation.
Type  H <return>  for immediate help.
 ...                                              
                                                  
l.2 ...Ï„Î®Î¼Î±Ï„Î¿Ï‚ ÎµÎ¯Î½Î±Î¹ Î· Î¼Î­Î¸Î¿Î´Î¿Ï‚
                                                   Ï„Î¿Ï… {\en Jacobi}. ÎŒÏ€...

You may provide a definition with
\DeclareUnicodeCharacter 


! LaTeX Error: Unicode character Ï„ (U+03C4)
               not set up for use with LaTeX.

See the LaTeX manual or LaTeX Companion for explanation.
Type  H <return>  for immediate help.
 ...                                              
                                                  
l.2 ...®Î¼Î±Ï„Î¿Ï‚ ÎµÎ¯Î½Î±Î¹ Î· Î¼Î­Î¸Î¿Î´Î¿Ï‚ Ï„
                                                  Î¿Ï… {\en Jacobi}. ÎŒÏ€Ï‰Ï...

You may provide a definition with
\DeclareUnicodeCharacter 


! LaTeX Error: Unicode character Î¿ (U+03BF)
               not set up for use with LaTeX.

See the LaTeX manual or LaTeX Companion for explanation.
Type  H <return>  for immediate help.
 ...                                              
                                                  
l.2 ...¼Î±Ï„Î¿Ï‚ ÎµÎ¯Î½Î±Î¹ Î· Î¼Î­Î¸Î¿Î´Î¿Ï‚ Ï„Î¿
                                                  Ï… {\en Jacobi}. ÎŒÏ€Ï‰Ï‚ ...

You may provide a definition with
\DeclareUnicodeCharacter 


! LaTeX Error: Unicode character Ï… (U+03C5)
               not set up for use with LaTeX.

See the LaTeX manual or LaTeX Companion for explanation.
Type  H <return>  for immediate help.
 ...                                              
                                                  
l.2 ...±Ï„Î¿Ï‚ ÎµÎ¯Î½Î±Î¹ Î· Î¼Î­Î¸Î¿Î´Î¿Ï‚ Ï„Î¿Ï…
                                                   {\en Jacobi}. ÎŒÏ€Ï‰Ï‚ Îº...

You may provide a definition with
\DeclareUnicodeCharacter 

! Undefined control sequence.
l.2 ...Ï‚ ÎµÎ¯Î½Î±Î¹ Î· Î¼Î­Î¸Î¿Î´Î¿Ï‚ Ï„Î¿Ï… {\en
                                                   Jacobi}. ÎŒÏ€Ï‰Ï‚ ÎºÎ±Î¹ ...
The control sequence at the end of the top line
of your error message was never \def'ed. If you have
misspelled it (e.g., `\hobx'), type `I' and the correct
spelling (e.g., `I\hbox'). Otherwise just continue,
and I'll forget about whatever was undefined.

Missing character: There is no J in font nullfont!
Missing character: There is no a in font nullfont!
Missing character: There is no c in font nullfont!
Missing character: There is no o in font nullfont!
Missing character: There is no b in font nullfont!
Missing character: There is no i in font nullfont!
Missing character: There is no . in font nullfont!

! LaTeX Error: Unicode character ÎŒ (U+038C)
               not set up for use with LaTeX.

See the LaTeX manual or LaTeX Companion for explanation.
Type  H <return>  for immediate help.
 ...                                              
                                                  
l.2 ...¹ Î· Î¼Î­Î¸Î¿Î´Î¿Ï‚ Ï„Î¿Ï… {\en Jacobi}. ÎŒ
                                                  Ï€Ï‰Ï‚ ÎºÎ±Î¹ ÏƒÏ„Î·Î½ Ï€Î...

You may provide a definition with
\DeclareUnicodeCharacter 


! LaTeX Error: Unicode character Ï€ (U+03C0)
               not set up for use with LaTeX.

See the LaTeX manual or LaTeX Companion for explanation.
Type  H <return>  for immediate help.
 ...                                              
                                                  
l.2 ...Î· Î¼Î­Î¸Î¿Î´Î¿Ï‚ Ï„Î¿Ï… {\en Jacobi}. ÎŒÏ€
                                                  Ï‰Ï‚ ÎºÎ±Î¹ ÏƒÏ„Î·Î½ Ï€ÎµÏ...

You may provide a definition with
\DeclareUnicodeCharacter 


! LaTeX Error: Unicode character Ï‰ (U+03C9)
               not set up for use with LaTeX.

See the LaTeX manual or LaTeX Companion for explanation.
Type  H <return>  for immediate help.
 ...                                              
                                                  
l.2 ... Î¼Î­Î¸Î¿Î´Î¿Ï‚ Ï„Î¿Ï… {\en Jacobi}. ÎŒÏ€Ï‰
                                                  Ï‚ ÎºÎ±Î¹ ÏƒÏ„Î·Î½ Ï€ÎµÏÎ...

You may provide a definition with
\DeclareUnicodeCharacter 


! LaTeX Error: Unicode character Ï‚ (U+03C2)
               not set up for use with LaTeX.

See the LaTeX manual or LaTeX Companion for explanation.
Type  H <return>  for immediate help.
 ...                                              
                                                  
l.2 ...¼Î­Î¸Î¿Î´Î¿Ï‚ Ï„Î¿Ï… {\en Jacobi}. ÎŒÏ€Ï‰Ï‚
                                                   ÎºÎ±Î¹ ÏƒÏ„Î·Î½ Ï€ÎµÏÎ¯Ï...

You may provide a definition with
\DeclareUnicodeCharacter 


! LaTeX Error: Unicode character Îº (U+03BA)
               not set up for use with LaTeX.

See the LaTeX manual or LaTeX Companion for explanation.
Type  H <return>  for immediate help.
 ...                                              
                                                  
l.2 ...Î¸Î¿Î´Î¿Ï‚ Ï„Î¿Ï… {\en Jacobi}. ÎŒÏ€Ï‰Ï‚ Îº
                                                  Î±Î¹ ÏƒÏ„Î·Î½ Ï€ÎµÏÎ¯Ï€Ï„...

You may provide a definition with
\DeclareUnicodeCharacter 


! LaTeX Error: Unicode character Î± (U+03B1)
               not set up for use with LaTeX.

See the LaTeX manual or LaTeX Companion for explanation.
Type  H <return>  for immediate help.
 ...                                              
                                                  
l.2 ...Î¿Î´Î¿Ï‚ Ï„Î¿Ï… {\en Jacobi}. ÎŒÏ€Ï‰Ï‚ ÎºÎ±
                                                  Î¹ ÏƒÏ„Î·Î½ Ï€ÎµÏÎ¯Ï€Ï„Ï‰...

You may provide a definition with
\DeclareUnicodeCharacter 


! LaTeX Error: Unicode character Î¹ (U+03B9)
               not set up for use with LaTeX.

See the LaTeX manual or LaTeX Companion for explanation.
Type  H <return>  for immediate help.
 ...                                              
                                                  
l.2 ...Î´Î¿Ï‚ Ï„Î¿Ï… {\en Jacobi}. ÎŒÏ€Ï‰Ï‚ ÎºÎ±Î¹
                                                   ÏƒÏ„Î·Î½ Ï€ÎµÏÎ¯Ï€Ï„Ï‰Ïƒ...

You may provide a definition with
\DeclareUnicodeCharacter 


! LaTeX Error: Unicode character Ïƒ (U+03C3)
               not set up for use with LaTeX.

See the LaTeX manual or LaTeX Companion for explanation.
Type  H <return>  for immediate help.
 ...                                              
                                                  
l.2 ...¿Ï‚ Ï„Î¿Ï… {\en Jacobi}. ÎŒÏ€Ï‰Ï‚ ÎºÎ±Î¹ Ïƒ
                                                  Ï„Î·Î½ Ï€ÎµÏÎ¯Ï€Ï„Ï‰ÏƒÎ· ...

You may provide a definition with
\DeclareUnicodeCharacter 


! LaTeX Error: Unicode character Ï„ (U+03C4)
               not set up for use with LaTeX.

See the LaTeX manual or LaTeX Companion for explanation.
Type  H <return>  for immediate help.
 ...                                              
                                                  
l.2 ...‚ Ï„Î¿Ï… {\en Jacobi}. ÎŒÏ€Ï‰Ï‚ ÎºÎ±Î¹ ÏƒÏ„
                                                  Î·Î½ Ï€ÎµÏÎ¯Ï€Ï„Ï‰ÏƒÎ· Ï„...

You may provide a definition with
\DeclareUnicodeCharacter 


! LaTeX Error: Unicode character Î· (U+03B7)
               not set up for use with LaTeX.

See the LaTeX manual or LaTeX Companion for explanation.
Type  H <return>  for immediate help.
 ...                                              
                                                  
l.2 ...Ï„Î¿Ï… {\en Jacobi}. ÎŒÏ€Ï‰Ï‚ ÎºÎ±Î¹ ÏƒÏ„Î·
                                                  Î½ Ï€ÎµÏÎ¯Ï€Ï„Ï‰ÏƒÎ· Ï„Î·...

You may provide a definition with
\DeclareUnicodeCharacter 


! LaTeX Error: Unicode character Î½ (U+03BD)
               not set up for use with LaTeX.

See the LaTeX manual or LaTeX Companion for explanation.
Type  H <return>  for immediate help.
 ...                                              
                                                  
l.2 ...Î¿Ï… {\en Jacobi}. ÎŒÏ€Ï‰Ï‚ ÎºÎ±Î¹ ÏƒÏ„Î·Î½
                                                   Ï€ÎµÏÎ¯Ï€Ï„Ï‰ÏƒÎ· Ï„Î·Ï‚...

You may provide a definition with
\DeclareUnicodeCharacter 


! LaTeX Error: Unicode character Ï€ (U+03C0)
               not set up for use with LaTeX.

See the LaTeX manual or LaTeX Companion for explanation.
Type  H <return>  for immediate help.
 ...                                              
                                                  
l.2 ...… {\en Jacobi}. ÎŒÏ€Ï‰Ï‚ ÎºÎ±Î¹ ÏƒÏ„Î·Î½ Ï€
                                                  ÎµÏÎ¯Ï€Ï„Ï‰ÏƒÎ· Ï„Î·Ï‚ Î±...

You may provide a definition with
\DeclareUnicodeCharacter 


! LaTeX Error: Unicode character Îµ (U+03B5)
               not set up for use with LaTeX.

See the LaTeX manual or LaTeX Companion for explanation.
Type  H <return>  for immediate help.
 ...                                              
                                                  
l.2 ...{\en Jacobi}. ÎŒÏ€Ï‰Ï‚ ÎºÎ±Î¹ ÏƒÏ„Î·Î½ Ï€Îµ
                                                  ÏÎ¯Ï€Ï„Ï‰ÏƒÎ· Ï„Î·Ï‚ Î±Ï€...
(That makes 100 errors; please try again.) 
Here is how much of TeX's memory you used:
 45 strings out of 477992
 768 string characters out of 2827466
 299418 words of memory out of 3000000
 18921 multiletter control sequences out of 15000+600000
 469259 words of font info for 28 fonts, out of 8000000 for 9000
 1141 hyphenation exceptions out of 8191
 13i,0n,12p,488b,26s stack positions out of 10000i,1000n,20000p,200000b,80000s

!  ==> Fatal error occurred, no output PDF file produced!
