This is pdfTeX, Version 3.141592653-2.6-1.40.24 (MiKTeX 22.8) (preloaded format=pdflatex 2022.8.17)  5 SEP 2022 19:10
entering extended mode
 restricted \write18 enabled.
 %&-line parsing enabled.
**./LSE.tex
(LSE.tex
LaTeX2e <2022-06-01> patch level 5
L3 programming layer <2022-08-05>
! Undefined control sequence.
l.1 \chapter
            {Î‘ÏÎ¹Î¸Î¼Î·Ï„Î¹ÎºÎ® Î•Ï€Î¯Î»Ï…ÏƒÎ· Î“ÏÎ±Î¼Î¼Î¹ÎºÎ¿Ï Î£Ï…ÏƒÏ„...
The control sequence at the end of the top line
of your error message was never \def'ed. If you have
misspelled it (e.g., `\hobx'), type `I' and the correct
spelling (e.g., `I\hbox'). Otherwise just continue,
and I'll forget about whatever was undefined.


! LaTeX Error: Unicode character Î‘ (U+0391)
               not set up for use with LaTeX.

See the LaTeX manual or LaTeX Companion for explanation.
Type  H <return>  for immediate help.
 ...                                              
                                                  
l.1 \chapter{Î‘
               ÏÎ¹Î¸Î¼Î·Ï„Î¹ÎºÎ® Î•Ï€Î¯Î»Ï…ÏƒÎ· Î“ÏÎ±Î¼Î¼Î¹ÎºÎ¿Ï Î£Ï…ÏƒÏ„...

You may provide a definition with
\DeclareUnicodeCharacter 


! LaTeX Error: Unicode character Ï (U+03C1)
               not set up for use with LaTeX.

See the LaTeX manual or LaTeX Companion for explanation.
Type  H <return>  for immediate help.
 ...                                              
                                                  
l.1 \chapter{Î‘Ï
                 Î¹Î¸Î¼Î·Ï„Î¹ÎºÎ® Î•Ï€Î¯Î»Ï…ÏƒÎ· Î“ÏÎ±Î¼Î¼Î¹ÎºÎ¿Ï Î£Ï…ÏƒÏ„...

You may provide a definition with
\DeclareUnicodeCharacter 


! LaTeX Error: Unicode character Î¹ (U+03B9)
               not set up for use with LaTeX.

See the LaTeX manual or LaTeX Companion for explanation.
Type  H <return>  for immediate help.
 ...                                              
                                                  
l.1 \chapter{Î‘ÏÎ¹
                   Î¸Î¼Î·Ï„Î¹ÎºÎ® Î•Ï€Î¯Î»Ï…ÏƒÎ· Î“ÏÎ±Î¼Î¼Î¹ÎºÎ¿Ï Î£Ï…ÏƒÏ„...

You may provide a definition with
\DeclareUnicodeCharacter 


! LaTeX Error: Unicode character Î¸ (U+03B8)
               not set up for use with LaTeX.

See the LaTeX manual or LaTeX Companion for explanation.
Type  H <return>  for immediate help.
 ...                                              
                                                  
l.1 \chapter{Î‘ÏÎ¹Î¸
                     Î¼Î·Ï„Î¹ÎºÎ® Î•Ï€Î¯Î»Ï…ÏƒÎ· Î“ÏÎ±Î¼Î¼Î¹ÎºÎ¿Ï Î£Ï…ÏƒÏ„...

You may provide a definition with
\DeclareUnicodeCharacter 


! LaTeX Error: Unicode character Î¼ (U+03BC)
               not set up for use with LaTeX.

See the LaTeX manual or LaTeX Companion for explanation.
Type  H <return>  for immediate help.
 ...                                              
                                                  
l.1 \chapter{Î‘ÏÎ¹Î¸Î¼
                       Î·Ï„Î¹ÎºÎ® Î•Ï€Î¯Î»Ï…ÏƒÎ· Î“ÏÎ±Î¼Î¼Î¹ÎºÎ¿Ï Î£Ï…ÏƒÏ„...

You may provide a definition with
\DeclareUnicodeCharacter 


! LaTeX Error: Unicode character Î· (U+03B7)
               not set up for use with LaTeX.

See the LaTeX manual or LaTeX Companion for explanation.
Type  H <return>  for immediate help.
 ...                                              
                                                  
l.1 \chapter{Î‘ÏÎ¹Î¸Î¼Î·
                         Ï„Î¹ÎºÎ® Î•Ï€Î¯Î»Ï…ÏƒÎ· Î“ÏÎ±Î¼Î¼Î¹ÎºÎ¿Ï Î£Ï…ÏƒÏ„...

You may provide a definition with
\DeclareUnicodeCharacter 


! LaTeX Error: Unicode character Ï„ (U+03C4)
               not set up for use with LaTeX.

See the LaTeX manual or LaTeX Companion for explanation.
Type  H <return>  for immediate help.
 ...                                              
                                                  
l.1 \chapter{Î‘ÏÎ¹Î¸Î¼Î·Ï„
                           Î¹ÎºÎ® Î•Ï€Î¯Î»Ï…ÏƒÎ· Î“ÏÎ±Î¼Î¼Î¹ÎºÎ¿Ï Î£Ï…ÏƒÏ„...

You may provide a definition with
\DeclareUnicodeCharacter 


! LaTeX Error: Unicode character Î¹ (U+03B9)
               not set up for use with LaTeX.

See the LaTeX manual or LaTeX Companion for explanation.
Type  H <return>  for immediate help.
 ...                                              
                                                  
l.1 \chapter{Î‘ÏÎ¹Î¸Î¼Î·Ï„Î¹
                             ÎºÎ® Î•Ï€Î¯Î»Ï…ÏƒÎ· Î“ÏÎ±Î¼Î¼Î¹ÎºÎ¿Ï Î£Ï…ÏƒÏ„...

You may provide a definition with
\DeclareUnicodeCharacter 


! LaTeX Error: Unicode character Îº (U+03BA)
               not set up for use with LaTeX.

See the LaTeX manual or LaTeX Companion for explanation.
Type  H <return>  for immediate help.
 ...                                              
                                                  
l.1 \chapter{Î‘ÏÎ¹Î¸Î¼Î·Ï„Î¹Îº
                               Î® Î•Ï€Î¯Î»Ï…ÏƒÎ· Î“ÏÎ±Î¼Î¼Î¹ÎºÎ¿Ï Î£Ï…ÏƒÏ„...

You may provide a definition with
\DeclareUnicodeCharacter 


! LaTeX Error: Unicode character Î® (U+03AE)
               not set up for use with LaTeX.

See the LaTeX manual or LaTeX Companion for explanation.
Type  H <return>  for immediate help.
 ...                                              
                                                  
l.1 \chapter{Î‘ÏÎ¹Î¸Î¼Î·Ï„Î¹ÎºÎ®
                                  Î•Ï€Î¯Î»Ï…ÏƒÎ· Î“ÏÎ±Î¼Î¼Î¹ÎºÎ¿Ï Î£Ï…ÏƒÏ„...

You may provide a definition with
\DeclareUnicodeCharacter 


! LaTeX Error: Unicode character Î• (U+0395)
               not set up for use with LaTeX.

See the LaTeX manual or LaTeX Companion for explanation.
Type  H <return>  for immediate help.
 ...                                              
                                                  
l.1 \chapter{Î‘ÏÎ¹Î¸Î¼Î·Ï„Î¹ÎºÎ® Î•
                                    Ï€Î¯Î»Ï…ÏƒÎ· Î“ÏÎ±Î¼Î¼Î¹ÎºÎ¿Ï Î£Ï…ÏƒÏ„...

You may provide a definition with
\DeclareUnicodeCharacter 


! LaTeX Error: Unicode character Ï€ (U+03C0)
               not set up for use with LaTeX.

See the LaTeX manual or LaTeX Companion for explanation.
Type  H <return>  for immediate help.
 ...                                              
                                                  
l.1 \chapter{Î‘ÏÎ¹Î¸Î¼Î·Ï„Î¹ÎºÎ® Î•Ï€
                                      Î¯Î»Ï…ÏƒÎ· Î“ÏÎ±Î¼Î¼Î¹ÎºÎ¿Ï Î£Ï…ÏƒÏ„...

You may provide a definition with
\DeclareUnicodeCharacter 


! LaTeX Error: Unicode character Î¯ (U+03AF)
               not set up for use with LaTeX.

See the LaTeX manual or LaTeX Companion for explanation.
Type  H <return>  for immediate help.
 ...                                              
                                                  
l.1 \chapter{Î‘ÏÎ¹Î¸Î¼Î·Ï„Î¹ÎºÎ® Î•Ï€Î¯
                                        Î»Ï…ÏƒÎ· Î“ÏÎ±Î¼Î¼Î¹ÎºÎ¿Ï Î£Ï…ÏƒÏ„...

You may provide a definition with
\DeclareUnicodeCharacter 


! LaTeX Error: Unicode character Î» (U+03BB)
               not set up for use with LaTeX.

See the LaTeX manual or LaTeX Companion for explanation.
Type  H <return>  for immediate help.
 ...                                              
                                                  
l.1 \chapter{Î‘ÏÎ¹Î¸Î¼Î·Ï„Î¹ÎºÎ® Î•Ï€Î¯Î»
                                          Ï…ÏƒÎ· Î“ÏÎ±Î¼Î¼Î¹ÎºÎ¿Ï Î£Ï…ÏƒÏ„...

You may provide a definition with
\DeclareUnicodeCharacter 


! LaTeX Error: Unicode character Ï… (U+03C5)
               not set up for use with LaTeX.

See the LaTeX manual or LaTeX Companion for explanation.
Type  H <return>  for immediate help.
 ...                                              
                                                  
l.1 \chapter{Î‘ÏÎ¹Î¸Î¼Î·Ï„Î¹ÎºÎ® Î•Ï€Î¯Î»Ï…
                                            ÏƒÎ· Î“ÏÎ±Î¼Î¼Î¹ÎºÎ¿Ï Î£Ï…ÏƒÏ„...

You may provide a definition with
\DeclareUnicodeCharacter 


! LaTeX Error: Unicode character Ïƒ (U+03C3)
               not set up for use with LaTeX.

See the LaTeX manual or LaTeX Companion for explanation.
Type  H <return>  for immediate help.
 ...                                              
                                                  
l.1 \chapter{Î‘ÏÎ¹Î¸Î¼Î·Ï„Î¹ÎºÎ® Î•Ï€Î¯Î»Ï…Ïƒ
                                              Î· Î“ÏÎ±Î¼Î¼Î¹ÎºÎ¿Ï Î£Ï…ÏƒÏ„...

You may provide a definition with
\DeclareUnicodeCharacter 


! LaTeX Error: Unicode character Î· (U+03B7)
               not set up for use with LaTeX.

See the LaTeX manual or LaTeX Companion for explanation.
Type  H <return>  for immediate help.
 ...                                              
                                                  
l.1 \chapter{Î‘ÏÎ¹Î¸Î¼Î·Ï„Î¹ÎºÎ® Î•Ï€Î¯Î»Ï…ÏƒÎ·
                                                 Î“ÏÎ±Î¼Î¼Î¹ÎºÎ¿Ï Î£Ï…ÏƒÏ„...

You may provide a definition with
\DeclareUnicodeCharacter 


! LaTeX Error: Unicode character Î“ (U+0393)
               not set up for use with LaTeX.

See the LaTeX manual or LaTeX Companion for explanation.
Type  H <return>  for immediate help.
 ...                                              
                                                  
l.1 ...pter{Î‘ÏÎ¹Î¸Î¼Î·Ï„Î¹ÎºÎ® Î•Ï€Î¯Î»Ï…ÏƒÎ· Î“
                                                  ÏÎ±Î¼Î¼Î¹ÎºÎ¿Ï Î£Ï…ÏƒÏ„Î...

You may provide a definition with
\DeclareUnicodeCharacter 


! LaTeX Error: Unicode character Ï (U+03C1)
               not set up for use with LaTeX.

See the LaTeX manual or LaTeX Companion for explanation.
Type  H <return>  for immediate help.
 ...                                              
                                                  
l.1 ...er{Î‘ÏÎ¹Î¸Î¼Î·Ï„Î¹ÎºÎ® Î•Ï€Î¯Î»Ï…ÏƒÎ· Î“Ï
                                                  Î±Î¼Î¼Î¹ÎºÎ¿Ï Î£Ï…ÏƒÏ„Î®Î...

You may provide a definition with
\DeclareUnicodeCharacter 


! LaTeX Error: Unicode character Î± (U+03B1)
               not set up for use with LaTeX.

See the LaTeX manual or LaTeX Companion for explanation.
Type  H <return>  for immediate help.
 ...                                              
                                                  
l.1 ...{Î‘ÏÎ¹Î¸Î¼Î·Ï„Î¹ÎºÎ® Î•Ï€Î¯Î»Ï…ÏƒÎ· Î“ÏÎ±
                                                  Î¼Î¼Î¹ÎºÎ¿Ï Î£Ï…ÏƒÏ„Î®Î¼Î...

You may provide a definition with
\DeclareUnicodeCharacter 


! LaTeX Error: Unicode character Î¼ (U+03BC)
               not set up for use with LaTeX.

See the LaTeX manual or LaTeX Companion for explanation.
Type  H <return>  for immediate help.
 ...                                              
                                                  
l.1 ...‘ÏÎ¹Î¸Î¼Î·Ï„Î¹ÎºÎ® Î•Ï€Î¯Î»Ï…ÏƒÎ· Î“ÏÎ±Î¼
                                                  Î¼Î¹ÎºÎ¿Ï Î£Ï…ÏƒÏ„Î®Î¼Î±Ï...

You may provide a definition with
\DeclareUnicodeCharacter 


! LaTeX Error: Unicode character Î¼ (U+03BC)
               not set up for use with LaTeX.

See the LaTeX manual or LaTeX Companion for explanation.
Type  H <return>  for immediate help.
 ...                                              
                                                  
l.1 ...Î¹Î¸Î¼Î·Ï„Î¹ÎºÎ® Î•Ï€Î¯Î»Ï…ÏƒÎ· Î“ÏÎ±Î¼Î¼
                                                  Î¹ÎºÎ¿Ï Î£Ï…ÏƒÏ„Î®Î¼Î±Ï„Î...

You may provide a definition with
\DeclareUnicodeCharacter 


! LaTeX Error: Unicode character Î¹ (U+03B9)
               not set up for use with LaTeX.

See the LaTeX manual or LaTeX Companion for explanation.
Type  H <return>  for immediate help.
 ...                                              
                                                  
l.1 ...¹Î¸Î¼Î·Ï„Î¹ÎºÎ® Î•Ï€Î¯Î»Ï…ÏƒÎ· Î“ÏÎ±Î¼Î¼Î¹
                                                  ÎºÎ¿Ï Î£Ï…ÏƒÏ„Î®Î¼Î±Ï„Î¿Ï‚}
You may provide a definition with
\DeclareUnicodeCharacter 


! LaTeX Error: Unicode character Îº (U+03BA)
               not set up for use with LaTeX.

See the LaTeX manual or LaTeX Companion for explanation.
Type  H <return>  for immediate help.
 ...                                              
                                                  
l.1 ...¸Î¼Î·Ï„Î¹ÎºÎ® Î•Ï€Î¯Î»Ï…ÏƒÎ· Î“ÏÎ±Î¼Î¼Î¹Îº
                                                  Î¿Ï Î£Ï…ÏƒÏ„Î®Î¼Î±Ï„Î¿Ï‚}
You may provide a definition with
\DeclareUnicodeCharacter 


! LaTeX Error: Unicode character Î¿ (U+03BF)
               not set up for use with LaTeX.

See the LaTeX manual or LaTeX Companion for explanation.
Type  H <return>  for immediate help.
 ...                                              
                                                  
l.1 ...¼Î·Ï„Î¹ÎºÎ® Î•Ï€Î¯Î»Ï…ÏƒÎ· Î“ÏÎ±Î¼Î¼Î¹ÎºÎ¿
                                                  Ï Î£Ï…ÏƒÏ„Î®Î¼Î±Ï„Î¿Ï‚}
You may provide a definition with
\DeclareUnicodeCharacter 


! LaTeX Error: Unicode character Ï (U+03CD)
               not set up for use with LaTeX.

See the LaTeX manual or LaTeX Companion for explanation.
Type  H <return>  for immediate help.
 ...                                              
                                                  
l.1 ...·Ï„Î¹ÎºÎ® Î•Ï€Î¯Î»Ï…ÏƒÎ· Î“ÏÎ±Î¼Î¼Î¹ÎºÎ¿Ï
                                                   Î£Ï…ÏƒÏ„Î®Î¼Î±Ï„Î¿Ï‚}
You may provide a definition with
\DeclareUnicodeCharacter 


! LaTeX Error: Unicode character Î£ (U+03A3)
               not set up for use with LaTeX.

See the LaTeX manual or LaTeX Companion for explanation.
Type  H <return>  for immediate help.
 ...                                              
                                                  
l.1 ...Î¹ÎºÎ® Î•Ï€Î¯Î»Ï…ÏƒÎ· Î“ÏÎ±Î¼Î¼Î¹ÎºÎ¿Ï Î£
                                                  Ï…ÏƒÏ„Î®Î¼Î±Ï„Î¿Ï‚}
You may provide a definition with
\DeclareUnicodeCharacter 


! LaTeX Error: Unicode character Ï… (U+03C5)
               not set up for use with LaTeX.

See the LaTeX manual or LaTeX Companion for explanation.
Type  H <return>  for immediate help.
 ...                                              
                                                  
l.1 ...ÎºÎ® Î•Ï€Î¯Î»Ï…ÏƒÎ· Î“ÏÎ±Î¼Î¼Î¹ÎºÎ¿Ï Î£Ï…
                                                  ÏƒÏ„Î®Î¼Î±Ï„Î¿Ï‚}
You may provide a definition with
\DeclareUnicodeCharacter 


! LaTeX Error: Unicode character Ïƒ (U+03C3)
               not set up for use with LaTeX.

See the LaTeX manual or LaTeX Companion for explanation.
Type  H <return>  for immediate help.
 ...                                              
                                                  
l.1 ...Î® Î•Ï€Î¯Î»Ï…ÏƒÎ· Î“ÏÎ±Î¼Î¼Î¹ÎºÎ¿Ï Î£Ï…Ïƒ
                                                  Ï„Î®Î¼Î±Ï„Î¿Ï‚}
You may provide a definition with
\DeclareUnicodeCharacter 


! LaTeX Error: Unicode character Ï„ (U+03C4)
               not set up for use with LaTeX.

See the LaTeX manual or LaTeX Companion for explanation.
Type  H <return>  for immediate help.
 ...                                              
                                                  
l.1 ... Î•Ï€Î¯Î»Ï…ÏƒÎ· Î“ÏÎ±Î¼Î¼Î¹ÎºÎ¿Ï Î£Ï…ÏƒÏ„
                                                  Î®Î¼Î±Ï„Î¿Ï‚}
You may provide a definition with
\DeclareUnicodeCharacter 


! LaTeX Error: Unicode character Î® (U+03AE)
               not set up for use with LaTeX.

See the LaTeX manual or LaTeX Companion for explanation.
Type  H <return>  for immediate help.
 ...                                              
                                                  
l.1 ...•Ï€Î¯Î»Ï…ÏƒÎ· Î“ÏÎ±Î¼Î¼Î¹ÎºÎ¿Ï Î£Ï…ÏƒÏ„Î®
                                                  Î¼Î±Ï„Î¿Ï‚}
You may provide a definition with
\DeclareUnicodeCharacter 


! LaTeX Error: Unicode character Î¼ (U+03BC)
               not set up for use with LaTeX.

See the LaTeX manual or LaTeX Companion for explanation.
Type  H <return>  for immediate help.
 ...                                              
                                                  
l.1 ...€Î¯Î»Ï…ÏƒÎ· Î“ÏÎ±Î¼Î¼Î¹ÎºÎ¿Ï Î£Ï…ÏƒÏ„Î®Î¼
                                                  Î±Ï„Î¿Ï‚}
You may provide a definition with
\DeclareUnicodeCharacter 


! LaTeX Error: Unicode character Î± (U+03B1)
               not set up for use with LaTeX.

See the LaTeX manual or LaTeX Companion for explanation.
Type  H <return>  for immediate help.
 ...                                              
                                                  
l.1 ...¯Î»Ï…ÏƒÎ· Î“ÏÎ±Î¼Î¼Î¹ÎºÎ¿Ï Î£Ï…ÏƒÏ„Î®Î¼Î±
                                                  Ï„Î¿Ï‚}
You may provide a definition with
\DeclareUnicodeCharacter 


! LaTeX Error: Unicode character Ï„ (U+03C4)
               not set up for use with LaTeX.

See the LaTeX manual or LaTeX Companion for explanation.
Type  H <return>  for immediate help.
 ...                                              
                                                  
l.1 ...»Ï…ÏƒÎ· Î“ÏÎ±Î¼Î¼Î¹ÎºÎ¿Ï Î£Ï…ÏƒÏ„Î®Î¼Î±Ï„
                                                  Î¿Ï‚}
You may provide a definition with
\DeclareUnicodeCharacter 


! LaTeX Error: Unicode character Î¿ (U+03BF)
               not set up for use with LaTeX.

See the LaTeX manual or LaTeX Companion for explanation.
Type  H <return>  for immediate help.
 ...                                              
                                                  
l.1 ...…ÏƒÎ· Î“ÏÎ±Î¼Î¼Î¹ÎºÎ¿Ï Î£Ï…ÏƒÏ„Î®Î¼Î±Ï„Î¿
                                                  Ï‚}
You may provide a definition with
\DeclareUnicodeCharacter 


! LaTeX Error: Unicode character Ï‚ (U+03C2)
               not set up for use with LaTeX.

See the LaTeX manual or LaTeX Companion for explanation.
Type  H <return>  for immediate help.
 ...                                              
                                                  
l.1 ...ƒÎ· Î“ÏÎ±Î¼Î¼Î¹ÎºÎ¿Ï Î£Ï…ÏƒÏ„Î®Î¼Î±Ï„Î¿Ï‚
                                                  }
You may provide a definition with
\DeclareUnicodeCharacter 


! LaTeX Error: Unicode character Î¤ (U+03A4)
               not set up for use with LaTeX.

See the LaTeX manual or LaTeX Companion for explanation.
Type  H <return>  for immediate help.
 ...                                              
                                                  
l.2 Î¤
      Î¿ Ï€Î¹Î¿ ÏƒÎ·Î¼Î±Î½Ï„Î¹ÎºÏŒ Ï€ÏÏŒÎ²Î»Î·Î¼Î± Ï€Î¿Ï… ÎºÎ±Î»Î¿ÏÎ¼Î±ÏƒÏ...

You may provide a definition with
\DeclareUnicodeCharacter 


! LaTeX Error: Unicode character Î¿ (U+03BF)
               not set up for use with LaTeX.

See the LaTeX manual or LaTeX Companion for explanation.
Type  H <return>  for immediate help.
 ...                                              
                                                  
l.2 Î¤Î¿
         Ï€Î¹Î¿ ÏƒÎ·Î¼Î±Î½Ï„Î¹ÎºÏŒ Ï€ÏÏŒÎ²Î»Î·Î¼Î± Ï€Î¿Ï… ÎºÎ±Î»Î¿ÏÎ¼Î±ÏƒÏ...

You may provide a definition with
\DeclareUnicodeCharacter 


! LaTeX Error: Unicode character Ï€ (U+03C0)
               not set up for use with LaTeX.

See the LaTeX manual or LaTeX Companion for explanation.
Type  H <return>  for immediate help.
 ...                                              
                                                  
l.2 Î¤Î¿ Ï€
           Î¹Î¿ ÏƒÎ·Î¼Î±Î½Ï„Î¹ÎºÏŒ Ï€ÏÏŒÎ²Î»Î·Î¼Î± Ï€Î¿Ï… ÎºÎ±Î»Î¿ÏÎ¼Î±ÏƒÏ...

You may provide a definition with
\DeclareUnicodeCharacter 


! LaTeX Error: Unicode character Î¹ (U+03B9)
               not set up for use with LaTeX.

See the LaTeX manual or LaTeX Companion for explanation.
Type  H <return>  for immediate help.
 ...                                              
                                                  
l.2 Î¤Î¿ Ï€Î¹
             Î¿ ÏƒÎ·Î¼Î±Î½Ï„Î¹ÎºÏŒ Ï€ÏÏŒÎ²Î»Î·Î¼Î± Ï€Î¿Ï… ÎºÎ±Î»Î¿ÏÎ¼Î±ÏƒÏ...

You may provide a definition with
\DeclareUnicodeCharacter 


! LaTeX Error: Unicode character Î¿ (U+03BF)
               not set up for use with LaTeX.

See the LaTeX manual or LaTeX Companion for explanation.
Type  H <return>  for immediate help.
 ...                                              
                                                  
l.2 Î¤Î¿ Ï€Î¹Î¿
                ÏƒÎ·Î¼Î±Î½Ï„Î¹ÎºÏŒ Ï€ÏÏŒÎ²Î»Î·Î¼Î± Ï€Î¿Ï… ÎºÎ±Î»Î¿ÏÎ¼Î±ÏƒÏ...

You may provide a definition with
\DeclareUnicodeCharacter 


! LaTeX Error: Unicode character Ïƒ (U+03C3)
               not set up for use with LaTeX.

See the LaTeX manual or LaTeX Companion for explanation.
Type  H <return>  for immediate help.
 ...                                              
                                                  
l.2 Î¤Î¿ Ï€Î¹Î¿ Ïƒ
                  Î·Î¼Î±Î½Ï„Î¹ÎºÏŒ Ï€ÏÏŒÎ²Î»Î·Î¼Î± Ï€Î¿Ï… ÎºÎ±Î»Î¿ÏÎ¼Î±ÏƒÏ...

You may provide a definition with
\DeclareUnicodeCharacter 


! LaTeX Error: Unicode character Î· (U+03B7)
               not set up for use with LaTeX.

See the LaTeX manual or LaTeX Companion for explanation.
Type  H <return>  for immediate help.
 ...                                              
                                                  
l.2 Î¤Î¿ Ï€Î¹Î¿ ÏƒÎ·
                    Î¼Î±Î½Ï„Î¹ÎºÏŒ Ï€ÏÏŒÎ²Î»Î·Î¼Î± Ï€Î¿Ï… ÎºÎ±Î»Î¿ÏÎ¼Î±ÏƒÏ...

You may provide a definition with
\DeclareUnicodeCharacter 


! LaTeX Error: Unicode character Î¼ (U+03BC)
               not set up for use with LaTeX.

See the LaTeX manual or LaTeX Companion for explanation.
Type  H <return>  for immediate help.
 ...                                              
                                                  
l.2 Î¤Î¿ Ï€Î¹Î¿ ÏƒÎ·Î¼
                      Î±Î½Ï„Î¹ÎºÏŒ Ï€ÏÏŒÎ²Î»Î·Î¼Î± Ï€Î¿Ï… ÎºÎ±Î»Î¿ÏÎ¼Î±ÏƒÏ...

You may provide a definition with
\DeclareUnicodeCharacter 


! LaTeX Error: Unicode character Î± (U+03B1)
               not set up for use with LaTeX.

See the LaTeX manual or LaTeX Companion for explanation.
Type  H <return>  for immediate help.
 ...                                              
                                                  
l.2 Î¤Î¿ Ï€Î¹Î¿ ÏƒÎ·Î¼Î±
                        Î½Ï„Î¹ÎºÏŒ Ï€ÏÏŒÎ²Î»Î·Î¼Î± Ï€Î¿Ï… ÎºÎ±Î»Î¿ÏÎ¼Î±ÏƒÏ...

You may provide a definition with
\DeclareUnicodeCharacter 


! LaTeX Error: Unicode character Î½ (U+03BD)
               not set up for use with LaTeX.

See the LaTeX manual or LaTeX Companion for explanation.
Type  H <return>  for immediate help.
 ...                                              
                                                  
l.2 Î¤Î¿ Ï€Î¹Î¿ ÏƒÎ·Î¼Î±Î½
                          Ï„Î¹ÎºÏŒ Ï€ÏÏŒÎ²Î»Î·Î¼Î± Ï€Î¿Ï… ÎºÎ±Î»Î¿ÏÎ¼Î±ÏƒÏ...

You may provide a definition with
\DeclareUnicodeCharacter 


! LaTeX Error: Unicode character Ï„ (U+03C4)
               not set up for use with LaTeX.

See the LaTeX manual or LaTeX Companion for explanation.
Type  H <return>  for immediate help.
 ...                                              
                                                  
l.2 Î¤Î¿ Ï€Î¹Î¿ ÏƒÎ·Î¼Î±Î½Ï„
                            Î¹ÎºÏŒ Ï€ÏÏŒÎ²Î»Î·Î¼Î± Ï€Î¿Ï… ÎºÎ±Î»Î¿ÏÎ¼Î±ÏƒÏ...

You may provide a definition with
\DeclareUnicodeCharacter 


! LaTeX Error: Unicode character Î¹ (U+03B9)
               not set up for use with LaTeX.

See the LaTeX manual or LaTeX Companion for explanation.
Type  H <return>  for immediate help.
 ...                                              
                                                  
l.2 Î¤Î¿ Ï€Î¹Î¿ ÏƒÎ·Î¼Î±Î½Ï„Î¹
                              ÎºÏŒ Ï€ÏÏŒÎ²Î»Î·Î¼Î± Ï€Î¿Ï… ÎºÎ±Î»Î¿ÏÎ¼Î±ÏƒÏ...

You may provide a definition with
\DeclareUnicodeCharacter 


! LaTeX Error: Unicode character Îº (U+03BA)
               not set up for use with LaTeX.

See the LaTeX manual or LaTeX Companion for explanation.
Type  H <return>  for immediate help.
 ...                                              
                                                  
l.2 Î¤Î¿ Ï€Î¹Î¿ ÏƒÎ·Î¼Î±Î½Ï„Î¹Îº
                                ÏŒ Ï€ÏÏŒÎ²Î»Î·Î¼Î± Ï€Î¿Ï… ÎºÎ±Î»Î¿ÏÎ¼Î±ÏƒÏ...

You may provide a definition with
\DeclareUnicodeCharacter 


! LaTeX Error: Unicode character ÏŒ (U+03CC)
               not set up for use with LaTeX.

See the LaTeX manual or LaTeX Companion for explanation.
Type  H <return>  for immediate help.
 ...                                              
                                                  
l.2 Î¤Î¿ Ï€Î¹Î¿ ÏƒÎ·Î¼Î±Î½Ï„Î¹ÎºÏŒ
                                   Ï€ÏÏŒÎ²Î»Î·Î¼Î± Ï€Î¿Ï… ÎºÎ±Î»Î¿ÏÎ¼Î±ÏƒÏ...

You may provide a definition with
\DeclareUnicodeCharacter 


! LaTeX Error: Unicode character Ï€ (U+03C0)
               not set up for use with LaTeX.

See the LaTeX manual or LaTeX Companion for explanation.
Type  H <return>  for immediate help.
 ...                                              
                                                  
l.2 Î¤Î¿ Ï€Î¹Î¿ ÏƒÎ·Î¼Î±Î½Ï„Î¹ÎºÏŒ Ï€
                                     ÏÏŒÎ²Î»Î·Î¼Î± Ï€Î¿Ï… ÎºÎ±Î»Î¿ÏÎ¼Î±ÏƒÏ...

You may provide a definition with
\DeclareUnicodeCharacter 


! LaTeX Error: Unicode character Ï (U+03C1)
               not set up for use with LaTeX.

See the LaTeX manual or LaTeX Companion for explanation.
Type  H <return>  for immediate help.
 ...                                              
                                                  
l.2 Î¤Î¿ Ï€Î¹Î¿ ÏƒÎ·Î¼Î±Î½Ï„Î¹ÎºÏŒ Ï€Ï
                                       ÏŒÎ²Î»Î·Î¼Î± Ï€Î¿Ï… ÎºÎ±Î»Î¿ÏÎ¼Î±ÏƒÏ...

You may provide a definition with
\DeclareUnicodeCharacter 


! LaTeX Error: Unicode character ÏŒ (U+03CC)
               not set up for use with LaTeX.

See the LaTeX manual or LaTeX Companion for explanation.
Type  H <return>  for immediate help.
 ...                                              
                                                  
l.2 Î¤Î¿ Ï€Î¹Î¿ ÏƒÎ·Î¼Î±Î½Ï„Î¹ÎºÏŒ Ï€ÏÏŒ
                                         Î²Î»Î·Î¼Î± Ï€Î¿Ï… ÎºÎ±Î»Î¿ÏÎ¼Î±ÏƒÏ...

You may provide a definition with
\DeclareUnicodeCharacter 


! LaTeX Error: Unicode character Î² (U+03B2)
               not set up for use with LaTeX.

See the LaTeX manual or LaTeX Companion for explanation.
Type  H <return>  for immediate help.
 ...                                              
                                                  
l.2 Î¤Î¿ Ï€Î¹Î¿ ÏƒÎ·Î¼Î±Î½Ï„Î¹ÎºÏŒ Ï€ÏÏŒÎ²
                                           Î»Î·Î¼Î± Ï€Î¿Ï… ÎºÎ±Î»Î¿ÏÎ¼Î±ÏƒÏ...

You may provide a definition with
\DeclareUnicodeCharacter 


! LaTeX Error: Unicode character Î» (U+03BB)
               not set up for use with LaTeX.

See the LaTeX manual or LaTeX Companion for explanation.
Type  H <return>  for immediate help.
 ...                                              
                                                  
l.2 Î¤Î¿ Ï€Î¹Î¿ ÏƒÎ·Î¼Î±Î½Ï„Î¹ÎºÏŒ Ï€ÏÏŒÎ²Î»
                                             Î·Î¼Î± Ï€Î¿Ï… ÎºÎ±Î»Î¿ÏÎ¼Î±ÏƒÏ...

You may provide a definition with
\DeclareUnicodeCharacter 


! LaTeX Error: Unicode character Î· (U+03B7)
               not set up for use with LaTeX.

See the LaTeX manual or LaTeX Companion for explanation.
Type  H <return>  for immediate help.
 ...                                              
                                                  
l.2 Î¤Î¿ Ï€Î¹Î¿ ÏƒÎ·Î¼Î±Î½Ï„Î¹ÎºÏŒ Ï€ÏÏŒÎ²Î»Î·
                                               Î¼Î± Ï€Î¿Ï… ÎºÎ±Î»Î¿ÏÎ¼Î±ÏƒÏ...

You may provide a definition with
\DeclareUnicodeCharacter 


! LaTeX Error: Unicode character Î¼ (U+03BC)
               not set up for use with LaTeX.

See the LaTeX manual or LaTeX Companion for explanation.
Type  H <return>  for immediate help.
 ...                                              
                                                  
l.2 Î¤Î¿ Ï€Î¹Î¿ ÏƒÎ·Î¼Î±Î½Ï„Î¹ÎºÏŒ Ï€ÏÏŒÎ²Î»Î·Î¼
                                                 Î± Ï€Î¿Ï… ÎºÎ±Î»Î¿ÏÎ¼Î±ÏƒÏ...

You may provide a definition with
\DeclareUnicodeCharacter 


! LaTeX Error: Unicode character Î± (U+03B1)
               not set up for use with LaTeX.

See the LaTeX manual or LaTeX Companion for explanation.
Type  H <return>  for immediate help.
 ...                                              
                                                  
l.2 ... Ï€Î¹Î¿ ÏƒÎ·Î¼Î±Î½Ï„Î¹ÎºÏŒ Ï€ÏÏŒÎ²Î»Î·Î¼Î±
                                                   Ï€Î¿Ï… ÎºÎ±Î»Î¿ÏÎ¼Î±ÏƒÏ„...

You may provide a definition with
\DeclareUnicodeCharacter 


! LaTeX Error: Unicode character Ï€ (U+03C0)
               not set up for use with LaTeX.

See the LaTeX manual or LaTeX Companion for explanation.
Type  H <return>  for immediate help.
 ...                                              
                                                  
l.2 ...Î¹Î¿ ÏƒÎ·Î¼Î±Î½Ï„Î¹ÎºÏŒ Ï€ÏÏŒÎ²Î»Î·Î¼Î± Ï€
                                                  Î¿Ï… ÎºÎ±Î»Î¿ÏÎ¼Î±ÏƒÏ„Îµ ...

You may provide a definition with
\DeclareUnicodeCharacter 


! LaTeX Error: Unicode character Î¿ (U+03BF)
               not set up for use with LaTeX.

See the LaTeX manual or LaTeX Companion for explanation.
Type  H <return>  for immediate help.
 ...                                              
                                                  
l.2 ...Î¿ ÏƒÎ·Î¼Î±Î½Ï„Î¹ÎºÏŒ Ï€ÏÏŒÎ²Î»Î·Î¼Î± Ï€Î¿
                                                  Ï… ÎºÎ±Î»Î¿ÏÎ¼Î±ÏƒÏ„Îµ Î½...

You may provide a definition with
\DeclareUnicodeCharacter 


! LaTeX Error: Unicode character Ï… (U+03C5)
               not set up for use with LaTeX.

See the LaTeX manual or LaTeX Companion for explanation.
Type  H <return>  for immediate help.
 ...                                              
                                                  
l.2 ... ÏƒÎ·Î¼Î±Î½Ï„Î¹ÎºÏŒ Ï€ÏÏŒÎ²Î»Î·Î¼Î± Ï€Î¿Ï…
                                                   ÎºÎ±Î»Î¿ÏÎ¼Î±ÏƒÏ„Îµ Î½Î±...

You may provide a definition with
\DeclareUnicodeCharacter 


! LaTeX Error: Unicode character Îº (U+03BA)
               not set up for use with LaTeX.

See the LaTeX manual or LaTeX Companion for explanation.
Type  H <return>  for immediate help.
 ...                                              
                                                  
l.2 ...Î·Î¼Î±Î½Ï„Î¹ÎºÏŒ Ï€ÏÏŒÎ²Î»Î·Î¼Î± Ï€Î¿Ï… Îº
                                                  Î±Î»Î¿ÏÎ¼Î±ÏƒÏ„Îµ Î½Î± Î»...

You may provide a definition with
\DeclareUnicodeCharacter 


! LaTeX Error: Unicode character Î± (U+03B1)
               not set up for use with LaTeX.

See the LaTeX manual or LaTeX Companion for explanation.
Type  H <return>  for immediate help.
 ...                                              
                                                  
l.2 ...Î¼Î±Î½Ï„Î¹ÎºÏŒ Ï€ÏÏŒÎ²Î»Î·Î¼Î± Ï€Î¿Ï… ÎºÎ±
                                                  Î»Î¿ÏÎ¼Î±ÏƒÏ„Îµ Î½Î± Î»Ï...

You may provide a definition with
\DeclareUnicodeCharacter 


! LaTeX Error: Unicode character Î» (U+03BB)
               not set up for use with LaTeX.

See the LaTeX manual or LaTeX Companion for explanation.
Type  H <return>  for immediate help.
 ...                                              
                                                  
l.2 ...Î±Î½Ï„Î¹ÎºÏŒ Ï€ÏÏŒÎ²Î»Î·Î¼Î± Ï€Î¿Ï… ÎºÎ±Î»
                                                  Î¿ÏÎ¼Î±ÏƒÏ„Îµ Î½Î± Î»ÏÏƒ...

You may provide a definition with
\DeclareUnicodeCharacter 


! LaTeX Error: Unicode character Î¿ (U+03BF)
               not set up for use with LaTeX.

See the LaTeX manual or LaTeX Companion for explanation.
Type  H <return>  for immediate help.
 ...                                              
                                                  
l.2 ...Î½Ï„Î¹ÎºÏŒ Ï€ÏÏŒÎ²Î»Î·Î¼Î± Ï€Î¿Ï… ÎºÎ±Î»Î¿
                                                  ÏÎ¼Î±ÏƒÏ„Îµ Î½Î± Î»ÏÏƒÎ¿...

You may provide a definition with
\DeclareUnicodeCharacter 


! LaTeX Error: Unicode character Ï (U+03CD)
               not set up for use with LaTeX.

See the LaTeX manual or LaTeX Companion for explanation.
Type  H <return>  for immediate help.
 ...                                              
                                                  
l.2 ...Ï„Î¹ÎºÏŒ Ï€ÏÏŒÎ²Î»Î·Î¼Î± Ï€Î¿Ï… ÎºÎ±Î»Î¿Ï
                                                  Î¼Î±ÏƒÏ„Îµ Î½Î± Î»ÏÏƒÎ¿Ï…...

You may provide a definition with
\DeclareUnicodeCharacter 


! LaTeX Error: Unicode character Î¼ (U+03BC)
               not set up for use with LaTeX.

See the LaTeX manual or LaTeX Companion for explanation.
Type  H <return>  for immediate help.
 ...                                              
                                                  
l.2 ...Î¹ÎºÏŒ Ï€ÏÏŒÎ²Î»Î·Î¼Î± Ï€Î¿Ï… ÎºÎ±Î»Î¿ÏÎ¼
                                                  Î±ÏƒÏ„Îµ Î½Î± Î»ÏÏƒÎ¿Ï…Î¼...

You may provide a definition with
\DeclareUnicodeCharacter 


! LaTeX Error: Unicode character Î± (U+03B1)
               not set up for use with LaTeX.

See the LaTeX manual or LaTeX Companion for explanation.
Type  H <return>  for immediate help.
 ...                                              
                                                  
l.2 ...ÎºÏŒ Ï€ÏÏŒÎ²Î»Î·Î¼Î± Ï€Î¿Ï… ÎºÎ±Î»Î¿ÏÎ¼Î±
                                                  ÏƒÏ„Îµ Î½Î± Î»ÏÏƒÎ¿Ï…Î¼Îµ...

You may provide a definition with
\DeclareUnicodeCharacter 


! LaTeX Error: Unicode character Ïƒ (U+03C3)
               not set up for use with LaTeX.

See the LaTeX manual or LaTeX Companion for explanation.
Type  H <return>  for immediate help.
 ...                                              
                                                  
l.2 ...ÏŒ Ï€ÏÏŒÎ²Î»Î·Î¼Î± Ï€Î¿Ï… ÎºÎ±Î»Î¿ÏÎ¼Î±Ïƒ
                                                  Ï„Îµ Î½Î± Î»ÏÏƒÎ¿Ï…Î¼Îµ Î...

You may provide a definition with
\DeclareUnicodeCharacter 


! LaTeX Error: Unicode character Ï„ (U+03C4)
               not set up for use with LaTeX.

See the LaTeX manual or LaTeX Companion for explanation.
Type  H <return>  for immediate help.
 ...                                              
                                                  
l.2 ... Ï€ÏÏŒÎ²Î»Î·Î¼Î± Ï€Î¿Ï… ÎºÎ±Î»Î¿ÏÎ¼Î±ÏƒÏ„
                                                  Îµ Î½Î± Î»ÏÏƒÎ¿Ï…Î¼Îµ Î¼Î...

You may provide a definition with
\DeclareUnicodeCharacter 


! LaTeX Error: Unicode character Îµ (U+03B5)
               not set up for use with LaTeX.

See the LaTeX manual or LaTeX Companion for explanation.
Type  H <return>  for immediate help.
 ...                                              
                                                  
l.2 ...€ÏÏŒÎ²Î»Î·Î¼Î± Ï€Î¿Ï… ÎºÎ±Î»Î¿ÏÎ¼Î±ÏƒÏ„Îµ
                                                   Î½Î± Î»ÏÏƒÎ¿Ï…Î¼Îµ Î¼Î­Ï...

You may provide a definition with
\DeclareUnicodeCharacter 


! LaTeX Error: Unicode character Î½ (U+03BD)
               not set up for use with LaTeX.

See the LaTeX manual or LaTeX Companion for explanation.
Type  H <return>  for immediate help.
 ...                                              
                                                  
l.2 ...ÏŒÎ²Î»Î·Î¼Î± Ï€Î¿Ï… ÎºÎ±Î»Î¿ÏÎ¼Î±ÏƒÏ„Îµ Î½
                                                  Î± Î»ÏÏƒÎ¿Ï…Î¼Îµ Î¼Î­ÏƒÏ‰...

You may provide a definition with
\DeclareUnicodeCharacter 


! LaTeX Error: Unicode character Î± (U+03B1)
               not set up for use with LaTeX.

See the LaTeX manual or LaTeX Companion for explanation.
Type  H <return>  for immediate help.
 ...                                              
                                                  
l.2 ...Î²Î»Î·Î¼Î± Ï€Î¿Ï… ÎºÎ±Î»Î¿ÏÎ¼Î±ÏƒÏ„Îµ Î½Î±
                                                   Î»ÏÏƒÎ¿Ï…Î¼Îµ Î¼Î­ÏƒÏ‰ Ï...

You may provide a definition with
\DeclareUnicodeCharacter 


! LaTeX Error: Unicode character Î» (U+03BB)
               not set up for use with LaTeX.

See the LaTeX manual or LaTeX Companion for explanation.
Type  H <return>  for immediate help.
 ...                                              
                                                  
l.2 ...»Î·Î¼Î± Ï€Î¿Ï… ÎºÎ±Î»Î¿ÏÎ¼Î±ÏƒÏ„Îµ Î½Î± Î»
                                                  ÏÏƒÎ¿Ï…Î¼Îµ Î¼Î­ÏƒÏ‰ Ï„Î·...

You may provide a definition with
\DeclareUnicodeCharacter 


! LaTeX Error: Unicode character Ï (U+03CD)
               not set up for use with LaTeX.

See the LaTeX manual or LaTeX Companion for explanation.
Type  H <return>  for immediate help.
 ...                                              
                                                  
l.2 ...·Î¼Î± Ï€Î¿Ï… ÎºÎ±Î»Î¿ÏÎ¼Î±ÏƒÏ„Îµ Î½Î± Î»Ï
                                                  ÏƒÎ¿Ï…Î¼Îµ Î¼Î­ÏƒÏ‰ Ï„Î·Ï‚...

You may provide a definition with
\DeclareUnicodeCharacter 


! LaTeX Error: Unicode character Ïƒ (U+03C3)
               not set up for use with LaTeX.

See the LaTeX manual or LaTeX Companion for explanation.
Type  H <return>  for immediate help.
 ...                                              
                                                  
l.2 ...¼Î± Ï€Î¿Ï… ÎºÎ±Î»Î¿ÏÎ¼Î±ÏƒÏ„Îµ Î½Î± Î»ÏÏƒ
                                                  Î¿Ï…Î¼Îµ Î¼Î­ÏƒÏ‰ Ï„Î·Ï‚ Î...

You may provide a definition with
\DeclareUnicodeCharacter 


! LaTeX Error: Unicode character Î¿ (U+03BF)
               not set up for use with LaTeX.

See the LaTeX manual or LaTeX Companion for explanation.
Type  H <return>  for immediate help.
 ...                                              
                                                  
l.2 ...± Ï€Î¿Ï… ÎºÎ±Î»Î¿ÏÎ¼Î±ÏƒÏ„Îµ Î½Î± Î»ÏÏƒÎ¿
                                                  Ï…Î¼Îµ Î¼Î­ÏƒÏ‰ Ï„Î·Ï‚ Î³Ï...

You may provide a definition with
\DeclareUnicodeCharacter 


! LaTeX Error: Unicode character Ï… (U+03C5)
               not set up for use with LaTeX.

See the LaTeX manual or LaTeX Companion for explanation.
Type  H <return>  for immediate help.
 ...                                              
                                                  
l.2 ...Ï€Î¿Ï… ÎºÎ±Î»Î¿ÏÎ¼Î±ÏƒÏ„Îµ Î½Î± Î»ÏÏƒÎ¿Ï…
                                                  Î¼Îµ Î¼Î­ÏƒÏ‰ Ï„Î·Ï‚ Î³ÏÎ...

You may provide a definition with
\DeclareUnicodeCharacter 


! LaTeX Error: Unicode character Î¼ (U+03BC)
               not set up for use with LaTeX.

See the LaTeX manual or LaTeX Companion for explanation.
Type  H <return>  for immediate help.
 ...                                              
                                                  
l.2 ...Î¿Ï… ÎºÎ±Î»Î¿ÏÎ¼Î±ÏƒÏ„Îµ Î½Î± Î»ÏÏƒÎ¿Ï…Î¼
                                                  Îµ Î¼Î­ÏƒÏ‰ Ï„Î·Ï‚ Î³ÏÎ±Î...

You may provide a definition with
\DeclareUnicodeCharacter 


! LaTeX Error: Unicode character Îµ (U+03B5)
               not set up for use with LaTeX.

See the LaTeX manual or LaTeX Companion for explanation.
Type  H <return>  for immediate help.
 ...                                              
                                                  
l.2 ...Ï… ÎºÎ±Î»Î¿ÏÎ¼Î±ÏƒÏ„Îµ Î½Î± Î»ÏÏƒÎ¿Ï…Î¼Îµ
                                                   Î¼Î­ÏƒÏ‰ Ï„Î·Ï‚ Î³ÏÎ±Î¼Î...

You may provide a definition with
\DeclareUnicodeCharacter 


! LaTeX Error: Unicode character Î¼ (U+03BC)
               not set up for use with LaTeX.

See the LaTeX manual or LaTeX Companion for explanation.
Type  H <return>  for immediate help.
 ...                                              
                                                  
l.2 ...ÎºÎ±Î»Î¿ÏÎ¼Î±ÏƒÏ„Îµ Î½Î± Î»ÏÏƒÎ¿Ï…Î¼Îµ Î¼
                                                  Î­ÏƒÏ‰ Ï„Î·Ï‚ Î³ÏÎ±Î¼Î¼Î¹...

You may provide a definition with
\DeclareUnicodeCharacter 


! LaTeX Error: Unicode character Î­ (U+03AD)
               not set up for use with LaTeX.

See the LaTeX manual or LaTeX Companion for explanation.
Type  H <return>  for immediate help.
 ...                                              
                                                  
l.2 ...Î±Î»Î¿ÏÎ¼Î±ÏƒÏ„Îµ Î½Î± Î»ÏÏƒÎ¿Ï…Î¼Îµ Î¼Î­
                                                  ÏƒÏ‰ Ï„Î·Ï‚ Î³ÏÎ±Î¼Î¼Î¹Îº...

You may provide a definition with
\DeclareUnicodeCharacter 


! LaTeX Error: Unicode character Ïƒ (U+03C3)
               not set up for use with LaTeX.

See the LaTeX manual or LaTeX Companion for explanation.
Type  H <return>  for immediate help.
 ...                                              
                                                  
l.2 ...Î»Î¿ÏÎ¼Î±ÏƒÏ„Îµ Î½Î± Î»ÏÏƒÎ¿Ï…Î¼Îµ Î¼Î­Ïƒ
                                                  Ï‰ Ï„Î·Ï‚ Î³ÏÎ±Î¼Î¼Î¹ÎºÎ®...

You may provide a definition with
\DeclareUnicodeCharacter 


! LaTeX Error: Unicode character Ï‰ (U+03C9)
               not set up for use with LaTeX.

See the LaTeX manual or LaTeX Companion for explanation.
Type  H <return>  for immediate help.
 ...                                              
                                                  
l.2 ...Î¿ÏÎ¼Î±ÏƒÏ„Îµ Î½Î± Î»ÏÏƒÎ¿Ï…Î¼Îµ Î¼Î­ÏƒÏ‰
                                                   Ï„Î·Ï‚ Î³ÏÎ±Î¼Î¼Î¹ÎºÎ®Ï‚...

You may provide a definition with
\DeclareUnicodeCharacter 


! LaTeX Error: Unicode character Ï„ (U+03C4)
               not set up for use with LaTeX.

See the LaTeX manual or LaTeX Companion for explanation.
Type  H <return>  for immediate help.
 ...                                              
                                                  
l.2 ...Î¼Î±ÏƒÏ„Îµ Î½Î± Î»ÏÏƒÎ¿Ï…Î¼Îµ Î¼Î­ÏƒÏ‰ Ï„
                                                  Î·Ï‚ Î³ÏÎ±Î¼Î¼Î¹ÎºÎ®Ï‚ Î¬...

You may provide a definition with
\DeclareUnicodeCharacter 


! LaTeX Error: Unicode character Î· (U+03B7)
               not set up for use with LaTeX.

See the LaTeX manual or LaTeX Companion for explanation.
Type  H <return>  for immediate help.
 ...                                              
                                                  
l.2 ...¼Î±ÏƒÏ„Îµ Î½Î± Î»ÏÏƒÎ¿Ï…Î¼Îµ Î¼Î­ÏƒÏ‰ Ï„Î·
                                                  Ï‚ Î³ÏÎ±Î¼Î¼Î¹ÎºÎ®Ï‚ Î¬Î»...

You may provide a definition with
\DeclareUnicodeCharacter 


! LaTeX Error: Unicode character Ï‚ (U+03C2)
               not set up for use with LaTeX.

See the LaTeX manual or LaTeX Companion for explanation.
Type  H <return>  for immediate help.
 ...                                              
                                                  
l.2 ...±ÏƒÏ„Îµ Î½Î± Î»ÏÏƒÎ¿Ï…Î¼Îµ Î¼Î­ÏƒÏ‰ Ï„Î·Ï‚
                                                   Î³ÏÎ±Î¼Î¼Î¹ÎºÎ®Ï‚ Î¬Î»Î³...

You may provide a definition with
\DeclareUnicodeCharacter 


! LaTeX Error: Unicode character Î³ (U+03B3)
               not set up for use with LaTeX.

See the LaTeX manual or LaTeX Companion for explanation.
Type  H <return>  for immediate help.
 ...                                              
                                                  
l.2 ...Ï„Îµ Î½Î± Î»ÏÏƒÎ¿Ï…Î¼Îµ Î¼Î­ÏƒÏ‰ Ï„Î·Ï‚ Î³
                                                  ÏÎ±Î¼Î¼Î¹ÎºÎ®Ï‚ Î¬Î»Î³ÎµÎ...

You may provide a definition with
\DeclareUnicodeCharacter 


! LaTeX Error: Unicode character Ï (U+03C1)
               not set up for use with LaTeX.

See the LaTeX manual or LaTeX Companion for explanation.
Type  H <return>  for immediate help.
 ...                                              
                                                  
l.2 ...Îµ Î½Î± Î»ÏÏƒÎ¿Ï…Î¼Îµ Î¼Î­ÏƒÏ‰ Ï„Î·Ï‚ Î³Ï
                                                  Î±Î¼Î¼Î¹ÎºÎ®Ï‚ Î¬Î»Î³ÎµÎ²Ï...

You may provide a definition with
\DeclareUnicodeCharacter 


! LaTeX Error: Unicode character Î± (U+03B1)
               not set up for use with LaTeX.

See the LaTeX manual or LaTeX Companion for explanation.
Type  H <return>  for immediate help.
 ...                                              
                                                  
l.2 ... Î½Î± Î»ÏÏƒÎ¿Ï…Î¼Îµ Î¼Î­ÏƒÏ‰ Ï„Î·Ï‚ Î³ÏÎ±
                                                  Î¼Î¼Î¹ÎºÎ®Ï‚ Î¬Î»Î³ÎµÎ²ÏÎ...

You may provide a definition with
\DeclareUnicodeCharacter 


! LaTeX Error: Unicode character Î¼ (U+03BC)
               not set up for use with LaTeX.

See the LaTeX manual or LaTeX Companion for explanation.
Type  H <return>  for immediate help.
 ...                                              
                                                  
l.2 ...½Î± Î»ÏÏƒÎ¿Ï…Î¼Îµ Î¼Î­ÏƒÏ‰ Ï„Î·Ï‚ Î³ÏÎ±Î¼
                                                  Î¼Î¹ÎºÎ®Ï‚ Î¬Î»Î³ÎµÎ²ÏÎ±Ï...

You may provide a definition with
\DeclareUnicodeCharacter 


! LaTeX Error: Unicode character Î¼ (U+03BC)
               not set up for use with LaTeX.

See the LaTeX manual or LaTeX Companion for explanation.
Type  H <return>  for immediate help.
 ...                                              
                                                  
l.2 ...± Î»ÏÏƒÎ¿Ï…Î¼Îµ Î¼Î­ÏƒÏ‰ Ï„Î·Ï‚ Î³ÏÎ±Î¼Î¼
                                                  Î¹ÎºÎ®Ï‚ Î¬Î»Î³ÎµÎ²ÏÎ±Ï‚ ...

You may provide a definition with
\DeclareUnicodeCharacter 


! LaTeX Error: Unicode character Î¹ (U+03B9)
               not set up for use with LaTeX.

See the LaTeX manual or LaTeX Companion for explanation.
Type  H <return>  for immediate help.
 ...                                              
                                                  
l.2 ...Î»ÏÏƒÎ¿Ï…Î¼Îµ Î¼Î­ÏƒÏ‰ Ï„Î·Ï‚ Î³ÏÎ±Î¼Î¼Î¹
                                                  ÎºÎ®Ï‚ Î¬Î»Î³ÎµÎ²ÏÎ±Ï‚ Îµ...

You may provide a definition with
\DeclareUnicodeCharacter 


! LaTeX Error: Unicode character Îº (U+03BA)
               not set up for use with LaTeX.

See the LaTeX manual or LaTeX Companion for explanation.
Type  H <return>  for immediate help.
 ...                                              
                                                  
l.2 ...ÏÏƒÎ¿Ï…Î¼Îµ Î¼Î­ÏƒÏ‰ Ï„Î·Ï‚ Î³ÏÎ±Î¼Î¼Î¹Îº
                                                  Î®Ï‚ Î¬Î»Î³ÎµÎ²ÏÎ±Ï‚ ÎµÎ¯...

You may provide a definition with
\DeclareUnicodeCharacter 


! LaTeX Error: Unicode character Î® (U+03AE)
               not set up for use with LaTeX.

See the LaTeX manual or LaTeX Companion for explanation.
Type  H <return>  for immediate help.
 ...                                              
                                                  
l.2 ...ÏƒÎ¿Ï…Î¼Îµ Î¼Î­ÏƒÏ‰ Ï„Î·Ï‚ Î³ÏÎ±Î¼Î¼Î¹ÎºÎ®
                                                  Ï‚ Î¬Î»Î³ÎµÎ²ÏÎ±Ï‚ ÎµÎ¯Î½...

You may provide a definition with
\DeclareUnicodeCharacter 


! LaTeX Error: Unicode character Ï‚ (U+03C2)
               not set up for use with LaTeX.

See the LaTeX manual or LaTeX Companion for explanation.
Type  H <return>  for immediate help.
 ...                                              
                                                  
l.2 ...Î¿Ï…Î¼Îµ Î¼Î­ÏƒÏ‰ Ï„Î·Ï‚ Î³ÏÎ±Î¼Î¼Î¹ÎºÎ®Ï‚
                                                   Î¬Î»Î³ÎµÎ²ÏÎ±Ï‚ ÎµÎ¯Î½Î±...

You may provide a definition with
\DeclareUnicodeCharacter 


! LaTeX Error: Unicode character Î¬ (U+03AC)
               not set up for use with LaTeX.

See the LaTeX manual or LaTeX Companion for explanation.
Type  H <return>  for immediate help.
 ...                                              
                                                  
l.2 ...…Î¼Îµ Î¼Î­ÏƒÏ‰ Ï„Î·Ï‚ Î³ÏÎ±Î¼Î¼Î¹ÎºÎ®Ï‚ Î¬
                                                  Î»Î³ÎµÎ²ÏÎ±Ï‚ ÎµÎ¯Î½Î±Î¹ ...

You may provide a definition with
\DeclareUnicodeCharacter 


! LaTeX Error: Unicode character Î» (U+03BB)
               not set up for use with LaTeX.

See the LaTeX manual or LaTeX Companion for explanation.
Type  H <return>  for immediate help.
 ...                                              
                                                  
l.2 ...¼Îµ Î¼Î­ÏƒÏ‰ Ï„Î·Ï‚ Î³ÏÎ±Î¼Î¼Î¹ÎºÎ®Ï‚ Î¬Î»
                                                  Î³ÎµÎ²ÏÎ±Ï‚ ÎµÎ¯Î½Î±Î¹ Î·...

You may provide a definition with
\DeclareUnicodeCharacter 


! LaTeX Error: Unicode character Î³ (U+03B3)
               not set up for use with LaTeX.

See the LaTeX manual or LaTeX Companion for explanation.
Type  H <return>  for immediate help.
 ...                                              
                                                  
l.2 ...µ Î¼Î­ÏƒÏ‰ Ï„Î·Ï‚ Î³ÏÎ±Î¼Î¼Î¹ÎºÎ®Ï‚ Î¬Î»Î³
                                                  ÎµÎ²ÏÎ±Ï‚ ÎµÎ¯Î½Î±Î¹ Î· Î...
(That makes 100 errors; please try again.) 
Here is how much of TeX's memory you used:
 49 strings out of 477992
 773 string characters out of 2827466
 299418 words of memory out of 3000000
 18925 multiletter control sequences out of 15000+600000
 469259 words of font info for 28 fonts, out of 8000000 for 9000
 1141 hyphenation exceptions out of 8191
 13i,0n,12p,536b,37s stack positions out of 10000i,1000n,20000p,200000b,80000s

!  ==> Fatal error occurred, no output PDF file produced!
