This is pdfTeX, Version 3.141592653-2.6-1.40.24 (MiKTeX 22.8) (preloaded format=pdflatex 2022.8.17)  10 SEP 2022 09:43
entering extended mode
 restricted \write18 enabled.
 %&-line parsing enabled.
**./Lsquare.tex
(Lsquare.tex
LaTeX2e <2022-06-01> patch level 5
L3 programming layer <2022-08-05>
! Undefined control sequence.
l.1 \chapter
            {ÎœÎ­Î¸Î¿Î´Î¿Ï‚ Î•Î»Î±Ï‡Î¯ÏƒÏ„Ï‰Î½ Î¤ÎµÏ„ÏÎ±Î³ÏÎ½Ï‰Î½}
The control sequence at the end of the top line
of your error message was never \def'ed. If you have
misspelled it (e.g., `\hobx'), type `I' and the correct
spelling (e.g., `I\hbox'). Otherwise just continue,
and I'll forget about whatever was undefined.


! LaTeX Error: Unicode character Îœ (U+039C)
               not set up for use with LaTeX.

See the LaTeX manual or LaTeX Companion for explanation.
Type  H <return>  for immediate help.
 ...                                              
                                                  
l.1 \chapter{Îœ
               Î­Î¸Î¿Î´Î¿Ï‚ Î•Î»Î±Ï‡Î¯ÏƒÏ„Ï‰Î½ Î¤ÎµÏ„ÏÎ±Î³ÏÎ½Ï‰Î½}
You may provide a definition with
\DeclareUnicodeCharacter 


! LaTeX Error: Unicode character Î­ (U+03AD)
               not set up for use with LaTeX.

See the LaTeX manual or LaTeX Companion for explanation.
Type  H <return>  for immediate help.
 ...                                              
                                                  
l.1 \chapter{ÎœÎ­
                 Î¸Î¿Î´Î¿Ï‚ Î•Î»Î±Ï‡Î¯ÏƒÏ„Ï‰Î½ Î¤ÎµÏ„ÏÎ±Î³ÏÎ½Ï‰Î½}
You may provide a definition with
\DeclareUnicodeCharacter 


! LaTeX Error: Unicode character Î¸ (U+03B8)
               not set up for use with LaTeX.

See the LaTeX manual or LaTeX Companion for explanation.
Type  H <return>  for immediate help.
 ...                                              
                                                  
l.1 \chapter{ÎœÎ­Î¸
                   Î¿Î´Î¿Ï‚ Î•Î»Î±Ï‡Î¯ÏƒÏ„Ï‰Î½ Î¤ÎµÏ„ÏÎ±Î³ÏÎ½Ï‰Î½}
You may provide a definition with
\DeclareUnicodeCharacter 


! LaTeX Error: Unicode character Î¿ (U+03BF)
               not set up for use with LaTeX.

See the LaTeX manual or LaTeX Companion for explanation.
Type  H <return>  for immediate help.
 ...                                              
                                                  
l.1 \chapter{ÎœÎ­Î¸Î¿
                     Î´Î¿Ï‚ Î•Î»Î±Ï‡Î¯ÏƒÏ„Ï‰Î½ Î¤ÎµÏ„ÏÎ±Î³ÏÎ½Ï‰Î½}
You may provide a definition with
\DeclareUnicodeCharacter 


! LaTeX Error: Unicode character Î´ (U+03B4)
               not set up for use with LaTeX.

See the LaTeX manual or LaTeX Companion for explanation.
Type  H <return>  for immediate help.
 ...                                              
                                                  
l.1 \chapter{ÎœÎ­Î¸Î¿Î´
                       Î¿Ï‚ Î•Î»Î±Ï‡Î¯ÏƒÏ„Ï‰Î½ Î¤ÎµÏ„ÏÎ±Î³ÏÎ½Ï‰Î½}
You may provide a definition with
\DeclareUnicodeCharacter 


! LaTeX Error: Unicode character Î¿ (U+03BF)
               not set up for use with LaTeX.

See the LaTeX manual or LaTeX Companion for explanation.
Type  H <return>  for immediate help.
 ...                                              
                                                  
l.1 \chapter{ÎœÎ­Î¸Î¿Î´Î¿
                         Ï‚ Î•Î»Î±Ï‡Î¯ÏƒÏ„Ï‰Î½ Î¤ÎµÏ„ÏÎ±Î³ÏÎ½Ï‰Î½}
You may provide a definition with
\DeclareUnicodeCharacter 


! LaTeX Error: Unicode character Ï‚ (U+03C2)
               not set up for use with LaTeX.

See the LaTeX manual or LaTeX Companion for explanation.
Type  H <return>  for immediate help.
 ...                                              
                                                  
l.1 \chapter{ÎœÎ­Î¸Î¿Î´Î¿Ï‚
                            Î•Î»Î±Ï‡Î¯ÏƒÏ„Ï‰Î½ Î¤ÎµÏ„ÏÎ±Î³ÏÎ½Ï‰Î½}
You may provide a definition with
\DeclareUnicodeCharacter 


! LaTeX Error: Unicode character Î• (U+0395)
               not set up for use with LaTeX.

See the LaTeX manual or LaTeX Companion for explanation.
Type  H <return>  for immediate help.
 ...                                              
                                                  
l.1 \chapter{ÎœÎ­Î¸Î¿Î´Î¿Ï‚ Î•
                              Î»Î±Ï‡Î¯ÏƒÏ„Ï‰Î½ Î¤ÎµÏ„ÏÎ±Î³ÏÎ½Ï‰Î½}
You may provide a definition with
\DeclareUnicodeCharacter 


! LaTeX Error: Unicode character Î» (U+03BB)
               not set up for use with LaTeX.

See the LaTeX manual or LaTeX Companion for explanation.
Type  H <return>  for immediate help.
 ...                                              
                                                  
l.1 \chapter{ÎœÎ­Î¸Î¿Î´Î¿Ï‚ Î•Î»
                                Î±Ï‡Î¯ÏƒÏ„Ï‰Î½ Î¤ÎµÏ„ÏÎ±Î³ÏÎ½Ï‰Î½}
You may provide a definition with
\DeclareUnicodeCharacter 


! LaTeX Error: Unicode character Î± (U+03B1)
               not set up for use with LaTeX.

See the LaTeX manual or LaTeX Companion for explanation.
Type  H <return>  for immediate help.
 ...                                              
                                                  
l.1 \chapter{ÎœÎ­Î¸Î¿Î´Î¿Ï‚ Î•Î»Î±
                                  Ï‡Î¯ÏƒÏ„Ï‰Î½ Î¤ÎµÏ„ÏÎ±Î³ÏÎ½Ï‰Î½}
You may provide a definition with
\DeclareUnicodeCharacter 


! LaTeX Error: Unicode character Ï‡ (U+03C7)
               not set up for use with LaTeX.

See the LaTeX manual or LaTeX Companion for explanation.
Type  H <return>  for immediate help.
 ...                                              
                                                  
l.1 \chapter{ÎœÎ­Î¸Î¿Î´Î¿Ï‚ Î•Î»Î±Ï‡
                                    Î¯ÏƒÏ„Ï‰Î½ Î¤ÎµÏ„ÏÎ±Î³ÏÎ½Ï‰Î½}
You may provide a definition with
\DeclareUnicodeCharacter 


! LaTeX Error: Unicode character Î¯ (U+03AF)
               not set up for use with LaTeX.

See the LaTeX manual or LaTeX Companion for explanation.
Type  H <return>  for immediate help.
 ...                                              
                                                  
l.1 \chapter{ÎœÎ­Î¸Î¿Î´Î¿Ï‚ Î•Î»Î±Ï‡Î¯
                                      ÏƒÏ„Ï‰Î½ Î¤ÎµÏ„ÏÎ±Î³ÏÎ½Ï‰Î½}
You may provide a definition with
\DeclareUnicodeCharacter 


! LaTeX Error: Unicode character Ïƒ (U+03C3)
               not set up for use with LaTeX.

See the LaTeX manual or LaTeX Companion for explanation.
Type  H <return>  for immediate help.
 ...                                              
                                                  
l.1 \chapter{ÎœÎ­Î¸Î¿Î´Î¿Ï‚ Î•Î»Î±Ï‡Î¯Ïƒ
                                        Ï„Ï‰Î½ Î¤ÎµÏ„ÏÎ±Î³ÏÎ½Ï‰Î½}
You may provide a definition with
\DeclareUnicodeCharacter 


! LaTeX Error: Unicode character Ï„ (U+03C4)
               not set up for use with LaTeX.

See the LaTeX manual or LaTeX Companion for explanation.
Type  H <return>  for immediate help.
 ...                                              
                                                  
l.1 \chapter{ÎœÎ­Î¸Î¿Î´Î¿Ï‚ Î•Î»Î±Ï‡Î¯ÏƒÏ„
                                          Ï‰Î½ Î¤ÎµÏ„ÏÎ±Î³ÏÎ½Ï‰Î½}
You may provide a definition with
\DeclareUnicodeCharacter 


! LaTeX Error: Unicode character Ï‰ (U+03C9)
               not set up for use with LaTeX.

See the LaTeX manual or LaTeX Companion for explanation.
Type  H <return>  for immediate help.
 ...                                              
                                                  
l.1 \chapter{ÎœÎ­Î¸Î¿Î´Î¿Ï‚ Î•Î»Î±Ï‡Î¯ÏƒÏ„Ï‰
                                            Î½ Î¤ÎµÏ„ÏÎ±Î³ÏÎ½Ï‰Î½}
You may provide a definition with
\DeclareUnicodeCharacter 


! LaTeX Error: Unicode character Î½ (U+03BD)
               not set up for use with LaTeX.

See the LaTeX manual or LaTeX Companion for explanation.
Type  H <return>  for immediate help.
 ...                                              
                                                  
l.1 \chapter{ÎœÎ­Î¸Î¿Î´Î¿Ï‚ Î•Î»Î±Ï‡Î¯ÏƒÏ„Ï‰Î½
                                               Î¤ÎµÏ„ÏÎ±Î³ÏÎ½Ï‰Î½}
You may provide a definition with
\DeclareUnicodeCharacter 


! LaTeX Error: Unicode character Î¤ (U+03A4)
               not set up for use with LaTeX.

See the LaTeX manual or LaTeX Companion for explanation.
Type  H <return>  for immediate help.
 ...                                              
                                                  
l.1 \chapter{ÎœÎ­Î¸Î¿Î´Î¿Ï‚ Î•Î»Î±Ï‡Î¯ÏƒÏ„Ï‰Î½ Î¤
                                                 ÎµÏ„ÏÎ±Î³ÏÎ½Ï‰Î½}
You may provide a definition with
\DeclareUnicodeCharacter 


! LaTeX Error: Unicode character Îµ (U+03B5)
               not set up for use with LaTeX.

See the LaTeX manual or LaTeX Companion for explanation.
Type  H <return>  for immediate help.
 ...                                              
                                                  
l.1 ...pter{ÎœÎ­Î¸Î¿Î´Î¿Ï‚ Î•Î»Î±Ï‡Î¯ÏƒÏ„Ï‰Î½ Î¤Îµ
                                                  Ï„ÏÎ±Î³ÏÎ½Ï‰Î½}
You may provide a definition with
\DeclareUnicodeCharacter 


! LaTeX Error: Unicode character Ï„ (U+03C4)
               not set up for use with LaTeX.

See the LaTeX manual or LaTeX Companion for explanation.
Type  H <return>  for immediate help.
 ...                                              
                                                  
l.1 ...er{ÎœÎ­Î¸Î¿Î´Î¿Ï‚ Î•Î»Î±Ï‡Î¯ÏƒÏ„Ï‰Î½ Î¤ÎµÏ„
                                                  ÏÎ±Î³ÏÎ½Ï‰Î½}
You may provide a definition with
\DeclareUnicodeCharacter 


! LaTeX Error: Unicode character Ï (U+03C1)
               not set up for use with LaTeX.

See the LaTeX manual or LaTeX Companion for explanation.
Type  H <return>  for immediate help.
 ...                                              
                                                  
l.1 ...{ÎœÎ­Î¸Î¿Î´Î¿Ï‚ Î•Î»Î±Ï‡Î¯ÏƒÏ„Ï‰Î½ Î¤ÎµÏ„Ï
                                                  Î±Î³ÏÎ½Ï‰Î½}
You may provide a definition with
\DeclareUnicodeCharacter 


! LaTeX Error: Unicode character Î± (U+03B1)
               not set up for use with LaTeX.

See the LaTeX manual or LaTeX Companion for explanation.
Type  H <return>  for immediate help.
 ...                                              
                                                  
l.1 ...œÎ­Î¸Î¿Î´Î¿Ï‚ Î•Î»Î±Ï‡Î¯ÏƒÏ„Ï‰Î½ Î¤ÎµÏ„ÏÎ±
                                                  Î³ÏÎ½Ï‰Î½}
You may provide a definition with
\DeclareUnicodeCharacter 


! LaTeX Error: Unicode character Î³ (U+03B3)
               not set up for use with LaTeX.

See the LaTeX manual or LaTeX Companion for explanation.
Type  H <return>  for immediate help.
 ...                                              
                                                  
l.1 ...­Î¸Î¿Î´Î¿Ï‚ Î•Î»Î±Ï‡Î¯ÏƒÏ„Ï‰Î½ Î¤ÎµÏ„ÏÎ±Î³
                                                  ÏÎ½Ï‰Î½}
You may provide a definition with
\DeclareUnicodeCharacter 


! LaTeX Error: Unicode character Ï (U+03CE)
               not set up for use with LaTeX.

See the LaTeX manual or LaTeX Companion for explanation.
Type  H <return>  for immediate help.
 ...                                              
                                                  
l.1 ...¸Î¿Î´Î¿Ï‚ Î•Î»Î±Ï‡Î¯ÏƒÏ„Ï‰Î½ Î¤ÎµÏ„ÏÎ±Î³Ï
                                                  Î½Ï‰Î½}
You may provide a definition with
\DeclareUnicodeCharacter 


! LaTeX Error: Unicode character Î½ (U+03BD)
               not set up for use with LaTeX.

See the LaTeX manual or LaTeX Companion for explanation.
Type  H <return>  for immediate help.
 ...                                              
                                                  
l.1 ...¿Î´Î¿Ï‚ Î•Î»Î±Ï‡Î¯ÏƒÏ„Ï‰Î½ Î¤ÎµÏ„ÏÎ±Î³ÏÎ½
                                                  Ï‰Î½}
You may provide a definition with
\DeclareUnicodeCharacter 


! LaTeX Error: Unicode character Ï‰ (U+03C9)
               not set up for use with LaTeX.

See the LaTeX manual or LaTeX Companion for explanation.
Type  H <return>  for immediate help.
 ...                                              
                                                  
l.1 ...´Î¿Ï‚ Î•Î»Î±Ï‡Î¯ÏƒÏ„Ï‰Î½ Î¤ÎµÏ„ÏÎ±Î³ÏÎ½Ï‰
                                                  Î½}
You may provide a definition with
\DeclareUnicodeCharacter 


! LaTeX Error: Unicode character Î½ (U+03BD)
               not set up for use with LaTeX.

See the LaTeX manual or LaTeX Companion for explanation.
Type  H <return>  for immediate help.
 ...                                              
                                                  
l.1 ...¿Ï‚ Î•Î»Î±Ï‡Î¯ÏƒÏ„Ï‰Î½ Î¤ÎµÏ„ÏÎ±Î³ÏÎ½Ï‰Î½
                                                  }
You may provide a definition with
\DeclareUnicodeCharacter 


! LaTeX Error: Unicode character Î— (U+0397)
               not set up for use with LaTeX.

See the LaTeX manual or LaTeX Companion for explanation.
Type  H <return>  for immediate help.
 ...                                              
                                                  
l.2 Î—
       Î¼Î­Î¸Î¿Î´Î¿Ï‚ ÎµÎ»Î±Ï‡Î¯ÏƒÏ„Ï‰Î½ Ï„ÎµÏ„ÏÎ±Î³ÏÎ½Ï‰Î½ Î³Î¹Î± ÎµÏ…Î¸Î...

You may provide a definition with
\DeclareUnicodeCharacter 


! LaTeX Error: Unicode character Î¼ (U+03BC)
               not set up for use with LaTeX.

See the LaTeX manual or LaTeX Companion for explanation.
Type  H <return>  for immediate help.
 ...                                              
                                                  
l.2 Î— Î¼
         Î­Î¸Î¿Î´Î¿Ï‚ ÎµÎ»Î±Ï‡Î¯ÏƒÏ„Ï‰Î½ Ï„ÎµÏ„ÏÎ±Î³ÏÎ½Ï‰Î½ Î³Î¹Î± ÎµÏ…Î¸Î...

You may provide a definition with
\DeclareUnicodeCharacter 


! LaTeX Error: Unicode character Î­ (U+03AD)
               not set up for use with LaTeX.

See the LaTeX manual or LaTeX Companion for explanation.
Type  H <return>  for immediate help.
 ...                                              
                                                  
l.2 Î— Î¼Î­
           Î¸Î¿Î´Î¿Ï‚ ÎµÎ»Î±Ï‡Î¯ÏƒÏ„Ï‰Î½ Ï„ÎµÏ„ÏÎ±Î³ÏÎ½Ï‰Î½ Î³Î¹Î± ÎµÏ…Î¸Î...

You may provide a definition with
\DeclareUnicodeCharacter 


! LaTeX Error: Unicode character Î¸ (U+03B8)
               not set up for use with LaTeX.

See the LaTeX manual or LaTeX Companion for explanation.
Type  H <return>  for immediate help.
 ...                                              
                                                  
l.2 Î— Î¼Î­Î¸
             Î¿Î´Î¿Ï‚ ÎµÎ»Î±Ï‡Î¯ÏƒÏ„Ï‰Î½ Ï„ÎµÏ„ÏÎ±Î³ÏÎ½Ï‰Î½ Î³Î¹Î± ÎµÏ…Î¸Î...

You may provide a definition with
\DeclareUnicodeCharacter 


! LaTeX Error: Unicode character Î¿ (U+03BF)
               not set up for use with LaTeX.

See the LaTeX manual or LaTeX Companion for explanation.
Type  H <return>  for immediate help.
 ...                                              
                                                  
l.2 Î— Î¼Î­Î¸Î¿
               Î´Î¿Ï‚ ÎµÎ»Î±Ï‡Î¯ÏƒÏ„Ï‰Î½ Ï„ÎµÏ„ÏÎ±Î³ÏÎ½Ï‰Î½ Î³Î¹Î± ÎµÏ…Î¸Î...

You may provide a definition with
\DeclareUnicodeCharacter 


! LaTeX Error: Unicode character Î´ (U+03B4)
               not set up for use with LaTeX.

See the LaTeX manual or LaTeX Companion for explanation.
Type  H <return>  for immediate help.
 ...                                              
                                                  
l.2 Î— Î¼Î­Î¸Î¿Î´
                 Î¿Ï‚ ÎµÎ»Î±Ï‡Î¯ÏƒÏ„Ï‰Î½ Ï„ÎµÏ„ÏÎ±Î³ÏÎ½Ï‰Î½ Î³Î¹Î± ÎµÏ…Î¸Î...

You may provide a definition with
\DeclareUnicodeCharacter 


! LaTeX Error: Unicode character Î¿ (U+03BF)
               not set up for use with LaTeX.

See the LaTeX manual or LaTeX Companion for explanation.
Type  H <return>  for immediate help.
 ...                                              
                                                  
l.2 Î— Î¼Î­Î¸Î¿Î´Î¿
                   Ï‚ ÎµÎ»Î±Ï‡Î¯ÏƒÏ„Ï‰Î½ Ï„ÎµÏ„ÏÎ±Î³ÏÎ½Ï‰Î½ Î³Î¹Î± ÎµÏ…Î¸Î...

You may provide a definition with
\DeclareUnicodeCharacter 


! LaTeX Error: Unicode character Ï‚ (U+03C2)
               not set up for use with LaTeX.

See the LaTeX manual or LaTeX Companion for explanation.
Type  H <return>  for immediate help.
 ...                                              
                                                  
l.2 Î— Î¼Î­Î¸Î¿Î´Î¿Ï‚
                      ÎµÎ»Î±Ï‡Î¯ÏƒÏ„Ï‰Î½ Ï„ÎµÏ„ÏÎ±Î³ÏÎ½Ï‰Î½ Î³Î¹Î± ÎµÏ…Î¸Î...

You may provide a definition with
\DeclareUnicodeCharacter 


! LaTeX Error: Unicode character Îµ (U+03B5)
               not set up for use with LaTeX.

See the LaTeX manual or LaTeX Companion for explanation.
Type  H <return>  for immediate help.
 ...                                              
                                                  
l.2 Î— Î¼Î­Î¸Î¿Î´Î¿Ï‚ Îµ
                        Î»Î±Ï‡Î¯ÏƒÏ„Ï‰Î½ Ï„ÎµÏ„ÏÎ±Î³ÏÎ½Ï‰Î½ Î³Î¹Î± ÎµÏ…Î¸Î...

You may provide a definition with
\DeclareUnicodeCharacter 


! LaTeX Error: Unicode character Î» (U+03BB)
               not set up for use with LaTeX.

See the LaTeX manual or LaTeX Companion for explanation.
Type  H <return>  for immediate help.
 ...                                              
                                                  
l.2 Î— Î¼Î­Î¸Î¿Î´Î¿Ï‚ ÎµÎ»
                          Î±Ï‡Î¯ÏƒÏ„Ï‰Î½ Ï„ÎµÏ„ÏÎ±Î³ÏÎ½Ï‰Î½ Î³Î¹Î± ÎµÏ…Î¸Î...

You may provide a definition with
\DeclareUnicodeCharacter 


! LaTeX Error: Unicode character Î± (U+03B1)
               not set up for use with LaTeX.

See the LaTeX manual or LaTeX Companion for explanation.
Type  H <return>  for immediate help.
 ...                                              
                                                  
l.2 Î— Î¼Î­Î¸Î¿Î´Î¿Ï‚ ÎµÎ»Î±
                            Ï‡Î¯ÏƒÏ„Ï‰Î½ Ï„ÎµÏ„ÏÎ±Î³ÏÎ½Ï‰Î½ Î³Î¹Î± ÎµÏ…Î¸Î...

You may provide a definition with
\DeclareUnicodeCharacter 


! LaTeX Error: Unicode character Ï‡ (U+03C7)
               not set up for use with LaTeX.

See the LaTeX manual or LaTeX Companion for explanation.
Type  H <return>  for immediate help.
 ...                                              
                                                  
l.2 Î— Î¼Î­Î¸Î¿Î´Î¿Ï‚ ÎµÎ»Î±Ï‡
                              Î¯ÏƒÏ„Ï‰Î½ Ï„ÎµÏ„ÏÎ±Î³ÏÎ½Ï‰Î½ Î³Î¹Î± ÎµÏ…Î¸Î...

You may provide a definition with
\DeclareUnicodeCharacter 


! LaTeX Error: Unicode character Î¯ (U+03AF)
               not set up for use with LaTeX.

See the LaTeX manual or LaTeX Companion for explanation.
Type  H <return>  for immediate help.
 ...                                              
                                                  
l.2 Î— Î¼Î­Î¸Î¿Î´Î¿Ï‚ ÎµÎ»Î±Ï‡Î¯
                                ÏƒÏ„Ï‰Î½ Ï„ÎµÏ„ÏÎ±Î³ÏÎ½Ï‰Î½ Î³Î¹Î± ÎµÏ…Î¸Î...

You may provide a definition with
\DeclareUnicodeCharacter 


! LaTeX Error: Unicode character Ïƒ (U+03C3)
               not set up for use with LaTeX.

See the LaTeX manual or LaTeX Companion for explanation.
Type  H <return>  for immediate help.
 ...                                              
                                                  
l.2 Î— Î¼Î­Î¸Î¿Î´Î¿Ï‚ ÎµÎ»Î±Ï‡Î¯Ïƒ
                                  Ï„Ï‰Î½ Ï„ÎµÏ„ÏÎ±Î³ÏÎ½Ï‰Î½ Î³Î¹Î± ÎµÏ…Î¸Î...

You may provide a definition with
\DeclareUnicodeCharacter 


! LaTeX Error: Unicode character Ï„ (U+03C4)
               not set up for use with LaTeX.

See the LaTeX manual or LaTeX Companion for explanation.
Type  H <return>  for immediate help.
 ...                                              
                                                  
l.2 Î— Î¼Î­Î¸Î¿Î´Î¿Ï‚ ÎµÎ»Î±Ï‡Î¯ÏƒÏ„
                                    Ï‰Î½ Ï„ÎµÏ„ÏÎ±Î³ÏÎ½Ï‰Î½ Î³Î¹Î± ÎµÏ…Î¸Î...

You may provide a definition with
\DeclareUnicodeCharacter 


! LaTeX Error: Unicode character Ï‰ (U+03C9)
               not set up for use with LaTeX.

See the LaTeX manual or LaTeX Companion for explanation.
Type  H <return>  for immediate help.
 ...                                              
                                                  
l.2 Î— Î¼Î­Î¸Î¿Î´Î¿Ï‚ ÎµÎ»Î±Ï‡Î¯ÏƒÏ„Ï‰
                                      Î½ Ï„ÎµÏ„ÏÎ±Î³ÏÎ½Ï‰Î½ Î³Î¹Î± ÎµÏ…Î¸Î...

You may provide a definition with
\DeclareUnicodeCharacter 


! LaTeX Error: Unicode character Î½ (U+03BD)
               not set up for use with LaTeX.

See the LaTeX manual or LaTeX Companion for explanation.
Type  H <return>  for immediate help.
 ...                                              
                                                  
l.2 Î— Î¼Î­Î¸Î¿Î´Î¿Ï‚ ÎµÎ»Î±Ï‡Î¯ÏƒÏ„Ï‰Î½
                                         Ï„ÎµÏ„ÏÎ±Î³ÏÎ½Ï‰Î½ Î³Î¹Î± ÎµÏ…Î¸Î...

You may provide a definition with
\DeclareUnicodeCharacter 


! LaTeX Error: Unicode character Ï„ (U+03C4)
               not set up for use with LaTeX.

See the LaTeX manual or LaTeX Companion for explanation.
Type  H <return>  for immediate help.
 ...                                              
                                                  
l.2 Î— Î¼Î­Î¸Î¿Î´Î¿Ï‚ ÎµÎ»Î±Ï‡Î¯ÏƒÏ„Ï‰Î½ Ï„
                                           ÎµÏ„ÏÎ±Î³ÏÎ½Ï‰Î½ Î³Î¹Î± ÎµÏ…Î¸Î...

You may provide a definition with
\DeclareUnicodeCharacter 


! LaTeX Error: Unicode character Îµ (U+03B5)
               not set up for use with LaTeX.

See the LaTeX manual or LaTeX Companion for explanation.
Type  H <return>  for immediate help.
 ...                                              
                                                  
l.2 Î— Î¼Î­Î¸Î¿Î´Î¿Ï‚ ÎµÎ»Î±Ï‡Î¯ÏƒÏ„Ï‰Î½ Ï„Îµ
                                             Ï„ÏÎ±Î³ÏÎ½Ï‰Î½ Î³Î¹Î± ÎµÏ…Î¸Î...

You may provide a definition with
\DeclareUnicodeCharacter 


! LaTeX Error: Unicode character Ï„ (U+03C4)
               not set up for use with LaTeX.

See the LaTeX manual or LaTeX Companion for explanation.
Type  H <return>  for immediate help.
 ...                                              
                                                  
l.2 Î— Î¼Î­Î¸Î¿Î´Î¿Ï‚ ÎµÎ»Î±Ï‡Î¯ÏƒÏ„Ï‰Î½ Ï„ÎµÏ„
                                               ÏÎ±Î³ÏÎ½Ï‰Î½ Î³Î¹Î± ÎµÏ…Î¸Î...

You may provide a definition with
\DeclareUnicodeCharacter 


! LaTeX Error: Unicode character Ï (U+03C1)
               not set up for use with LaTeX.

See the LaTeX manual or LaTeX Companion for explanation.
Type  H <return>  for immediate help.
 ...                                              
                                                  
l.2 Î— Î¼Î­Î¸Î¿Î´Î¿Ï‚ ÎµÎ»Î±Ï‡Î¯ÏƒÏ„Ï‰Î½ Ï„ÎµÏ„Ï
                                                 Î±Î³ÏÎ½Ï‰Î½ Î³Î¹Î± ÎµÏ…Î¸Î...

You may provide a definition with
\DeclareUnicodeCharacter 


! LaTeX Error: Unicode character Î± (U+03B1)
               not set up for use with LaTeX.

See the LaTeX manual or LaTeX Companion for explanation.
Type  H <return>  for immediate help.
 ...                                              
                                                  
l.2 ...¼Î­Î¸Î¿Î´Î¿Ï‚ ÎµÎ»Î±Ï‡Î¯ÏƒÏ„Ï‰Î½ Ï„ÎµÏ„ÏÎ±
                                                  Î³ÏÎ½Ï‰Î½ Î³Î¹Î± ÎµÏ…Î¸Îµ...

You may provide a definition with
\DeclareUnicodeCharacter 


! LaTeX Error: Unicode character Î³ (U+03B3)
               not set up for use with LaTeX.

See the LaTeX manual or LaTeX Companion for explanation.
Type  H <return>  for immediate help.
 ...                                              
                                                  
l.2 ...­Î¸Î¿Î´Î¿Ï‚ ÎµÎ»Î±Ï‡Î¯ÏƒÏ„Ï‰Î½ Ï„ÎµÏ„ÏÎ±Î³
                                                  ÏÎ½Ï‰Î½ Î³Î¹Î± ÎµÏ…Î¸ÎµÎ¯...

You may provide a definition with
\DeclareUnicodeCharacter 


! LaTeX Error: Unicode character Ï (U+03CE)
               not set up for use with LaTeX.

See the LaTeX manual or LaTeX Companion for explanation.
Type  H <return>  for immediate help.
 ...                                              
                                                  
l.2 ...¸Î¿Î´Î¿Ï‚ ÎµÎ»Î±Ï‡Î¯ÏƒÏ„Ï‰Î½ Ï„ÎµÏ„ÏÎ±Î³Ï
                                                  Î½Ï‰Î½ Î³Î¹Î± ÎµÏ…Î¸ÎµÎ¯Î±...

You may provide a definition with
\DeclareUnicodeCharacter 


! LaTeX Error: Unicode character Î½ (U+03BD)
               not set up for use with LaTeX.

See the LaTeX manual or LaTeX Companion for explanation.
Type  H <return>  for immediate help.
 ...                                              
                                                  
l.2 ...¿Î´Î¿Ï‚ ÎµÎ»Î±Ï‡Î¯ÏƒÏ„Ï‰Î½ Ï„ÎµÏ„ÏÎ±Î³ÏÎ½
                                                  Ï‰Î½ Î³Î¹Î± ÎµÏ…Î¸ÎµÎ¯Î± Î...

You may provide a definition with
\DeclareUnicodeCharacter 


! LaTeX Error: Unicode character Ï‰ (U+03C9)
               not set up for use with LaTeX.

See the LaTeX manual or LaTeX Companion for explanation.
Type  H <return>  for immediate help.
 ...                                              
                                                  
l.2 ...´Î¿Ï‚ ÎµÎ»Î±Ï‡Î¯ÏƒÏ„Ï‰Î½ Ï„ÎµÏ„ÏÎ±Î³ÏÎ½Ï‰
                                                  Î½ Î³Î¹Î± ÎµÏ…Î¸ÎµÎ¯Î± Î³Ï...

You may provide a definition with
\DeclareUnicodeCharacter 


! LaTeX Error: Unicode character Î½ (U+03BD)
               not set up for use with LaTeX.

See the LaTeX manual or LaTeX Companion for explanation.
Type  H <return>  for immediate help.
 ...                                              
                                                  
l.2 ...¿Ï‚ ÎµÎ»Î±Ï‡Î¯ÏƒÏ„Ï‰Î½ Ï„ÎµÏ„ÏÎ±Î³ÏÎ½Ï‰Î½
                                                   Î³Î¹Î± ÎµÏ…Î¸ÎµÎ¯Î± Î³ÏÎ...

You may provide a definition with
\DeclareUnicodeCharacter 


! LaTeX Error: Unicode character Î³ (U+03B3)
               not set up for use with LaTeX.

See the LaTeX manual or LaTeX Companion for explanation.
Type  H <return>  for immediate help.
 ...                                              
                                                  
l.2 ... ÎµÎ»Î±Ï‡Î¯ÏƒÏ„Ï‰Î½ Ï„ÎµÏ„ÏÎ±Î³ÏÎ½Ï‰Î½ Î³
                                                  Î¹Î± ÎµÏ…Î¸ÎµÎ¯Î± Î³ÏÎ±Î¼...

You may provide a definition with
\DeclareUnicodeCharacter 


! LaTeX Error: Unicode character Î¹ (U+03B9)
               not set up for use with LaTeX.

See the LaTeX manual or LaTeX Companion for explanation.
Type  H <return>  for immediate help.
 ...                                              
                                                  
l.2 ...µÎ»Î±Ï‡Î¯ÏƒÏ„Ï‰Î½ Ï„ÎµÏ„ÏÎ±Î³ÏÎ½Ï‰Î½ Î³Î¹
                                                  Î± ÎµÏ…Î¸ÎµÎ¯Î± Î³ÏÎ±Î¼Î¼...

You may provide a definition with
\DeclareUnicodeCharacter 


! LaTeX Error: Unicode character Î± (U+03B1)
               not set up for use with LaTeX.

See the LaTeX manual or LaTeX Companion for explanation.
Type  H <return>  for immediate help.
 ...                                              
                                                  
l.2 ...»Î±Ï‡Î¯ÏƒÏ„Ï‰Î½ Ï„ÎµÏ„ÏÎ±Î³ÏÎ½Ï‰Î½ Î³Î¹Î±
                                                   ÎµÏ…Î¸ÎµÎ¯Î± Î³ÏÎ±Î¼Î¼Î®...

You may provide a definition with
\DeclareUnicodeCharacter 


! LaTeX Error: Unicode character Îµ (U+03B5)
               not set up for use with LaTeX.

See the LaTeX manual or LaTeX Companion for explanation.
Type  H <return>  for immediate help.
 ...                                              
                                                  
l.2 ...Ï‡Î¯ÏƒÏ„Ï‰Î½ Ï„ÎµÏ„ÏÎ±Î³ÏÎ½Ï‰Î½ Î³Î¹Î± Îµ
                                                  Ï…Î¸ÎµÎ¯Î± Î³ÏÎ±Î¼Î¼Î® Îµ...

You may provide a definition with
\DeclareUnicodeCharacter 


! LaTeX Error: Unicode character Ï… (U+03C5)
               not set up for use with LaTeX.

See the LaTeX manual or LaTeX Companion for explanation.
Type  H <return>  for immediate help.
 ...                                              
                                                  
l.2 ...Î¯ÏƒÏ„Ï‰Î½ Ï„ÎµÏ„ÏÎ±Î³ÏÎ½Ï‰Î½ Î³Î¹Î± ÎµÏ…
                                                  Î¸ÎµÎ¯Î± Î³ÏÎ±Î¼Î¼Î® ÎµÎ¯...

You may provide a definition with
\DeclareUnicodeCharacter 


! LaTeX Error: Unicode character Î¸ (U+03B8)
               not set up for use with LaTeX.

See the LaTeX manual or LaTeX Companion for explanation.
Type  H <return>  for immediate help.
 ...                                              
                                                  
l.2 ...ÏƒÏ„Ï‰Î½ Ï„ÎµÏ„ÏÎ±Î³ÏÎ½Ï‰Î½ Î³Î¹Î± ÎµÏ…Î¸
                                                  ÎµÎ¯Î± Î³ÏÎ±Î¼Î¼Î® ÎµÎ¯Î½...

You may provide a definition with
\DeclareUnicodeCharacter 


! LaTeX Error: Unicode character Îµ (U+03B5)
               not set up for use with LaTeX.

See the LaTeX manual or LaTeX Companion for explanation.
Type  H <return>  for immediate help.
 ...                                              
                                                  
l.2 ...Ï„Ï‰Î½ Ï„ÎµÏ„ÏÎ±Î³ÏÎ½Ï‰Î½ Î³Î¹Î± ÎµÏ…Î¸Îµ
                                                  Î¯Î± Î³ÏÎ±Î¼Î¼Î® ÎµÎ¯Î½Î±...

You may provide a definition with
\DeclareUnicodeCharacter 


! LaTeX Error: Unicode character Î¯ (U+03AF)
               not set up for use with LaTeX.

See the LaTeX manual or LaTeX Companion for explanation.
Type  H <return>  for immediate help.
 ...                                              
                                                  
l.2 ...Ï‰Î½ Ï„ÎµÏ„ÏÎ±Î³ÏÎ½Ï‰Î½ Î³Î¹Î± ÎµÏ…Î¸ÎµÎ¯
                                                  Î± Î³ÏÎ±Î¼Î¼Î® ÎµÎ¯Î½Î±Î¹...

You may provide a definition with
\DeclareUnicodeCharacter 


! LaTeX Error: Unicode character Î± (U+03B1)
               not set up for use with LaTeX.

See the LaTeX manual or LaTeX Companion for explanation.
Type  H <return>  for immediate help.
 ...                                              
                                                  
l.2 ...Î½ Ï„ÎµÏ„ÏÎ±Î³ÏÎ½Ï‰Î½ Î³Î¹Î± ÎµÏ…Î¸ÎµÎ¯Î±
                                                   Î³ÏÎ±Î¼Î¼Î® ÎµÎ¯Î½Î±Î¹ Î...

You may provide a definition with
\DeclareUnicodeCharacter 


! LaTeX Error: Unicode character Î³ (U+03B3)
               not set up for use with LaTeX.

See the LaTeX manual or LaTeX Companion for explanation.
Type  H <return>  for immediate help.
 ...                                              
                                                  
l.2 ...Ï„ÎµÏ„ÏÎ±Î³ÏÎ½Ï‰Î½ Î³Î¹Î± ÎµÏ…Î¸ÎµÎ¯Î± Î³
                                                  ÏÎ±Î¼Î¼Î® ÎµÎ¯Î½Î±Î¹ Î¼Î­...

You may provide a definition with
\DeclareUnicodeCharacter 


! LaTeX Error: Unicode character Ï (U+03C1)
               not set up for use with LaTeX.

See the LaTeX manual or LaTeX Companion for explanation.
Type  H <return>  for immediate help.
 ...                                              
                                                  
l.2 ...ÎµÏ„ÏÎ±Î³ÏÎ½Ï‰Î½ Î³Î¹Î± ÎµÏ…Î¸ÎµÎ¯Î± Î³Ï
                                                  Î±Î¼Î¼Î® ÎµÎ¯Î½Î±Î¹ Î¼Î­Î¸...

You may provide a definition with
\DeclareUnicodeCharacter 


! LaTeX Error: Unicode character Î± (U+03B1)
               not set up for use with LaTeX.

See the LaTeX manual or LaTeX Companion for explanation.
Type  H <return>  for immediate help.
 ...                                              
                                                  
l.2 ...Ï„ÏÎ±Î³ÏÎ½Ï‰Î½ Î³Î¹Î± ÎµÏ…Î¸ÎµÎ¯Î± Î³ÏÎ±
                                                  Î¼Î¼Î® ÎµÎ¯Î½Î±Î¹ Î¼Î­Î¸Î¿...

You may provide a definition with
\DeclareUnicodeCharacter 


! LaTeX Error: Unicode character Î¼ (U+03BC)
               not set up for use with LaTeX.

See the LaTeX manual or LaTeX Companion for explanation.
Type  H <return>  for immediate help.
 ...                                              
                                                  
l.2 ...ÏÎ±Î³ÏÎ½Ï‰Î½ Î³Î¹Î± ÎµÏ…Î¸ÎµÎ¯Î± Î³ÏÎ±Î¼
                                                  Î¼Î® ÎµÎ¯Î½Î±Î¹ Î¼Î­Î¸Î¿Î´...

You may provide a definition with
\DeclareUnicodeCharacter 


! LaTeX Error: Unicode character Î¼ (U+03BC)
               not set up for use with LaTeX.

See the LaTeX manual or LaTeX Companion for explanation.
Type  H <return>  for immediate help.
 ...                                              
                                                  
l.2 ...Î±Î³ÏÎ½Ï‰Î½ Î³Î¹Î± ÎµÏ…Î¸ÎµÎ¯Î± Î³ÏÎ±Î¼Î¼
                                                  Î® ÎµÎ¯Î½Î±Î¹ Î¼Î­Î¸Î¿Î´Î¿...

You may provide a definition with
\DeclareUnicodeCharacter 


! LaTeX Error: Unicode character Î® (U+03AE)
               not set up for use with LaTeX.

See the LaTeX manual or LaTeX Companion for explanation.
Type  H <return>  for immediate help.
 ...                                              
                                                  
l.2 ...Î³ÏÎ½Ï‰Î½ Î³Î¹Î± ÎµÏ…Î¸ÎµÎ¯Î± Î³ÏÎ±Î¼Î¼Î®
                                                   ÎµÎ¯Î½Î±Î¹ Î¼Î­Î¸Î¿Î´Î¿Ï‚...

You may provide a definition with
\DeclareUnicodeCharacter 


! LaTeX Error: Unicode character Îµ (U+03B5)
               not set up for use with LaTeX.

See the LaTeX manual or LaTeX Companion for explanation.
Type  H <return>  for immediate help.
 ...                                              
                                                  
l.2 ...Î½Ï‰Î½ Î³Î¹Î± ÎµÏ…Î¸ÎµÎ¯Î± Î³ÏÎ±Î¼Î¼Î® Îµ
                                                  Î¯Î½Î±Î¹ Î¼Î­Î¸Î¿Î´Î¿Ï‚ Îµ...

You may provide a definition with
\DeclareUnicodeCharacter 


! LaTeX Error: Unicode character Î¯ (U+03AF)
               not set up for use with LaTeX.

See the LaTeX manual or LaTeX Companion for explanation.
Type  H <return>  for immediate help.
 ...                                              
                                                  
l.2 ...½Ï‰Î½ Î³Î¹Î± ÎµÏ…Î¸ÎµÎ¯Î± Î³ÏÎ±Î¼Î¼Î® ÎµÎ¯
                                                  Î½Î±Î¹ Î¼Î­Î¸Î¿Î´Î¿Ï‚ ÎµÏ...

You may provide a definition with
\DeclareUnicodeCharacter 


! LaTeX Error: Unicode character Î½ (U+03BD)
               not set up for use with LaTeX.

See the LaTeX manual or LaTeX Companion for explanation.
Type  H <return>  for immediate help.
 ...                                              
                                                  
l.2 ...‰Î½ Î³Î¹Î± ÎµÏ…Î¸ÎµÎ¯Î± Î³ÏÎ±Î¼Î¼Î® ÎµÎ¯Î½
                                                  Î±Î¹ Î¼Î­Î¸Î¿Î´Î¿Ï‚ ÎµÏÏ...

You may provide a definition with
\DeclareUnicodeCharacter 


! LaTeX Error: Unicode character Î± (U+03B1)
               not set up for use with LaTeX.

See the LaTeX manual or LaTeX Companion for explanation.
Type  H <return>  for immediate help.
 ...                                              
                                                  
l.2 ...½ Î³Î¹Î± ÎµÏ…Î¸ÎµÎ¯Î± Î³ÏÎ±Î¼Î¼Î® ÎµÎ¯Î½Î±
                                                  Î¹ Î¼Î­Î¸Î¿Î´Î¿Ï‚ ÎµÏÏÎµ...

You may provide a definition with
\DeclareUnicodeCharacter 


! LaTeX Error: Unicode character Î¹ (U+03B9)
               not set up for use with LaTeX.

See the LaTeX manual or LaTeX Companion for explanation.
Type  H <return>  for immediate help.
 ...                                              
                                                  
l.2 ...Î³Î¹Î± ÎµÏ…Î¸ÎµÎ¯Î± Î³ÏÎ±Î¼Î¼Î® ÎµÎ¯Î½Î±Î¹
                                                   Î¼Î­Î¸Î¿Î´Î¿Ï‚ ÎµÏÏÎµÏƒ...

You may provide a definition with
\DeclareUnicodeCharacter 


! LaTeX Error: Unicode character Î¼ (U+03BC)
               not set up for use with LaTeX.

See the LaTeX manual or LaTeX Companion for explanation.
Type  H <return>  for immediate help.
 ...                                              
                                                  
l.2 ...¹Î± ÎµÏ…Î¸ÎµÎ¯Î± Î³ÏÎ±Î¼Î¼Î® ÎµÎ¯Î½Î±Î¹ Î¼
                                                  Î­Î¸Î¿Î´Î¿Ï‚ ÎµÏÏÎµÏƒÎ·Ï...

You may provide a definition with
\DeclareUnicodeCharacter 


! LaTeX Error: Unicode character Î­ (U+03AD)
               not set up for use with LaTeX.

See the LaTeX manual or LaTeX Companion for explanation.
Type  H <return>  for immediate help.
 ...                                              
                                                  
l.2 ...± ÎµÏ…Î¸ÎµÎ¯Î± Î³ÏÎ±Î¼Î¼Î® ÎµÎ¯Î½Î±Î¹ Î¼Î­
                                                  Î¸Î¿Î´Î¿Ï‚ ÎµÏÏÎµÏƒÎ·Ï‚ ...

You may provide a definition with
\DeclareUnicodeCharacter 


! LaTeX Error: Unicode character Î¸ (U+03B8)
               not set up for use with LaTeX.

See the LaTeX manual or LaTeX Companion for explanation.
Type  H <return>  for immediate help.
 ...                                              
                                                  
l.2 ...ÎµÏ…Î¸ÎµÎ¯Î± Î³ÏÎ±Î¼Î¼Î® ÎµÎ¯Î½Î±Î¹ Î¼Î­Î¸
                                                  Î¿Î´Î¿Ï‚ ÎµÏÏÎµÏƒÎ·Ï‚ Ï„...

You may provide a definition with
\DeclareUnicodeCharacter 


! LaTeX Error: Unicode character Î¿ (U+03BF)
               not set up for use with LaTeX.

See the LaTeX manual or LaTeX Companion for explanation.
Type  H <return>  for immediate help.
 ...                                              
                                                  
l.2 ...Ï…Î¸ÎµÎ¯Î± Î³ÏÎ±Î¼Î¼Î® ÎµÎ¯Î½Î±Î¹ Î¼Î­Î¸Î¿
                                                  Î´Î¿Ï‚ ÎµÏÏÎµÏƒÎ·Ï‚ Ï„Î·...

You may provide a definition with
\DeclareUnicodeCharacter 


! LaTeX Error: Unicode character Î´ (U+03B4)
               not set up for use with LaTeX.

See the LaTeX manual or LaTeX Companion for explanation.
Type  H <return>  for immediate help.
 ...                                              
                                                  
l.2 ...Î¸ÎµÎ¯Î± Î³ÏÎ±Î¼Î¼Î® ÎµÎ¯Î½Î±Î¹ Î¼Î­Î¸Î¿Î´
                                                  Î¿Ï‚ ÎµÏÏÎµÏƒÎ·Ï‚ Ï„Î·Î½...

You may provide a definition with
\DeclareUnicodeCharacter 


! LaTeX Error: Unicode character Î¿ (U+03BF)
               not set up for use with LaTeX.

See the LaTeX manual or LaTeX Companion for explanation.
Type  H <return>  for immediate help.
 ...                                              
                                                  
l.2 ...ÎµÎ¯Î± Î³ÏÎ±Î¼Î¼Î® ÎµÎ¯Î½Î±Î¹ Î¼Î­Î¸Î¿Î´Î¿
                                                  Ï‚ ÎµÏÏÎµÏƒÎ·Ï‚ Ï„Î·Î½ Î...

You may provide a definition with
\DeclareUnicodeCharacter 


! LaTeX Error: Unicode character Ï‚ (U+03C2)
               not set up for use with LaTeX.

See the LaTeX manual or LaTeX Companion for explanation.
Type  H <return>  for immediate help.
 ...                                              
                                                  
l.2 ...Î¯Î± Î³ÏÎ±Î¼Î¼Î® ÎµÎ¯Î½Î±Î¹ Î¼Î­Î¸Î¿Î´Î¿Ï‚
                                                   ÎµÏÏÎµÏƒÎ·Ï‚ Ï„Î·Î½ ÎµÏ...

You may provide a definition with
\DeclareUnicodeCharacter 


! LaTeX Error: Unicode character Îµ (U+03B5)
               not set up for use with LaTeX.

See the LaTeX manual or LaTeX Companion for explanation.
Type  H <return>  for immediate help.
 ...                                              
                                                  
l.2 ...± Î³ÏÎ±Î¼Î¼Î® ÎµÎ¯Î½Î±Î¹ Î¼Î­Î¸Î¿Î´Î¿Ï‚ Îµ
                                                  ÏÏÎµÏƒÎ·Ï‚ Ï„Î·Î½ ÎµÏ…Î¸...

You may provide a definition with
\DeclareUnicodeCharacter 


! LaTeX Error: Unicode character Ï (U+03CD)
               not set up for use with LaTeX.

See the LaTeX manual or LaTeX Companion for explanation.
Type  H <return>  for immediate help.
 ...                                              
                                                  
l.2 ...Î³ÏÎ±Î¼Î¼Î® ÎµÎ¯Î½Î±Î¹ Î¼Î­Î¸Î¿Î´Î¿Ï‚ ÎµÏ
                                                  ÏÎµÏƒÎ·Ï‚ Ï„Î·Î½ ÎµÏ…Î¸Îµ...

You may provide a definition with
\DeclareUnicodeCharacter 


! LaTeX Error: Unicode character Ï (U+03C1)
               not set up for use with LaTeX.

See the LaTeX manual or LaTeX Companion for explanation.
Type  H <return>  for immediate help.
 ...                                              
                                                  
l.2 ...ÏÎ±Î¼Î¼Î® ÎµÎ¯Î½Î±Î¹ Î¼Î­Î¸Î¿Î´Î¿Ï‚ ÎµÏÏ
                                                  ÎµÏƒÎ·Ï‚ Ï„Î·Î½ ÎµÏ…Î¸ÎµÎ¯...

You may provide a definition with
\DeclareUnicodeCharacter 


! LaTeX Error: Unicode character Îµ (U+03B5)
               not set up for use with LaTeX.

See the LaTeX manual or LaTeX Companion for explanation.
Type  H <return>  for immediate help.
 ...                                              
                                                  
l.2 ...Î±Î¼Î¼Î® ÎµÎ¯Î½Î±Î¹ Î¼Î­Î¸Î¿Î´Î¿Ï‚ ÎµÏÏÎµ
                                                  ÏƒÎ·Ï‚ Ï„Î·Î½ ÎµÏ…Î¸ÎµÎ¯Î±...

You may provide a definition with
\DeclareUnicodeCharacter 


! LaTeX Error: Unicode character Ïƒ (U+03C3)
               not set up for use with LaTeX.

See the LaTeX manual or LaTeX Companion for explanation.
Type  H <return>  for immediate help.
 ...                                              
                                                  
l.2 ...Î¼Î¼Î® ÎµÎ¯Î½Î±Î¹ Î¼Î­Î¸Î¿Î´Î¿Ï‚ ÎµÏÏÎµÏƒ
                                                  Î·Ï‚ Ï„Î·Î½ ÎµÏ…Î¸ÎµÎ¯Î±Ï‚...

You may provide a definition with
\DeclareUnicodeCharacter 


! LaTeX Error: Unicode character Î· (U+03B7)
               not set up for use with LaTeX.

See the LaTeX manual or LaTeX Companion for explanation.
Type  H <return>  for immediate help.
 ...                                              
                                                  
l.2 ...Î¼Î® ÎµÎ¯Î½Î±Î¹ Î¼Î­Î¸Î¿Î´Î¿Ï‚ ÎµÏÏÎµÏƒÎ·
                                                  Ï‚ Ï„Î·Î½ ÎµÏ…Î¸ÎµÎ¯Î±Ï‚ Î...

You may provide a definition with
\DeclareUnicodeCharacter 


! LaTeX Error: Unicode character Ï‚ (U+03C2)
               not set up for use with LaTeX.

See the LaTeX manual or LaTeX Companion for explanation.
Type  H <return>  for immediate help.
 ...                                              
                                                  
l.2 ...Î® ÎµÎ¯Î½Î±Î¹ Î¼Î­Î¸Î¿Î´Î¿Ï‚ ÎµÏÏÎµÏƒÎ·Ï‚
                                                   Ï„Î·Î½ ÎµÏ…Î¸ÎµÎ¯Î±Ï‚ Î¼Î...

You may provide a definition with
\DeclareUnicodeCharacter 


! LaTeX Error: Unicode character Ï„ (U+03C4)
               not set up for use with LaTeX.

See the LaTeX manual or LaTeX Companion for explanation.
Type  H <return>  for immediate help.
 ...                                              
                                                  
l.2 ...ÎµÎ¯Î½Î±Î¹ Î¼Î­Î¸Î¿Î´Î¿Ï‚ ÎµÏÏÎµÏƒÎ·Ï‚ Ï„
                                                  Î·Î½ ÎµÏ…Î¸ÎµÎ¯Î±Ï‚ Î¼Îµ Ï...

You may provide a definition with
\DeclareUnicodeCharacter 


! LaTeX Error: Unicode character Î· (U+03B7)
               not set up for use with LaTeX.

See the LaTeX manual or LaTeX Companion for explanation.
Type  H <return>  for immediate help.
 ...                                              
                                                  
l.2 ...Î¯Î½Î±Î¹ Î¼Î­Î¸Î¿Î´Î¿Ï‚ ÎµÏÏÎµÏƒÎ·Ï‚ Ï„Î·
                                                  Î½ ÎµÏ…Î¸ÎµÎ¯Î±Ï‚ Î¼Îµ Ï„Î...

You may provide a definition with
\DeclareUnicodeCharacter 


! LaTeX Error: Unicode character Î½ (U+03BD)
               not set up for use with LaTeX.

See the LaTeX manual or LaTeX Companion for explanation.
Type  H <return>  for immediate help.
 ...                                              
                                                  
l.2 ...Î½Î±Î¹ Î¼Î­Î¸Î¿Î´Î¿Ï‚ ÎµÏÏÎµÏƒÎ·Ï‚ Ï„Î·Î½
                                                   ÎµÏ…Î¸ÎµÎ¯Î±Ï‚ Î¼Îµ Ï„Î·Î...

You may provide a definition with
\DeclareUnicodeCharacter 


! LaTeX Error: Unicode character Îµ (U+03B5)
               not set up for use with LaTeX.

See the LaTeX manual or LaTeX Companion for explanation.
Type  H <return>  for immediate help.
 ...                                              
                                                  
l.2 ...±Î¹ Î¼Î­Î¸Î¿Î´Î¿Ï‚ ÎµÏÏÎµÏƒÎ·Ï‚ Ï„Î·Î½ Îµ
                                                  Ï…Î¸ÎµÎ¯Î±Ï‚ Î¼Îµ Ï„Î·Î½ Î...

You may provide a definition with
\DeclareUnicodeCharacter 


! LaTeX Error: Unicode character Ï… (U+03C5)
               not set up for use with LaTeX.

See the LaTeX manual or LaTeX Companion for explanation.
Type  H <return>  for immediate help.
 ...                                              
                                                  
l.2 ...¹ Î¼Î­Î¸Î¿Î´Î¿Ï‚ ÎµÏÏÎµÏƒÎ·Ï‚ Ï„Î·Î½ ÎµÏ…
                                                  Î¸ÎµÎ¯Î±Ï‚ Î¼Îµ Ï„Î·Î½ ÎµÎ...

You may provide a definition with
\DeclareUnicodeCharacter 


! LaTeX Error: Unicode character Î¸ (U+03B8)
               not set up for use with LaTeX.

See the LaTeX manual or LaTeX Companion for explanation.
Type  H <return>  for immediate help.
 ...                                              
                                                  
l.2 ...Î¼Î­Î¸Î¿Î´Î¿Ï‚ ÎµÏÏÎµÏƒÎ·Ï‚ Ï„Î·Î½ ÎµÏ…Î¸
                                                  ÎµÎ¯Î±Ï‚ Î¼Îµ Ï„Î·Î½ ÎµÎ»Î...

You may provide a definition with
\DeclareUnicodeCharacter 


! LaTeX Error: Unicode character Îµ (U+03B5)
               not set up for use with LaTeX.

See the LaTeX manual or LaTeX Companion for explanation.
Type  H <return>  for immediate help.
 ...                                              
                                                  
l.2 ...Î­Î¸Î¿Î´Î¿Ï‚ ÎµÏÏÎµÏƒÎ·Ï‚ Ï„Î·Î½ ÎµÏ…Î¸Îµ
                                                  Î¯Î±Ï‚ Î¼Îµ Ï„Î·Î½ ÎµÎ»Î¬Ï...

You may provide a definition with
\DeclareUnicodeCharacter 


! LaTeX Error: Unicode character Î¯ (U+03AF)
               not set up for use with LaTeX.

See the LaTeX manual or LaTeX Companion for explanation.
Type  H <return>  for immediate help.
 ...                                              
                                                  
l.2 ...Î¸Î¿Î´Î¿Ï‚ ÎµÏÏÎµÏƒÎ·Ï‚ Ï„Î·Î½ ÎµÏ…Î¸ÎµÎ¯
                                                  Î±Ï‚ Î¼Îµ Ï„Î·Î½ ÎµÎ»Î¬Ï‡Î...

You may provide a definition with
\DeclareUnicodeCharacter 


! LaTeX Error: Unicode character Î± (U+03B1)
               not set up for use with LaTeX.

See the LaTeX manual or LaTeX Companion for explanation.
Type  H <return>  for immediate help.
 ...                                              
                                                  
l.2 ...Î¿Î´Î¿Ï‚ ÎµÏÏÎµÏƒÎ·Ï‚ Ï„Î·Î½ ÎµÏ…Î¸ÎµÎ¯Î±
                                                  Ï‚ Î¼Îµ Ï„Î·Î½ ÎµÎ»Î¬Ï‡Î¹Ï...

You may provide a definition with
\DeclareUnicodeCharacter 


! LaTeX Error: Unicode character Ï‚ (U+03C2)
               not set up for use with LaTeX.

See the LaTeX manual or LaTeX Companion for explanation.
Type  H <return>  for immediate help.
 ...                                              
                                                  
l.2 ...Î´Î¿Ï‚ ÎµÏÏÎµÏƒÎ·Ï‚ Ï„Î·Î½ ÎµÏ…Î¸ÎµÎ¯Î±Ï‚
                                                   Î¼Îµ Ï„Î·Î½ ÎµÎ»Î¬Ï‡Î¹ÏƒÏ...

You may provide a definition with
\DeclareUnicodeCharacter 


! LaTeX Error: Unicode character Î¼ (U+03BC)
               not set up for use with LaTeX.

See the LaTeX manual or LaTeX Companion for explanation.
Type  H <return>  for immediate help.
 ...                                              
                                                  
l.2 ...¿Ï‚ ÎµÏÏÎµÏƒÎ·Ï‚ Ï„Î·Î½ ÎµÏ…Î¸ÎµÎ¯Î±Ï‚ Î¼
                                                  Îµ Ï„Î·Î½ ÎµÎ»Î¬Ï‡Î¹ÏƒÏ„Î·...

You may provide a definition with
\DeclareUnicodeCharacter 


! LaTeX Error: Unicode character Îµ (U+03B5)
               not set up for use with LaTeX.

See the LaTeX manual or LaTeX Companion for explanation.
Type  H <return>  for immediate help.
 ...                                              
                                                  
l.2 ...‚ ÎµÏÏÎµÏƒÎ·Ï‚ Ï„Î·Î½ ÎµÏ…Î¸ÎµÎ¯Î±Ï‚ Î¼Îµ
                                                   Ï„Î·Î½ ÎµÎ»Î¬Ï‡Î¹ÏƒÏ„Î· Ï...
(That makes 100 errors; please try again.) 
Here is how much of TeX's memory you used:
 46 strings out of 477992
 778 string characters out of 2827466
 299418 words of memory out of 3000000
 18922 multiletter control sequences out of 15000+600000
 469259 words of font info for 28 fonts, out of 8000000 for 9000
 1141 hyphenation exceptions out of 8191
 13i,0n,12p,355b,36s stack positions out of 10000i,1000n,20000p,200000b,80000s

!  ==> Fatal error occurred, no output PDF file produced!
