This is pdfTeX, Version 3.141592653-2.6-1.40.24 (MiKTeX 22.8) (preloaded format=pdflatex 2022.8.17)  7 SEP 2022 10:47
entering extended mode
 restricted \write18 enabled.
 %&-line parsing enabled.
**./titlepage.tex
(titlepage.tex
LaTeX2e <2022-06-01> patch level 5
L3 programming layer <2022-08-05>

! LaTeX Error: Environment titlepage undefined.

See the LaTeX manual or LaTeX Companion for explanation.
Type  H <return>  for immediate help.
 ...                                              
                                                  
l.1 \begin{titlepage}
                     
Your command was ignored.
Type  I <command> <return>  to replace it with another command,
or  <return>  to continue without it.


! LaTeX Error: Missing \begin{document}.

See the LaTeX manual or LaTeX Companion for explanation.
Type  H <return>  for immediate help.
 ...                                              
                                                  
l.10 \begin{center}
                   
You're in trouble here.  Try typing  <return>  to proceed.
If that doesn't work, type  X <return>  to quit.


Overfull \hbox (20.0pt too wide) in paragraph at lines 10--10
[] 
 []


! LaTeX Error: Unicode character Π (U+03A0)
               not set up for use with LaTeX.

See the LaTeX manual or LaTeX Companion for explanation.
Type  H <return>  for immediate help.
 ...                                              
                                                  
l.16 \textsc{Πανεπιστήμιο}
                                      \\[1cm]
You may provide a definition with
\DeclareUnicodeCharacter 


! LaTeX Error: Unicode character α (U+03B1)
               not set up for use with LaTeX.

See the LaTeX manual or LaTeX Companion for explanation.
Type  H <return>  for immediate help.
 ...                                              
                                                  
l.16 \textsc{Πανεπιστήμιο}
                                      \\[1cm]
You may provide a definition with
\DeclareUnicodeCharacter 


! LaTeX Error: Unicode character ν (U+03BD)
               not set up for use with LaTeX.

See the LaTeX manual or LaTeX Companion for explanation.
Type  H <return>  for immediate help.
 ...                                              
                                                  
l.16 \textsc{Πανεπιστήμιο}
                                      \\[1cm]
You may provide a definition with
\DeclareUnicodeCharacter 


! LaTeX Error: Unicode character ε (U+03B5)
               not set up for use with LaTeX.

See the LaTeX manual or LaTeX Companion for explanation.
Type  H <return>  for immediate help.
 ...                                              
                                                  
l.16 \textsc{Πανεπιστήμιο}
                                      \\[1cm]
You may provide a definition with
\DeclareUnicodeCharacter 


! LaTeX Error: Unicode character π (U+03C0)
               not set up for use with LaTeX.

See the LaTeX manual or LaTeX Companion for explanation.
Type  H <return>  for immediate help.
 ...                                              
                                                  
l.16 \textsc{Πανεπιστήμιο}
                                      \\[1cm]
You may provide a definition with
\DeclareUnicodeCharacter 


! LaTeX Error: Unicode character ι (U+03B9)
               not set up for use with LaTeX.

See the LaTeX manual or LaTeX Companion for explanation.
Type  H <return>  for immediate help.
 ...                                              
                                                  
l.16 \textsc{Πανεπιστήμιο}
                                      \\[1cm]
You may provide a definition with
\DeclareUnicodeCharacter 


! LaTeX Error: Unicode character σ (U+03C3)
               not set up for use with LaTeX.

See the LaTeX manual or LaTeX Companion for explanation.
Type  H <return>  for immediate help.
 ...                                              
                                                  
l.16 \textsc{Πανεπιστήμιο}
                                      \\[1cm]
You may provide a definition with
\DeclareUnicodeCharacter 


! LaTeX Error: Unicode character τ (U+03C4)
               not set up for use with LaTeX.

See the LaTeX manual or LaTeX Companion for explanation.
Type  H <return>  for immediate help.
 ...                                              
                                                  
l.16 \textsc{Πανεπιστήμιο}
                                      \\[1cm]
You may provide a definition with
\DeclareUnicodeCharacter 


! LaTeX Error: Unicode character ή (U+03AE)
               not set up for use with LaTeX.

See the LaTeX manual or LaTeX Companion for explanation.
Type  H <return>  for immediate help.
 ...                                              
                                                  
l.16 \textsc{Πανεπιστήμιο}
                                      \\[1cm]
You may provide a definition with
\DeclareUnicodeCharacter 


! LaTeX Error: Unicode character μ (U+03BC)
               not set up for use with LaTeX.

See the LaTeX manual or LaTeX Companion for explanation.
Type  H <return>  for immediate help.
 ...                                              
                                                  
l.16 \textsc{Πανεπιστήμιο}
                                      \\[1cm]
You may provide a definition with
\DeclareUnicodeCharacter 


! LaTeX Error: Unicode character ι (U+03B9)
               not set up for use with LaTeX.

See the LaTeX manual or LaTeX Companion for explanation.
Type  H <return>  for immediate help.
 ...                                              
                                                  
l.16 \textsc{Πανεπιστήμιο}
                                      \\[1cm]
You may provide a definition with
\DeclareUnicodeCharacter 


! LaTeX Error: Unicode character ο (U+03BF)
               not set up for use with LaTeX.

See the LaTeX manual or LaTeX Companion for explanation.
Type  H <return>  for immediate help.
 ...                                              
                                                  
l.16 \textsc{Πανεπιστήμιο}
                                      \\[1cm]
You may provide a definition with
\DeclareUnicodeCharacter 


! LaTeX Error: Unicode character Σ (U+03A3)
               not set up for use with LaTeX.

See the LaTeX manual or LaTeX Companion for explanation.
Type  H <return>  for immediate help.
 ...                                              
                                                  
l.17 \textsc{Σχολή}
                        \\[3.5cm]
You may provide a definition with
\DeclareUnicodeCharacter 


! LaTeX Error: Unicode character χ (U+03C7)
               not set up for use with LaTeX.

See the LaTeX manual or LaTeX Companion for explanation.
Type  H <return>  for immediate help.
 ...                                              
                                                  
l.17 \textsc{Σχολή}
                        \\[3.5cm]
You may provide a definition with
\DeclareUnicodeCharacter 


! LaTeX Error: Unicode character ο (U+03BF)
               not set up for use with LaTeX.

See the LaTeX manual or LaTeX Companion for explanation.
Type  H <return>  for immediate help.
 ...                                              
                                                  
l.17 \textsc{Σχολή}
                        \\[3.5cm]
You may provide a definition with
\DeclareUnicodeCharacter 


! LaTeX Error: Unicode character λ (U+03BB)
               not set up for use with LaTeX.

See the LaTeX manual or LaTeX Companion for explanation.
Type  H <return>  for immediate help.
 ...                                              
                                                  
l.17 \textsc{Σχολή}
                        \\[3.5cm]
You may provide a definition with
\DeclareUnicodeCharacter 


! LaTeX Error: Unicode character ή (U+03AE)
               not set up for use with LaTeX.

See the LaTeX manual or LaTeX Companion for explanation.
Type  H <return>  for immediate help.
 ...                                              
                                                  
l.17 \textsc{Σχολή}
                        \\[3.5cm]
You may provide a definition with
\DeclareUnicodeCharacter 

! Undefined control sequence.
l.19 \includegraphics
                     [scale=0.8]{figures/authsymbol.png}\\ % Include a depar...
The control sequence at the end of the top line
of your error message was never \def'ed. If you have
misspelled it (e.g., `\hobx'), type `I' and the correct
spelling (e.g., `I\hbox'). Otherwise just continue,
and I'll forget about whatever was undefined.

Missing character: There is no [ in font nullfont!
Missing character: There is no s in font nullfont!
Missing character: There is no c in font nullfont!
Missing character: There is no a in font nullfont!
Missing character: There is no l in font nullfont!
Missing character: There is no e in font nullfont!
Missing character: There is no = in font nullfont!
Missing character: There is no 0 in font nullfont!
Missing character: There is no . in font nullfont!
Missing character: There is no 8 in font nullfont!
Missing character: There is no ] in font nullfont!
Missing character: There is no f in font nullfont!
Missing character: There is no i in font nullfont!
Missing character: There is no g in font nullfont!
Missing character: There is no u in font nullfont!
Missing character: There is no r in font nullfont!
Missing character: There is no e in font nullfont!
Missing character: There is no s in font nullfont!
Missing character: There is no / in font nullfont!
Missing character: There is no a in font nullfont!
Missing character: There is no u in font nullfont!
Missing character: There is no t in font nullfont!
Missing character: There is no h in font nullfont!
Missing character: There is no s in font nullfont!
Missing character: There is no y in font nullfont!
Missing character: There is no m in font nullfont!
Missing character: There is no b in font nullfont!
Missing character: There is no o in font nullfont!
Missing character: There is no l in font nullfont!
Missing character: There is no . in font nullfont!
Missing character: There is no p in font nullfont!
Missing character: There is no n in font nullfont!
Missing character: There is no g in font nullfont!
! Undefined control sequence.
l.28 {\Large
             \bfseries Γραμμική Άλγεβρα}\\[0.4cm] % Title of ...
The control sequence at the end of the top line
of your error message was never \def'ed. If you have
misspelled it (e.g., `\hobx'), type `I' and the correct
spelling (e.g., `I\hbox'). Otherwise just continue,
and I'll forget about whatever was undefined.


! LaTeX Error: Unicode character Γ (U+0393)
               not set up for use with LaTeX.

See the LaTeX manual or LaTeX Companion for explanation.
Type  H <return>  for immediate help.
 ...                                              
                                                  
l.28 {\Large \bfseries Γ
                         ραμμική Άλγεβρα}\\[0.4cm] % Title of ...

You may provide a definition with
\DeclareUnicodeCharacter 


! LaTeX Error: Unicode character ρ (U+03C1)
               not set up for use with LaTeX.

See the LaTeX manual or LaTeX Companion for explanation.
Type  H <return>  for immediate help.
 ...                                              
                                                  
l.28 {\Large \bfseries Γρ
                           αμμική Άλγεβρα}\\[0.4cm] % Title of ...

You may provide a definition with
\DeclareUnicodeCharacter 


! LaTeX Error: Unicode character α (U+03B1)
               not set up for use with LaTeX.

See the LaTeX manual or LaTeX Companion for explanation.
Type  H <return>  for immediate help.
 ...                                              
                                                  
l.28 {\Large \bfseries Γρα
                             μμική Άλγεβρα}\\[0.4cm] % Title of ...

You may provide a definition with
\DeclareUnicodeCharacter 


! LaTeX Error: Unicode character μ (U+03BC)
               not set up for use with LaTeX.

See the LaTeX manual or LaTeX Companion for explanation.
Type  H <return>  for immediate help.
 ...                                              
                                                  
l.28 {\Large \bfseries Γραμ
                               μική Άλγεβρα}\\[0.4cm] % Title of ...

You may provide a definition with
\DeclareUnicodeCharacter 


! LaTeX Error: Unicode character μ (U+03BC)
               not set up for use with LaTeX.

See the LaTeX manual or LaTeX Companion for explanation.
Type  H <return>  for immediate help.
 ...                                              
                                                  
l.28 {\Large \bfseries Γραμμ
                                 ική Άλγεβρα}\\[0.4cm] % Title of ...

You may provide a definition with
\DeclareUnicodeCharacter 


! LaTeX Error: Unicode character ι (U+03B9)
               not set up for use with LaTeX.

See the LaTeX manual or LaTeX Companion for explanation.
Type  H <return>  for immediate help.
 ...                                              
                                                  
l.28 {\Large \bfseries Γραμμι
                                   κή Άλγεβρα}\\[0.4cm] % Title of ...

You may provide a definition with
\DeclareUnicodeCharacter 


! LaTeX Error: Unicode character κ (U+03BA)
               not set up for use with LaTeX.

See the LaTeX manual or LaTeX Companion for explanation.
Type  H <return>  for immediate help.
 ...                                              
                                                  
l.28 {\Large \bfseries Γραμμικ
                                     ή Άλγεβρα}\\[0.4cm] % Title of ...

You may provide a definition with
\DeclareUnicodeCharacter 


! LaTeX Error: Unicode character ή (U+03AE)
               not set up for use with LaTeX.

See the LaTeX manual or LaTeX Companion for explanation.
Type  H <return>  for immediate help.
 ...                                              
                                                  
l.28 {\Large \bfseries Γραμμική
                                        Άλγεβρα}\\[0.4cm] % Title of ...

You may provide a definition with
\DeclareUnicodeCharacter 


! LaTeX Error: Unicode character Ά (U+0386)
               not set up for use with LaTeX.

See the LaTeX manual or LaTeX Companion for explanation.
Type  H <return>  for immediate help.
 ...                                              
                                                  
l.28 {\Large \bfseries Γραμμική Ά
                                          λγεβρα}\\[0.4cm] % Title of ...

You may provide a definition with
\DeclareUnicodeCharacter 


! LaTeX Error: Unicode character λ (U+03BB)
               not set up for use with LaTeX.

See the LaTeX manual or LaTeX Companion for explanation.
Type  H <return>  for immediate help.
 ...                                              
                                                  
l.28 {\Large \bfseries Γραμμική Άλ
                                            γεβρα}\\[0.4cm] % Title of ...

You may provide a definition with
\DeclareUnicodeCharacter 


! LaTeX Error: Unicode character γ (U+03B3)
               not set up for use with LaTeX.

See the LaTeX manual or LaTeX Companion for explanation.
Type  H <return>  for immediate help.
 ...                                              
                                                  
l.28 {\Large \bfseries Γραμμική Άλγ
                                              εβρα}\\[0.4cm] % Title of ...

You may provide a definition with
\DeclareUnicodeCharacter 


! LaTeX Error: Unicode character ε (U+03B5)
               not set up for use with LaTeX.

See the LaTeX manual or LaTeX Companion for explanation.
Type  H <return>  for immediate help.
 ...                                              
                                                  
l.28 {\Large \bfseries Γραμμική Άλγε
                                                βρα}\\[0.4cm] % Title of ...

You may provide a definition with
\DeclareUnicodeCharacter 


! LaTeX Error: Unicode character β (U+03B2)
               not set up for use with LaTeX.

See the LaTeX manual or LaTeX Companion for explanation.
Type  H <return>  for immediate help.
 ...                                              
                                                  
l.28 {\Large \bfseries Γραμμική Άλγεβ
                                                  ρα}\\[0.4cm] % Title of ...

You may provide a definition with
\DeclareUnicodeCharacter 


! LaTeX Error: Unicode character ρ (U+03C1)
               not set up for use with LaTeX.

See the LaTeX manual or LaTeX Companion for explanation.
Type  H <return>  for immediate help.
 ...                                              
                                                  
l.28 ...ge \bfseries Γραμμική Άλγεβρ
                                                  α}\\[0.4cm] % Title of yo...

You may provide a definition with
\DeclareUnicodeCharacter 


! LaTeX Error: Unicode character α (U+03B1)
               not set up for use with LaTeX.

See the LaTeX manual or LaTeX Companion for explanation.
Type  H <return>  for immediate help.
 ...                                              
                                                  
l.28 ... \bfseries Γραμμική Άλγεβρα
                                                  }\\[0.4cm] % Title of your...

You may provide a definition with
\DeclareUnicodeCharacter 


! LaTeX Error: There's no line here to end.

See the LaTeX manual or LaTeX Companion for explanation.
Type  H <return>  for immediate help.
 ...                                              
                                                  
l.28 ...fseries Γραμμική Άλγεβρα}\\
                                                  [0.4cm] % Title of your do...

Your command was ignored.
Type  I <command> <return>  to replace it with another command,
or  <return>  to continue without it.

! Undefined control sequence.
l.36 \large
           
The control sequence at the end of the top line
of your error message was never \def'ed. If you have
misspelled it (e.g., `\hobx'), type `I' and the correct
spelling (e.g., `I\hbox'). Otherwise just continue,
and I'll forget about whatever was undefined.


! LaTeX Error: Unicode character Ε (U+0395)
               not set up for use with LaTeX.

See the LaTeX manual or LaTeX Companion for explanation.
Type  H <return>  for immediate help.
 ...                                              
                                                  
l.37 \emph{Επιβλέπων:}
                               \\
You may provide a definition with
\DeclareUnicodeCharacter 


! LaTeX Error: Unicode character π (U+03C0)
               not set up for use with LaTeX.

See the LaTeX manual or LaTeX Companion for explanation.
Type  H <return>  for immediate help.
 ...                                              
                                                  
l.37 \emph{Επιβλέπων:}
                               \\
You may provide a definition with
\DeclareUnicodeCharacter 


! LaTeX Error: Unicode character ι (U+03B9)
               not set up for use with LaTeX.

See the LaTeX manual or LaTeX Companion for explanation.
Type  H <return>  for immediate help.
 ...                                              
                                                  
l.37 \emph{Επιβλέπων:}
                               \\
You may provide a definition with
\DeclareUnicodeCharacter 


! LaTeX Error: Unicode character β (U+03B2)
               not set up for use with LaTeX.

See the LaTeX manual or LaTeX Companion for explanation.
Type  H <return>  for immediate help.
 ...                                              
                                                  
l.37 \emph{Επιβλέπων:}
                               \\
You may provide a definition with
\DeclareUnicodeCharacter 


! LaTeX Error: Unicode character λ (U+03BB)
               not set up for use with LaTeX.

See the LaTeX manual or LaTeX Companion for explanation.
Type  H <return>  for immediate help.
 ...                                              
                                                  
l.37 \emph{Επιβλέπων:}
                               \\
You may provide a definition with
\DeclareUnicodeCharacter 


! LaTeX Error: Unicode character έ (U+03AD)
               not set up for use with LaTeX.

See the LaTeX manual or LaTeX Companion for explanation.
Type  H <return>  for immediate help.
 ...                                              
                                                  
l.37 \emph{Επιβλέπων:}
                               \\
You may provide a definition with
\DeclareUnicodeCharacter 


! LaTeX Error: Unicode character π (U+03C0)
               not set up for use with LaTeX.

See the LaTeX manual or LaTeX Companion for explanation.
Type  H <return>  for immediate help.
 ...                                              
                                                  
l.37 \emph{Επιβλέπων:}
                               \\
You may provide a definition with
\DeclareUnicodeCharacter 


! LaTeX Error: Unicode character ω (U+03C9)
               not set up for use with LaTeX.

See the LaTeX manual or LaTeX Companion for explanation.
Type  H <return>  for immediate help.
 ...                                              
                                                  
l.37 \emph{Επιβλέπων:}
                               \\
You may provide a definition with
\DeclareUnicodeCharacter 


! LaTeX Error: Unicode character ν (U+03BD)
               not set up for use with LaTeX.

See the LaTeX manual or LaTeX Companion for explanation.
Type  H <return>  for immediate help.
 ...                                              
                                                  
l.37 \emph{Επιβλέπων:}
                               \\
You may provide a definition with
\DeclareUnicodeCharacter 


! LaTeX Error: Unicode character Ο (U+039F)
               not set up for use with LaTeX.

See the LaTeX manual or LaTeX Companion for explanation.
Type  H <return>  for immediate help.
 ...                                              
                                                  
l.39 Ο
       νοματεπώνυμο
You may provide a definition with
\DeclareUnicodeCharacter 


! LaTeX Error: Unicode character ν (U+03BD)
               not set up for use with LaTeX.

See the LaTeX manual or LaTeX Companion for explanation.
Type  H <return>  for immediate help.
 ...                                              
                                                  
l.39 Ον
         οματεπώνυμο
You may provide a definition with
\DeclareUnicodeCharacter 


! LaTeX Error: Unicode character ο (U+03BF)
               not set up for use with LaTeX.

See the LaTeX manual or LaTeX Companion for explanation.
Type  H <return>  for immediate help.
 ...                                              
                                                  
l.39 Ονο
           ματεπώνυμο
You may provide a definition with
\DeclareUnicodeCharacter 


! LaTeX Error: Unicode character μ (U+03BC)
               not set up for use with LaTeX.

See the LaTeX manual or LaTeX Companion for explanation.
Type  H <return>  for immediate help.
 ...                                              
                                                  
l.39 Ονομ
             ατεπώνυμο
You may provide a definition with
\DeclareUnicodeCharacter 


! LaTeX Error: Unicode character α (U+03B1)
               not set up for use with LaTeX.

See the LaTeX manual or LaTeX Companion for explanation.
Type  H <return>  for immediate help.
 ...                                              
                                                  
l.39 Ονομα
               τεπώνυμο
You may provide a definition with
\DeclareUnicodeCharacter 


! LaTeX Error: Unicode character τ (U+03C4)
               not set up for use with LaTeX.

See the LaTeX manual or LaTeX Companion for explanation.
Type  H <return>  for immediate help.
 ...                                              
                                                  
l.39 Ονοματ
                 επώνυμο
You may provide a definition with
\DeclareUnicodeCharacter 


! LaTeX Error: Unicode character ε (U+03B5)
               not set up for use with LaTeX.

See the LaTeX manual or LaTeX Companion for explanation.
Type  H <return>  for immediate help.
 ...                                              
                                                  
l.39 Ονοματε
                   πώνυμο
You may provide a definition with
\DeclareUnicodeCharacter 


! LaTeX Error: Unicode character π (U+03C0)
               not set up for use with LaTeX.

See the LaTeX manual or LaTeX Companion for explanation.
Type  H <return>  for immediate help.
 ...                                              
                                                  
l.39 Ονοματεπ
                     ώνυμο
You may provide a definition with
\DeclareUnicodeCharacter 


! LaTeX Error: Unicode character ώ (U+03CE)
               not set up for use with LaTeX.

See the LaTeX manual or LaTeX Companion for explanation.
Type  H <return>  for immediate help.
 ...                                              
                                                  
l.39 Ονοματεπώ
                       νυμο
You may provide a definition with
\DeclareUnicodeCharacter 


! LaTeX Error: Unicode character ν (U+03BD)
               not set up for use with LaTeX.

See the LaTeX manual or LaTeX Companion for explanation.
Type  H <return>  for immediate help.
 ...                                              
                                                  
l.39 Ονοματεπών
                         υμο
You may provide a definition with
\DeclareUnicodeCharacter 


! LaTeX Error: Unicode character υ (U+03C5)
               not set up for use with LaTeX.

See the LaTeX manual or LaTeX Companion for explanation.
Type  H <return>  for immediate help.
 ...                                              
                                                  
l.39 Ονοματεπώνυ
                           μο
You may provide a definition with
\DeclareUnicodeCharacter 


! LaTeX Error: Unicode character μ (U+03BC)
               not set up for use with LaTeX.

See the LaTeX manual or LaTeX Companion for explanation.
Type  H <return>  for immediate help.
 ...                                              
                                                  
l.39 Ονοματεπώνυμ
                             ο
You may provide a definition with
\DeclareUnicodeCharacter 


! LaTeX Error: Unicode character ο (U+03BF)
               not set up for use with LaTeX.

See the LaTeX manual or LaTeX Companion for explanation.
Type  H <return>  for immediate help.
 ...                                              
                                                  
l.39 Ονοματεπώνυμο
                               
You may provide a definition with
\DeclareUnicodeCharacter 

LaTeX Font Info:    External font `cmex10' loaded for size
(Font)              <7> on input line 46.
LaTeX Font Info:    External font `cmex10' loaded for size
(Font)              <5> on input line 46.
! Undefined control sequence.
l.47 \large
           
The control sequence at the end of the top line
of your error message was never \def'ed. If you have
misspelled it (e.g., `\hobx'), type `I' and the correct
spelling (e.g., `I\hbox'). Otherwise just continue,
and I'll forget about whatever was undefined.


! LaTeX Error: Unicode character Σ (U+03A3)
               not set up for use with LaTeX.

See the LaTeX manual or LaTeX Companion for explanation.
Type  H <return>  for immediate help.
 ...                                              
                                                  
l.48 \emph{Συγγραφέας:}
                                 \\
You may provide a definition with
\DeclareUnicodeCharacter 


! LaTeX Error: Unicode character υ (U+03C5)
               not set up for use with LaTeX.

See the LaTeX manual or LaTeX Companion for explanation.
Type  H <return>  for immediate help.
 ...                                              
                                                  
l.48 \emph{Συγγραφέας:}
                                 \\
You may provide a definition with
\DeclareUnicodeCharacter 


! LaTeX Error: Unicode character γ (U+03B3)
               not set up for use with LaTeX.

See the LaTeX manual or LaTeX Companion for explanation.
Type  H <return>  for immediate help.
 ...                                              
                                                  
l.48 \emph{Συγγραφέας:}
                                 \\
You may provide a definition with
\DeclareUnicodeCharacter 


! LaTeX Error: Unicode character γ (U+03B3)
               not set up for use with LaTeX.

See the LaTeX manual or LaTeX Companion for explanation.
Type  H <return>  for immediate help.
 ...                                              
                                                  
l.48 \emph{Συγγραφέας:}
                                 \\
You may provide a definition with
\DeclareUnicodeCharacter 


! LaTeX Error: Unicode character ρ (U+03C1)
               not set up for use with LaTeX.

See the LaTeX manual or LaTeX Companion for explanation.
Type  H <return>  for immediate help.
 ...                                              
                                                  
l.48 \emph{Συγγραφέας:}
                                 \\
You may provide a definition with
\DeclareUnicodeCharacter 


! LaTeX Error: Unicode character α (U+03B1)
               not set up for use with LaTeX.

See the LaTeX manual or LaTeX Companion for explanation.
Type  H <return>  for immediate help.
 ...                                              
                                                  
l.48 \emph{Συγγραφέας:}
                                 \\
You may provide a definition with
\DeclareUnicodeCharacter 


! LaTeX Error: Unicode character φ (U+03C6)
               not set up for use with LaTeX.

See the LaTeX manual or LaTeX Companion for explanation.
Type  H <return>  for immediate help.
 ...                                              
                                                  
l.48 \emph{Συγγραφέας:}
                                 \\
You may provide a definition with
\DeclareUnicodeCharacter 


! LaTeX Error: Unicode character έ (U+03AD)
               not set up for use with LaTeX.

See the LaTeX manual or LaTeX Companion for explanation.
Type  H <return>  for immediate help.
 ...                                              
                                                  
l.48 \emph{Συγγραφέας:}
                                 \\
You may provide a definition with
\DeclareUnicodeCharacter 


! LaTeX Error: Unicode character α (U+03B1)
               not set up for use with LaTeX.

See the LaTeX manual or LaTeX Companion for explanation.
Type  H <return>  for immediate help.
 ...                                              
                                                  
l.48 \emph{Συγγραφέας:}
                                 \\
You may provide a definition with
\DeclareUnicodeCharacter 


! LaTeX Error: Unicode character ς (U+03C2)
               not set up for use with LaTeX.

See the LaTeX manual or LaTeX Companion for explanation.
Type  H <return>  for immediate help.
 ...                                              
                                                  
l.48 \emph{Συγγραφέας:}
                                 \\
You may provide a definition with
\DeclareUnicodeCharacter 

! Undefined control sequence.
<recently read> \large 
                       
l.49 \large
           
The control sequence at the end of the top line
of your error message was never \def'ed. If you have
misspelled it (e.g., `\hobx'), type `I' and the correct
spelling (e.g., `I\hbox'). Otherwise just continue,
and I'll forget about whatever was undefined.


! LaTeX Error: Unicode character Ο (U+039F)
               not set up for use with LaTeX.

See the LaTeX manual or LaTeX Companion for explanation.
Type  H <return>  for immediate help.
 ...                                              
                                                  
l.50 Ο
       νοματεπώνυμο
You may provide a definition with
\DeclareUnicodeCharacter 


! LaTeX Error: Unicode character ν (U+03BD)
               not set up for use with LaTeX.

See the LaTeX manual or LaTeX Companion for explanation.
Type  H <return>  for immediate help.
 ...                                              
                                                  
l.50 Ον
         οματεπώνυμο
You may provide a definition with
\DeclareUnicodeCharacter 


! LaTeX Error: Unicode character ο (U+03BF)
               not set up for use with LaTeX.

See the LaTeX manual or LaTeX Companion for explanation.
Type  H <return>  for immediate help.
 ...                                              
                                                  
l.50 Ονο
           ματεπώνυμο
You may provide a definition with
\DeclareUnicodeCharacter 


! LaTeX Error: Unicode character μ (U+03BC)
               not set up for use with LaTeX.

See the LaTeX manual or LaTeX Companion for explanation.
Type  H <return>  for immediate help.
 ...                                              
                                                  
l.50 Ονομ
             ατεπώνυμο
You may provide a definition with
\DeclareUnicodeCharacter 


! LaTeX Error: Unicode character α (U+03B1)
               not set up for use with LaTeX.

See the LaTeX manual or LaTeX Companion for explanation.
Type  H <return>  for immediate help.
 ...                                              
                                                  
l.50 Ονομα
               τεπώνυμο
You may provide a definition with
\DeclareUnicodeCharacter 


! LaTeX Error: Unicode character τ (U+03C4)
               not set up for use with LaTeX.

See the LaTeX manual or LaTeX Companion for explanation.
Type  H <return>  for immediate help.
 ...                                              
                                                  
l.50 Ονοματ
                 επώνυμο
You may provide a definition with
\DeclareUnicodeCharacter 


! LaTeX Error: Unicode character ε (U+03B5)
               not set up for use with LaTeX.

See the LaTeX manual or LaTeX Companion for explanation.
Type  H <return>  for immediate help.
 ...                                              
                                                  
l.50 Ονοματε
                   πώνυμο
You may provide a definition with
\DeclareUnicodeCharacter 


! LaTeX Error: Unicode character π (U+03C0)
               not set up for use with LaTeX.

See the LaTeX manual or LaTeX Companion for explanation.
Type  H <return>  for immediate help.
 ...                                              
                                                  
l.50 Ονοματεπ
                     ώνυμο
You may provide a definition with
\DeclareUnicodeCharacter 


! LaTeX Error: Unicode character ώ (U+03CE)
               not set up for use with LaTeX.

See the LaTeX manual or LaTeX Companion for explanation.
Type  H <return>  for immediate help.
 ...                                              
                                                  
l.50 Ονοματεπώ
                       νυμο
You may provide a definition with
\DeclareUnicodeCharacter 


! LaTeX Error: Unicode character ν (U+03BD)
               not set up for use with LaTeX.

See the LaTeX manual or LaTeX Companion for explanation.
Type  H <return>  for immediate help.
 ...                                              
                                                  
l.50 Ονοματεπών
                         υμο
You may provide a definition with
\DeclareUnicodeCharacter 


! LaTeX Error: Unicode character υ (U+03C5)
               not set up for use with LaTeX.

See the LaTeX manual or LaTeX Companion for explanation.
Type  H <return>  for immediate help.
 ...                                              
                                                  
l.50 Ονοματεπώνυ
                           μο
You may provide a definition with
\DeclareUnicodeCharacter 


! LaTeX Error: Unicode character μ (U+03BC)
               not set up for use with LaTeX.

See the LaTeX manual or LaTeX Companion for explanation.
Type  H <return>  for immediate help.
 ...                                              
                                                  
l.50 Ονοματεπώνυμ
                             ο
You may provide a definition with
\DeclareUnicodeCharacter 


! LaTeX Error: Unicode character ο (U+03BF)
               not set up for use with LaTeX.

See the LaTeX manual or LaTeX Companion for explanation.
Type  H <return>  for immediate help.
 ...                                              
                                                  
l.50 Ονοματεπώνυμο
                               
You may provide a definition with
\DeclareUnicodeCharacter 


! LaTeX Error: \begin{document} ended by \end{titlepage}.

See the LaTeX manual or LaTeX Companion for explanation.
Type  H <return>  for immediate help.
 ...                                              
                                                  
l.53 \end{titlepage}
                    
Your command was ignored.
Type  I <command> <return>  to replace it with another command,
or  <return>  to continue without it.

)
! Emergency stop.
<*> ./titlepage.tex
                   
*** (job aborted, no legal \end found)

 
Here is how much of TeX's memory you used:
 58 strings out of 477992
 733 string characters out of 2827466
 300418 words of memory out of 3000000
 18932 multiletter control sequences out of 15000+600000
 470214 words of font info for 31 fonts, out of 8000000 for 9000
 1141 hyphenation exceptions out of 8191
 19i,9n,12p,181b,237s stack positions out of 10000i,1000n,20000p,200000b,80000s
!  ==> Fatal error occurred, no output PDF file produced!
