This is pdfTeX, Version 3.141592653-2.6-1.40.24 (MiKTeX 22.8) (preloaded format=pdflatex 2022.8.17)  3 SEP 2022 09:30
entering extended mode
 restricted \write18 enabled.
 %&-line parsing enabled.
**./vecsmatr.tex
(vecsmatr.tex
LaTeX2e <2022-06-01> patch level 5
L3 programming layer <2022-08-05>
! Undefined control sequence.
l.1 \chapter
            {Î”Î¹Î±Î½ÏÏƒÎ¼Î±Ï„Î±, Î Î¯Î½Î±ÎºÎµÏ‚ ÎºÎ±Î¹ Î’Î±ÏƒÎ¹ÎºÎ­Ï‚ Î Ï...
The control sequence at the end of the top line
of your error message was never \def'ed. If you have
misspelled it (e.g., `\hobx'), type `I' and the correct
spelling (e.g., `I\hbox'). Otherwise just continue,
and I'll forget about whatever was undefined.


! LaTeX Error: Unicode character Î” (U+0394)
               not set up for use with LaTeX.

See the LaTeX manual or LaTeX Companion for explanation.
Type  H <return>  for immediate help.
 ...                                              
                                                  
l.1 \chapter{Î”
               Î¹Î±Î½ÏÏƒÎ¼Î±Ï„Î±, Î Î¯Î½Î±ÎºÎµÏ‚ ÎºÎ±Î¹ Î’Î±ÏƒÎ¹ÎºÎ­Ï‚ Î Ï...

You may provide a definition with
\DeclareUnicodeCharacter 


! LaTeX Error: Unicode character Î¹ (U+03B9)
               not set up for use with LaTeX.

See the LaTeX manual or LaTeX Companion for explanation.
Type  H <return>  for immediate help.
 ...                                              
                                                  
l.1 \chapter{Î”Î¹
                 Î±Î½ÏÏƒÎ¼Î±Ï„Î±, Î Î¯Î½Î±ÎºÎµÏ‚ ÎºÎ±Î¹ Î’Î±ÏƒÎ¹ÎºÎ­Ï‚ Î Ï...

You may provide a definition with
\DeclareUnicodeCharacter 


! LaTeX Error: Unicode character Î± (U+03B1)
               not set up for use with LaTeX.

See the LaTeX manual or LaTeX Companion for explanation.
Type  H <return>  for immediate help.
 ...                                              
                                                  
l.1 \chapter{Î”Î¹Î±
                   Î½ÏÏƒÎ¼Î±Ï„Î±, Î Î¯Î½Î±ÎºÎµÏ‚ ÎºÎ±Î¹ Î’Î±ÏƒÎ¹ÎºÎ­Ï‚ Î Ï...

You may provide a definition with
\DeclareUnicodeCharacter 


! LaTeX Error: Unicode character Î½ (U+03BD)
               not set up for use with LaTeX.

See the LaTeX manual or LaTeX Companion for explanation.
Type  H <return>  for immediate help.
 ...                                              
                                                  
l.1 \chapter{Î”Î¹Î±Î½
                     ÏÏƒÎ¼Î±Ï„Î±, Î Î¯Î½Î±ÎºÎµÏ‚ ÎºÎ±Î¹ Î’Î±ÏƒÎ¹ÎºÎ­Ï‚ Î Ï...

You may provide a definition with
\DeclareUnicodeCharacter 


! LaTeX Error: Unicode character Ï (U+03CD)
               not set up for use with LaTeX.

See the LaTeX manual or LaTeX Companion for explanation.
Type  H <return>  for immediate help.
 ...                                              
                                                  
l.1 \chapter{Î”Î¹Î±Î½Ï
                       ÏƒÎ¼Î±Ï„Î±, Î Î¯Î½Î±ÎºÎµÏ‚ ÎºÎ±Î¹ Î’Î±ÏƒÎ¹ÎºÎ­Ï‚ Î Ï...

You may provide a definition with
\DeclareUnicodeCharacter 


! LaTeX Error: Unicode character Ïƒ (U+03C3)
               not set up for use with LaTeX.

See the LaTeX manual or LaTeX Companion for explanation.
Type  H <return>  for immediate help.
 ...                                              
                                                  
l.1 \chapter{Î”Î¹Î±Î½ÏÏƒ
                         Î¼Î±Ï„Î±, Î Î¯Î½Î±ÎºÎµÏ‚ ÎºÎ±Î¹ Î’Î±ÏƒÎ¹ÎºÎ­Ï‚ Î Ï...

You may provide a definition with
\DeclareUnicodeCharacter 


! LaTeX Error: Unicode character Î¼ (U+03BC)
               not set up for use with LaTeX.

See the LaTeX manual or LaTeX Companion for explanation.
Type  H <return>  for immediate help.
 ...                                              
                                                  
l.1 \chapter{Î”Î¹Î±Î½ÏÏƒÎ¼
                           Î±Ï„Î±, Î Î¯Î½Î±ÎºÎµÏ‚ ÎºÎ±Î¹ Î’Î±ÏƒÎ¹ÎºÎ­Ï‚ Î Ï...

You may provide a definition with
\DeclareUnicodeCharacter 


! LaTeX Error: Unicode character Î± (U+03B1)
               not set up for use with LaTeX.

See the LaTeX manual or LaTeX Companion for explanation.
Type  H <return>  for immediate help.
 ...                                              
                                                  
l.1 \chapter{Î”Î¹Î±Î½ÏÏƒÎ¼Î±
                             Ï„Î±, Î Î¯Î½Î±ÎºÎµÏ‚ ÎºÎ±Î¹ Î’Î±ÏƒÎ¹ÎºÎ­Ï‚ Î Ï...

You may provide a definition with
\DeclareUnicodeCharacter 


! LaTeX Error: Unicode character Ï„ (U+03C4)
               not set up for use with LaTeX.

See the LaTeX manual or LaTeX Companion for explanation.
Type  H <return>  for immediate help.
 ...                                              
                                                  
l.1 \chapter{Î”Î¹Î±Î½ÏÏƒÎ¼Î±Ï„
                               Î±, Î Î¯Î½Î±ÎºÎµÏ‚ ÎºÎ±Î¹ Î’Î±ÏƒÎ¹ÎºÎ­Ï‚ Î Ï...

You may provide a definition with
\DeclareUnicodeCharacter 


! LaTeX Error: Unicode character Î± (U+03B1)
               not set up for use with LaTeX.

See the LaTeX manual or LaTeX Companion for explanation.
Type  H <return>  for immediate help.
 ...                                              
                                                  
l.1 \chapter{Î”Î¹Î±Î½ÏÏƒÎ¼Î±Ï„Î±
                                 , Î Î¯Î½Î±ÎºÎµÏ‚ ÎºÎ±Î¹ Î’Î±ÏƒÎ¹ÎºÎ­Ï‚ Î Ï...

You may provide a definition with
\DeclareUnicodeCharacter 


! LaTeX Error: Missing \begin{document}.

See the LaTeX manual or LaTeX Companion for explanation.
Type  H <return>  for immediate help.
 ...                                              
                                                  
l.1 \chapter{Î”Î¹Î±Î½ÏÏƒÎ¼Î±Ï„Î±,
                                   Î Î¯Î½Î±ÎºÎµÏ‚ ÎºÎ±Î¹ Î’Î±ÏƒÎ¹ÎºÎ­Ï‚ Î Ï...

You're in trouble here.  Try typing  <return>  to proceed.
If that doesn't work, type  X <return>  to quit.

Missing character: There is no , in font nullfont!

! LaTeX Error: Unicode character Î  (U+03A0)
               not set up for use with LaTeX.

See the LaTeX manual or LaTeX Companion for explanation.
Type  H <return>  for immediate help.
 ...                                              
                                                  
l.1 \chapter{Î”Î¹Î±Î½ÏÏƒÎ¼Î±Ï„Î±, Î 
                                     Î¯Î½Î±ÎºÎµÏ‚ ÎºÎ±Î¹ Î’Î±ÏƒÎ¹ÎºÎ­Ï‚ Î Ï...

You may provide a definition with
\DeclareUnicodeCharacter 


! LaTeX Error: Unicode character Î¯ (U+03AF)
               not set up for use with LaTeX.

See the LaTeX manual or LaTeX Companion for explanation.
Type  H <return>  for immediate help.
 ...                                              
                                                  
l.1 \chapter{Î”Î¹Î±Î½ÏÏƒÎ¼Î±Ï„Î±, Î Î¯
                                       Î½Î±ÎºÎµÏ‚ ÎºÎ±Î¹ Î’Î±ÏƒÎ¹ÎºÎ­Ï‚ Î Ï...

You may provide a definition with
\DeclareUnicodeCharacter 


! LaTeX Error: Unicode character Î½ (U+03BD)
               not set up for use with LaTeX.

See the LaTeX manual or LaTeX Companion for explanation.
Type  H <return>  for immediate help.
 ...                                              
                                                  
l.1 \chapter{Î”Î¹Î±Î½ÏÏƒÎ¼Î±Ï„Î±, Î Î¯Î½
                                         Î±ÎºÎµÏ‚ ÎºÎ±Î¹ Î’Î±ÏƒÎ¹ÎºÎ­Ï‚ Î Ï...

You may provide a definition with
\DeclareUnicodeCharacter 


! LaTeX Error: Unicode character Î± (U+03B1)
               not set up for use with LaTeX.

See the LaTeX manual or LaTeX Companion for explanation.
Type  H <return>  for immediate help.
 ...                                              
                                                  
l.1 \chapter{Î”Î¹Î±Î½ÏÏƒÎ¼Î±Ï„Î±, Î Î¯Î½Î±
                                           ÎºÎµÏ‚ ÎºÎ±Î¹ Î’Î±ÏƒÎ¹ÎºÎ­Ï‚ Î Ï...

You may provide a definition with
\DeclareUnicodeCharacter 


! LaTeX Error: Unicode character Îº (U+03BA)
               not set up for use with LaTeX.

See the LaTeX manual or LaTeX Companion for explanation.
Type  H <return>  for immediate help.
 ...                                              
                                                  
l.1 \chapter{Î”Î¹Î±Î½ÏÏƒÎ¼Î±Ï„Î±, Î Î¯Î½Î±Îº
                                             ÎµÏ‚ ÎºÎ±Î¹ Î’Î±ÏƒÎ¹ÎºÎ­Ï‚ Î Ï...

You may provide a definition with
\DeclareUnicodeCharacter 


! LaTeX Error: Unicode character Îµ (U+03B5)
               not set up for use with LaTeX.

See the LaTeX manual or LaTeX Companion for explanation.
Type  H <return>  for immediate help.
 ...                                              
                                                  
l.1 \chapter{Î”Î¹Î±Î½ÏÏƒÎ¼Î±Ï„Î±, Î Î¯Î½Î±ÎºÎµ
                                               Ï‚ ÎºÎ±Î¹ Î’Î±ÏƒÎ¹ÎºÎ­Ï‚ Î Ï...

You may provide a definition with
\DeclareUnicodeCharacter 


! LaTeX Error: Unicode character Ï‚ (U+03C2)
               not set up for use with LaTeX.

See the LaTeX manual or LaTeX Companion for explanation.
Type  H <return>  for immediate help.
 ...                                              
                                                  
l.1 \chapter{Î”Î¹Î±Î½ÏÏƒÎ¼Î±Ï„Î±, Î Î¯Î½Î±ÎºÎµÏ‚
                                                  ÎºÎ±Î¹ Î’Î±ÏƒÎ¹ÎºÎ­Ï‚ Î Ï...

You may provide a definition with
\DeclareUnicodeCharacter 


! LaTeX Error: Unicode character Îº (U+03BA)
               not set up for use with LaTeX.

See the LaTeX manual or LaTeX Companion for explanation.
Type  H <return>  for immediate help.
 ...                                              
                                                  
l.1 ...ter{Î”Î¹Î±Î½ÏÏƒÎ¼Î±Ï„Î±, Î Î¯Î½Î±ÎºÎµÏ‚ Îº
                                                  Î±Î¹ Î’Î±ÏƒÎ¹ÎºÎ­Ï‚ Î ÏÎ¬...

You may provide a definition with
\DeclareUnicodeCharacter 


! LaTeX Error: Unicode character Î± (U+03B1)
               not set up for use with LaTeX.

See the LaTeX manual or LaTeX Companion for explanation.
Type  H <return>  for immediate help.
 ...                                              
                                                  
l.1 ...r{Î”Î¹Î±Î½ÏÏƒÎ¼Î±Ï„Î±, Î Î¯Î½Î±ÎºÎµÏ‚ ÎºÎ±
                                                  Î¹ Î’Î±ÏƒÎ¹ÎºÎ­Ï‚ Î ÏÎ¬Î¾...

You may provide a definition with
\DeclareUnicodeCharacter 


! LaTeX Error: Unicode character Î¹ (U+03B9)
               not set up for use with LaTeX.

See the LaTeX manual or LaTeX Companion for explanation.
Type  H <return>  for immediate help.
 ...                                              
                                                  
l.1 ...Î”Î¹Î±Î½ÏÏƒÎ¼Î±Ï„Î±, Î Î¯Î½Î±ÎºÎµÏ‚ ÎºÎ±Î¹
                                                   Î’Î±ÏƒÎ¹ÎºÎ­Ï‚ Î ÏÎ¬Î¾Îµ...

You may provide a definition with
\DeclareUnicodeCharacter 


! LaTeX Error: Unicode character Î’ (U+0392)
               not set up for use with LaTeX.

See the LaTeX manual or LaTeX Companion for explanation.
Type  H <return>  for immediate help.
 ...                                              
                                                  
l.1 ...¹Î±Î½ÏÏƒÎ¼Î±Ï„Î±, Î Î¯Î½Î±ÎºÎµÏ‚ ÎºÎ±Î¹ Î’
                                                  Î±ÏƒÎ¹ÎºÎ­Ï‚ Î ÏÎ¬Î¾ÎµÎ¹Ï‚}
You may provide a definition with
\DeclareUnicodeCharacter 


! LaTeX Error: Unicode character Î± (U+03B1)
               not set up for use with LaTeX.

See the LaTeX manual or LaTeX Companion for explanation.
Type  H <return>  for immediate help.
 ...                                              
                                                  
l.1 ...±Î½ÏÏƒÎ¼Î±Ï„Î±, Î Î¯Î½Î±ÎºÎµÏ‚ ÎºÎ±Î¹ Î’Î±
                                                  ÏƒÎ¹ÎºÎ­Ï‚ Î ÏÎ¬Î¾ÎµÎ¹Ï‚}
You may provide a definition with
\DeclareUnicodeCharacter 


! LaTeX Error: Unicode character Ïƒ (U+03C3)
               not set up for use with LaTeX.

See the LaTeX manual or LaTeX Companion for explanation.
Type  H <return>  for immediate help.
 ...                                              
                                                  
l.1 ...½ÏÏƒÎ¼Î±Ï„Î±, Î Î¯Î½Î±ÎºÎµÏ‚ ÎºÎ±Î¹ Î’Î±Ïƒ
                                                  Î¹ÎºÎ­Ï‚ Î ÏÎ¬Î¾ÎµÎ¹Ï‚}
You may provide a definition with
\DeclareUnicodeCharacter 


! LaTeX Error: Unicode character Î¹ (U+03B9)
               not set up for use with LaTeX.

See the LaTeX manual or LaTeX Companion for explanation.
Type  H <return>  for immediate help.
 ...                                              
                                                  
l.1 ...ÏƒÎ¼Î±Ï„Î±, Î Î¯Î½Î±ÎºÎµÏ‚ ÎºÎ±Î¹ Î’Î±ÏƒÎ¹
                                                  ÎºÎ­Ï‚ Î ÏÎ¬Î¾ÎµÎ¹Ï‚}
You may provide a definition with
\DeclareUnicodeCharacter 


! LaTeX Error: Unicode character Îº (U+03BA)
               not set up for use with LaTeX.

See the LaTeX manual or LaTeX Companion for explanation.
Type  H <return>  for immediate help.
 ...                                              
                                                  
l.1 ...ƒÎ¼Î±Ï„Î±, Î Î¯Î½Î±ÎºÎµÏ‚ ÎºÎ±Î¹ Î’Î±ÏƒÎ¹Îº
                                                  Î­Ï‚ Î ÏÎ¬Î¾ÎµÎ¹Ï‚}
You may provide a definition with
\DeclareUnicodeCharacter 


! LaTeX Error: Unicode character Î­ (U+03AD)
               not set up for use with LaTeX.

See the LaTeX manual or LaTeX Companion for explanation.
Type  H <return>  for immediate help.
 ...                                              
                                                  
l.1 ...¼Î±Ï„Î±, Î Î¯Î½Î±ÎºÎµÏ‚ ÎºÎ±Î¹ Î’Î±ÏƒÎ¹ÎºÎ­
                                                  Ï‚ Î ÏÎ¬Î¾ÎµÎ¹Ï‚}
You may provide a definition with
\DeclareUnicodeCharacter 


! LaTeX Error: Unicode character Ï‚ (U+03C2)
               not set up for use with LaTeX.

See the LaTeX manual or LaTeX Companion for explanation.
Type  H <return>  for immediate help.
 ...                                              
                                                  
l.1 ...±Ï„Î±, Î Î¯Î½Î±ÎºÎµÏ‚ ÎºÎ±Î¹ Î’Î±ÏƒÎ¹ÎºÎ­Ï‚
                                                   Î ÏÎ¬Î¾ÎµÎ¹Ï‚}
You may provide a definition with
\DeclareUnicodeCharacter 


! LaTeX Error: Unicode character Î  (U+03A0)
               not set up for use with LaTeX.

See the LaTeX manual or LaTeX Companion for explanation.
Type  H <return>  for immediate help.
 ...                                              
                                                  
l.1 ...Î±, Î Î¯Î½Î±ÎºÎµÏ‚ ÎºÎ±Î¹ Î’Î±ÏƒÎ¹ÎºÎ­Ï‚ Î 
                                                  ÏÎ¬Î¾ÎµÎ¹Ï‚}
You may provide a definition with
\DeclareUnicodeCharacter 


! LaTeX Error: Unicode character Ï (U+03C1)
               not set up for use with LaTeX.

See the LaTeX manual or LaTeX Companion for explanation.
Type  H <return>  for immediate help.
 ...                                              
                                                  
l.1 ..., Î Î¯Î½Î±ÎºÎµÏ‚ ÎºÎ±Î¹ Î’Î±ÏƒÎ¹ÎºÎ­Ï‚ Î Ï
                                                  Î¬Î¾ÎµÎ¹Ï‚}
You may provide a definition with
\DeclareUnicodeCharacter 


! LaTeX Error: Unicode character Î¬ (U+03AC)
               not set up for use with LaTeX.

See the LaTeX manual or LaTeX Companion for explanation.
Type  H <return>  for immediate help.
 ...                                              
                                                  
l.1 ...Î Î¯Î½Î±ÎºÎµÏ‚ ÎºÎ±Î¹ Î’Î±ÏƒÎ¹ÎºÎ­Ï‚ Î ÏÎ¬
                                                  Î¾ÎµÎ¹Ï‚}
You may provide a definition with
\DeclareUnicodeCharacter 


! LaTeX Error: Unicode character Î¾ (U+03BE)
               not set up for use with LaTeX.

See the LaTeX manual or LaTeX Companion for explanation.
Type  H <return>  for immediate help.
 ...                                              
                                                  
l.1 ...Î¯Î½Î±ÎºÎµÏ‚ ÎºÎ±Î¹ Î’Î±ÏƒÎ¹ÎºÎ­Ï‚ Î ÏÎ¬Î¾
                                                  ÎµÎ¹Ï‚}
You may provide a definition with
\DeclareUnicodeCharacter 


! LaTeX Error: Unicode character Îµ (U+03B5)
               not set up for use with LaTeX.

See the LaTeX manual or LaTeX Companion for explanation.
Type  H <return>  for immediate help.
 ...                                              
                                                  
l.1 ...Î½Î±ÎºÎµÏ‚ ÎºÎ±Î¹ Î’Î±ÏƒÎ¹ÎºÎ­Ï‚ Î ÏÎ¬Î¾Îµ
                                                  Î¹Ï‚}
You may provide a definition with
\DeclareUnicodeCharacter 


! LaTeX Error: Unicode character Î¹ (U+03B9)
               not set up for use with LaTeX.

See the LaTeX manual or LaTeX Companion for explanation.
Type  H <return>  for immediate help.
 ...                                              
                                                  
l.1 ...Î±ÎºÎµÏ‚ ÎºÎ±Î¹ Î’Î±ÏƒÎ¹ÎºÎ­Ï‚ Î ÏÎ¬Î¾ÎµÎ¹
                                                  Ï‚}
You may provide a definition with
\DeclareUnicodeCharacter 


! LaTeX Error: Unicode character Ï‚ (U+03C2)
               not set up for use with LaTeX.

See the LaTeX manual or LaTeX Companion for explanation.
Type  H <return>  for immediate help.
 ...                                              
                                                  
l.1 ...ÎºÎµÏ‚ ÎºÎ±Î¹ Î’Î±ÏƒÎ¹ÎºÎ­Ï‚ Î ÏÎ¬Î¾ÎµÎ¹Ï‚
                                                  }
You may provide a definition with
\DeclareUnicodeCharacter 


! LaTeX Error: Unicode character Î— (U+0397)
               not set up for use with LaTeX.

See the LaTeX manual or LaTeX Companion for explanation.
Type  H <return>  for immediate help.
 ...                                              
                                                  
l.2 Î—
       Î´Î¿Î¼Î® Ï„Î·Î½ Î¿Ï€Î¿Î¯Î± Î¼ÎµÎ»ÎµÏ„Î¬Î¼Îµ ÏƒÏ„Î·Î½ Î³ÏÎ±Î¼Î¼Î¹ÎºÎ®...

You may provide a definition with
\DeclareUnicodeCharacter 


! LaTeX Error: Unicode character Î´ (U+03B4)
               not set up for use with LaTeX.

See the LaTeX manual or LaTeX Companion for explanation.
Type  H <return>  for immediate help.
 ...                                              
                                                  
l.2 Î— Î´
         Î¿Î¼Î® Ï„Î·Î½ Î¿Ï€Î¿Î¯Î± Î¼ÎµÎ»ÎµÏ„Î¬Î¼Îµ ÏƒÏ„Î·Î½ Î³ÏÎ±Î¼Î¼Î¹ÎºÎ®...

You may provide a definition with
\DeclareUnicodeCharacter 


! LaTeX Error: Unicode character Î¿ (U+03BF)
               not set up for use with LaTeX.

See the LaTeX manual or LaTeX Companion for explanation.
Type  H <return>  for immediate help.
 ...                                              
                                                  
l.2 Î— Î´Î¿
           Î¼Î® Ï„Î·Î½ Î¿Ï€Î¿Î¯Î± Î¼ÎµÎ»ÎµÏ„Î¬Î¼Îµ ÏƒÏ„Î·Î½ Î³ÏÎ±Î¼Î¼Î¹ÎºÎ®...

You may provide a definition with
\DeclareUnicodeCharacter 


! LaTeX Error: Unicode character Î¼ (U+03BC)
               not set up for use with LaTeX.

See the LaTeX manual or LaTeX Companion for explanation.
Type  H <return>  for immediate help.
 ...                                              
                                                  
l.2 Î— Î´Î¿Î¼
             Î® Ï„Î·Î½ Î¿Ï€Î¿Î¯Î± Î¼ÎµÎ»ÎµÏ„Î¬Î¼Îµ ÏƒÏ„Î·Î½ Î³ÏÎ±Î¼Î¼Î¹ÎºÎ®...

You may provide a definition with
\DeclareUnicodeCharacter 


! LaTeX Error: Unicode character Î® (U+03AE)
               not set up for use with LaTeX.

See the LaTeX manual or LaTeX Companion for explanation.
Type  H <return>  for immediate help.
 ...                                              
                                                  
l.2 Î— Î´Î¿Î¼Î®
                Ï„Î·Î½ Î¿Ï€Î¿Î¯Î± Î¼ÎµÎ»ÎµÏ„Î¬Î¼Îµ ÏƒÏ„Î·Î½ Î³ÏÎ±Î¼Î¼Î¹ÎºÎ®...

You may provide a definition with
\DeclareUnicodeCharacter 


! LaTeX Error: Unicode character Ï„ (U+03C4)
               not set up for use with LaTeX.

See the LaTeX manual or LaTeX Companion for explanation.
Type  H <return>  for immediate help.
 ...                                              
                                                  
l.2 Î— Î´Î¿Î¼Î® Ï„
                  Î·Î½ Î¿Ï€Î¿Î¯Î± Î¼ÎµÎ»ÎµÏ„Î¬Î¼Îµ ÏƒÏ„Î·Î½ Î³ÏÎ±Î¼Î¼Î¹ÎºÎ®...

You may provide a definition with
\DeclareUnicodeCharacter 


! LaTeX Error: Unicode character Î· (U+03B7)
               not set up for use with LaTeX.

See the LaTeX manual or LaTeX Companion for explanation.
Type  H <return>  for immediate help.
 ...                                              
                                                  
l.2 Î— Î´Î¿Î¼Î® Ï„Î·
                    Î½ Î¿Ï€Î¿Î¯Î± Î¼ÎµÎ»ÎµÏ„Î¬Î¼Îµ ÏƒÏ„Î·Î½ Î³ÏÎ±Î¼Î¼Î¹ÎºÎ®...

You may provide a definition with
\DeclareUnicodeCharacter 


! LaTeX Error: Unicode character Î½ (U+03BD)
               not set up for use with LaTeX.

See the LaTeX manual or LaTeX Companion for explanation.
Type  H <return>  for immediate help.
 ...                                              
                                                  
l.2 Î— Î´Î¿Î¼Î® Ï„Î·Î½
                       Î¿Ï€Î¿Î¯Î± Î¼ÎµÎ»ÎµÏ„Î¬Î¼Îµ ÏƒÏ„Î·Î½ Î³ÏÎ±Î¼Î¼Î¹ÎºÎ®...

You may provide a definition with
\DeclareUnicodeCharacter 


! LaTeX Error: Unicode character Î¿ (U+03BF)
               not set up for use with LaTeX.

See the LaTeX manual or LaTeX Companion for explanation.
Type  H <return>  for immediate help.
 ...                                              
                                                  
l.2 Î— Î´Î¿Î¼Î® Ï„Î·Î½ Î¿
                         Ï€Î¿Î¯Î± Î¼ÎµÎ»ÎµÏ„Î¬Î¼Îµ ÏƒÏ„Î·Î½ Î³ÏÎ±Î¼Î¼Î¹ÎºÎ®...

You may provide a definition with
\DeclareUnicodeCharacter 


! LaTeX Error: Unicode character Ï€ (U+03C0)
               not set up for use with LaTeX.

See the LaTeX manual or LaTeX Companion for explanation.
Type  H <return>  for immediate help.
 ...                                              
                                                  
l.2 Î— Î´Î¿Î¼Î® Ï„Î·Î½ Î¿Ï€
                           Î¿Î¯Î± Î¼ÎµÎ»ÎµÏ„Î¬Î¼Îµ ÏƒÏ„Î·Î½ Î³ÏÎ±Î¼Î¼Î¹ÎºÎ®...

You may provide a definition with
\DeclareUnicodeCharacter 


! LaTeX Error: Unicode character Î¿ (U+03BF)
               not set up for use with LaTeX.

See the LaTeX manual or LaTeX Companion for explanation.
Type  H <return>  for immediate help.
 ...                                              
                                                  
l.2 Î— Î´Î¿Î¼Î® Ï„Î·Î½ Î¿Ï€Î¿
                             Î¯Î± Î¼ÎµÎ»ÎµÏ„Î¬Î¼Îµ ÏƒÏ„Î·Î½ Î³ÏÎ±Î¼Î¼Î¹ÎºÎ®...

You may provide a definition with
\DeclareUnicodeCharacter 


! LaTeX Error: Unicode character Î¯ (U+03AF)
               not set up for use with LaTeX.

See the LaTeX manual or LaTeX Companion for explanation.
Type  H <return>  for immediate help.
 ...                                              
                                                  
l.2 Î— Î´Î¿Î¼Î® Ï„Î·Î½ Î¿Ï€Î¿Î¯
                               Î± Î¼ÎµÎ»ÎµÏ„Î¬Î¼Îµ ÏƒÏ„Î·Î½ Î³ÏÎ±Î¼Î¼Î¹ÎºÎ®...

You may provide a definition with
\DeclareUnicodeCharacter 


! LaTeX Error: Unicode character Î± (U+03B1)
               not set up for use with LaTeX.

See the LaTeX manual or LaTeX Companion for explanation.
Type  H <return>  for immediate help.
 ...                                              
                                                  
l.2 Î— Î´Î¿Î¼Î® Ï„Î·Î½ Î¿Ï€Î¿Î¯Î±
                                  Î¼ÎµÎ»ÎµÏ„Î¬Î¼Îµ ÏƒÏ„Î·Î½ Î³ÏÎ±Î¼Î¼Î¹ÎºÎ®...

You may provide a definition with
\DeclareUnicodeCharacter 


! LaTeX Error: Unicode character Î¼ (U+03BC)
               not set up for use with LaTeX.

See the LaTeX manual or LaTeX Companion for explanation.
Type  H <return>  for immediate help.
 ...                                              
                                                  
l.2 Î— Î´Î¿Î¼Î® Ï„Î·Î½ Î¿Ï€Î¿Î¯Î± Î¼
                                    ÎµÎ»ÎµÏ„Î¬Î¼Îµ ÏƒÏ„Î·Î½ Î³ÏÎ±Î¼Î¼Î¹ÎºÎ®...

You may provide a definition with
\DeclareUnicodeCharacter 


! LaTeX Error: Unicode character Îµ (U+03B5)
               not set up for use with LaTeX.

See the LaTeX manual or LaTeX Companion for explanation.
Type  H <return>  for immediate help.
 ...                                              
                                                  
l.2 Î— Î´Î¿Î¼Î® Ï„Î·Î½ Î¿Ï€Î¿Î¯Î± Î¼Îµ
                                      Î»ÎµÏ„Î¬Î¼Îµ ÏƒÏ„Î·Î½ Î³ÏÎ±Î¼Î¼Î¹ÎºÎ®...

You may provide a definition with
\DeclareUnicodeCharacter 


! LaTeX Error: Unicode character Î» (U+03BB)
               not set up for use with LaTeX.

See the LaTeX manual or LaTeX Companion for explanation.
Type  H <return>  for immediate help.
 ...                                              
                                                  
l.2 Î— Î´Î¿Î¼Î® Ï„Î·Î½ Î¿Ï€Î¿Î¯Î± Î¼ÎµÎ»
                                        ÎµÏ„Î¬Î¼Îµ ÏƒÏ„Î·Î½ Î³ÏÎ±Î¼Î¼Î¹ÎºÎ®...

You may provide a definition with
\DeclareUnicodeCharacter 


! LaTeX Error: Unicode character Îµ (U+03B5)
               not set up for use with LaTeX.

See the LaTeX manual or LaTeX Companion for explanation.
Type  H <return>  for immediate help.
 ...                                              
                                                  
l.2 Î— Î´Î¿Î¼Î® Ï„Î·Î½ Î¿Ï€Î¿Î¯Î± Î¼ÎµÎ»Îµ
                                          Ï„Î¬Î¼Îµ ÏƒÏ„Î·Î½ Î³ÏÎ±Î¼Î¼Î¹ÎºÎ®...

You may provide a definition with
\DeclareUnicodeCharacter 


! LaTeX Error: Unicode character Ï„ (U+03C4)
               not set up for use with LaTeX.

See the LaTeX manual or LaTeX Companion for explanation.
Type  H <return>  for immediate help.
 ...                                              
                                                  
l.2 Î— Î´Î¿Î¼Î® Ï„Î·Î½ Î¿Ï€Î¿Î¯Î± Î¼ÎµÎ»ÎµÏ„
                                            Î¬Î¼Îµ ÏƒÏ„Î·Î½ Î³ÏÎ±Î¼Î¼Î¹ÎºÎ®...

You may provide a definition with
\DeclareUnicodeCharacter 


! LaTeX Error: Unicode character Î¬ (U+03AC)
               not set up for use with LaTeX.

See the LaTeX manual or LaTeX Companion for explanation.
Type  H <return>  for immediate help.
 ...                                              
                                                  
l.2 Î— Î´Î¿Î¼Î® Ï„Î·Î½ Î¿Ï€Î¿Î¯Î± Î¼ÎµÎ»ÎµÏ„Î¬
                                              Î¼Îµ ÏƒÏ„Î·Î½ Î³ÏÎ±Î¼Î¼Î¹ÎºÎ®...

You may provide a definition with
\DeclareUnicodeCharacter 


! LaTeX Error: Unicode character Î¼ (U+03BC)
               not set up for use with LaTeX.

See the LaTeX manual or LaTeX Companion for explanation.
Type  H <return>  for immediate help.
 ...                                              
                                                  
l.2 Î— Î´Î¿Î¼Î® Ï„Î·Î½ Î¿Ï€Î¿Î¯Î± Î¼ÎµÎ»ÎµÏ„Î¬Î¼
                                                Îµ ÏƒÏ„Î·Î½ Î³ÏÎ±Î¼Î¼Î¹ÎºÎ®...

You may provide a definition with
\DeclareUnicodeCharacter 


! LaTeX Error: Unicode character Îµ (U+03B5)
               not set up for use with LaTeX.

See the LaTeX manual or LaTeX Companion for explanation.
Type  H <return>  for immediate help.
 ...                                              
                                                  
l.2 Î— Î´Î¿Î¼Î® Ï„Î·Î½ Î¿Ï€Î¿Î¯Î± Î¼ÎµÎ»ÎµÏ„Î¬Î¼Îµ
                                                   ÏƒÏ„Î·Î½ Î³ÏÎ±Î¼Î¼Î¹ÎºÎ®...

You may provide a definition with
\DeclareUnicodeCharacter 


! LaTeX Error: Unicode character Ïƒ (U+03C3)
               not set up for use with LaTeX.

See the LaTeX manual or LaTeX Companion for explanation.
Type  H <return>  for immediate help.
 ...                                              
                                                  
l.2 ...¿Î¼Î® Ï„Î·Î½ Î¿Ï€Î¿Î¯Î± Î¼ÎµÎ»ÎµÏ„Î¬Î¼Îµ Ïƒ
                                                  Ï„Î·Î½ Î³ÏÎ±Î¼Î¼Î¹ÎºÎ® Î¬...

You may provide a definition with
\DeclareUnicodeCharacter 


! LaTeX Error: Unicode character Ï„ (U+03C4)
               not set up for use with LaTeX.

See the LaTeX manual or LaTeX Companion for explanation.
Type  H <return>  for immediate help.
 ...                                              
                                                  
l.2 ...¼Î® Ï„Î·Î½ Î¿Ï€Î¿Î¯Î± Î¼ÎµÎ»ÎµÏ„Î¬Î¼Îµ ÏƒÏ„
                                                  Î·Î½ Î³ÏÎ±Î¼Î¼Î¹ÎºÎ® Î¬Î»...

You may provide a definition with
\DeclareUnicodeCharacter 


! LaTeX Error: Unicode character Î· (U+03B7)
               not set up for use with LaTeX.

See the LaTeX manual or LaTeX Companion for explanation.
Type  H <return>  for immediate help.
 ...                                              
                                                  
l.2 ...® Ï„Î·Î½ Î¿Ï€Î¿Î¯Î± Î¼ÎµÎ»ÎµÏ„Î¬Î¼Îµ ÏƒÏ„Î·
                                                  Î½ Î³ÏÎ±Î¼Î¼Î¹ÎºÎ® Î¬Î»Î³...

You may provide a definition with
\DeclareUnicodeCharacter 


! LaTeX Error: Unicode character Î½ (U+03BD)
               not set up for use with LaTeX.

See the LaTeX manual or LaTeX Companion for explanation.
Type  H <return>  for immediate help.
 ...                                              
                                                  
l.2 ...Ï„Î·Î½ Î¿Ï€Î¿Î¯Î± Î¼ÎµÎ»ÎµÏ„Î¬Î¼Îµ ÏƒÏ„Î·Î½
                                                   Î³ÏÎ±Î¼Î¼Î¹ÎºÎ® Î¬Î»Î³Îµ...

You may provide a definition with
\DeclareUnicodeCharacter 


! LaTeX Error: Unicode character Î³ (U+03B3)
               not set up for use with LaTeX.

See the LaTeX manual or LaTeX Companion for explanation.
Type  H <return>  for immediate help.
 ...                                              
                                                  
l.2 ...·Î½ Î¿Ï€Î¿Î¯Î± Î¼ÎµÎ»ÎµÏ„Î¬Î¼Îµ ÏƒÏ„Î·Î½ Î³
                                                  ÏÎ±Î¼Î¼Î¹ÎºÎ® Î¬Î»Î³ÎµÎ²Ï...

You may provide a definition with
\DeclareUnicodeCharacter 


! LaTeX Error: Unicode character Ï (U+03C1)
               not set up for use with LaTeX.

See the LaTeX manual or LaTeX Companion for explanation.
Type  H <return>  for immediate help.
 ...                                              
                                                  
l.2 ...½ Î¿Ï€Î¿Î¯Î± Î¼ÎµÎ»ÎµÏ„Î¬Î¼Îµ ÏƒÏ„Î·Î½ Î³Ï
                                                  Î±Î¼Î¼Î¹ÎºÎ® Î¬Î»Î³ÎµÎ²ÏÎ...

You may provide a definition with
\DeclareUnicodeCharacter 


! LaTeX Error: Unicode character Î± (U+03B1)
               not set up for use with LaTeX.

See the LaTeX manual or LaTeX Companion for explanation.
Type  H <return>  for immediate help.
 ...                                              
                                                  
l.2 ...Î¿Ï€Î¿Î¯Î± Î¼ÎµÎ»ÎµÏ„Î¬Î¼Îµ ÏƒÏ„Î·Î½ Î³ÏÎ±
                                                  Î¼Î¼Î¹ÎºÎ® Î¬Î»Î³ÎµÎ²ÏÎ± ...

You may provide a definition with
\DeclareUnicodeCharacter 


! LaTeX Error: Unicode character Î¼ (U+03BC)
               not set up for use with LaTeX.

See the LaTeX manual or LaTeX Companion for explanation.
Type  H <return>  for immediate help.
 ...                                              
                                                  
l.2 ...Ï€Î¿Î¯Î± Î¼ÎµÎ»ÎµÏ„Î¬Î¼Îµ ÏƒÏ„Î·Î½ Î³ÏÎ±Î¼
                                                  Î¼Î¹ÎºÎ® Î¬Î»Î³ÎµÎ²ÏÎ± Îµ...

You may provide a definition with
\DeclareUnicodeCharacter 


! LaTeX Error: Unicode character Î¼ (U+03BC)
               not set up for use with LaTeX.

See the LaTeX manual or LaTeX Companion for explanation.
Type  H <return>  for immediate help.
 ...                                              
                                                  
l.2 ...Î¿Î¯Î± Î¼ÎµÎ»ÎµÏ„Î¬Î¼Îµ ÏƒÏ„Î·Î½ Î³ÏÎ±Î¼Î¼
                                                  Î¹ÎºÎ® Î¬Î»Î³ÎµÎ²ÏÎ± ÎµÎ¯...

You may provide a definition with
\DeclareUnicodeCharacter 


! LaTeX Error: Unicode character Î¹ (U+03B9)
               not set up for use with LaTeX.

See the LaTeX manual or LaTeX Companion for explanation.
Type  H <return>  for immediate help.
 ...                                              
                                                  
l.2 ...Î¯Î± Î¼ÎµÎ»ÎµÏ„Î¬Î¼Îµ ÏƒÏ„Î·Î½ Î³ÏÎ±Î¼Î¼Î¹
                                                  ÎºÎ® Î¬Î»Î³ÎµÎ²ÏÎ± ÎµÎ¯Î½...

You may provide a definition with
\DeclareUnicodeCharacter 


! LaTeX Error: Unicode character Îº (U+03BA)
               not set up for use with LaTeX.

See the LaTeX manual or LaTeX Companion for explanation.
Type  H <return>  for immediate help.
 ...                                              
                                                  
l.2 ...Î± Î¼ÎµÎ»ÎµÏ„Î¬Î¼Îµ ÏƒÏ„Î·Î½ Î³ÏÎ±Î¼Î¼Î¹Îº
                                                  Î® Î¬Î»Î³ÎµÎ²ÏÎ± ÎµÎ¯Î½Î±...

You may provide a definition with
\DeclareUnicodeCharacter 


! LaTeX Error: Unicode character Î® (U+03AE)
               not set up for use with LaTeX.

See the LaTeX manual or LaTeX Companion for explanation.
Type  H <return>  for immediate help.
 ...                                              
                                                  
l.2 ... Î¼ÎµÎ»ÎµÏ„Î¬Î¼Îµ ÏƒÏ„Î·Î½ Î³ÏÎ±Î¼Î¼Î¹ÎºÎ®
                                                   Î¬Î»Î³ÎµÎ²ÏÎ± ÎµÎ¯Î½Î±Î¹...

You may provide a definition with
\DeclareUnicodeCharacter 


! LaTeX Error: Unicode character Î¬ (U+03AC)
               not set up for use with LaTeX.

See the LaTeX manual or LaTeX Companion for explanation.
Type  H <return>  for immediate help.
 ...                                              
                                                  
l.2 ...ÎµÎ»ÎµÏ„Î¬Î¼Îµ ÏƒÏ„Î·Î½ Î³ÏÎ±Î¼Î¼Î¹ÎºÎ® Î¬
                                                  Î»Î³ÎµÎ²ÏÎ± ÎµÎ¯Î½Î±Î¹ Î¿...

You may provide a definition with
\DeclareUnicodeCharacter 


! LaTeX Error: Unicode character Î» (U+03BB)
               not set up for use with LaTeX.

See the LaTeX manual or LaTeX Companion for explanation.
Type  H <return>  for immediate help.
 ...                                              
                                                  
l.2 ...Î»ÎµÏ„Î¬Î¼Îµ ÏƒÏ„Î·Î½ Î³ÏÎ±Î¼Î¼Î¹ÎºÎ® Î¬Î»
                                                  Î³ÎµÎ²ÏÎ± ÎµÎ¯Î½Î±Î¹ Î¿ Ï...

You may provide a definition with
\DeclareUnicodeCharacter 


! LaTeX Error: Unicode character Î³ (U+03B3)
               not set up for use with LaTeX.

See the LaTeX manual or LaTeX Companion for explanation.
Type  H <return>  for immediate help.
 ...                                              
                                                  
l.2 ...ÎµÏ„Î¬Î¼Îµ ÏƒÏ„Î·Î½ Î³ÏÎ±Î¼Î¼Î¹ÎºÎ® Î¬Î»Î³
                                                  ÎµÎ²ÏÎ± ÎµÎ¯Î½Î±Î¹ Î¿ Ï€Î...

You may provide a definition with
\DeclareUnicodeCharacter 


! LaTeX Error: Unicode character Îµ (U+03B5)
               not set up for use with LaTeX.

See the LaTeX manual or LaTeX Companion for explanation.
Type  H <return>  for immediate help.
 ...                                              
                                                  
l.2 ...Ï„Î¬Î¼Îµ ÏƒÏ„Î·Î½ Î³ÏÎ±Î¼Î¼Î¹ÎºÎ® Î¬Î»Î³Îµ
                                                  Î²ÏÎ± ÎµÎ¯Î½Î±Î¹ Î¿ Ï€Î¯Î...

You may provide a definition with
\DeclareUnicodeCharacter 


! LaTeX Error: Unicode character Î² (U+03B2)
               not set up for use with LaTeX.

See the LaTeX manual or LaTeX Companion for explanation.
Type  H <return>  for immediate help.
 ...                                              
                                                  
l.2 ...Î¬Î¼Îµ ÏƒÏ„Î·Î½ Î³ÏÎ±Î¼Î¼Î¹ÎºÎ® Î¬Î»Î³ÎµÎ²
                                                  ÏÎ± ÎµÎ¯Î½Î±Î¹ Î¿ Ï€Î¯Î½Î...

You may provide a definition with
\DeclareUnicodeCharacter 


! LaTeX Error: Unicode character Ï (U+03C1)
               not set up for use with LaTeX.

See the LaTeX manual or LaTeX Companion for explanation.
Type  H <return>  for immediate help.
 ...                                              
                                                  
l.2 ...Î¼Îµ ÏƒÏ„Î·Î½ Î³ÏÎ±Î¼Î¼Î¹ÎºÎ® Î¬Î»Î³ÎµÎ²Ï
                                                  Î± ÎµÎ¯Î½Î±Î¹ Î¿ Ï€Î¯Î½Î±Î...

You may provide a definition with
\DeclareUnicodeCharacter 


! LaTeX Error: Unicode character Î± (U+03B1)
               not set up for use with LaTeX.

See the LaTeX manual or LaTeX Companion for explanation.
Type  H <return>  for immediate help.
 ...                                              
                                                  
l.2 ...Îµ ÏƒÏ„Î·Î½ Î³ÏÎ±Î¼Î¼Î¹ÎºÎ® Î¬Î»Î³ÎµÎ²ÏÎ±
                                                   ÎµÎ¯Î½Î±Î¹ Î¿ Ï€Î¯Î½Î±ÎºÎ...

You may provide a definition with
\DeclareUnicodeCharacter 


! LaTeX Error: Unicode character Îµ (U+03B5)
               not set up for use with LaTeX.

See the LaTeX manual or LaTeX Companion for explanation.
Type  H <return>  for immediate help.
 ...                                              
                                                  
l.2 ...ÏƒÏ„Î·Î½ Î³ÏÎ±Î¼Î¼Î¹ÎºÎ® Î¬Î»Î³ÎµÎ²ÏÎ± Îµ
                                                  Î¯Î½Î±Î¹ Î¿ Ï€Î¯Î½Î±ÎºÎ±Ï‚...

You may provide a definition with
\DeclareUnicodeCharacter 


! LaTeX Error: Unicode character Î¯ (U+03AF)
               not set up for use with LaTeX.

See the LaTeX manual or LaTeX Companion for explanation.
Type  H <return>  for immediate help.
 ...                                              
                                                  
l.2 ...Ï„Î·Î½ Î³ÏÎ±Î¼Î¼Î¹ÎºÎ® Î¬Î»Î³ÎµÎ²ÏÎ± ÎµÎ¯
                                                  Î½Î±Î¹ Î¿ Ï€Î¯Î½Î±ÎºÎ±Ï‚. ...

You may provide a definition with
\DeclareUnicodeCharacter 


! LaTeX Error: Unicode character Î½ (U+03BD)
               not set up for use with LaTeX.

See the LaTeX manual or LaTeX Companion for explanation.
Type  H <return>  for immediate help.
 ...                                              
                                                  
l.2 ...Î·Î½ Î³ÏÎ±Î¼Î¼Î¹ÎºÎ® Î¬Î»Î³ÎµÎ²ÏÎ± ÎµÎ¯Î½
                                                  Î±Î¹ Î¿ Ï€Î¯Î½Î±ÎºÎ±Ï‚. ÎŸ...

You may provide a definition with
\DeclareUnicodeCharacter 


! LaTeX Error: Unicode character Î± (U+03B1)
               not set up for use with LaTeX.

See the LaTeX manual or LaTeX Companion for explanation.
Type  H <return>  for immediate help.
 ...                                              
                                                  
l.2 ...Î½ Î³ÏÎ±Î¼Î¼Î¹ÎºÎ® Î¬Î»Î³ÎµÎ²ÏÎ± ÎµÎ¯Î½Î±
                                                  Î¹ Î¿ Ï€Î¯Î½Î±ÎºÎ±Ï‚. ÎŸ Ï...

You may provide a definition with
\DeclareUnicodeCharacter 


! LaTeX Error: Unicode character Î¹ (U+03B9)
               not set up for use with LaTeX.

See the LaTeX manual or LaTeX Companion for explanation.
Type  H <return>  for immediate help.
 ...                                              
                                                  
l.2 ... Î³ÏÎ±Î¼Î¼Î¹ÎºÎ® Î¬Î»Î³ÎµÎ²ÏÎ± ÎµÎ¯Î½Î±Î¹
                                                   Î¿ Ï€Î¯Î½Î±ÎºÎ±Ï‚. ÎŸ Ï€Î...

You may provide a definition with
\DeclareUnicodeCharacter 


! LaTeX Error: Unicode character Î¿ (U+03BF)
               not set up for use with LaTeX.

See the LaTeX manual or LaTeX Companion for explanation.
Type  H <return>  for immediate help.
 ...                                              
                                                  
l.2 ...ÏÎ±Î¼Î¼Î¹ÎºÎ® Î¬Î»Î³ÎµÎ²ÏÎ± ÎµÎ¯Î½Î±Î¹ Î¿
                                                   Ï€Î¯Î½Î±ÎºÎ±Ï‚. ÎŸ Ï€Î¯Î½...

You may provide a definition with
\DeclareUnicodeCharacter 


! LaTeX Error: Unicode character Ï€ (U+03C0)
               not set up for use with LaTeX.

See the LaTeX manual or LaTeX Companion for explanation.
Type  H <return>  for immediate help.
 ...                                              
                                                  
l.2 ...±Î¼Î¼Î¹ÎºÎ® Î¬Î»Î³ÎµÎ²ÏÎ± ÎµÎ¯Î½Î±Î¹ Î¿ Ï€
                                                  Î¯Î½Î±ÎºÎ±Ï‚. ÎŸ Ï€Î¯Î½Î±Î...

You may provide a definition with
\DeclareUnicodeCharacter 


! LaTeX Error: Unicode character Î¯ (U+03AF)
               not set up for use with LaTeX.

See the LaTeX manual or LaTeX Companion for explanation.
Type  H <return>  for immediate help.
 ...                                              
                                                  
l.2 ...¼Î¼Î¹ÎºÎ® Î¬Î»Î³ÎµÎ²ÏÎ± ÎµÎ¯Î½Î±Î¹ Î¿ Ï€Î¯
                                                  Î½Î±ÎºÎ±Ï‚. ÎŸ Ï€Î¯Î½Î±ÎºÎ...

You may provide a definition with
\DeclareUnicodeCharacter 


! LaTeX Error: Unicode character Î½ (U+03BD)
               not set up for use with LaTeX.

See the LaTeX manual or LaTeX Companion for explanation.
Type  H <return>  for immediate help.
 ...                                              
                                                  
l.2 ...¼Î¹ÎºÎ® Î¬Î»Î³ÎµÎ²ÏÎ± ÎµÎ¯Î½Î±Î¹ Î¿ Ï€Î¯Î½
                                                  Î±ÎºÎ±Ï‚. ÎŸ Ï€Î¯Î½Î±ÎºÎ±Ï...

You may provide a definition with
\DeclareUnicodeCharacter 


! LaTeX Error: Unicode character Î± (U+03B1)
               not set up for use with LaTeX.

See the LaTeX manual or LaTeX Companion for explanation.
Type  H <return>  for immediate help.
 ...                                              
                                                  
l.2 ...¹ÎºÎ® Î¬Î»Î³ÎµÎ²ÏÎ± ÎµÎ¯Î½Î±Î¹ Î¿ Ï€Î¯Î½Î±
                                                  ÎºÎ±Ï‚. ÎŸ Ï€Î¯Î½Î±ÎºÎ±Ï‚,...

You may provide a definition with
\DeclareUnicodeCharacter 


! LaTeX Error: Unicode character Îº (U+03BA)
               not set up for use with LaTeX.

See the LaTeX manual or LaTeX Companion for explanation.
Type  H <return>  for immediate help.
 ...                                              
                                                  
l.2 ...ºÎ® Î¬Î»Î³ÎµÎ²ÏÎ± ÎµÎ¯Î½Î±Î¹ Î¿ Ï€Î¯Î½Î±Îº
                                                  Î±Ï‚. ÎŸ Ï€Î¯Î½Î±ÎºÎ±Ï‚, Î...

You may provide a definition with
\DeclareUnicodeCharacter 


! LaTeX Error: Unicode character Î± (U+03B1)
               not set up for use with LaTeX.

See the LaTeX manual or LaTeX Companion for explanation.
Type  H <return>  for immediate help.
 ...                                              
                                                  
l.2 ...® Î¬Î»Î³ÎµÎ²ÏÎ± ÎµÎ¯Î½Î±Î¹ Î¿ Ï€Î¯Î½Î±ÎºÎ±
                                                  Ï‚. ÎŸ Ï€Î¯Î½Î±ÎºÎ±Ï‚, ÎµÎ...

You may provide a definition with
\DeclareUnicodeCharacter 


! LaTeX Error: Unicode character Ï‚ (U+03C2)
               not set up for use with LaTeX.

See the LaTeX manual or LaTeX Companion for explanation.
Type  H <return>  for immediate help.
 ...                                              
                                                  
l.2 ...Î¬Î»Î³ÎµÎ²ÏÎ± ÎµÎ¯Î½Î±Î¹ Î¿ Ï€Î¯Î½Î±ÎºÎ±Ï‚
                                                  . ÎŸ Ï€Î¯Î½Î±ÎºÎ±Ï‚, ÎµÎ¯Î...

You may provide a definition with
\DeclareUnicodeCharacter 

Missing character: There is no . in font nullfont!

! LaTeX Error: Unicode character ÎŸ (U+039F)
               not set up for use with LaTeX.

See the LaTeX manual or LaTeX Companion for explanation.
Type  H <return>  for immediate help.
 ...                                              
                                                  
l.2 ...Î³ÎµÎ²ÏÎ± ÎµÎ¯Î½Î±Î¹ Î¿ Ï€Î¯Î½Î±ÎºÎ±Ï‚. ÎŸ
                                                   Ï€Î¯Î½Î±ÎºÎ±Ï‚, ÎµÎ¯Î½Î±Î...

You may provide a definition with
\DeclareUnicodeCharacter 


! LaTeX Error: Unicode character Ï€ (U+03C0)
               not set up for use with LaTeX.

See the LaTeX manual or LaTeX Companion for explanation.
Type  H <return>  for immediate help.
 ...                                              
                                                  
l.2 ...µÎ²ÏÎ± ÎµÎ¯Î½Î±Î¹ Î¿ Ï€Î¯Î½Î±ÎºÎ±Ï‚. ÎŸ Ï€
                                                  Î¯Î½Î±ÎºÎ±Ï‚, ÎµÎ¯Î½Î±Î¹ Î...

You may provide a definition with
\DeclareUnicodeCharacter 


! LaTeX Error: Unicode character Î¯ (U+03AF)
               not set up for use with LaTeX.

See the LaTeX manual or LaTeX Companion for explanation.
Type  H <return>  for immediate help.
 ...                                              
                                                  
l.2 ...²ÏÎ± ÎµÎ¯Î½Î±Î¹ Î¿ Ï€Î¯Î½Î±ÎºÎ±Ï‚. ÎŸ Ï€Î¯
                                                  Î½Î±ÎºÎ±Ï‚, ÎµÎ¯Î½Î±Î¹ Î¼Î...

You may provide a definition with
\DeclareUnicodeCharacter 


! LaTeX Error: Unicode character Î½ (U+03BD)
               not set up for use with LaTeX.

See the LaTeX manual or LaTeX Companion for explanation.
Type  H <return>  for immediate help.
 ...                                              
                                                  
l.2 ...Î± ÎµÎ¯Î½Î±Î¹ Î¿ Ï€Î¯Î½Î±ÎºÎ±Ï‚. ÎŸ Ï€Î¯Î½
                                                  Î±ÎºÎ±Ï‚, ÎµÎ¯Î½Î±Î¹ Î¼Î¯Î...

You may provide a definition with
\DeclareUnicodeCharacter 


! LaTeX Error: Unicode character Î± (U+03B1)
               not set up for use with LaTeX.

See the LaTeX manual or LaTeX Companion for explanation.
Type  H <return>  for immediate help.
 ...                                              
                                                  
l.2 ...± ÎµÎ¯Î½Î±Î¹ Î¿ Ï€Î¯Î½Î±ÎºÎ±Ï‚. ÎŸ Ï€Î¯Î½Î±
                                                  ÎºÎ±Ï‚, ÎµÎ¯Î½Î±Î¹ Î¼Î¯Î± ...

You may provide a definition with
\DeclareUnicodeCharacter 


! LaTeX Error: Unicode character Îº (U+03BA)
               not set up for use with LaTeX.

See the LaTeX manual or LaTeX Companion for explanation.
Type  H <return>  for immediate help.
 ...                                              
                                                  
l.2 ...ÎµÎ¯Î½Î±Î¹ Î¿ Ï€Î¯Î½Î±ÎºÎ±Ï‚. ÎŸ Ï€Î¯Î½Î±Îº
                                                  Î±Ï‚, ÎµÎ¯Î½Î±Î¹ Î¼Î¯Î± Î¿...

You may provide a definition with
\DeclareUnicodeCharacter 


! LaTeX Error: Unicode character Î± (U+03B1)
               not set up for use with LaTeX.

See the LaTeX manual or LaTeX Companion for explanation.
Type  H <return>  for immediate help.
 ...                                              
                                                  
l.2 ...Î¯Î½Î±Î¹ Î¿ Ï€Î¯Î½Î±ÎºÎ±Ï‚. ÎŸ Ï€Î¯Î½Î±ÎºÎ±
                                                  Ï‚, ÎµÎ¯Î½Î±Î¹ Î¼Î¯Î± Î¿Ï...

You may provide a definition with
\DeclareUnicodeCharacter 


! LaTeX Error: Unicode character Ï‚ (U+03C2)
               not set up for use with LaTeX.

See the LaTeX manual or LaTeX Companion for explanation.
Type  H <return>  for immediate help.
 ...                                              
                                                  
l.2 ...Î½Î±Î¹ Î¿ Ï€Î¯Î½Î±ÎºÎ±Ï‚. ÎŸ Ï€Î¯Î½Î±ÎºÎ±Ï‚
                                                  , ÎµÎ¯Î½Î±Î¹ Î¼Î¯Î± Î¿ÏÎ¸...

You may provide a definition with
\DeclareUnicodeCharacter 

Missing character: There is no , in font nullfont!

! LaTeX Error: Unicode character Îµ (U+03B5)
               not set up for use with LaTeX.

See the LaTeX manual or LaTeX Companion for explanation.
Type  H <return>  for immediate help.
 ...                                              
                                                  
l.2 ...Î¹ Î¿ Ï€Î¯Î½Î±ÎºÎ±Ï‚. ÎŸ Ï€Î¯Î½Î±ÎºÎ±Ï‚, Îµ
                                                  Î¯Î½Î±Î¹ Î¼Î¯Î± Î¿ÏÎ¸Î¿Î³...

You may provide a definition with
\DeclareUnicodeCharacter 


! LaTeX Error: Unicode character Î¯ (U+03AF)
               not set up for use with LaTeX.

See the LaTeX manual or LaTeX Companion for explanation.
Type  H <return>  for immediate help.
 ...                                              
                                                  
l.2 ... Î¿ Ï€Î¯Î½Î±ÎºÎ±Ï‚. ÎŸ Ï€Î¯Î½Î±ÎºÎ±Ï‚, ÎµÎ¯
                                                  Î½Î±Î¹ Î¼Î¯Î± Î¿ÏÎ¸Î¿Î³Ï...

You may provide a definition with
\DeclareUnicodeCharacter 


! LaTeX Error: Unicode character Î½ (U+03BD)
               not set up for use with LaTeX.

See the LaTeX manual or LaTeX Companion for explanation.
Type  H <return>  for immediate help.
 ...                                              
                                                  
l.2 ...¿ Ï€Î¯Î½Î±ÎºÎ±Ï‚. ÎŸ Ï€Î¯Î½Î±ÎºÎ±Ï‚, ÎµÎ¯Î½
                                                  Î±Î¹ Î¼Î¯Î± Î¿ÏÎ¸Î¿Î³ÏÎ½...

You may provide a definition with
\DeclareUnicodeCharacter 


! LaTeX Error: Unicode character Î± (U+03B1)
               not set up for use with LaTeX.

See the LaTeX manual or LaTeX Companion for explanation.
Type  H <return>  for immediate help.
 ...                                              
                                                  
l.2 ...Ï€Î¯Î½Î±ÎºÎ±Ï‚. ÎŸ Ï€Î¯Î½Î±ÎºÎ±Ï‚, ÎµÎ¯Î½Î±
                                                  Î¹ Î¼Î¯Î± Î¿ÏÎ¸Î¿Î³ÏÎ½Î¹...

You may provide a definition with
\DeclareUnicodeCharacter 


! LaTeX Error: Unicode character Î¹ (U+03B9)
               not set up for use with LaTeX.

See the LaTeX manual or LaTeX Companion for explanation.
Type  H <return>  for immediate help.
 ...                                              
                                                  
l.2 ...Î¯Î½Î±ÎºÎ±Ï‚. ÎŸ Ï€Î¯Î½Î±ÎºÎ±Ï‚, ÎµÎ¯Î½Î±Î¹
                                                   Î¼Î¯Î± Î¿ÏÎ¸Î¿Î³ÏÎ½Î¹Î±...

You may provide a definition with
\DeclareUnicodeCharacter 


! LaTeX Error: Unicode character Î¼ (U+03BC)
               not set up for use with LaTeX.

See the LaTeX manual or LaTeX Companion for explanation.
Type  H <return>  for immediate help.
 ...                                              
                                                  
l.2 ...½Î±ÎºÎ±Ï‚. ÎŸ Ï€Î¯Î½Î±ÎºÎ±Ï‚, ÎµÎ¯Î½Î±Î¹ Î¼
                                                  Î¯Î± Î¿ÏÎ¸Î¿Î³ÏÎ½Î¹Î± Î´...

You may provide a definition with
\DeclareUnicodeCharacter 


! LaTeX Error: Unicode character Î¯ (U+03AF)
               not set up for use with LaTeX.

See the LaTeX manual or LaTeX Companion for explanation.
Type  H <return>  for immediate help.
 ...                                              
                                                  
l.2 ...±ÎºÎ±Ï‚. ÎŸ Ï€Î¯Î½Î±ÎºÎ±Ï‚, ÎµÎ¯Î½Î±Î¹ Î¼Î¯
                                                  Î± Î¿ÏÎ¸Î¿Î³ÏÎ½Î¹Î± Î´Î¹...

You may provide a definition with
\DeclareUnicodeCharacter 


! LaTeX Error: Unicode character Î± (U+03B1)
               not set up for use with LaTeX.

See the LaTeX manual or LaTeX Companion for explanation.
Type  H <return>  for immediate help.
 ...                                              
                                                  
l.2 ...ºÎ±Ï‚. ÎŸ Ï€Î¯Î½Î±ÎºÎ±Ï‚, ÎµÎ¯Î½Î±Î¹ Î¼Î¯Î±
                                                   Î¿ÏÎ¸Î¿Î³ÏÎ½Î¹Î± Î´Î¹Î¬...

You may provide a definition with
\DeclareUnicodeCharacter 


! LaTeX Error: Unicode character Î¿ (U+03BF)
               not set up for use with LaTeX.

See the LaTeX manual or LaTeX Companion for explanation.
Type  H <return>  for immediate help.
 ...                                              
                                                  
l.2 ...Ï‚. ÎŸ Ï€Î¯Î½Î±ÎºÎ±Ï‚, ÎµÎ¯Î½Î±Î¹ Î¼Î¯Î± Î¿
                                                  ÏÎ¸Î¿Î³ÏÎ½Î¹Î± Î´Î¹Î¬Ï„Î...

You may provide a definition with
\DeclareUnicodeCharacter 


! LaTeX Error: Unicode character Ï (U+03C1)
               not set up for use with LaTeX.

See the LaTeX manual or LaTeX Companion for explanation.
Type  H <return>  for immediate help.
 ...                                              
                                                  
l.2 .... ÎŸ Ï€Î¯Î½Î±ÎºÎ±Ï‚, ÎµÎ¯Î½Î±Î¹ Î¼Î¯Î± Î¿Ï
                                                  Î¸Î¿Î³ÏÎ½Î¹Î± Î´Î¹Î¬Ï„Î±Î...

You may provide a definition with
\DeclareUnicodeCharacter 


! LaTeX Error: Unicode character Î¸ (U+03B8)
               not set up for use with LaTeX.

See the LaTeX manual or LaTeX Companion for explanation.
Type  H <return>  for immediate help.
 ...                                              
                                                  
l.2 ...ÎŸ Ï€Î¯Î½Î±ÎºÎ±Ï‚, ÎµÎ¯Î½Î±Î¹ Î¼Î¯Î± Î¿ÏÎ¸
                                                  Î¿Î³ÏÎ½Î¹Î± Î´Î¹Î¬Ï„Î±Î¾Î...

You may provide a definition with
\DeclareUnicodeCharacter 


! LaTeX Error: Unicode character Î¿ (U+03BF)
               not set up for use with LaTeX.

See the LaTeX manual or LaTeX Companion for explanation.
Type  H <return>  for immediate help.
 ...                                              
                                                  
l.2 ... Ï€Î¯Î½Î±ÎºÎ±Ï‚, ÎµÎ¯Î½Î±Î¹ Î¼Î¯Î± Î¿ÏÎ¸Î¿
                                                  Î³ÏÎ½Î¹Î± Î´Î¹Î¬Ï„Î±Î¾Î· ...

You may provide a definition with
\DeclareUnicodeCharacter 


! LaTeX Error: Unicode character Î³ (U+03B3)
               not set up for use with LaTeX.

See the LaTeX manual or LaTeX Companion for explanation.
Type  H <return>  for immediate help.
 ...                                              
                                                  
l.2 ...€Î¯Î½Î±ÎºÎ±Ï‚, ÎµÎ¯Î½Î±Î¹ Î¼Î¯Î± Î¿ÏÎ¸Î¿Î³
                                                  ÏÎ½Î¹Î± Î´Î¹Î¬Ï„Î±Î¾Î· Î±...

You may provide a definition with
\DeclareUnicodeCharacter 


! LaTeX Error: Unicode character Ï (U+03CE)
               not set up for use with LaTeX.

See the LaTeX manual or LaTeX Companion for explanation.
Type  H <return>  for immediate help.
 ...                                              
                                                  
l.2 ...¯Î½Î±ÎºÎ±Ï‚, ÎµÎ¯Î½Î±Î¹ Î¼Î¯Î± Î¿ÏÎ¸Î¿Î³Ï
                                                  Î½Î¹Î± Î´Î¹Î¬Ï„Î±Î¾Î· Î±Ï€...
(That makes 100 errors; please try again.) 
Here is how much of TeX's memory you used:
 49 strings out of 477992
 798 string characters out of 2827466
 299418 words of memory out of 3000000
 18925 multiletter control sequences out of 15000+600000
 469259 words of font info for 28 fonts, out of 8000000 for 9000
 1141 hyphenation exceptions out of 8191
 13i,0n,12p,370b,36s stack positions out of 10000i,1000n,20000p,200000b,80000s

!  ==> Fatal error occurred, no output PDF file produced!
